2017-02-17 11:47:11,407-0200 INFO  Loader JAVA Oracle Corporation Java HotSpot(TM) 64-Bit Server VM 1.7.0_80
2017-02-17 11:47:11,409-0200 INFO  Loader VERSION Swift trunk git-rev: 18aec82244c5611381528bc361888c553570c66e heads/master 6574
2017-02-17 11:47:11,410-0200 INFO  Loader RUN_ID run004
2017-02-17 11:47:11,410-0200 INFO  Loader ARGUMENTS [-runid, run004, -logfile, /home/mondelli/Dropbox/Docker/swift_verao/uteis/tutorial/part03/run004/swift.log, p3.swift, -nsim=20]
2017-02-17 11:47:11,410-0200 INFO  Loader MAX_HEAP 954728448
2017-02-17 11:47:11,410-0200 INFO  Loader GLOBUS_HOSTNAME mondelli-520U4C
2017-02-17 11:47:11,410-0200 INFO  Loader CWD /home/mondelli/Dropbox/Docker/swift_verao/uteis/tutorial/part03/.
2017-02-17 11:47:11,411-0200 DEBUG Loader SWIFT_CONFIGURATION 
[D] /home/mondelli/swift-k/dist/swift-svn/etc/swift.conf
[C] <Command Line>
{
	TCPPortRange: "50000, 50100"                               # [D] line 27
	alwaysTransferWrapperLog: true                             # [D] line 61
	executionRetries: 0                                        # [D] line 137
	fileOperationsThrottle: 8                                  # [D] line 121
	fileTransfersThrottle: 4                                   # [D] line 107
	hostJobSubmitThrottle: 2                                   # [D] line 95
	jobSubmitThrottle: 4                                       # [D] line 83
	keepSiteDir: false                                         # [D] line 131
	lazyErrors: true                                           # [D] line 41
	logProvenance: false                                       # [D] line 200
	maxForeachThreads: 16384                                   # [D] line 194
	replicationEnabled: false                                  # [D] line 146
	replicationLimit: 3                                        # [D] line 157
	replicationMinQueueTime: 60                                # [D] line 153
	site.local {
		app.ALL.executable: "*"                                   # [D] line 235
		execution.type: "local"                                   # [D] line 223
		filesystem.type: "local"                                  # [D] line 226
		initialParallelTasks: 8                                   # [D] line 230
		maxParallelTasks: 16                                      # [D] line 229
		workDirectory: "swiftwork"                                # [D] line 232
	}
	sites: [local]                                             # [D] line 239
	tracingEnabled: false                                      # [D] line 51
}

2017-02-17 11:47:11,412-0200 DEBUG textfiles BEGIN SWIFTSCRIPT:
type file;

app (file o) simulation (int sim_steps, int sim_range, int sim_values)
{
  simulate "--timesteps" sim_steps "--range" sim_range "--nvalues" sim_values stdout=filename(o);
}

app (file o) analyze (file s[])
{
  stats filenames(s) stdout=filename(o);
}

int nsim   = toInt(arg("nsim","10"));
int steps  = toInt(arg("steps","1"));
int range  = toInt(arg("range","100"));
int values = toInt(arg("values","5"));

file sims[];

foreach i in [0:nsim-1] {
  file simout <single_file_mapper; file=strcat("output/sim_",i,".out")>;
  simout = simulation(steps,range,values);
  sims[i] = simout;
}

file stats<"output/average.out">;
stats = analyze(sims);


2017-02-17 11:47:11,412-0200 DEBUG textfiles END SWIFTSCRIPT:
2017-02-17 11:47:11,413-0200 DEBUG Loader kmlversion is >9f6c1ed4-f975-4fb5-9fcf-7994f9fda617-no-provenance<
2017-02-17 11:47:11,413-0200 DEBUG Loader build version is >9f6c1ed4-f975-4fb5-9fcf-7994f9fda617-no-provenance<
2017-02-17 11:47:11,413-0200 DEBUG Loader Recompilation suppressed.
2017-02-17 11:47:12,315-0200 INFO  Loader RUN_START
2017-02-17 11:47:12,319-0200 INFO  SwiftExecutor swift.home = /home/mondelli/swift-k/dist/swift-svn
2017-02-17 11:47:12,355-0200 INFO  AbstractScheduler Setting resources to: {local=local}
2017-02-17 11:47:12,365-0200 INFO  GlobalSubmitQueue No global submit throttle set. Using default (1024)
2017-02-17 11:47:12,394-0200 INFO  LateBindingScheduler jobs queued: 0
2017-02-17 11:47:12,396-0200 INFO  LateBindingScheduler jobs queued: 0
2017-02-17 11:47:12,399-0200 INFO  LateBindingScheduler jobs queued: 0
2017-02-17 11:47:12,440-0200 INFO  RuntimeStats$ProgressTicker HeapMax: 954728448, CrtHeap: 121110528, UsedHeap: 28469416, JVMThreads: 16
2017-02-17 11:47:12,441-0200 INFO  RuntimeStats$ProgressTicker 
2017-02-17 11:47:12,443-0200 DEBUG swift PROCEDURE line=8 thread=2-0-8-5 name=analyze
2017-02-17 11:47:12,456-0200 DEBUG swift FOREACH_IT_START line=20 thread=2-0-7-4-9-0
2017-02-17 11:47:12,456-0200 DEBUG swift FOREACH_IT_START line=20 thread=2-0-7-4-10-1
2017-02-17 11:47:12,456-0200 DEBUG swift FOREACH_IT_START line=20 thread=2-0-7-4-11-2
2017-02-17 11:47:12,456-0200 DEBUG swift SCOPE thread=2-0-7-4-9-0
2017-02-17 11:47:12,456-0200 DEBUG swift SCOPE thread=2-0-7-4-10-1
2017-02-17 11:47:12,456-0200 DEBUG swift SCOPE thread=2-0-7-4-11-2
2017-02-17 11:47:12,456-0200 DEBUG swift FOREACH_IT_START line=20 thread=2-0-7-4-13-4
2017-02-17 11:47:12,456-0200 DEBUG swift SCOPE thread=2-0-7-4-13-4
2017-02-17 11:47:12,456-0200 DEBUG swift PROCEDURE line=3 thread=2-0-7-4-9-0-15-1 name=simulation
2017-02-17 11:47:12,456-0200 DEBUG swift FOREACH_IT_START line=20 thread=2-0-7-4-12-3
2017-02-17 11:47:12,456-0200 DEBUG swift SCOPE thread=2-0-7-4-12-3
2017-02-17 11:47:12,457-0200 DEBUG swift PROCEDURE line=3 thread=2-0-7-4-11-2-18-1 name=simulation
2017-02-17 11:47:12,457-0200 DEBUG swift PROCEDURE line=3 thread=2-0-7-4-13-4-21-1 name=simulation
2017-02-17 11:47:12,457-0200 DEBUG swift PROCEDURE line=3 thread=2-0-7-4-12-3-24-1 name=simulation
2017-02-17 11:47:12,458-0200 DEBUG swift FOREACH_IT_START line=20 thread=2-0-7-4-26-5
2017-02-17 11:47:12,458-0200 DEBUG swift SCOPE thread=2-0-7-4-26-5
2017-02-17 11:47:12,458-0200 DEBUG swift FOREACH_IT_START line=20 thread=2-0-7-4-27-6
2017-02-17 11:47:12,458-0200 DEBUG swift SCOPE thread=2-0-7-4-27-6
2017-02-17 11:47:12,458-0200 DEBUG swift FOREACH_IT_START line=20 thread=2-0-7-4-28-7
2017-02-17 11:47:12,458-0200 DEBUG swift SCOPE thread=2-0-7-4-28-7
2017-02-17 11:47:12,458-0200 DEBUG swift FOREACH_IT_START line=20 thread=2-0-7-4-29-8
2017-02-17 11:47:12,458-0200 DEBUG swift SCOPE thread=2-0-7-4-29-8
2017-02-17 11:47:12,460-0200 DEBUG swift FOREACH_IT_START line=20 thread=2-0-7-4-30-9
2017-02-17 11:47:12,460-0200 DEBUG swift SCOPE thread=2-0-7-4-30-9
2017-02-17 11:47:12,460-0200 DEBUG swift FOREACH_IT_START line=20 thread=2-0-7-4-31-10
2017-02-17 11:47:12,460-0200 DEBUG swift SCOPE thread=2-0-7-4-31-10
2017-02-17 11:47:12,460-0200 DEBUG swift FOREACH_IT_START line=20 thread=2-0-7-4-32-11
2017-02-17 11:47:12,460-0200 DEBUG swift SCOPE thread=2-0-7-4-32-11
2017-02-17 11:47:12,460-0200 DEBUG swift FOREACH_IT_START line=20 thread=2-0-7-4-33-12
2017-02-17 11:47:12,460-0200 DEBUG swift SCOPE thread=2-0-7-4-33-12
2017-02-17 11:47:12,460-0200 DEBUG swift FOREACH_IT_START line=20 thread=2-0-7-4-34-13
2017-02-17 11:47:12,460-0200 DEBUG swift SCOPE thread=2-0-7-4-34-13
2017-02-17 11:47:12,461-0200 DEBUG swift FOREACH_IT_START line=20 thread=2-0-7-4-35-14
2017-02-17 11:47:12,461-0200 DEBUG swift SCOPE thread=2-0-7-4-35-14
2017-02-17 11:47:12,461-0200 DEBUG swift FOREACH_IT_START line=20 thread=2-0-7-4-36-15
2017-02-17 11:47:12,461-0200 DEBUG swift SCOPE thread=2-0-7-4-36-15
2017-02-17 11:47:12,462-0200 DEBUG swift FOREACH_IT_START line=20 thread=2-0-7-4-37-16
2017-02-17 11:47:12,462-0200 DEBUG swift SCOPE thread=2-0-7-4-37-16
2017-02-17 11:47:12,462-0200 DEBUG swift JOB_INIT jobid=simulate-n3uhg34n tr=simulate
2017-02-17 11:47:12,462-0200 DEBUG swift JOB_INIT jobid=simulate-m3uhg34n tr=simulate
2017-02-17 11:47:12,462-0200 DEBUG swift FOREACH_IT_START line=20 thread=2-0-7-4-38-17
2017-02-17 11:47:12,462-0200 DEBUG swift SCOPE thread=2-0-7-4-38-17
2017-02-17 11:47:12,462-0200 DEBUG swift FOREACH_IT_START line=20 thread=2-0-7-4-39-18
2017-02-17 11:47:12,462-0200 DEBUG swift SCOPE thread=2-0-7-4-39-18
2017-02-17 11:47:12,462-0200 DEBUG swift JOB_SITE_SELECT jobid=simulate-n3uhg34n-0
2017-02-17 11:47:12,462-0200 DEBUG swift JOB_SITE_SELECT jobid=simulate-m3uhg34n-0
2017-02-17 11:47:12,462-0200 DEBUG swift FOREACH_IT_START line=20 thread=2-0-7-4-40-19
2017-02-17 11:47:12,462-0200 DEBUG swift SCOPE thread=2-0-7-4-40-19
2017-02-17 11:47:12,463-0200 DEBUG swift PROCEDURE line=3 thread=2-0-7-4-26-5-42-1 name=simulation
2017-02-17 11:47:12,463-0200 DEBUG swift JOB_INIT jobid=simulate-o3uhg34n tr=simulate
2017-02-17 11:47:12,463-0200 DEBUG swift JOB_SITE_SELECT jobid=simulate-o3uhg34n-0
2017-02-17 11:47:12,464-0200 DEBUG swift PROCEDURE line=3 thread=2-0-7-4-27-6-45-1 name=simulation
2017-02-17 11:47:12,464-0200 DEBUG swift JOB_INIT jobid=simulate-p3uhg34n tr=simulate
2017-02-17 11:47:12,465-0200 DEBUG swift JOB_SITE_SELECT jobid=simulate-p3uhg34n-0
2017-02-17 11:47:12,465-0200 DEBUG swift PROCEDURE line=3 thread=2-0-7-4-28-7-48-1 name=simulation
2017-02-17 11:47:12,465-0200 DEBUG swift JOB_INIT jobid=simulate-q3uhg34n tr=simulate
2017-02-17 11:47:12,465-0200 DEBUG swift PROCEDURE line=3 thread=2-0-7-4-29-8-51-1 name=simulation
2017-02-17 11:47:12,465-0200 DEBUG swift JOB_INIT jobid=simulate-r3uhg34n tr=simulate
2017-02-17 11:47:12,465-0200 DEBUG swift JOB_SITE_SELECT jobid=simulate-q3uhg34n-0
2017-02-17 11:47:12,466-0200 DEBUG swift JOB_SITE_SELECT jobid=simulate-r3uhg34n-0
2017-02-17 11:47:12,466-0200 DEBUG swift JOB_INIT jobid=simulate-s3uhg34n tr=simulate
2017-02-17 11:47:12,466-0200 DEBUG swift JOB_SITE_SELECT jobid=simulate-s3uhg34n-0
2017-02-17 11:47:12,467-0200 DEBUG swift PROCEDURE line=3 thread=2-0-7-4-30-9-54-1 name=simulation
2017-02-17 11:47:12,467-0200 DEBUG swift PROCEDURE line=3 thread=2-0-7-4-31-10-57-1 name=simulation
2017-02-17 11:47:12,468-0200 DEBUG swift JOB_INIT jobid=simulate-u3uhg34n tr=simulate
2017-02-17 11:47:12,468-0200 DEBUG swift JOB_INIT jobid=simulate-v3uhg34n tr=simulate
2017-02-17 11:47:12,468-0200 DEBUG swift JOB_SITE_SELECT jobid=simulate-v3uhg34n-0
2017-02-17 11:47:12,468-0200 DEBUG swift JOB_INIT jobid=simulate-t3uhg34n tr=simulate
2017-02-17 11:47:12,468-0200 DEBUG swift JOB_SITE_SELECT jobid=simulate-t3uhg34n-0
2017-02-17 11:47:12,469-0200 DEBUG swift PROCEDURE line=3 thread=2-0-7-4-32-11-60-1 name=simulation
2017-02-17 11:47:12,469-0200 DEBUG swift JOB_INIT jobid=simulate-x3uhg34n tr=simulate
2017-02-17 11:47:12,469-0200 DEBUG swift JOB_SITE_SELECT jobid=simulate-x3uhg34n-0
2017-02-17 11:47:12,469-0200 DEBUG swift PROCEDURE line=3 thread=2-0-7-4-33-12-63-1 name=simulation
2017-02-17 11:47:12,469-0200 DEBUG swift JOB_INIT jobid=simulate-y3uhg34n tr=simulate
2017-02-17 11:47:12,469-0200 DEBUG swift JOB_SITE_SELECT jobid=simulate-y3uhg34n-0
2017-02-17 11:47:12,469-0200 DEBUG swift PROCEDURE line=3 thread=2-0-7-4-34-13-66-1 name=simulation
2017-02-17 11:47:12,470-0200 DEBUG swift JOB_INIT jobid=simulate-z3uhg34n tr=simulate
2017-02-17 11:47:12,470-0200 DEBUG swift JOB_SITE_SELECT jobid=simulate-z3uhg34n-0
2017-02-17 11:47:12,470-0200 DEBUG swift PROCEDURE line=3 thread=2-0-7-4-36-15-72-1 name=simulation
2017-02-17 11:47:12,470-0200 DEBUG swift JOB_INIT jobid=simulate-04uhg34n tr=simulate
2017-02-17 11:47:12,470-0200 DEBUG swift JOB_SITE_SELECT jobid=simulate-04uhg34n-0
2017-02-17 11:47:12,468-0200 DEBUG swift JOB_SITE_SELECT jobid=simulate-u3uhg34n-0
2017-02-17 11:47:12,471-0200 DEBUG swift PROCEDURE line=3 thread=2-0-7-4-37-16-75-1 name=simulation
2017-02-17 11:47:12,471-0200 DEBUG swift JOB_INIT jobid=simulate-14uhg34n tr=simulate
2017-02-17 11:47:12,472-0200 DEBUG swift PROCEDURE line=3 thread=2-0-7-4-38-17-78-1 name=simulation
2017-02-17 11:47:12,472-0200 DEBUG swift JOB_SITE_SELECT jobid=simulate-14uhg34n-0
2017-02-17 11:47:12,472-0200 DEBUG swift JOB_INIT jobid=simulate-24uhg34n tr=simulate
2017-02-17 11:47:12,472-0200 DEBUG swift PROCEDURE line=3 thread=2-0-7-4-39-18-81-1 name=simulation
2017-02-17 11:47:12,472-0200 DEBUG swift JOB_SITE_SELECT jobid=simulate-24uhg34n-0
2017-02-17 11:47:12,472-0200 DEBUG swift JOB_INIT jobid=simulate-34uhg34n tr=simulate
2017-02-17 11:47:12,472-0200 DEBUG swift PROCEDURE line=3 thread=2-0-7-4-40-19-84-1 name=simulation
2017-02-17 11:47:12,472-0200 DEBUG swift JOB_SITE_SELECT jobid=simulate-34uhg34n-0
2017-02-17 11:47:12,472-0200 DEBUG swift JOB_INIT jobid=simulate-44uhg34n tr=simulate
2017-02-17 11:47:12,472-0200 DEBUG swift PROCEDURE line=3 thread=2-0-7-4-10-1-87-1 name=simulation
2017-02-17 11:47:12,472-0200 DEBUG swift JOB_SITE_SELECT jobid=simulate-44uhg34n-0
2017-02-17 11:47:12,473-0200 DEBUG swift JOB_INIT jobid=simulate-54uhg34n tr=simulate
2017-02-17 11:47:12,473-0200 DEBUG swift JOB_SITE_SELECT jobid=simulate-54uhg34n-0
2017-02-17 11:47:12,473-0200 DEBUG swift THREAD_ASSOCIATION jobid=simulate-o3uhg34n-0 host=local thread=2-0-7-4-26-5-42-1
2017-02-17 11:47:12,473-0200 DEBUG swift THREAD_ASSOCIATION jobid=simulate-r3uhg34n-0 host=local thread=2-0-7-4-29-8-51-1
2017-02-17 11:47:12,473-0200 DEBUG swift THREAD_ASSOCIATION jobid=simulate-t3uhg34n-0 host=local thread=2-0-7-4-12-3-24-1
2017-02-17 11:47:12,473-0200 DEBUG swift PROCEDURE line=3 thread=2-0-7-4-35-14-69-1 name=simulation
2017-02-17 11:47:12,473-0200 DEBUG swift JOB_INIT jobid=simulate-64uhg34n tr=simulate
2017-02-17 11:47:12,474-0200 DEBUG swift THREAD_ASSOCIATION jobid=simulate-m3uhg34n-0 host=local thread=2-0-7-4-13-4-21-1
2017-02-17 11:47:12,474-0200 DEBUG swift JOB_SITE_SELECT jobid=simulate-64uhg34n-0
2017-02-17 11:47:12,474-0200 DEBUG swift THREAD_ASSOCIATION jobid=simulate-x3uhg34n-0 host=local thread=2-0-7-4-32-11-60-1
2017-02-17 11:47:12,474-0200 INFO  swift START host=local - Initializing shared directory
2017-02-17 11:47:12,474-0200 DEBUG swift THREAD_ASSOCIATION jobid=simulate-y3uhg34n-0 host=local thread=2-0-7-4-33-12-63-1
2017-02-17 11:47:12,474-0200 DEBUG swift THREAD_ASSOCIATION jobid=simulate-z3uhg34n-0 host=local thread=2-0-7-4-34-13-66-1
2017-02-17 11:47:12,475-0200 DEBUG swift THREAD_ASSOCIATION jobid=simulate-04uhg34n-0 host=local thread=2-0-7-4-36-15-72-1
2017-02-17 11:47:12,475-0200 DEBUG swift THREAD_ASSOCIATION jobid=simulate-v3uhg34n-0 host=local thread=2-0-7-4-31-10-57-1
2017-02-17 11:47:12,477-0200 INFO  LateBindingScheduler jobs queued: 11
2017-02-17 11:47:12,494-0200 INFO  LateBindingScheduler jobs queued: 11
2017-02-17 11:47:12,495-0200 INFO  LateBindingScheduler jobs queued: 11
2017-02-17 11:47:12,496-0200 INFO  LateBindingScheduler jobs queued: 11
2017-02-17 11:47:12,497-0200 INFO  swift END host=local - Done initializing shared directory
2017-02-17 11:47:12,499-0200 INFO  swift START jobid=simulate-r3uhg34n-0 host=local - Initializing directory structure
2017-02-17 11:47:12,499-0200 INFO  swift START jobid=simulate-y3uhg34n-0 host=local - Initializing directory structure
2017-02-17 11:47:12,500-0200 INFO  swift START path=output dir=p3-run004/shared - Creating directory structure
2017-02-17 11:47:12,500-0200 INFO  swift START jobid=simulate-t3uhg34n-0 host=local - Initializing directory structure
2017-02-17 11:47:12,500-0200 INFO  swift START jobid=simulate-04uhg34n-0 host=local - Initializing directory structure
2017-02-17 11:47:12,500-0200 INFO  swift START jobid=simulate-o3uhg34n-0 host=local - Initializing directory structure
2017-02-17 11:47:12,500-0200 INFO  swift START jobid=simulate-v3uhg34n-0 host=local - Initializing directory structure
2017-02-17 11:47:12,499-0200 INFO  swift START jobid=simulate-z3uhg34n-0 host=local - Initializing directory structure
2017-02-17 11:47:12,501-0200 INFO  swift START jobid=simulate-m3uhg34n-0 host=local - Initializing directory structure
2017-02-17 11:47:12,501-0200 INFO  swift START jobid=simulate-x3uhg34n-0 host=local - Initializing directory structure
2017-02-17 11:47:12,501-0200 INFO  LateBindingScheduler jobs queued: 11
2017-02-17 11:47:12,502-0200 INFO  swift END jobid=simulate-y3uhg34n-0 - Done initializing directory structure
2017-02-17 11:47:12,502-0200 INFO  swift END jobid=simulate-r3uhg34n-0 - Done initializing directory structure
2017-02-17 11:47:12,503-0200 INFO  swift START jobid=simulate-y3uhg34n-0 - Staging in files []
2017-02-17 11:47:12,503-0200 INFO  swift START jobid=simulate-r3uhg34n-0 - Staging in files []
2017-02-17 11:47:12,503-0200 INFO  swift END jobid=simulate-y3uhg34n-0 - Staging in finished
2017-02-17 11:47:12,503-0200 INFO  swift END jobid=simulate-04uhg34n-0 - Done initializing directory structure
2017-02-17 11:47:12,503-0200 DEBUG swift JOB_START jobid=simulate-y3uhg34n-0 tr=simulate arguments=[--timesteps, 1, --range, 100, --nvalues, 5] tmpdir=p3-run004/jobs/s/simulate-y3uhg34n-0
2017-02-17 11:47:12,503-0200 INFO  swift START jobid=simulate-04uhg34n-0 - Staging in files []
2017-02-17 11:47:12,503-0200 INFO  swift END jobid=simulate-04uhg34n-0 - Staging in finished
2017-02-17 11:47:12,503-0200 DEBUG swift JOB_START jobid=simulate-04uhg34n-0 tr=simulate arguments=[--timesteps, 1, --range, 100, --nvalues, 5] tmpdir=p3-run004/jobs/s/simulate-04uhg34n-0
2017-02-17 11:47:12,503-0200 INFO  swift END jobid=simulate-t3uhg34n-0 - Done initializing directory structure
2017-02-17 11:47:12,503-0200 INFO  swift END jobid=simulate-r3uhg34n-0 - Staging in finished
2017-02-17 11:47:12,503-0200 INFO  swift START jobid=simulate-t3uhg34n-0 - Staging in files []
2017-02-17 11:47:12,503-0200 DEBUG swift JOB_START jobid=simulate-r3uhg34n-0 tr=simulate arguments=[--timesteps, 1, --range, 100, --nvalues, 5] tmpdir=p3-run004/jobs/s/simulate-r3uhg34n-0
2017-02-17 11:47:12,503-0200 INFO  swift END jobid=simulate-t3uhg34n-0 - Staging in finished
2017-02-17 11:47:12,504-0200 DEBUG swift JOB_START jobid=simulate-t3uhg34n-0 tr=simulate arguments=[--timesteps, 1, --range, 100, --nvalues, 5] tmpdir=p3-run004/jobs/s/simulate-t3uhg34n-0
2017-02-17 11:47:12,504-0200 INFO  swift END jobid=simulate-o3uhg34n-0 - Done initializing directory structure
2017-02-17 11:47:12,504-0200 INFO  swift END jobid=simulate-v3uhg34n-0 - Done initializing directory structure
2017-02-17 11:47:12,504-0200 INFO  swift START jobid=simulate-o3uhg34n-0 - Staging in files []
2017-02-17 11:47:12,504-0200 INFO  swift END jobid=simulate-o3uhg34n-0 - Staging in finished
2017-02-17 11:47:12,504-0200 INFO  swift START jobid=simulate-v3uhg34n-0 - Staging in files []
2017-02-17 11:47:12,504-0200 DEBUG swift JOB_START jobid=simulate-o3uhg34n-0 tr=simulate arguments=[--timesteps, 1, --range, 100, --nvalues, 5] tmpdir=p3-run004/jobs/s/simulate-o3uhg34n-0
2017-02-17 11:47:12,504-0200 INFO  swift END jobid=simulate-v3uhg34n-0 - Staging in finished
2017-02-17 11:47:12,504-0200 DEBUG swift JOB_START jobid=simulate-v3uhg34n-0 tr=simulate arguments=[--timesteps, 1, --range, 100, --nvalues, 5] tmpdir=p3-run004/jobs/s/simulate-v3uhg34n-0
2017-02-17 11:47:12,505-0200 INFO  swift END jobid=simulate-m3uhg34n-0 - Done initializing directory structure
2017-02-17 11:47:12,505-0200 INFO  swift START jobid=simulate-m3uhg34n-0 - Staging in files []
2017-02-17 11:47:12,505-0200 INFO  swift END jobid=simulate-m3uhg34n-0 - Staging in finished
2017-02-17 11:47:12,506-0200 DEBUG swift JOB_START jobid=simulate-m3uhg34n-0 tr=simulate arguments=[--timesteps, 1, --range, 100, --nvalues, 5] tmpdir=p3-run004/jobs/s/simulate-m3uhg34n-0
2017-02-17 11:47:12,506-0200 INFO  swift END jobid=simulate-z3uhg34n-0 - Done initializing directory structure
2017-02-17 11:47:12,506-0200 INFO  swift START jobid=simulate-z3uhg34n-0 - Staging in files []
2017-02-17 11:47:12,507-0200 INFO  swift END jobid=simulate-z3uhg34n-0 - Staging in finished
2017-02-17 11:47:12,507-0200 DEBUG swift JOB_START jobid=simulate-z3uhg34n-0 tr=simulate arguments=[--timesteps, 1, --range, 100, --nvalues, 5] tmpdir=p3-run004/jobs/s/simulate-z3uhg34n-0
2017-02-17 11:47:12,510-0200 INFO  Execute JOB_TASK jobid=simulate-v3uhg34n-0 taskid=task-57 exec=/bin/bash dir=p3-run004 args=shared/_swiftwrap simulate-v3uhg34n-0 -jobdir s -scratch  -e simulate -out output/sim_10.out -err stderr.txt -i -d output -if  -of output/sim_10.out -cf  -cdmfile -status files -a --timesteps 1 --range 100 --nvalues 5
2017-02-17 11:47:12,511-0200 INFO  Execute JOB_TASK jobid=simulate-t3uhg34n-0 taskid=task-24 exec=/bin/bash dir=p3-run004 args=shared/_swiftwrap simulate-t3uhg34n-0 -jobdir s -scratch  -e simulate -out output/sim_3.out -err stderr.txt -i -d output -if  -of output/sim_3.out -cf  -cdmfile -status files -a --timesteps 1 --range 100 --nvalues 5
2017-02-17 11:47:12,511-0200 INFO  Execute JOB_TASK jobid=simulate-m3uhg34n-0 taskid=task-21 exec=/bin/bash dir=p3-run004 args=shared/_swiftwrap simulate-m3uhg34n-0 -jobdir s -scratch  -e simulate -out output/sim_4.out -err stderr.txt -i -d output -if  -of output/sim_4.out -cf  -cdmfile -status files -a --timesteps 1 --range 100 --nvalues 5
2017-02-17 11:47:12,511-0200 INFO  Execute JOB_TASK jobid=simulate-z3uhg34n-0 taskid=task-66 exec=/bin/bash dir=p3-run004 args=shared/_swiftwrap simulate-z3uhg34n-0 -jobdir s -scratch  -e simulate -out output/sim_13.out -err stderr.txt -i -d output -if  -of output/sim_13.out -cf  -cdmfile -status files -a --timesteps 1 --range 100 --nvalues 5
2017-02-17 11:47:12,512-0200 INFO  swift END jobid=simulate-x3uhg34n-0 - Done initializing directory structure
2017-02-17 11:47:12,512-0200 INFO  swift START jobid=simulate-x3uhg34n-0 - Staging in files []
2017-02-17 11:47:12,512-0200 INFO  Execute JOB_TASK jobid=simulate-r3uhg34n-0 taskid=task-51 exec=/bin/bash dir=p3-run004 args=shared/_swiftwrap simulate-r3uhg34n-0 -jobdir s -scratch  -e simulate -out output/sim_8.out -err stderr.txt -i -d output -if  -of output/sim_8.out -cf  -cdmfile -status files -a --timesteps 1 --range 100 --nvalues 5
2017-02-17 11:47:12,512-0200 INFO  swift END jobid=simulate-x3uhg34n-0 - Staging in finished
2017-02-17 11:47:12,512-0200 INFO  Execute JOB_TASK jobid=simulate-o3uhg34n-0 taskid=task-42 exec=/bin/bash dir=p3-run004 args=shared/_swiftwrap simulate-o3uhg34n-0 -jobdir s -scratch  -e simulate -out output/sim_5.out -err stderr.txt -i -d output -if  -of output/sim_5.out -cf  -cdmfile -status files -a --timesteps 1 --range 100 --nvalues 5
2017-02-17 11:47:12,512-0200 INFO  Execute JOB_TASK jobid=simulate-04uhg34n-0 taskid=task-72 exec=/bin/bash dir=p3-run004 args=shared/_swiftwrap simulate-04uhg34n-0 -jobdir s -scratch  -e simulate -out output/sim_15.out -err stderr.txt -i -d output -if  -of output/sim_15.out -cf  -cdmfile -status files -a --timesteps 1 --range 100 --nvalues 5
2017-02-17 11:47:12,512-0200 DEBUG swift JOB_START jobid=simulate-x3uhg34n-0 tr=simulate arguments=[--timesteps, 1, --range, 100, --nvalues, 5] tmpdir=p3-run004/jobs/s/simulate-x3uhg34n-0
2017-02-17 11:47:12,513-0200 INFO  Execute JOB_TASK jobid=simulate-x3uhg34n-0 taskid=task-60 exec=/bin/bash dir=p3-run004 args=shared/_swiftwrap simulate-x3uhg34n-0 -jobdir s -scratch  -e simulate -out output/sim_11.out -err stderr.txt -i -d output -if  -of output/sim_11.out -cf  -cdmfile -status files -a --timesteps 1 --range 100 --nvalues 5
2017-02-17 11:47:12,515-0200 INFO  Execute JOB_TASK jobid=simulate-y3uhg34n-0 taskid=task-63 exec=/bin/bash dir=p3-run004 args=shared/_swiftwrap simulate-y3uhg34n-0 -jobdir s -scratch  -e simulate -out output/sim_12.out -err stderr.txt -i -d output -if  -of output/sim_12.out -cf  -cdmfile -status files -a --timesteps 1 --range 100 --nvalues 5
2017-02-17 11:47:12,520-0200 INFO  Execute TASK_STATUS_CHANGE taskid=task-24 status=8
2017-02-17 11:47:12,520-0200 INFO  Execute TASK_STATUS_CHANGE taskid=task-57 status=8
2017-02-17 11:47:12,520-0200 INFO  Execute TASK_STATUS_CHANGE taskid=task-24 status=1
2017-02-17 11:47:12,520-0200 INFO  Execute TASK_STATUS_CHANGE taskid=task-21 status=8
2017-02-17 11:47:12,523-0200 INFO  Execute TASK_STATUS_CHANGE taskid=task-21 status=1
2017-02-17 11:47:12,523-0200 INFO  Execute TASK_STATUS_CHANGE taskid=task-66 status=8
2017-02-17 11:47:12,523-0200 INFO  Execute TASK_STATUS_CHANGE taskid=task-57 status=1
2017-02-17 11:47:12,523-0200 INFO  Execute TASK_STATUS_CHANGE taskid=task-51 status=8
2017-02-17 11:47:12,527-0200 INFO  Execute TASK_STATUS_CHANGE taskid=task-24 status=2
2017-02-17 11:47:12,530-0200 INFO  Execute TASK_STATUS_CHANGE taskid=task-57 status=2
2017-02-17 11:47:12,532-0200 INFO  Execute TASK_STATUS_CHANGE taskid=task-21 status=2
2017-02-17 11:47:12,541-0200 INFO  Execute TASK_STATUS_CHANGE taskid=task-66 status=1
2017-02-17 11:47:12,541-0200 INFO  Execute TASK_STATUS_CHANGE taskid=task-42 status=8
2017-02-17 11:47:12,547-0200 INFO  Execute TASK_STATUS_CHANGE taskid=task-51 status=1
2017-02-17 11:47:12,548-0200 INFO  Execute TASK_STATUS_CHANGE taskid=task-72 status=8
2017-02-17 11:47:12,548-0200 INFO  Execute TASK_STATUS_CHANGE taskid=task-72 status=1
2017-02-17 11:47:12,548-0200 INFO  Execute TASK_STATUS_CHANGE taskid=task-60 status=8
2017-02-17 11:47:12,551-0200 INFO  Execute TASK_STATUS_CHANGE taskid=task-60 status=1
2017-02-17 11:47:12,551-0200 INFO  Execute TASK_STATUS_CHANGE taskid=task-63 status=8
2017-02-17 11:47:12,552-0200 INFO  Execute TASK_STATUS_CHANGE taskid=task-72 status=2
2017-02-17 11:47:12,554-0200 INFO  Execute TASK_STATUS_CHANGE taskid=task-63 status=1
2017-02-17 11:47:12,560-0200 INFO  Execute TASK_STATUS_CHANGE taskid=task-51 status=2
2017-02-17 11:47:12,565-0200 INFO  Execute TASK_STATUS_CHANGE taskid=task-42 status=1
2017-02-17 11:47:12,569-0200 INFO  Execute TASK_STATUS_CHANGE taskid=task-66 status=2
2017-02-17 11:47:12,587-0200 INFO  Execute TASK_STATUS_CHANGE taskid=task-42 status=2
2017-02-17 11:47:12,594-0200 INFO  Execute TASK_STATUS_CHANGE taskid=task-60 status=2
2017-02-17 11:47:12,602-0200 INFO  Execute TASK_STATUS_CHANGE taskid=task-63 status=2
2017-02-17 11:47:13,442-0200 INFO  RuntimeStats$ProgressTicker HeapMax: 954728448, CrtHeap: 121110528, UsedHeap: 35099744, JVMThreads: 39
2017-02-17 11:47:13,443-0200 INFO  RuntimeStats$ProgressTicker   Selecting site:11  Active:9
2017-02-17 11:47:13,648-0200 INFO  LateBindingScheduler jobs queued: 11
2017-02-17 11:47:13,648-0200 INFO  Execute TASK_STATUS_CHANGE taskid=task-21 status=7
2017-02-17 11:47:13,650-0200 DEBUG swift START jobid=simulate-m3uhg34n-0
2017-02-17 11:47:13,651-0200 INFO  LateBindingScheduler jobs queued: 11
2017-02-17 11:47:13,651-0200 INFO  swift SUCCESS jobid=simulate-m3uhg34n-0 - Success file found
2017-02-17 11:47:13,651-0200 DEBUG swift STAGING_OUT jobid=simulate-m3uhg34n-0
2017-02-17 11:47:13,651-0200 INFO  swift START jobid=simulate-m3uhg34n-0 - Staging out files
2017-02-17 11:47:13,651-0200 DEBUG swift stageouts: [file://localhost/output/sim_4.out]
2017-02-17 11:47:13,654-0200 DEBUG swift FILE_STAGE_OUT_START srcname=sim_4.out srcdir=p3-run004/shared/output srchost=local destdir=output desthost=localhost provider=file jobid=simulate-m3uhg34n-0
2017-02-17 11:47:13,654-0200 INFO  LateBindingScheduler jobs queued: 11
2017-02-17 11:47:13,659-0200 INFO  LateBindingScheduler jobs queued: 11
2017-02-17 11:47:13,659-0200 INFO  Execute TASK_STATUS_CHANGE taskid=task-57 status=7
2017-02-17 11:47:13,659-0200 DEBUG swift START jobid=simulate-v3uhg34n-0
2017-02-17 11:47:13,660-0200 DEBUG swift CDM: file://localhost/output/sim_4.out : DEFAULT
2017-02-17 11:47:13,660-0200 INFO  LateBindingScheduler jobs queued: 11
2017-02-17 11:47:13,660-0200 INFO  swift SUCCESS jobid=simulate-v3uhg34n-0 - Success file found
2017-02-17 11:47:13,660-0200 DEBUG swift STAGING_OUT jobid=simulate-v3uhg34n-0
2017-02-17 11:47:13,661-0200 INFO  swift START jobid=simulate-v3uhg34n-0 - Staging out files
2017-02-17 11:47:13,661-0200 DEBUG swift stageouts: [file://localhost/output/sim_10.out]
2017-02-17 11:47:13,661-0200 DEBUG swift FILE_STAGE_OUT_START srcname=sim_10.out srcdir=p3-run004/shared/output srchost=local destdir=output desthost=localhost provider=file jobid=simulate-v3uhg34n-0
2017-02-17 11:47:13,662-0200 INFO  LateBindingScheduler jobs queued: 11
2017-02-17 11:47:13,662-0200 DEBUG swift CDM: file://localhost/output/sim_10.out : DEFAULT
2017-02-17 11:47:13,664-0200 INFO  LateBindingScheduler jobs queued: 11
2017-02-17 11:47:13,665-0200 INFO  LateBindingScheduler jobs queued: 11
2017-02-17 11:47:13,666-0200 DEBUG swift FILE_STAGE_OUT_END srcname=sim_4.out srcdir=p3-run004/shared/output srchost=local destdir=output desthost=localhost provider=file
2017-02-17 11:47:13,667-0200 DEBUG swift FILE_STAGE_OUT_END srcname=sim_10.out srcdir=p3-run004/shared/output srchost=local destdir=output desthost=localhost provider=file
2017-02-17 11:47:13,669-0200 INFO  LateBindingScheduler jobs queued: 11
2017-02-17 11:47:13,669-0200 INFO  LateBindingScheduler jobs queued: 11
2017-02-17 11:47:13,674-0200 INFO  swift END jobid=simulate-m3uhg34n-0 - Staging out finished
2017-02-17 11:47:13,674-0200 INFO  swift END jobid=simulate-v3uhg34n-0 - Staging out finished
2017-02-17 11:47:13,676-0200 INFO  LateBindingScheduler jobs queued: 11
2017-02-17 11:47:13,681-0200 INFO  LateBindingScheduler jobs queued: 11
2017-02-17 11:47:13,681-0200 DEBUG swift JOB_END jobid=simulate-m3uhg34n-0
2017-02-17 11:47:13,681-0200 DEBUG swift JOB_END jobid=simulate-v3uhg34n-0
2017-02-17 11:47:13,682-0200 INFO  swift END_SUCCESS jobid=simulate-v3uhg34n tr=simulate
2017-02-17 11:47:13,682-0200 INFO  swift END_SUCCESS jobid=simulate-m3uhg34n tr=simulate
2017-02-17 11:47:13,682-0200 DEBUG swift PROCEDURE_END line=3 thread=2-0-7-4-13-4-21-1 name=simulation
2017-02-17 11:47:13,682-0200 DEBUG swift PROCEDURE_END line=3 thread=2-0-7-4-31-10-57-1 name=simulation
2017-02-17 11:47:13,726-0200 INFO  LateBindingScheduler jobs queued: 11
2017-02-17 11:47:13,726-0200 INFO  Execute TASK_STATUS_CHANGE taskid=task-24 status=7
2017-02-17 11:47:13,726-0200 INFO  LateBindingScheduler jobs queued: 11
2017-02-17 11:47:13,726-0200 INFO  Execute TASK_STATUS_CHANGE taskid=task-66 status=7
2017-02-17 11:47:13,726-0200 DEBUG swift START jobid=simulate-t3uhg34n-0
2017-02-17 11:47:13,727-0200 DEBUG swift START jobid=simulate-z3uhg34n-0
2017-02-17 11:47:13,728-0200 INFO  LateBindingScheduler jobs queued: 9
2017-02-17 11:47:13,728-0200 DEBUG swift THREAD_ASSOCIATION jobid=simulate-u3uhg34n-0 host=local thread=2-0-7-4-30-9-54-1
2017-02-17 11:47:13,728-0200 INFO  LateBindingScheduler jobs queued: 9
2017-02-17 11:47:13,728-0200 INFO  swift START jobid=simulate-u3uhg34n-0 host=local - Initializing directory structure
2017-02-17 11:47:13,728-0200 INFO  swift END jobid=simulate-u3uhg34n-0 - Done initializing directory structure
2017-02-17 11:47:13,728-0200 INFO  swift START jobid=simulate-u3uhg34n-0 - Staging in files []
2017-02-17 11:47:13,728-0200 INFO  swift END jobid=simulate-u3uhg34n-0 - Staging in finished
2017-02-17 11:47:13,729-0200 DEBUG swift JOB_START jobid=simulate-u3uhg34n-0 tr=simulate arguments=[--timesteps, 1, --range, 100, --nvalues, 5] tmpdir=p3-run004/jobs/s/simulate-u3uhg34n-0
2017-02-17 11:47:13,729-0200 INFO  Execute JOB_TASK jobid=simulate-u3uhg34n-0 taskid=task-54 exec=/bin/bash dir=p3-run004 args=shared/_swiftwrap simulate-u3uhg34n-0 -jobdir s -scratch  -e simulate -out output/sim_9.out -err stderr.txt -i -d output -if  -of output/sim_9.out -cf  -cdmfile -status files -a --timesteps 1 --range 100 --nvalues 5
2017-02-17 11:47:13,729-0200 DEBUG swift THREAD_ASSOCIATION jobid=simulate-14uhg34n-0 host=local thread=2-0-7-4-37-16-75-1
2017-02-17 11:47:13,730-0200 INFO  swift START jobid=simulate-14uhg34n-0 host=local - Initializing directory structure
2017-02-17 11:47:13,730-0200 INFO  swift END jobid=simulate-14uhg34n-0 - Done initializing directory structure
2017-02-17 11:47:13,730-0200 INFO  swift START jobid=simulate-14uhg34n-0 - Staging in files []
2017-02-17 11:47:13,730-0200 INFO  swift END jobid=simulate-14uhg34n-0 - Staging in finished
2017-02-17 11:47:13,730-0200 DEBUG swift JOB_START jobid=simulate-14uhg34n-0 tr=simulate arguments=[--timesteps, 1, --range, 100, --nvalues, 5] tmpdir=p3-run004/jobs/s/simulate-14uhg34n-0
2017-02-17 11:47:13,731-0200 INFO  Execute JOB_TASK jobid=simulate-14uhg34n-0 taskid=task-75 exec=/bin/bash dir=p3-run004 args=shared/_swiftwrap simulate-14uhg34n-0 -jobdir s -scratch  -e simulate -out output/sim_16.out -err stderr.txt -i -d output -if  -of output/sim_16.out -cf  -cdmfile -status files -a --timesteps 1 --range 100 --nvalues 5
2017-02-17 11:47:13,731-0200 INFO  swift SUCCESS jobid=simulate-z3uhg34n-0 - Success file found
2017-02-17 11:47:13,731-0200 DEBUG swift STAGING_OUT jobid=simulate-z3uhg34n-0
2017-02-17 11:47:13,731-0200 INFO  swift START jobid=simulate-z3uhg34n-0 - Staging out files
2017-02-17 11:47:13,731-0200 DEBUG swift stageouts: [file://localhost/output/sim_13.out]
2017-02-17 11:47:13,731-0200 DEBUG swift FILE_STAGE_OUT_START srcname=sim_13.out srcdir=p3-run004/shared/output srchost=local destdir=output desthost=localhost provider=file jobid=simulate-z3uhg34n-0
2017-02-17 11:47:13,734-0200 INFO  Execute TASK_STATUS_CHANGE taskid=task-54 status=8
2017-02-17 11:47:13,734-0200 INFO  Execute TASK_STATUS_CHANGE taskid=task-54 status=1
2017-02-17 11:47:13,734-0200 INFO  Execute TASK_STATUS_CHANGE taskid=task-75 status=8
2017-02-17 11:47:13,734-0200 INFO  Execute TASK_STATUS_CHANGE taskid=task-75 status=1
2017-02-17 11:47:13,735-0200 INFO  LateBindingScheduler jobs queued: 9
2017-02-17 11:47:13,735-0200 DEBUG swift CDM: file://localhost/output/sim_13.out : DEFAULT
2017-02-17 11:47:13,736-0200 INFO  swift SUCCESS jobid=simulate-t3uhg34n-0 - Success file found
2017-02-17 11:47:13,737-0200 DEBUG swift STAGING_OUT jobid=simulate-t3uhg34n-0
2017-02-17 11:47:13,737-0200 INFO  swift START jobid=simulate-t3uhg34n-0 - Staging out files
2017-02-17 11:47:13,737-0200 DEBUG swift stageouts: [file://localhost/output/sim_3.out]
2017-02-17 11:47:13,737-0200 DEBUG swift FILE_STAGE_OUT_START srcname=sim_3.out srcdir=p3-run004/shared/output srchost=local destdir=output desthost=localhost provider=file jobid=simulate-t3uhg34n-0
2017-02-17 11:47:13,740-0200 INFO  LateBindingScheduler jobs queued: 9
2017-02-17 11:47:13,741-0200 DEBUG swift CDM: file://localhost/output/sim_3.out : DEFAULT
2017-02-17 11:47:13,746-0200 DEBUG swift FOREACH_IT_END line=20 thread=2-0-7-4-13-4
2017-02-17 11:47:13,746-0200 DEBUG swift FOREACH_IT_END line=20 thread=2-0-7-4-31-10
2017-02-17 11:47:13,746-0200 INFO  LateBindingScheduler jobs queued: 9
2017-02-17 11:47:13,747-0200 DEBUG swift FILE_STAGE_OUT_END srcname=sim_13.out srcdir=p3-run004/shared/output srchost=local destdir=output desthost=localhost provider=file
2017-02-17 11:47:13,747-0200 INFO  LateBindingScheduler jobs queued: 9
2017-02-17 11:47:13,748-0200 INFO  swift END jobid=simulate-z3uhg34n-0 - Staging out finished
2017-02-17 11:47:13,751-0200 INFO  Execute TASK_STATUS_CHANGE taskid=task-75 status=2
2017-02-17 11:47:13,751-0200 INFO  Execute TASK_STATUS_CHANGE taskid=task-54 status=2
2017-02-17 11:47:13,751-0200 INFO  LateBindingScheduler jobs queued: 9
2017-02-17 11:47:13,752-0200 DEBUG swift FILE_STAGE_OUT_END srcname=sim_3.out srcdir=p3-run004/shared/output srchost=local destdir=output desthost=localhost provider=file
2017-02-17 11:47:13,753-0200 INFO  LateBindingScheduler jobs queued: 9
2017-02-17 11:47:13,754-0200 INFO  swift END jobid=simulate-t3uhg34n-0 - Staging out finished
2017-02-17 11:47:13,756-0200 INFO  LateBindingScheduler jobs queued: 9
2017-02-17 11:47:13,756-0200 INFO  LateBindingScheduler jobs queued: 9
2017-02-17 11:47:13,757-0200 DEBUG swift JOB_END jobid=simulate-t3uhg34n-0
2017-02-17 11:47:13,757-0200 INFO  swift END_SUCCESS jobid=simulate-t3uhg34n tr=simulate
2017-02-17 11:47:13,757-0200 DEBUG swift PROCEDURE_END line=3 thread=2-0-7-4-12-3-24-1 name=simulation
2017-02-17 11:47:13,758-0200 DEBUG swift THREAD_ASSOCIATION jobid=simulate-24uhg34n-0 host=local thread=2-0-7-4-38-17-78-1
2017-02-17 11:47:13,758-0200 INFO  swift START jobid=simulate-24uhg34n-0 host=local - Initializing directory structure
2017-02-17 11:47:13,758-0200 INFO  swift END jobid=simulate-24uhg34n-0 - Done initializing directory structure
2017-02-17 11:47:13,759-0200 INFO  swift START jobid=simulate-24uhg34n-0 - Staging in files []
2017-02-17 11:47:13,759-0200 INFO  swift END jobid=simulate-24uhg34n-0 - Staging in finished
2017-02-17 11:47:13,759-0200 DEBUG swift JOB_START jobid=simulate-24uhg34n-0 tr=simulate arguments=[--timesteps, 1, --range, 100, --nvalues, 5] tmpdir=p3-run004/jobs/s/simulate-24uhg34n-0
2017-02-17 11:47:13,759-0200 INFO  Execute JOB_TASK jobid=simulate-24uhg34n-0 taskid=task-78 exec=/bin/bash dir=p3-run004 args=shared/_swiftwrap simulate-24uhg34n-0 -jobdir s -scratch  -e simulate -out output/sim_17.out -err stderr.txt -i -d output -if  -of output/sim_17.out -cf  -cdmfile -status files -a --timesteps 1 --range 100 --nvalues 5
2017-02-17 11:47:13,759-0200 INFO  Execute TASK_STATUS_CHANGE taskid=task-78 status=8
2017-02-17 11:47:13,760-0200 INFO  Execute TASK_STATUS_CHANGE taskid=task-78 status=1
2017-02-17 11:47:13,760-0200 DEBUG swift JOB_END jobid=simulate-z3uhg34n-0
2017-02-17 11:47:13,760-0200 INFO  swift END_SUCCESS jobid=simulate-z3uhg34n tr=simulate
2017-02-17 11:47:13,760-0200 DEBUG swift PROCEDURE_END line=3 thread=2-0-7-4-34-13-66-1 name=simulation
2017-02-17 11:47:13,761-0200 INFO  LateBindingScheduler jobs queued: 8
2017-02-17 11:47:13,761-0200 INFO  Execute TASK_STATUS_CHANGE taskid=task-63 status=7
2017-02-17 11:47:13,762-0200 DEBUG swift START jobid=simulate-y3uhg34n-0
2017-02-17 11:47:13,762-0200 DEBUG swift THREAD_ASSOCIATION jobid=simulate-34uhg34n-0 host=local thread=2-0-7-4-39-18-81-1
2017-02-17 11:47:13,762-0200 INFO  swift START jobid=simulate-34uhg34n-0 host=local - Initializing directory structure
2017-02-17 11:47:13,762-0200 INFO  LateBindingScheduler jobs queued: 7
2017-02-17 11:47:13,762-0200 INFO  swift END jobid=simulate-34uhg34n-0 - Done initializing directory structure
2017-02-17 11:47:13,762-0200 INFO  swift START jobid=simulate-34uhg34n-0 - Staging in files []
2017-02-17 11:47:13,762-0200 INFO  swift END jobid=simulate-34uhg34n-0 - Staging in finished
2017-02-17 11:47:13,762-0200 DEBUG swift JOB_START jobid=simulate-34uhg34n-0 tr=simulate arguments=[--timesteps, 1, --range, 100, --nvalues, 5] tmpdir=p3-run004/jobs/s/simulate-34uhg34n-0
2017-02-17 11:47:13,763-0200 INFO  swift SUCCESS jobid=simulate-y3uhg34n-0 - Success file found
2017-02-17 11:47:13,763-0200 DEBUG swift STAGING_OUT jobid=simulate-y3uhg34n-0
2017-02-17 11:47:13,763-0200 INFO  Execute JOB_TASK jobid=simulate-34uhg34n-0 taskid=task-81 exec=/bin/bash dir=p3-run004 args=shared/_swiftwrap simulate-34uhg34n-0 -jobdir s -scratch  -e simulate -out output/sim_18.out -err stderr.txt -i -d output -if  -of output/sim_18.out -cf  -cdmfile -status files -a --timesteps 1 --range 100 --nvalues 5
2017-02-17 11:47:13,763-0200 INFO  swift START jobid=simulate-y3uhg34n-0 - Staging out files
2017-02-17 11:47:13,763-0200 DEBUG swift stageouts: [file://localhost/output/sim_12.out]
2017-02-17 11:47:13,763-0200 INFO  Execute TASK_STATUS_CHANGE taskid=task-81 status=8
2017-02-17 11:47:13,763-0200 INFO  Execute TASK_STATUS_CHANGE taskid=task-81 status=1
2017-02-17 11:47:13,763-0200 DEBUG swift FILE_STAGE_OUT_START srcname=sim_12.out srcdir=p3-run004/shared/output srchost=local destdir=output desthost=localhost provider=file jobid=simulate-y3uhg34n-0
2017-02-17 11:47:13,764-0200 INFO  Execute TASK_STATUS_CHANGE taskid=task-81 status=2
2017-02-17 11:47:13,764-0200 INFO  LateBindingScheduler jobs queued: 7
2017-02-17 11:47:13,764-0200 DEBUG swift CDM: file://localhost/output/sim_12.out : DEFAULT
2017-02-17 11:47:13,766-0200 INFO  LateBindingScheduler jobs queued: 7
2017-02-17 11:47:13,766-0200 DEBUG swift FILE_STAGE_OUT_END srcname=sim_12.out srcdir=p3-run004/shared/output srchost=local destdir=output desthost=localhost provider=file
2017-02-17 11:47:13,767-0200 INFO  LateBindingScheduler jobs queued: 7
2017-02-17 11:47:13,768-0200 INFO  swift END jobid=simulate-y3uhg34n-0 - Staging out finished
2017-02-17 11:47:13,769-0200 INFO  Execute TASK_STATUS_CHANGE taskid=task-78 status=2
2017-02-17 11:47:13,773-0200 INFO  LateBindingScheduler jobs queued: 7
2017-02-17 11:47:13,774-0200 DEBUG swift JOB_END jobid=simulate-y3uhg34n-0
2017-02-17 11:47:13,774-0200 INFO  swift END_SUCCESS jobid=simulate-y3uhg34n tr=simulate
2017-02-17 11:47:13,774-0200 DEBUG swift PROCEDURE_END line=3 thread=2-0-7-4-33-12-63-1 name=simulation
2017-02-17 11:47:13,783-0200 DEBUG swift FOREACH_IT_END line=20 thread=2-0-7-4-12-3
2017-02-17 11:47:13,783-0200 DEBUG swift FOREACH_IT_END line=20 thread=2-0-7-4-33-12
2017-02-17 11:47:13,783-0200 DEBUG swift FOREACH_IT_END line=20 thread=2-0-7-4-34-13
2017-02-17 11:47:13,802-0200 INFO  LateBindingScheduler jobs queued: 7
2017-02-17 11:47:13,802-0200 INFO  Execute TASK_STATUS_CHANGE taskid=task-51 status=7
2017-02-17 11:47:13,802-0200 DEBUG swift START jobid=simulate-r3uhg34n-0
2017-02-17 11:47:13,802-0200 DEBUG swift THREAD_ASSOCIATION jobid=simulate-44uhg34n-0 host=local thread=2-0-7-4-40-19-84-1
2017-02-17 11:47:13,803-0200 INFO  LateBindingScheduler jobs queued: 6
2017-02-17 11:47:13,803-0200 INFO  swift START jobid=simulate-44uhg34n-0 host=local - Initializing directory structure
2017-02-17 11:47:13,803-0200 INFO  swift END jobid=simulate-44uhg34n-0 - Done initializing directory structure
2017-02-17 11:47:13,803-0200 INFO  swift START jobid=simulate-44uhg34n-0 - Staging in files []
2017-02-17 11:47:13,803-0200 INFO  swift END jobid=simulate-44uhg34n-0 - Staging in finished
2017-02-17 11:47:13,803-0200 INFO  swift SUCCESS jobid=simulate-r3uhg34n-0 - Success file found
2017-02-17 11:47:13,803-0200 DEBUG swift JOB_START jobid=simulate-44uhg34n-0 tr=simulate arguments=[--timesteps, 1, --range, 100, --nvalues, 5] tmpdir=p3-run004/jobs/s/simulate-44uhg34n-0
2017-02-17 11:47:13,803-0200 DEBUG swift STAGING_OUT jobid=simulate-r3uhg34n-0
2017-02-17 11:47:13,803-0200 INFO  swift START jobid=simulate-r3uhg34n-0 - Staging out files
2017-02-17 11:47:13,803-0200 DEBUG swift stageouts: [file://localhost/output/sim_8.out]
2017-02-17 11:47:13,804-0200 INFO  Execute JOB_TASK jobid=simulate-44uhg34n-0 taskid=task-84 exec=/bin/bash dir=p3-run004 args=shared/_swiftwrap simulate-44uhg34n-0 -jobdir s -scratch  -e simulate -out output/sim_19.out -err stderr.txt -i -d output -if  -of output/sim_19.out -cf  -cdmfile -status files -a --timesteps 1 --range 100 --nvalues 5
2017-02-17 11:47:13,804-0200 DEBUG swift FILE_STAGE_OUT_START srcname=sim_8.out srcdir=p3-run004/shared/output srchost=local destdir=output desthost=localhost provider=file jobid=simulate-r3uhg34n-0
2017-02-17 11:47:13,804-0200 INFO  LateBindingScheduler jobs queued: 6
2017-02-17 11:47:13,804-0200 INFO  Execute TASK_STATUS_CHANGE taskid=task-42 status=7
2017-02-17 11:47:13,804-0200 INFO  LateBindingScheduler jobs queued: 6
2017-02-17 11:47:13,804-0200 INFO  Execute TASK_STATUS_CHANGE taskid=task-60 status=7
2017-02-17 11:47:13,804-0200 INFO  LateBindingScheduler jobs queued: 6
2017-02-17 11:47:13,804-0200 INFO  Execute TASK_STATUS_CHANGE taskid=task-84 status=8
2017-02-17 11:47:13,805-0200 INFO  Execute TASK_STATUS_CHANGE taskid=task-84 status=1
2017-02-17 11:47:13,805-0200 INFO  LateBindingScheduler jobs queued: 6
2017-02-17 11:47:13,805-0200 INFO  Execute TASK_STATUS_CHANGE taskid=task-72 status=7
2017-02-17 11:47:13,806-0200 DEBUG swift START jobid=simulate-o3uhg34n-0
2017-02-17 11:47:13,806-0200 DEBUG swift START jobid=simulate-x3uhg34n-0
2017-02-17 11:47:13,807-0200 INFO  LateBindingScheduler jobs queued: 7
2017-02-17 11:47:13,807-0200 DEBUG swift CDM: file://localhost/output/sim_8.out : DEFAULT
2017-02-17 11:47:13,807-0200 DEBUG swift START jobid=simulate-04uhg34n-0
2017-02-17 11:47:13,807-0200 INFO  swift SUCCESS jobid=simulate-o3uhg34n-0 - Success file found
2017-02-17 11:47:13,808-0200 DEBUG swift STAGING_OUT jobid=simulate-o3uhg34n-0
2017-02-17 11:47:13,808-0200 INFO  swift START jobid=simulate-o3uhg34n-0 - Staging out files
2017-02-17 11:47:13,808-0200 DEBUG swift stageouts: [file://localhost/output/sim_5.out]
2017-02-17 11:47:13,808-0200 DEBUG swift FILE_STAGE_OUT_START srcname=sim_5.out srcdir=p3-run004/shared/output srchost=local destdir=output desthost=localhost provider=file jobid=simulate-o3uhg34n-0
2017-02-17 11:47:13,810-0200 INFO  LateBindingScheduler jobs queued: 6
2017-02-17 11:47:13,810-0200 INFO  LateBindingScheduler jobs queued: 6
2017-02-17 11:47:13,810-0200 INFO  swift SUCCESS jobid=simulate-x3uhg34n-0 - Success file found
2017-02-17 11:47:13,810-0200 DEBUG swift CDM: file://localhost/output/sim_5.out : DEFAULT
2017-02-17 11:47:13,810-0200 DEBUG swift STAGING_OUT jobid=simulate-x3uhg34n-0
2017-02-17 11:47:13,810-0200 INFO  swift START jobid=simulate-x3uhg34n-0 - Staging out files
2017-02-17 11:47:13,810-0200 DEBUG swift stageouts: [file://localhost/output/sim_11.out]
2017-02-17 11:47:13,810-0200 INFO  LateBindingScheduler jobs queued: 6
2017-02-17 11:47:13,811-0200 INFO  swift SUCCESS jobid=simulate-04uhg34n-0 - Success file found
2017-02-17 11:47:13,811-0200 DEBUG swift STAGING_OUT jobid=simulate-04uhg34n-0
2017-02-17 11:47:13,811-0200 DEBUG swift FILE_STAGE_OUT_START srcname=sim_11.out srcdir=p3-run004/shared/output srchost=local destdir=output desthost=localhost provider=file jobid=simulate-x3uhg34n-0
2017-02-17 11:47:13,811-0200 INFO  swift START jobid=simulate-04uhg34n-0 - Staging out files
2017-02-17 11:47:13,811-0200 DEBUG swift stageouts: [file://localhost/output/sim_15.out]
2017-02-17 11:47:13,811-0200 DEBUG swift FILE_STAGE_OUT_START srcname=sim_15.out srcdir=p3-run004/shared/output srchost=local destdir=output desthost=localhost provider=file jobid=simulate-04uhg34n-0
2017-02-17 11:47:13,811-0200 INFO  LateBindingScheduler jobs queued: 7
2017-02-17 11:47:13,812-0200 DEBUG swift CDM: file://localhost/output/sim_11.out : DEFAULT
2017-02-17 11:47:13,812-0200 INFO  LateBindingScheduler jobs queued: 6
2017-02-17 11:47:13,812-0200 DEBUG swift CDM: file://localhost/output/sim_15.out : DEFAULT
2017-02-17 11:47:13,818-0200 INFO  LateBindingScheduler jobs queued: 6
2017-02-17 11:47:13,818-0200 DEBUG swift FILE_STAGE_OUT_END srcname=sim_8.out srcdir=p3-run004/shared/output srchost=local destdir=output desthost=localhost provider=file
2017-02-17 11:47:13,819-0200 INFO  LateBindingScheduler jobs queued: 6
2017-02-17 11:47:13,820-0200 INFO  LateBindingScheduler jobs queued: 6
2017-02-17 11:47:13,820-0200 INFO  swift END jobid=simulate-r3uhg34n-0 - Staging out finished
2017-02-17 11:47:13,820-0200 DEBUG swift FILE_STAGE_OUT_END srcname=sim_11.out srcdir=p3-run004/shared/output srchost=local destdir=output desthost=localhost provider=file
2017-02-17 11:47:13,821-0200 INFO  LateBindingScheduler jobs queued: 6
2017-02-17 11:47:13,822-0200 INFO  swift END jobid=simulate-x3uhg34n-0 - Staging out finished
2017-02-17 11:47:13,823-0200 INFO  LateBindingScheduler jobs queued: 6
2017-02-17 11:47:13,823-0200 DEBUG swift FILE_STAGE_OUT_END srcname=sim_15.out srcdir=p3-run004/shared/output srchost=local destdir=output desthost=localhost provider=file
2017-02-17 11:47:13,824-0200 INFO  LateBindingScheduler jobs queued: 6
2017-02-17 11:47:13,825-0200 INFO  swift END jobid=simulate-04uhg34n-0 - Staging out finished
2017-02-17 11:47:13,828-0200 INFO  LateBindingScheduler jobs queued: 6
2017-02-17 11:47:13,829-0200 DEBUG swift JOB_END jobid=simulate-r3uhg34n-0
2017-02-17 11:47:13,829-0200 INFO  Execute TASK_STATUS_CHANGE taskid=task-84 status=2
2017-02-17 11:47:13,829-0200 INFO  swift END_SUCCESS jobid=simulate-r3uhg34n tr=simulate
2017-02-17 11:47:13,829-0200 DEBUG swift PROCEDURE_END line=3 thread=2-0-7-4-29-8-51-1 name=simulation
2017-02-17 11:47:13,832-0200 INFO  LateBindingScheduler jobs queued: 6
2017-02-17 11:47:13,832-0200 DEBUG swift JOB_END jobid=simulate-04uhg34n-0
2017-02-17 11:47:13,832-0200 DEBUG swift THREAD_ASSOCIATION jobid=simulate-54uhg34n-0 host=local thread=2-0-7-4-10-1-87-1
2017-02-17 11:47:13,832-0200 INFO  LateBindingScheduler jobs queued: 5
2017-02-17 11:47:13,832-0200 INFO  swift END_SUCCESS jobid=simulate-04uhg34n tr=simulate
2017-02-17 11:47:13,832-0200 DEBUG swift PROCEDURE_END line=3 thread=2-0-7-4-36-15-72-1 name=simulation
2017-02-17 11:47:13,832-0200 DEBUG swift FILE_STAGE_OUT_END srcname=sim_5.out srcdir=p3-run004/shared/output srchost=local destdir=output desthost=localhost provider=file
2017-02-17 11:47:13,833-0200 INFO  swift START jobid=simulate-54uhg34n-0 host=local - Initializing directory structure
2017-02-17 11:47:13,833-0200 INFO  swift END jobid=simulate-54uhg34n-0 - Done initializing directory structure
2017-02-17 11:47:13,833-0200 INFO  swift START jobid=simulate-54uhg34n-0 - Staging in files []
2017-02-17 11:47:13,833-0200 INFO  swift END jobid=simulate-54uhg34n-0 - Staging in finished
2017-02-17 11:47:13,833-0200 DEBUG swift JOB_START jobid=simulate-54uhg34n-0 tr=simulate arguments=[--timesteps, 1, --range, 100, --nvalues, 5] tmpdir=p3-run004/jobs/s/simulate-54uhg34n-0
2017-02-17 11:47:13,833-0200 INFO  Execute JOB_TASK jobid=simulate-54uhg34n-0 taskid=task-87 exec=/bin/bash dir=p3-run004 args=shared/_swiftwrap simulate-54uhg34n-0 -jobdir s -scratch  -e simulate -out output/sim_1.out -err stderr.txt -i -d output -if  -of output/sim_1.out -cf  -cdmfile -status files -a --timesteps 1 --range 100 --nvalues 5
2017-02-17 11:47:13,833-0200 INFO  LateBindingScheduler jobs queued: 7
2017-02-17 11:47:13,834-0200 INFO  LateBindingScheduler jobs queued: 4
2017-02-17 11:47:13,834-0200 INFO  Execute TASK_STATUS_CHANGE taskid=task-87 status=8
2017-02-17 11:47:13,835-0200 DEBUG swift JOB_END jobid=simulate-x3uhg34n-0
2017-02-17 11:47:13,835-0200 INFO  swift END_SUCCESS jobid=simulate-x3uhg34n tr=simulate
2017-02-17 11:47:13,835-0200 DEBUG swift PROCEDURE_END line=3 thread=2-0-7-4-32-11-60-1 name=simulation
2017-02-17 11:47:13,835-0200 INFO  swift END jobid=simulate-o3uhg34n-0 - Staging out finished
2017-02-17 11:47:13,836-0200 DEBUG swift THREAD_ASSOCIATION jobid=simulate-n3uhg34n-0 host=local thread=2-0-7-4-9-0-15-1
2017-02-17 11:47:13,836-0200 INFO  swift START jobid=simulate-n3uhg34n-0 host=local - Initializing directory structure
2017-02-17 11:47:13,836-0200 INFO  swift END jobid=simulate-n3uhg34n-0 - Done initializing directory structure
2017-02-17 11:47:13,836-0200 INFO  swift START jobid=simulate-n3uhg34n-0 - Staging in files []
2017-02-17 11:47:13,837-0200 INFO  swift END jobid=simulate-n3uhg34n-0 - Staging in finished
2017-02-17 11:47:13,837-0200 DEBUG swift JOB_START jobid=simulate-n3uhg34n-0 tr=simulate arguments=[--timesteps, 1, --range, 100, --nvalues, 5] tmpdir=p3-run004/jobs/s/simulate-n3uhg34n-0
2017-02-17 11:47:13,837-0200 INFO  Execute JOB_TASK jobid=simulate-n3uhg34n-0 taskid=task-15 exec=/bin/bash dir=p3-run004 args=shared/_swiftwrap simulate-n3uhg34n-0 -jobdir s -scratch  -e simulate -out output/sim_0.out -err stderr.txt -i -d output -if  -of output/sim_0.out -cf  -cdmfile -status files -a --timesteps 1 --range 100 --nvalues 5
2017-02-17 11:47:13,837-0200 DEBUG swift THREAD_ASSOCIATION jobid=simulate-64uhg34n-0 host=local thread=2-0-7-4-35-14-69-1
2017-02-17 11:47:13,838-0200 INFO  swift START jobid=simulate-64uhg34n-0 host=local - Initializing directory structure
2017-02-17 11:47:13,838-0200 INFO  swift END jobid=simulate-64uhg34n-0 - Done initializing directory structure
2017-02-17 11:47:13,838-0200 INFO  swift START jobid=simulate-64uhg34n-0 - Staging in files []
2017-02-17 11:47:13,838-0200 INFO  swift END jobid=simulate-64uhg34n-0 - Staging in finished
2017-02-17 11:47:13,838-0200 DEBUG swift JOB_START jobid=simulate-64uhg34n-0 tr=simulate arguments=[--timesteps, 1, --range, 100, --nvalues, 5] tmpdir=p3-run004/jobs/s/simulate-64uhg34n-0
2017-02-17 11:47:13,838-0200 INFO  Execute JOB_TASK jobid=simulate-64uhg34n-0 taskid=task-69 exec=/bin/bash dir=p3-run004 args=shared/_swiftwrap simulate-64uhg34n-0 -jobdir s -scratch  -e simulate -out output/sim_14.out -err stderr.txt -i -d output -if  -of output/sim_14.out -cf  -cdmfile -status files -a --timesteps 1 --range 100 --nvalues 5
2017-02-17 11:47:13,841-0200 INFO  Execute TASK_STATUS_CHANGE taskid=task-87 status=1
2017-02-17 11:47:13,841-0200 INFO  Execute TASK_STATUS_CHANGE taskid=task-15 status=8
2017-02-17 11:47:13,842-0200 INFO  Execute TASK_STATUS_CHANGE taskid=task-15 status=1
2017-02-17 11:47:13,842-0200 INFO  Execute TASK_STATUS_CHANGE taskid=task-69 status=8
2017-02-17 11:47:13,842-0200 INFO  Execute TASK_STATUS_CHANGE taskid=task-69 status=1
2017-02-17 11:47:13,844-0200 INFO  Execute TASK_STATUS_CHANGE taskid=task-15 status=2
2017-02-17 11:47:13,844-0200 INFO  Execute TASK_STATUS_CHANGE taskid=task-69 status=2
2017-02-17 11:47:13,849-0200 INFO  Execute TASK_STATUS_CHANGE taskid=task-87 status=2
2017-02-17 11:47:13,851-0200 INFO  LateBindingScheduler jobs queued: 3
2017-02-17 11:47:13,852-0200 DEBUG swift JOB_END jobid=simulate-o3uhg34n-0
2017-02-17 11:47:13,852-0200 INFO  swift END_SUCCESS jobid=simulate-o3uhg34n tr=simulate
2017-02-17 11:47:13,852-0200 DEBUG swift PROCEDURE_END line=3 thread=2-0-7-4-26-5-42-1 name=simulation
2017-02-17 11:47:13,862-0200 DEBUG swift FOREACH_IT_END line=20 thread=2-0-7-4-29-8
2017-02-17 11:47:13,862-0200 DEBUG swift FOREACH_IT_END line=20 thread=2-0-7-4-36-15
2017-02-17 11:47:13,862-0200 DEBUG swift FOREACH_IT_END line=20 thread=2-0-7-4-32-11
2017-02-17 11:47:13,863-0200 DEBUG swift FOREACH_IT_END line=20 thread=2-0-7-4-26-5
2017-02-17 11:47:13,902-0200 DEBUG swift THREAD_ASSOCIATION jobid=simulate-p3uhg34n-0 host=local thread=2-0-7-4-27-6-45-1
2017-02-17 11:47:13,903-0200 INFO  swift START jobid=simulate-p3uhg34n-0 host=local - Initializing directory structure
2017-02-17 11:47:13,903-0200 INFO  swift END jobid=simulate-p3uhg34n-0 - Done initializing directory structure
2017-02-17 11:47:13,903-0200 INFO  swift START jobid=simulate-p3uhg34n-0 - Staging in files []
2017-02-17 11:47:13,903-0200 INFO  swift END jobid=simulate-p3uhg34n-0 - Staging in finished
2017-02-17 11:47:13,903-0200 DEBUG swift JOB_START jobid=simulate-p3uhg34n-0 tr=simulate arguments=[--timesteps, 1, --range, 100, --nvalues, 5] tmpdir=p3-run004/jobs/s/simulate-p3uhg34n-0
2017-02-17 11:47:13,904-0200 INFO  Execute JOB_TASK jobid=simulate-p3uhg34n-0 taskid=task-45 exec=/bin/bash dir=p3-run004 args=shared/_swiftwrap simulate-p3uhg34n-0 -jobdir s -scratch  -e simulate -out output/sim_6.out -err stderr.txt -i -d output -if  -of output/sim_6.out -cf  -cdmfile -status files -a --timesteps 1 --range 100 --nvalues 5
2017-02-17 11:47:13,905-0200 INFO  Execute TASK_STATUS_CHANGE taskid=task-45 status=8
2017-02-17 11:47:13,905-0200 INFO  Execute TASK_STATUS_CHANGE taskid=task-45 status=1
2017-02-17 11:47:13,911-0200 INFO  Execute TASK_STATUS_CHANGE taskid=task-45 status=2
2017-02-17 11:47:14,443-0200 INFO  RuntimeStats$ProgressTicker HeapMax: 954728448, CrtHeap: 121110528, UsedHeap: 10358352, JVMThreads: 39
2017-02-17 11:47:14,443-0200 INFO  RuntimeStats$ProgressTicker   Selecting site:2  Active:9  Finished successfully:9
2017-02-17 11:47:14,902-0200 INFO  LateBindingScheduler jobs queued: 2
2017-02-17 11:47:14,902-0200 INFO  Execute TASK_STATUS_CHANGE taskid=task-75 status=7
2017-02-17 11:47:14,902-0200 DEBUG swift START jobid=simulate-14uhg34n-0
2017-02-17 11:47:14,903-0200 INFO  LateBindingScheduler jobs queued: 2
2017-02-17 11:47:14,904-0200 INFO  swift SUCCESS jobid=simulate-14uhg34n-0 - Success file found
2017-02-17 11:47:14,904-0200 DEBUG swift STAGING_OUT jobid=simulate-14uhg34n-0
2017-02-17 11:47:14,904-0200 INFO  swift START jobid=simulate-14uhg34n-0 - Staging out files
2017-02-17 11:47:14,904-0200 DEBUG swift stageouts: [file://localhost/output/sim_16.out]
2017-02-17 11:47:14,904-0200 DEBUG swift FILE_STAGE_OUT_START srcname=sim_16.out srcdir=p3-run004/shared/output srchost=local destdir=output desthost=localhost provider=file jobid=simulate-14uhg34n-0
2017-02-17 11:47:14,905-0200 INFO  LateBindingScheduler jobs queued: 2
2017-02-17 11:47:14,905-0200 DEBUG swift CDM: file://localhost/output/sim_16.out : DEFAULT
2017-02-17 11:47:14,906-0200 INFO  LateBindingScheduler jobs queued: 2
2017-02-17 11:47:14,907-0200 DEBUG swift FILE_STAGE_OUT_END srcname=sim_16.out srcdir=p3-run004/shared/output srchost=local destdir=output desthost=localhost provider=file
2017-02-17 11:47:14,908-0200 INFO  LateBindingScheduler jobs queued: 2
2017-02-17 11:47:14,909-0200 INFO  swift END jobid=simulate-14uhg34n-0 - Staging out finished
2017-02-17 11:47:14,913-0200 INFO  LateBindingScheduler jobs queued: 2
2017-02-17 11:47:14,914-0200 DEBUG swift JOB_END jobid=simulate-14uhg34n-0
2017-02-17 11:47:14,914-0200 INFO  swift END_SUCCESS jobid=simulate-14uhg34n tr=simulate
2017-02-17 11:47:14,915-0200 DEBUG swift PROCEDURE_END line=3 thread=2-0-7-4-37-16-75-1 name=simulation
2017-02-17 11:47:14,917-0200 INFO  LateBindingScheduler jobs queued: 2
2017-02-17 11:47:14,917-0200 INFO  Execute TASK_STATUS_CHANGE taskid=task-81 status=7
2017-02-17 11:47:14,917-0200 DEBUG swift START jobid=simulate-34uhg34n-0
2017-02-17 11:47:14,918-0200 DEBUG swift THREAD_ASSOCIATION jobid=simulate-s3uhg34n-0 host=local thread=2-0-7-4-11-2-18-1
2017-02-17 11:47:14,918-0200 INFO  swift START jobid=simulate-s3uhg34n-0 host=local - Initializing directory structure
2017-02-17 11:47:14,918-0200 INFO  swift END jobid=simulate-s3uhg34n-0 - Done initializing directory structure
2017-02-17 11:47:14,918-0200 INFO  swift START jobid=simulate-s3uhg34n-0 - Staging in files []
2017-02-17 11:47:14,919-0200 INFO  swift END jobid=simulate-s3uhg34n-0 - Staging in finished
2017-02-17 11:47:14,919-0200 DEBUG swift JOB_START jobid=simulate-s3uhg34n-0 tr=simulate arguments=[--timesteps, 1, --range, 100, --nvalues, 5] tmpdir=p3-run004/jobs/s/simulate-s3uhg34n-0
2017-02-17 11:47:14,919-0200 INFO  Execute JOB_TASK jobid=simulate-s3uhg34n-0 taskid=task-18 exec=/bin/bash dir=p3-run004 args=shared/_swiftwrap simulate-s3uhg34n-0 -jobdir s -scratch  -e simulate -out output/sim_2.out -err stderr.txt -i -d output -if  -of output/sim_2.out -cf  -cdmfile -status files -a --timesteps 1 --range 100 --nvalues 5
2017-02-17 11:47:14,919-0200 DEBUG swift THREAD_ASSOCIATION jobid=simulate-q3uhg34n-0 host=local thread=2-0-7-4-28-7-48-1
2017-02-17 11:47:14,920-0200 INFO  swift START jobid=simulate-q3uhg34n-0 host=local - Initializing directory structure
2017-02-17 11:47:14,920-0200 INFO  swift END jobid=simulate-q3uhg34n-0 - Done initializing directory structure
2017-02-17 11:47:14,920-0200 INFO  swift START jobid=simulate-q3uhg34n-0 - Staging in files []
2017-02-17 11:47:14,920-0200 INFO  swift END jobid=simulate-q3uhg34n-0 - Staging in finished
2017-02-17 11:47:14,920-0200 DEBUG swift JOB_START jobid=simulate-q3uhg34n-0 tr=simulate arguments=[--timesteps, 1, --range, 100, --nvalues, 5] tmpdir=p3-run004/jobs/s/simulate-q3uhg34n-0
2017-02-17 11:47:14,920-0200 INFO  Execute JOB_TASK jobid=simulate-q3uhg34n-0 taskid=task-48 exec=/bin/bash dir=p3-run004 args=shared/_swiftwrap simulate-q3uhg34n-0 -jobdir s -scratch  -e simulate -out output/sim_7.out -err stderr.txt -i -d output -if  -of output/sim_7.out -cf  -cdmfile -status files -a --timesteps 1 --range 100 --nvalues 5
2017-02-17 11:47:14,921-0200 INFO  LateBindingScheduler jobs queued: 0
2017-02-17 11:47:14,921-0200 INFO  Execute TASK_STATUS_CHANGE taskid=task-18 status=8
2017-02-17 11:47:14,921-0200 INFO  Execute TASK_STATUS_CHANGE taskid=task-18 status=1
2017-02-17 11:47:14,921-0200 INFO  Execute TASK_STATUS_CHANGE taskid=task-48 status=8
2017-02-17 11:47:14,921-0200 INFO  Execute TASK_STATUS_CHANGE taskid=task-48 status=1
2017-02-17 11:47:14,922-0200 INFO  swift SUCCESS jobid=simulate-34uhg34n-0 - Success file found
2017-02-17 11:47:14,922-0200 DEBUG swift STAGING_OUT jobid=simulate-34uhg34n-0
2017-02-17 11:47:14,922-0200 INFO  swift START jobid=simulate-34uhg34n-0 - Staging out files
2017-02-17 11:47:14,922-0200 DEBUG swift stageouts: [file://localhost/output/sim_18.out]
2017-02-17 11:47:14,922-0200 DEBUG swift FILE_STAGE_OUT_START srcname=sim_18.out srcdir=p3-run004/shared/output srchost=local destdir=output desthost=localhost provider=file jobid=simulate-34uhg34n-0
2017-02-17 11:47:14,922-0200 INFO  Execute TASK_STATUS_CHANGE taskid=task-18 status=2
2017-02-17 11:47:14,923-0200 INFO  LateBindingScheduler jobs queued: 0
2017-02-17 11:47:14,923-0200 DEBUG swift CDM: file://localhost/output/sim_18.out : DEFAULT
2017-02-17 11:47:14,927-0200 INFO  Execute TASK_STATUS_CHANGE taskid=task-48 status=2
2017-02-17 11:47:14,931-0200 INFO  LateBindingScheduler jobs queued: 0
2017-02-17 11:47:14,931-0200 DEBUG swift FILE_STAGE_OUT_END srcname=sim_18.out srcdir=p3-run004/shared/output srchost=local destdir=output desthost=localhost provider=file
2017-02-17 11:47:14,932-0200 INFO  LateBindingScheduler jobs queued: 0
2017-02-17 11:47:14,933-0200 INFO  swift END jobid=simulate-34uhg34n-0 - Staging out finished
2017-02-17 11:47:14,937-0200 INFO  LateBindingScheduler jobs queued: 0
2017-02-17 11:47:14,937-0200 DEBUG swift JOB_END jobid=simulate-34uhg34n-0
2017-02-17 11:47:14,938-0200 INFO  swift END_SUCCESS jobid=simulate-34uhg34n tr=simulate
2017-02-17 11:47:14,938-0200 DEBUG swift PROCEDURE_END line=3 thread=2-0-7-4-39-18-81-1 name=simulation
2017-02-17 11:47:14,957-0200 INFO  LateBindingScheduler jobs queued: 0
2017-02-17 11:47:14,957-0200 INFO  Execute TASK_STATUS_CHANGE taskid=task-78 status=7
2017-02-17 11:47:14,958-0200 DEBUG swift START jobid=simulate-24uhg34n-0
2017-02-17 11:47:14,958-0200 DEBUG swift FOREACH_IT_END line=20 thread=2-0-7-4-39-18
2017-02-17 11:47:14,958-0200 DEBUG swift FOREACH_IT_END line=20 thread=2-0-7-4-37-16
2017-02-17 11:47:14,960-0200 INFO  LateBindingScheduler jobs queued: 0
2017-02-17 11:47:14,961-0200 INFO  swift SUCCESS jobid=simulate-24uhg34n-0 - Success file found
2017-02-17 11:47:14,961-0200 DEBUG swift STAGING_OUT jobid=simulate-24uhg34n-0
2017-02-17 11:47:14,961-0200 INFO  swift START jobid=simulate-24uhg34n-0 - Staging out files
2017-02-17 11:47:14,961-0200 DEBUG swift stageouts: [file://localhost/output/sim_17.out]
2017-02-17 11:47:14,961-0200 DEBUG swift FILE_STAGE_OUT_START srcname=sim_17.out srcdir=p3-run004/shared/output srchost=local destdir=output desthost=localhost provider=file jobid=simulate-24uhg34n-0
2017-02-17 11:47:14,962-0200 INFO  LateBindingScheduler jobs queued: 0
2017-02-17 11:47:14,963-0200 INFO  LateBindingScheduler jobs queued: 0
2017-02-17 11:47:14,963-0200 INFO  Execute TASK_STATUS_CHANGE taskid=task-54 status=7
2017-02-17 11:47:14,963-0200 DEBUG swift CDM: file://localhost/output/sim_17.out : DEFAULT
2017-02-17 11:47:14,963-0200 DEBUG swift START jobid=simulate-u3uhg34n-0
2017-02-17 11:47:14,966-0200 INFO  LateBindingScheduler jobs queued: 0
2017-02-17 11:47:14,967-0200 INFO  swift SUCCESS jobid=simulate-u3uhg34n-0 - Success file found
2017-02-17 11:47:14,967-0200 DEBUG swift STAGING_OUT jobid=simulate-u3uhg34n-0
2017-02-17 11:47:14,967-0200 INFO  swift START jobid=simulate-u3uhg34n-0 - Staging out files
2017-02-17 11:47:14,967-0200 DEBUG swift stageouts: [file://localhost/output/sim_9.out]
2017-02-17 11:47:14,967-0200 DEBUG swift FILE_STAGE_OUT_START srcname=sim_9.out srcdir=p3-run004/shared/output srchost=local destdir=output desthost=localhost provider=file jobid=simulate-u3uhg34n-0
2017-02-17 11:47:14,968-0200 INFO  LateBindingScheduler jobs queued: 0
2017-02-17 11:47:14,969-0200 INFO  LateBindingScheduler jobs queued: 0
2017-02-17 11:47:14,969-0200 DEBUG swift CDM: file://localhost/output/sim_9.out : DEFAULT
2017-02-17 11:47:14,969-0200 DEBUG swift FILE_STAGE_OUT_END srcname=sim_17.out srcdir=p3-run004/shared/output srchost=local destdir=output desthost=localhost provider=file
2017-02-17 11:47:14,969-0200 INFO  LateBindingScheduler jobs queued: 0
2017-02-17 11:47:14,970-0200 INFO  swift END jobid=simulate-24uhg34n-0 - Staging out finished
2017-02-17 11:47:14,978-0200 INFO  LateBindingScheduler jobs queued: 0
2017-02-17 11:47:14,979-0200 DEBUG swift FILE_STAGE_OUT_END srcname=sim_9.out srcdir=p3-run004/shared/output srchost=local destdir=output desthost=localhost provider=file
2017-02-17 11:47:14,979-0200 INFO  LateBindingScheduler jobs queued: 0
2017-02-17 11:47:14,980-0200 INFO  swift END jobid=simulate-u3uhg34n-0 - Staging out finished
2017-02-17 11:47:14,985-0200 INFO  LateBindingScheduler jobs queued: 0
2017-02-17 11:47:14,985-0200 DEBUG swift JOB_END jobid=simulate-24uhg34n-0
2017-02-17 11:47:14,985-0200 INFO  swift END_SUCCESS jobid=simulate-24uhg34n tr=simulate
2017-02-17 11:47:14,985-0200 DEBUG swift PROCEDURE_END line=3 thread=2-0-7-4-38-17-78-1 name=simulation
2017-02-17 11:47:14,986-0200 INFO  LateBindingScheduler jobs queued: 0
2017-02-17 11:47:14,987-0200 DEBUG swift JOB_END jobid=simulate-u3uhg34n-0
2017-02-17 11:47:14,987-0200 INFO  swift END_SUCCESS jobid=simulate-u3uhg34n tr=simulate
2017-02-17 11:47:14,987-0200 DEBUG swift PROCEDURE_END line=3 thread=2-0-7-4-30-9-54-1 name=simulation
2017-02-17 11:47:15,003-0200 DEBUG swift FOREACH_IT_END line=20 thread=2-0-7-4-38-17
2017-02-17 11:47:15,003-0200 DEBUG swift FOREACH_IT_END line=20 thread=2-0-7-4-30-9
2017-02-17 11:47:15,013-0200 INFO  LateBindingScheduler jobs queued: 0
2017-02-17 11:47:15,014-0200 INFO  Execute TASK_STATUS_CHANGE taskid=task-15 status=7
2017-02-17 11:47:15,014-0200 DEBUG swift START jobid=simulate-n3uhg34n-0
2017-02-17 11:47:15,015-0200 INFO  LateBindingScheduler jobs queued: 0
2017-02-17 11:47:15,015-0200 INFO  swift SUCCESS jobid=simulate-n3uhg34n-0 - Success file found
2017-02-17 11:47:15,016-0200 DEBUG swift STAGING_OUT jobid=simulate-n3uhg34n-0
2017-02-17 11:47:15,016-0200 INFO  swift START jobid=simulate-n3uhg34n-0 - Staging out files
2017-02-17 11:47:15,016-0200 DEBUG swift stageouts: [file://localhost/output/sim_0.out]
2017-02-17 11:47:15,016-0200 DEBUG swift FILE_STAGE_OUT_START srcname=sim_0.out srcdir=p3-run004/shared/output srchost=local destdir=output desthost=localhost provider=file jobid=simulate-n3uhg34n-0
2017-02-17 11:47:15,017-0200 INFO  LateBindingScheduler jobs queued: 0
2017-02-17 11:47:15,017-0200 DEBUG swift CDM: file://localhost/output/sim_0.out : DEFAULT
2017-02-17 11:47:15,017-0200 INFO  LateBindingScheduler jobs queued: 0
2017-02-17 11:47:15,018-0200 INFO  Execute TASK_STATUS_CHANGE taskid=task-84 status=7
2017-02-17 11:47:15,018-0200 DEBUG swift START jobid=simulate-44uhg34n-0
2017-02-17 11:47:15,025-0200 INFO  LateBindingScheduler jobs queued: 0
2017-02-17 11:47:15,025-0200 INFO  Execute TASK_STATUS_CHANGE taskid=task-87 status=7
2017-02-17 11:47:15,025-0200 DEBUG swift START jobid=simulate-54uhg34n-0
2017-02-17 11:47:15,026-0200 INFO  LateBindingScheduler jobs queued: 1
2017-02-17 11:47:15,026-0200 DEBUG swift FILE_STAGE_OUT_END srcname=sim_0.out srcdir=p3-run004/shared/output srchost=local destdir=output desthost=localhost provider=file
2017-02-17 11:47:15,027-0200 INFO  LateBindingScheduler jobs queued: 0
2017-02-17 11:47:15,028-0200 INFO  LateBindingScheduler jobs queued: 0
2017-02-17 11:47:15,028-0200 INFO  LateBindingScheduler jobs queued: 0
2017-02-17 11:47:15,029-0200 INFO  swift SUCCESS jobid=simulate-44uhg34n-0 - Success file found
2017-02-17 11:47:15,029-0200 INFO  swift SUCCESS jobid=simulate-54uhg34n-0 - Success file found
2017-02-17 11:47:15,029-0200 DEBUG swift STAGING_OUT jobid=simulate-54uhg34n-0
2017-02-17 11:47:15,029-0200 INFO  swift START jobid=simulate-54uhg34n-0 - Staging out files
2017-02-17 11:47:15,029-0200 DEBUG swift stageouts: [file://localhost/output/sim_1.out]
2017-02-17 11:47:15,029-0200 DEBUG swift STAGING_OUT jobid=simulate-44uhg34n-0
2017-02-17 11:47:15,029-0200 INFO  swift START jobid=simulate-44uhg34n-0 - Staging out files
2017-02-17 11:47:15,029-0200 DEBUG swift stageouts: [file://localhost/output/sim_19.out]
2017-02-17 11:47:15,030-0200 INFO  swift END jobid=simulate-n3uhg34n-0 - Staging out finished
2017-02-17 11:47:15,030-0200 DEBUG swift FILE_STAGE_OUT_START srcname=sim_1.out srcdir=p3-run004/shared/output srchost=local destdir=output desthost=localhost provider=file jobid=simulate-54uhg34n-0
2017-02-17 11:47:15,033-0200 INFO  LateBindingScheduler jobs queued: 0
2017-02-17 11:47:15,033-0200 DEBUG swift FILE_STAGE_OUT_START srcname=sim_19.out srcdir=p3-run004/shared/output srchost=local destdir=output desthost=localhost provider=file jobid=simulate-44uhg34n-0
2017-02-17 11:47:15,033-0200 DEBUG swift CDM: file://localhost/output/sim_1.out : DEFAULT
2017-02-17 11:47:15,040-0200 INFO  LateBindingScheduler jobs queued: 0
2017-02-17 11:47:15,040-0200 INFO  Execute TASK_STATUS_CHANGE taskid=task-69 status=7
2017-02-17 11:47:15,040-0200 INFO  LateBindingScheduler jobs queued: 1
2017-02-17 11:47:15,043-0200 DEBUG swift START jobid=simulate-64uhg34n-0
2017-02-17 11:47:15,044-0200 INFO  LateBindingScheduler jobs queued: 0
2017-02-17 11:47:15,044-0200 DEBUG swift JOB_END jobid=simulate-n3uhg34n-0
2017-02-17 11:47:15,044-0200 INFO  swift END_SUCCESS jobid=simulate-n3uhg34n tr=simulate
2017-02-17 11:47:15,044-0200 INFO  LateBindingScheduler jobs queued: 0
2017-02-17 11:47:15,044-0200 DEBUG swift PROCEDURE_END line=3 thread=2-0-7-4-9-0-15-1 name=simulation
2017-02-17 11:47:15,045-0200 INFO  LateBindingScheduler jobs queued: 0
2017-02-17 11:47:15,045-0200 DEBUG swift CDM: file://localhost/output/sim_19.out : DEFAULT
2017-02-17 11:47:15,045-0200 INFO  LateBindingScheduler jobs queued: 1
2017-02-17 11:47:15,045-0200 INFO  Execute TASK_STATUS_CHANGE taskid=task-45 status=7
2017-02-17 11:47:15,046-0200 DEBUG swift START jobid=simulate-p3uhg34n-0
2017-02-17 11:47:15,046-0200 INFO  swift SUCCESS jobid=simulate-64uhg34n-0 - Success file found
2017-02-17 11:47:15,046-0200 DEBUG swift FILE_STAGE_OUT_END srcname=sim_1.out srcdir=p3-run004/shared/output srchost=local destdir=output desthost=localhost provider=file
2017-02-17 11:47:15,046-0200 DEBUG swift STAGING_OUT jobid=simulate-64uhg34n-0
2017-02-17 11:47:15,046-0200 INFO  swift START jobid=simulate-64uhg34n-0 - Staging out files
2017-02-17 11:47:15,046-0200 DEBUG swift stageouts: [file://localhost/output/sim_14.out]
2017-02-17 11:47:15,047-0200 DEBUG swift FILE_STAGE_OUT_START srcname=sim_14.out srcdir=p3-run004/shared/output srchost=local destdir=output desthost=localhost provider=file jobid=simulate-64uhg34n-0
2017-02-17 11:47:15,047-0200 INFO  LateBindingScheduler jobs queued: 1
2017-02-17 11:47:15,048-0200 INFO  LateBindingScheduler jobs queued: 0
2017-02-17 11:47:15,048-0200 INFO  LateBindingScheduler jobs queued: 0
2017-02-17 11:47:15,049-0200 INFO  swift SUCCESS jobid=simulate-p3uhg34n-0 - Success file found
2017-02-17 11:47:15,049-0200 DEBUG swift STAGING_OUT jobid=simulate-p3uhg34n-0
2017-02-17 11:47:15,049-0200 INFO  swift START jobid=simulate-p3uhg34n-0 - Staging out files
2017-02-17 11:47:15,049-0200 DEBUG swift stageouts: [file://localhost/output/sim_6.out]
2017-02-17 11:47:15,049-0200 INFO  LateBindingScheduler jobs queued: 0
2017-02-17 11:47:15,049-0200 DEBUG swift CDM: file://localhost/output/sim_14.out : DEFAULT
2017-02-17 11:47:15,049-0200 DEBUG swift FILE_STAGE_OUT_START srcname=sim_6.out srcdir=p3-run004/shared/output srchost=local destdir=output desthost=localhost provider=file jobid=simulate-p3uhg34n-0
2017-02-17 11:47:15,050-0200 INFO  swift END jobid=simulate-54uhg34n-0 - Staging out finished
2017-02-17 11:47:15,055-0200 INFO  LateBindingScheduler jobs queued: 0
2017-02-17 11:47:15,055-0200 DEBUG swift FILE_STAGE_OUT_END srcname=sim_19.out srcdir=p3-run004/shared/output srchost=local destdir=output desthost=localhost provider=file
2017-02-17 11:47:15,056-0200 INFO  LateBindingScheduler jobs queued: 1
2017-02-17 11:47:15,059-0200 DEBUG swift CDM: file://localhost/output/sim_6.out : DEFAULT
2017-02-17 11:47:15,060-0200 INFO  LateBindingScheduler jobs queued: 1
2017-02-17 11:47:15,066-0200 INFO  LateBindingScheduler jobs queued: 0
2017-02-17 11:47:15,066-0200 DEBUG swift FILE_STAGE_OUT_END srcname=sim_14.out srcdir=p3-run004/shared/output srchost=local destdir=output desthost=localhost provider=file
2017-02-17 11:47:15,066-0200 INFO  swift END jobid=simulate-44uhg34n-0 - Staging out finished
2017-02-17 11:47:15,073-0200 DEBUG swift FOREACH_IT_END line=20 thread=2-0-7-4-9-0
2017-02-17 11:47:15,074-0200 INFO  LateBindingScheduler jobs queued: 0
2017-02-17 11:47:15,074-0200 INFO  LateBindingScheduler jobs queued: 0
2017-02-17 11:47:15,076-0200 DEBUG swift JOB_END jobid=simulate-54uhg34n-0
2017-02-17 11:47:15,076-0200 INFO  swift END_SUCCESS jobid=simulate-54uhg34n tr=simulate
2017-02-17 11:47:15,076-0200 DEBUG swift PROCEDURE_END line=3 thread=2-0-7-4-10-1-87-1 name=simulation
2017-02-17 11:47:15,077-0200 INFO  LateBindingScheduler jobs queued: 0
2017-02-17 11:47:15,077-0200 DEBUG swift FILE_STAGE_OUT_END srcname=sim_6.out srcdir=p3-run004/shared/output srchost=local destdir=output desthost=localhost provider=file
2017-02-17 11:47:15,078-0200 INFO  LateBindingScheduler jobs queued: 0
2017-02-17 11:47:15,078-0200 DEBUG swift JOB_END jobid=simulate-44uhg34n-0
2017-02-17 11:47:15,078-0200 INFO  swift END_SUCCESS jobid=simulate-44uhg34n tr=simulate
2017-02-17 11:47:15,078-0200 DEBUG swift PROCEDURE_END line=3 thread=2-0-7-4-40-19-84-1 name=simulation
2017-02-17 11:47:15,079-0200 INFO  swift END jobid=simulate-64uhg34n-0 - Staging out finished
2017-02-17 11:47:15,080-0200 INFO  swift END jobid=simulate-p3uhg34n-0 - Staging out finished
2017-02-17 11:47:15,086-0200 INFO  LateBindingScheduler jobs queued: 0
2017-02-17 11:47:15,087-0200 DEBUG swift JOB_END jobid=simulate-64uhg34n-0
2017-02-17 11:47:15,087-0200 INFO  swift END_SUCCESS jobid=simulate-64uhg34n tr=simulate
2017-02-17 11:47:15,087-0200 DEBUG swift PROCEDURE_END line=3 thread=2-0-7-4-35-14-69-1 name=simulation
2017-02-17 11:47:15,088-0200 INFO  LateBindingScheduler jobs queued: 0
2017-02-17 11:47:15,088-0200 DEBUG swift JOB_END jobid=simulate-p3uhg34n-0
2017-02-17 11:47:15,088-0200 INFO  swift END_SUCCESS jobid=simulate-p3uhg34n tr=simulate
2017-02-17 11:47:15,088-0200 DEBUG swift PROCEDURE_END line=3 thread=2-0-7-4-27-6-45-1 name=simulation
2017-02-17 11:47:15,111-0200 DEBUG swift FOREACH_IT_END line=20 thread=2-0-7-4-40-19
2017-02-17 11:47:15,111-0200 DEBUG swift FOREACH_IT_END line=20 thread=2-0-7-4-35-14
2017-02-17 11:47:15,111-0200 DEBUG swift FOREACH_IT_END line=20 thread=2-0-7-4-10-1
2017-02-17 11:47:15,111-0200 DEBUG swift FOREACH_IT_END line=20 thread=2-0-7-4-27-6
2017-02-17 11:47:15,444-0200 INFO  RuntimeStats$ProgressTicker HeapMax: 954728448, CrtHeap: 121110528, UsedHeap: 12936392, JVMThreads: 39
2017-02-17 11:47:15,444-0200 INFO  RuntimeStats$ProgressTicker   Active:2  Finished successfully:18
2017-02-17 11:47:16,060-0200 INFO  LateBindingScheduler jobs queued: 0
2017-02-17 11:47:16,060-0200 INFO  Execute TASK_STATUS_CHANGE taskid=task-48 status=7
2017-02-17 11:47:16,061-0200 DEBUG swift START jobid=simulate-q3uhg34n-0
2017-02-17 11:47:16,061-0200 INFO  LateBindingScheduler jobs queued: 0
2017-02-17 11:47:16,062-0200 INFO  swift SUCCESS jobid=simulate-q3uhg34n-0 - Success file found
2017-02-17 11:47:16,062-0200 DEBUG swift STAGING_OUT jobid=simulate-q3uhg34n-0
2017-02-17 11:47:16,062-0200 INFO  swift START jobid=simulate-q3uhg34n-0 - Staging out files
2017-02-17 11:47:16,062-0200 DEBUG swift stageouts: [file://localhost/output/sim_7.out]
2017-02-17 11:47:16,062-0200 DEBUG swift FILE_STAGE_OUT_START srcname=sim_7.out srcdir=p3-run004/shared/output srchost=local destdir=output desthost=localhost provider=file jobid=simulate-q3uhg34n-0
2017-02-17 11:47:16,063-0200 INFO  LateBindingScheduler jobs queued: 0
2017-02-17 11:47:16,064-0200 DEBUG swift CDM: file://localhost/output/sim_7.out : DEFAULT
2017-02-17 11:47:16,066-0200 INFO  LateBindingScheduler jobs queued: 0
2017-02-17 11:47:16,066-0200 DEBUG swift FILE_STAGE_OUT_END srcname=sim_7.out srcdir=p3-run004/shared/output srchost=local destdir=output desthost=localhost provider=file
2017-02-17 11:47:16,067-0200 INFO  LateBindingScheduler jobs queued: 0
2017-02-17 11:47:16,068-0200 INFO  swift END jobid=simulate-q3uhg34n-0 - Staging out finished
2017-02-17 11:47:16,069-0200 INFO  LateBindingScheduler jobs queued: 0
2017-02-17 11:47:16,070-0200 DEBUG swift JOB_END jobid=simulate-q3uhg34n-0
2017-02-17 11:47:16,071-0200 INFO  swift END_SUCCESS jobid=simulate-q3uhg34n tr=simulate
2017-02-17 11:47:16,071-0200 DEBUG swift PROCEDURE_END line=3 thread=2-0-7-4-28-7-48-1 name=simulation
2017-02-17 11:47:16,073-0200 INFO  LateBindingScheduler jobs queued: 0
2017-02-17 11:47:16,073-0200 INFO  Execute TASK_STATUS_CHANGE taskid=task-18 status=7
2017-02-17 11:47:16,073-0200 DEBUG swift START jobid=simulate-s3uhg34n-0
2017-02-17 11:47:16,074-0200 INFO  LateBindingScheduler jobs queued: 0
2017-02-17 11:47:16,074-0200 INFO  swift SUCCESS jobid=simulate-s3uhg34n-0 - Success file found
2017-02-17 11:47:16,074-0200 DEBUG swift STAGING_OUT jobid=simulate-s3uhg34n-0
2017-02-17 11:47:16,075-0200 INFO  swift START jobid=simulate-s3uhg34n-0 - Staging out files
2017-02-17 11:47:16,075-0200 DEBUG swift stageouts: [file://localhost/output/sim_2.out]
2017-02-17 11:47:16,075-0200 DEBUG swift FILE_STAGE_OUT_START srcname=sim_2.out srcdir=p3-run004/shared/output srchost=local destdir=output desthost=localhost provider=file jobid=simulate-s3uhg34n-0
2017-02-17 11:47:16,075-0200 INFO  LateBindingScheduler jobs queued: 0
2017-02-17 11:47:16,076-0200 DEBUG swift CDM: file://localhost/output/sim_2.out : DEFAULT
2017-02-17 11:47:16,077-0200 INFO  LateBindingScheduler jobs queued: 0
2017-02-17 11:47:16,077-0200 DEBUG swift FILE_STAGE_OUT_END srcname=sim_2.out srcdir=p3-run004/shared/output srchost=local destdir=output desthost=localhost provider=file
2017-02-17 11:47:16,078-0200 INFO  LateBindingScheduler jobs queued: 0
2017-02-17 11:47:16,080-0200 INFO  swift END jobid=simulate-s3uhg34n-0 - Staging out finished
2017-02-17 11:47:16,081-0200 INFO  LateBindingScheduler jobs queued: 0
2017-02-17 11:47:16,081-0200 DEBUG swift JOB_END jobid=simulate-s3uhg34n-0
2017-02-17 11:47:16,082-0200 INFO  swift END_SUCCESS jobid=simulate-s3uhg34n tr=simulate
2017-02-17 11:47:16,082-0200 DEBUG swift PROCEDURE_END line=3 thread=2-0-7-4-11-2-18-1 name=simulation
2017-02-17 11:47:16,098-0200 DEBUG swift FOREACH_IT_END line=20 thread=2-0-7-4-28-7
2017-02-17 11:47:16,098-0200 DEBUG swift FOREACH_IT_END line=20 thread=2-0-7-4-11-2
2017-02-17 11:47:16,099-0200 DEBUG swift JOB_INIT jobid=stats-74uhg34n tr=stats
2017-02-17 11:47:16,099-0200 DEBUG swift JOB_SITE_SELECT jobid=stats-74uhg34n-0
2017-02-17 11:47:16,099-0200 DEBUG swift THREAD_ASSOCIATION jobid=stats-74uhg34n-0 host=local thread=2-0-8-5
2017-02-17 11:47:16,102-0200 INFO  swift START jobid=stats-74uhg34n-0 host=local - Initializing directory structure
2017-02-17 11:47:16,102-0200 INFO  swift START path=_concurrent/sims-18-2-0/[10-19] dir=p3-run004/shared - Creating directory structure
2017-02-17 11:47:16,103-0200 INFO  LateBindingScheduler jobs queued: 0
2017-02-17 11:47:16,103-0200 INFO  swift START path=_concurrent/sims-18-2-0 dir=p3-run004/shared - Creating directory structure
2017-02-17 11:47:16,104-0200 INFO  LateBindingScheduler jobs queued: 0
2017-02-17 11:47:16,104-0200 INFO  swift END jobid=stats-74uhg34n-0 - Done initializing directory structure
2017-02-17 11:47:16,105-0200 INFO  swift START jobid=stats-74uhg34n-0 - Staging in files [file://localhost/_concurrent/sims-18-2-0/[8], file://localhost/_concurrent/sims-18-2-0/[7], file://localhost/_concurrent/sims-18-2-0/[10-19]/[12], file://localhost/_concurrent/sims-18-2-0/[5], file://localhost/_concurrent/sims-18-2-0/[10-19]/[11], file://localhost/_concurrent/sims-18-2-0/[3], file://localhost/_concurrent/sims-18-2-0/[10-19]/[13], file://localhost/_concurrent/sims-18-2-0/[4], file://localhost/_concurrent/sims-18-2-0/[9], file://localhost/_concurrent/sims-18-2-0/[10-19]/[14], file://localhost/_concurrent/sims-18-2-0/[10-19]/[10], file://localhost/_concurrent/sims-18-2-0/[6], file://localhost/_concurrent/sims-18-2-0/[10-19]/[15], file://localhost/_concurrent/sims-18-2-0/[10-19]/[16], file://localhost/_concurrent/sims-18-2-0/[10-19]/[18], file://localhost/_concurrent/sims-18-2-0/[10-19]/[17], file://localhost/_concurrent/sims-18-2-0/[2], file://localhost/_concurrent/sims-18-2-0/[0], file://localhost/_concurrent/sims-18-2-0/[10-19]/[19], file://localhost/_concurrent/sims-18-2-0/[1]]
2017-02-17 11:47:16,106-0200 INFO  LateBindingScheduler jobs queued: 5
2017-02-17 11:47:16,106-0200 INFO  LateBindingScheduler jobs queued: 10
2017-02-17 11:47:16,107-0200 INFO  LateBindingScheduler jobs queued: 16
2017-02-17 11:47:16,107-0200 DEBUG swift CDM: file://localhost/_concurrent/sims-18-2-0/[8] : DEFAULT
2017-02-17 11:47:16,107-0200 DEBUG swift FILE_STAGE_IN_START file=[8] srchost=localhost srcdir=_concurrent/sims-18-2-0 srcname=[8] desthost=local destdir=p3-run004/shared/_concurrent/sims-18-2-0 provider=file policy=DEFAULT
2017-02-17 11:47:16,108-0200 DEBUG swift CDM: file://localhost/_concurrent/sims-18-2-0/[10-19]/[12] : DEFAULT
2017-02-17 11:47:16,108-0200 INFO  LateBindingScheduler jobs queued: 12
2017-02-17 11:47:16,108-0200 DEBUG swift FILE_STAGE_IN_START file=[12] srchost=localhost srcdir=_concurrent/sims-18-2-0/[10-19] srcname=[12] desthost=local destdir=p3-run004/shared/_concurrent/sims-18-2-0/[10-19] provider=file policy=DEFAULT
2017-02-17 11:47:16,108-0200 DEBUG swift CDM: file://localhost/_concurrent/sims-18-2-0/[7] : DEFAULT
2017-02-17 11:47:16,108-0200 INFO  LateBindingScheduler jobs queued: 9
2017-02-17 11:47:16,108-0200 DEBUG swift FILE_STAGE_IN_START file=[7] srchost=localhost srcdir=_concurrent/sims-18-2-0 srcname=[7] desthost=local destdir=p3-run004/shared/_concurrent/sims-18-2-0 provider=file policy=DEFAULT
2017-02-17 11:47:16,108-0200 DEBUG swift CDM: file://localhost/_concurrent/sims-18-2-0/[5] : DEFAULT
2017-02-17 11:47:16,108-0200 INFO  LateBindingScheduler jobs queued: 6
2017-02-17 11:47:16,108-0200 DEBUG swift FILE_STAGE_IN_START file=[5] srchost=localhost srcdir=_concurrent/sims-18-2-0 srcname=[5] desthost=local destdir=p3-run004/shared/_concurrent/sims-18-2-0 provider=file policy=DEFAULT
2017-02-17 11:47:16,109-0200 DEBUG swift CDM: file://localhost/_concurrent/sims-18-2-0/[10-19]/[11] : DEFAULT
2017-02-17 11:47:16,109-0200 INFO  LateBindingScheduler jobs queued: 7
2017-02-17 11:47:16,109-0200 DEBUG swift FILE_STAGE_IN_START file=[11] srchost=localhost srcdir=_concurrent/sims-18-2-0/[10-19] srcname=[11] desthost=local destdir=p3-run004/shared/_concurrent/sims-18-2-0/[10-19] provider=file policy=DEFAULT
2017-02-17 11:47:16,109-0200 INFO  LateBindingScheduler jobs queued: 7
2017-02-17 11:47:16,109-0200 DEBUG swift CDM: file://localhost/_concurrent/sims-18-2-0/[3] : DEFAULT
2017-02-17 11:47:16,109-0200 DEBUG swift FILE_STAGE_IN_START file=[3] srchost=localhost srcdir=_concurrent/sims-18-2-0 srcname=[3] desthost=local destdir=p3-run004/shared/_concurrent/sims-18-2-0 provider=file policy=DEFAULT
2017-02-17 11:47:16,109-0200 INFO  LateBindingScheduler jobs queued: 8
2017-02-17 11:47:16,109-0200 INFO  LateBindingScheduler jobs queued: 9
2017-02-17 11:47:16,109-0200 DEBUG swift CDM: file://localhost/_concurrent/sims-18-2-0/[10-19]/[13] : DEFAULT
2017-02-17 11:47:16,110-0200 DEBUG swift FILE_STAGE_IN_START file=[13] srchost=localhost srcdir=_concurrent/sims-18-2-0/[10-19] srcname=[13] desthost=local destdir=p3-run004/shared/_concurrent/sims-18-2-0/[10-19] provider=file policy=DEFAULT
2017-02-17 11:47:16,110-0200 INFO  LateBindingScheduler jobs queued: 10
2017-02-17 11:47:16,110-0200 INFO  LateBindingScheduler jobs queued: 10
2017-02-17 11:47:16,110-0200 DEBUG swift CDM: file://localhost/_concurrent/sims-18-2-0/[4] : DEFAULT
2017-02-17 11:47:16,110-0200 DEBUG swift FILE_STAGE_IN_START file=[4] srchost=localhost srcdir=_concurrent/sims-18-2-0 srcname=[4] desthost=local destdir=p3-run004/shared/_concurrent/sims-18-2-0 provider=file policy=DEFAULT
2017-02-17 11:47:16,110-0200 DEBUG swift CDM: file://localhost/_concurrent/sims-18-2-0/[9] : DEFAULT
2017-02-17 11:47:16,110-0200 DEBUG swift FILE_STAGE_IN_START file=[9] srchost=localhost srcdir=_concurrent/sims-18-2-0 srcname=[9] desthost=local destdir=p3-run004/shared/_concurrent/sims-18-2-0 provider=file policy=DEFAULT
2017-02-17 11:47:16,110-0200 DEBUG swift CDM: file://localhost/_concurrent/sims-18-2-0/[10-19]/[14] : DEFAULT
2017-02-17 11:47:16,111-0200 DEBUG swift FILE_STAGE_IN_START file=[14] srchost=localhost srcdir=_concurrent/sims-18-2-0/[10-19] srcname=[14] desthost=local destdir=p3-run004/shared/_concurrent/sims-18-2-0/[10-19] provider=file policy=DEFAULT
2017-02-17 11:47:16,111-0200 DEBUG swift CDM: file://localhost/_concurrent/sims-18-2-0/[10-19]/[10] : DEFAULT
2017-02-17 11:47:16,111-0200 DEBUG swift FILE_STAGE_IN_START file=[10] srchost=localhost srcdir=_concurrent/sims-18-2-0/[10-19] srcname=[10] desthost=local destdir=p3-run004/shared/_concurrent/sims-18-2-0/[10-19] provider=file policy=DEFAULT
2017-02-17 11:47:16,111-0200 DEBUG swift CDM: file://localhost/_concurrent/sims-18-2-0/[6] : DEFAULT
2017-02-17 11:47:16,111-0200 INFO  LateBindingScheduler jobs queued: 7
2017-02-17 11:47:16,111-0200 DEBUG swift FILE_STAGE_IN_START file=[6] srchost=localhost srcdir=_concurrent/sims-18-2-0 srcname=[6] desthost=local destdir=p3-run004/shared/_concurrent/sims-18-2-0 provider=file policy=DEFAULT
2017-02-17 11:47:16,111-0200 DEBUG swift CDM: file://localhost/_concurrent/sims-18-2-0/[10-19]/[15] : DEFAULT
2017-02-17 11:47:16,112-0200 INFO  LateBindingScheduler jobs queued: 8
2017-02-17 11:47:16,112-0200 DEBUG swift FILE_STAGE_IN_START file=[15] srchost=localhost srcdir=_concurrent/sims-18-2-0/[10-19] srcname=[15] desthost=local destdir=p3-run004/shared/_concurrent/sims-18-2-0/[10-19] provider=file policy=DEFAULT
2017-02-17 11:47:16,112-0200 DEBUG swift CDM: file://localhost/_concurrent/sims-18-2-0/[10-19]/[16] : DEFAULT
2017-02-17 11:47:16,112-0200 INFO  LateBindingScheduler jobs queued: 9
2017-02-17 11:47:16,112-0200 DEBUG swift FILE_STAGE_IN_START file=[16] srchost=localhost srcdir=_concurrent/sims-18-2-0/[10-19] srcname=[16] desthost=local destdir=p3-run004/shared/_concurrent/sims-18-2-0/[10-19] provider=file policy=DEFAULT
2017-02-17 11:47:16,112-0200 DEBUG swift CDM: file://localhost/_concurrent/sims-18-2-0/[10-19]/[17] : DEFAULT
2017-02-17 11:47:16,112-0200 DEBUG swift FILE_STAGE_IN_START file=[17] srchost=localhost srcdir=_concurrent/sims-18-2-0/[10-19] srcname=[17] desthost=local destdir=p3-run004/shared/_concurrent/sims-18-2-0/[10-19] provider=file policy=DEFAULT
2017-02-17 11:47:16,112-0200 INFO  LateBindingScheduler jobs queued: 10
2017-02-17 11:47:16,112-0200 DEBUG swift CDM: file://localhost/_concurrent/sims-18-2-0/[2] : DEFAULT
2017-02-17 11:47:16,113-0200 DEBUG swift FILE_STAGE_IN_START file=[2] srchost=localhost srcdir=_concurrent/sims-18-2-0 srcname=[2] desthost=local destdir=p3-run004/shared/_concurrent/sims-18-2-0 provider=file policy=DEFAULT
2017-02-17 11:47:16,113-0200 INFO  LateBindingScheduler jobs queued: 12
2017-02-17 11:47:16,113-0200 DEBUG swift CDM: file://localhost/_concurrent/sims-18-2-0/[0] : DEFAULT
2017-02-17 11:47:16,113-0200 DEBUG swift FILE_STAGE_IN_START file=[0] srchost=localhost srcdir=_concurrent/sims-18-2-0 srcname=[0] desthost=local destdir=p3-run004/shared/_concurrent/sims-18-2-0 provider=file policy=DEFAULT
2017-02-17 11:47:16,113-0200 INFO  LateBindingScheduler jobs queued: 13
2017-02-17 11:47:16,113-0200 DEBUG swift CDM: file://localhost/_concurrent/sims-18-2-0/[10-19]/[19] : DEFAULT
2017-02-17 11:47:16,113-0200 DEBUG swift FILE_STAGE_IN_START file=[19] srchost=localhost srcdir=_concurrent/sims-18-2-0/[10-19] srcname=[19] desthost=local destdir=p3-run004/shared/_concurrent/sims-18-2-0/[10-19] provider=file policy=DEFAULT
2017-02-17 11:47:16,113-0200 INFO  LateBindingScheduler jobs queued: 14
2017-02-17 11:47:16,114-0200 DEBUG swift CDM: file://localhost/_concurrent/sims-18-2-0/[1] : DEFAULT
2017-02-17 11:47:16,114-0200 DEBUG swift FILE_STAGE_IN_START file=[1] srchost=localhost srcdir=_concurrent/sims-18-2-0 srcname=[1] desthost=local destdir=p3-run004/shared/_concurrent/sims-18-2-0 provider=file policy=DEFAULT
2017-02-17 11:47:16,115-0200 INFO  LateBindingScheduler jobs queued: 15
2017-02-17 11:47:16,115-0200 DEBUG swift CDM: file://localhost/_concurrent/sims-18-2-0/[10-19]/[18] : DEFAULT
2017-02-17 11:47:16,115-0200 DEBUG swift FILE_STAGE_IN_START file=[18] srchost=localhost srcdir=_concurrent/sims-18-2-0/[10-19] srcname=[18] desthost=local destdir=p3-run004/shared/_concurrent/sims-18-2-0/[10-19] provider=file policy=DEFAULT
2017-02-17 11:47:16,120-0200 INFO  LateBindingScheduler jobs queued: 16
2017-02-17 11:47:16,120-0200 INFO  LateBindingScheduler jobs queued: 16
2017-02-17 11:47:16,122-0200 INFO  LateBindingScheduler jobs queued: 15
2017-02-17 11:47:16,123-0200 DEBUG swift FILE_STAGE_IN_END file=[8] srchost=localhost srcdir=_concurrent/sims-18-2-0 srcname=[8] desthost=local destdir=p3-run004/shared/_concurrent/sims-18-2-0 provider=file
2017-02-17 11:47:16,122-0200 DEBUG swift FILE_STAGE_IN_END file=[7] srchost=localhost srcdir=_concurrent/sims-18-2-0 srcname=[7] desthost=local destdir=p3-run004/shared/_concurrent/sims-18-2-0 provider=file
2017-02-17 11:47:16,122-0200 INFO  LateBindingScheduler jobs queued: 15
2017-02-17 11:47:16,124-0200 INFO  LateBindingScheduler jobs queued: 13
2017-02-17 11:47:16,123-0200 INFO  LateBindingScheduler jobs queued: 13
2017-02-17 11:47:16,126-0200 INFO  LateBindingScheduler jobs queued: 11
2017-02-17 11:47:16,124-0200 DEBUG swift FILE_STAGE_IN_END file=[5] srchost=localhost srcdir=_concurrent/sims-18-2-0 srcname=[5] desthost=local destdir=p3-run004/shared/_concurrent/sims-18-2-0 provider=file
2017-02-17 11:47:16,126-0200 DEBUG swift FILE_STAGE_IN_END file=[3] srchost=localhost srcdir=_concurrent/sims-18-2-0 srcname=[3] desthost=local destdir=p3-run004/shared/_concurrent/sims-18-2-0 provider=file
2017-02-17 11:47:16,126-0200 DEBUG swift FILE_STAGE_IN_END file=[12] srchost=localhost srcdir=_concurrent/sims-18-2-0/[10-19] srcname=[12] desthost=local destdir=p3-run004/shared/_concurrent/sims-18-2-0/[10-19] provider=file
2017-02-17 11:47:16,127-0200 DEBUG swift FILE_STAGE_IN_END file=[13] srchost=localhost srcdir=_concurrent/sims-18-2-0/[10-19] srcname=[13] desthost=local destdir=p3-run004/shared/_concurrent/sims-18-2-0/[10-19] provider=file
2017-02-17 11:47:16,127-0200 INFO  LateBindingScheduler jobs queued: 9
2017-02-17 11:47:16,128-0200 DEBUG swift FILE_STAGE_IN_END file=[11] srchost=localhost srcdir=_concurrent/sims-18-2-0/[10-19] srcname=[11] desthost=local destdir=p3-run004/shared/_concurrent/sims-18-2-0/[10-19] provider=file
2017-02-17 11:47:16,128-0200 INFO  LateBindingScheduler jobs queued: 9
2017-02-17 11:47:16,129-0200 DEBUG swift FILE_STAGE_IN_END file=[4] srchost=localhost srcdir=_concurrent/sims-18-2-0 srcname=[4] desthost=local destdir=p3-run004/shared/_concurrent/sims-18-2-0 provider=file
2017-02-17 11:47:16,131-0200 DEBUG swift FILE_STAGE_IN_END file=[9] srchost=localhost srcdir=_concurrent/sims-18-2-0 srcname=[9] desthost=local destdir=p3-run004/shared/_concurrent/sims-18-2-0 provider=file
2017-02-17 11:47:16,132-0200 INFO  LateBindingScheduler jobs queued: 7
2017-02-17 11:47:16,133-0200 INFO  LateBindingScheduler jobs queued: 6
2017-02-17 11:47:16,134-0200 DEBUG swift FILE_STAGE_IN_END file=[10] srchost=localhost srcdir=_concurrent/sims-18-2-0/[10-19] srcname=[10] desthost=local destdir=p3-run004/shared/_concurrent/sims-18-2-0/[10-19] provider=file
2017-02-17 11:47:16,135-0200 DEBUG swift FILE_STAGE_IN_END file=[14] srchost=localhost srcdir=_concurrent/sims-18-2-0/[10-19] srcname=[14] desthost=local destdir=p3-run004/shared/_concurrent/sims-18-2-0/[10-19] provider=file
2017-02-17 11:47:16,136-0200 INFO  LateBindingScheduler jobs queued: 5
2017-02-17 11:47:16,137-0200 INFO  LateBindingScheduler jobs queued: 5
2017-02-17 11:47:16,136-0200 INFO  LateBindingScheduler jobs queued: 5
2017-02-17 11:47:16,137-0200 INFO  LateBindingScheduler jobs queued: 5
2017-02-17 11:47:16,138-0200 DEBUG swift FILE_STAGE_IN_END file=[6] srchost=localhost srcdir=_concurrent/sims-18-2-0 srcname=[6] desthost=local destdir=p3-run004/shared/_concurrent/sims-18-2-0 provider=file
2017-02-17 11:47:16,137-0200 DEBUG swift FILE_STAGE_IN_END file=[15] srchost=localhost srcdir=_concurrent/sims-18-2-0/[10-19] srcname=[15] desthost=local destdir=p3-run004/shared/_concurrent/sims-18-2-0/[10-19] provider=file
2017-02-17 11:47:16,138-0200 DEBUG swift FILE_STAGE_IN_END file=[16] srchost=localhost srcdir=_concurrent/sims-18-2-0/[10-19] srcname=[16] desthost=local destdir=p3-run004/shared/_concurrent/sims-18-2-0/[10-19] provider=file
2017-02-17 11:47:16,140-0200 INFO  LateBindingScheduler jobs queued: 1
2017-02-17 11:47:16,140-0200 DEBUG swift FILE_STAGE_IN_END file=[17] srchost=localhost srcdir=_concurrent/sims-18-2-0/[10-19] srcname=[17] desthost=local destdir=p3-run004/shared/_concurrent/sims-18-2-0/[10-19] provider=file
2017-02-17 11:47:16,147-0200 INFO  LateBindingScheduler jobs queued: 0
2017-02-17 11:47:16,147-0200 INFO  LateBindingScheduler jobs queued: 0
2017-02-17 11:47:16,152-0200 DEBUG swift FILE_STAGE_IN_END file=[0] srchost=localhost srcdir=_concurrent/sims-18-2-0 srcname=[0] desthost=local destdir=p3-run004/shared/_concurrent/sims-18-2-0 provider=file
2017-02-17 11:47:16,147-0200 DEBUG swift FILE_STAGE_IN_END file=[2] srchost=localhost srcdir=_concurrent/sims-18-2-0 srcname=[2] desthost=local destdir=p3-run004/shared/_concurrent/sims-18-2-0 provider=file
2017-02-17 11:47:16,152-0200 INFO  LateBindingScheduler jobs queued: 0
2017-02-17 11:47:16,153-0200 INFO  LateBindingScheduler jobs queued: 0
2017-02-17 11:47:16,154-0200 DEBUG swift FILE_STAGE_IN_END file=[19] srchost=localhost srcdir=_concurrent/sims-18-2-0/[10-19] srcname=[19] desthost=local destdir=p3-run004/shared/_concurrent/sims-18-2-0/[10-19] provider=file
2017-02-17 11:47:16,154-0200 DEBUG swift FILE_STAGE_IN_END file=[1] srchost=localhost srcdir=_concurrent/sims-18-2-0 srcname=[1] desthost=local destdir=p3-run004/shared/_concurrent/sims-18-2-0 provider=file
2017-02-17 11:47:16,155-0200 DEBUG swift FILE_STAGE_IN_END file=[18] srchost=localhost srcdir=_concurrent/sims-18-2-0/[10-19] srcname=[18] desthost=local destdir=p3-run004/shared/_concurrent/sims-18-2-0/[10-19] provider=file
2017-02-17 11:47:16,155-0200 INFO  swift END jobid=stats-74uhg34n-0 - Staging in finished
2017-02-17 11:47:16,156-0200 DEBUG swift JOB_START jobid=stats-74uhg34n-0 tr=stats arguments=[_concurrent/sims-18-2-0/[0] _concurrent/sims-18-2-0/[1] _concurrent/sims-18-2-0/[2] _concurrent/sims-18-2-0/[3] _concurrent/sims-18-2-0/[4] _concurrent/sims-18-2-0/[5] _concurrent/sims-18-2-0/[6] _concurrent/sims-18-2-0/[7] _concurrent/sims-18-2-0/[8] _concurrent/sims-18-2-0/[9] _concurrent/sims-18-2-0/[10-19]/[10] _concurrent/sims-18-2-0/[10-19]/[11] _concurrent/sims-18-2-0/[10-19]/[12] _concurrent/sims-18-2-0/[10-19]/[13] _concurrent/sims-18-2-0/[10-19]/[14] _concurrent/sims-18-2-0/[10-19]/[15] _concurrent/sims-18-2-0/[10-19]/[16] _concurrent/sims-18-2-0/[10-19]/[17] _concurrent/sims-18-2-0/[10-19]/[18] _concurrent/sims-18-2-0/[10-19]/[19]] tmpdir=p3-run004/jobs/s/stats-74uhg34n-0
2017-02-17 11:47:16,157-0200 INFO  Execute JOB_TASK jobid=stats-74uhg34n-0 taskid=task-8 exec=/bin/bash dir=p3-run004 args=shared/_swiftwrap stats-74uhg34n-0 -jobdir s -scratch  -e stats -out output/average.out -err stderr.txt -i -d _concurrent/sims-18-2-0/[10-19]|_concurrent/sims-18-2-0|output -if _concurrent/sims-18-2-0/[8]|_concurrent/sims-18-2-0/[7]|_concurrent/sims-18-2-0/[10-19]/[12]|_concurrent/sims-18-2-0/[5]|_concurrent/sims-18-2-0/[10-19]/[11]|_concurrent/sims-18-2-0/[3]|_concurrent/sims-18-2-0/[10-19]/[13]|_concurrent/sims-18-2-0/[4]|_concurrent/sims-18-2-0/[9]|_concurrent/sims-18-2-0/[10-19]/[14]|_concurrent/sims-18-2-0/[10-19]/[10]|_concurrent/sims-18-2-0/[6]|_concurrent/sims-18-2-0/[10-19]/[15]|_concurrent/sims-18-2-0/[10-19]/[16]|_concurrent/sims-18-2-0/[10-19]/[18]|_concurrent/sims-18-2-0/[10-19]/[17]|_concurrent/sims-18-2-0/[2]|_concurrent/sims-18-2-0/[0]|_concurrent/sims-18-2-0/[10-19]/[19]|_concurrent/sims-18-2-0/[1] -of output/average.out -cf  -cdmfile -status files -a _concurrent/sims-18-2-0/[0] _concurrent/sims-18-2-0/[1] _concurrent/sims-18-2-0/[2] _concurrent/sims-18-2-0/[3] _concurrent/sims-18-2-0/[4] _concurrent/sims-18-2-0/[5] _concurrent/sims-18-2-0/[6] _concurrent/sims-18-2-0/[7] _concurrent/sims-18-2-0/[8] _concurrent/sims-18-2-0/[9] _concurrent/sims-18-2-0/[10-19]/[10] _concurrent/sims-18-2-0/[10-19]/[11] _concurrent/sims-18-2-0/[10-19]/[12] _concurrent/sims-18-2-0/[10-19]/[13] _concurrent/sims-18-2-0/[10-19]/[14] _concurrent/sims-18-2-0/[10-19]/[15] _concurrent/sims-18-2-0/[10-19]/[16] _concurrent/sims-18-2-0/[10-19]/[17] _concurrent/sims-18-2-0/[10-19]/[18] _concurrent/sims-18-2-0/[10-19]/[19]
2017-02-17 11:47:16,157-0200 INFO  Execute TASK_STATUS_CHANGE taskid=task-8 status=8
2017-02-17 11:47:16,158-0200 INFO  Execute TASK_STATUS_CHANGE taskid=task-8 status=1
2017-02-17 11:47:16,158-0200 INFO  Execute TASK_STATUS_CHANGE taskid=task-8 status=2
2017-02-17 11:47:16,259-0200 INFO  LateBindingScheduler jobs queued: 0
2017-02-17 11:47:16,259-0200 INFO  Execute TASK_STATUS_CHANGE taskid=task-8 status=7
2017-02-17 11:47:16,260-0200 DEBUG swift START jobid=stats-74uhg34n-0
2017-02-17 11:47:16,260-0200 INFO  LateBindingScheduler jobs queued: 0
2017-02-17 11:47:16,260-0200 INFO  swift SUCCESS jobid=stats-74uhg34n-0 - Success file found
2017-02-17 11:47:16,260-0200 DEBUG swift STAGING_OUT jobid=stats-74uhg34n-0
2017-02-17 11:47:16,260-0200 INFO  swift START jobid=stats-74uhg34n-0 - Staging out files
2017-02-17 11:47:16,261-0200 DEBUG swift stageouts: [file://localhost/output/average.out]
2017-02-17 11:47:16,261-0200 DEBUG swift FILE_STAGE_OUT_START srcname=average.out srcdir=p3-run004/shared/output srchost=local destdir=output desthost=localhost provider=file jobid=stats-74uhg34n-0
2017-02-17 11:47:16,261-0200 INFO  LateBindingScheduler jobs queued: 0
2017-02-17 11:47:16,261-0200 DEBUG swift CDM: file://localhost/output/average.out : DEFAULT
2017-02-17 11:47:16,262-0200 INFO  LateBindingScheduler jobs queued: 0
2017-02-17 11:47:16,263-0200 DEBUG swift FILE_STAGE_OUT_END srcname=average.out srcdir=p3-run004/shared/output srchost=local destdir=output desthost=localhost provider=file
2017-02-17 11:47:16,263-0200 INFO  LateBindingScheduler jobs queued: 0
2017-02-17 11:47:16,264-0200 INFO  swift END jobid=stats-74uhg34n-0 - Staging out finished
2017-02-17 11:47:16,265-0200 INFO  LateBindingScheduler jobs queued: 0
2017-02-17 11:47:16,266-0200 DEBUG swift JOB_END jobid=stats-74uhg34n-0
2017-02-17 11:47:16,267-0200 INFO  swift END_SUCCESS jobid=stats-74uhg34n tr=stats
2017-02-17 11:47:16,267-0200 DEBUG swift PROCEDURE_END line=8 thread=2-0-8-5 name=analyze
2017-02-17 11:47:16,267-0200 INFO  RuntimeStats$ProgressTicker HeapMax: 954728448, CrtHeap: 121110528, UsedHeap: 15731432, JVMThreads: 39
2017-02-17 11:47:16,267-0200 INFO  RuntimeStats$ProgressTicker   Finished successfully:21
2017-02-17 11:47:16,274-0200 DEBUG swift Starting cleanups
2017-02-17 11:47:16,274-0200 INFO  swift START cleanups=[[p3-run004, local]]
2017-02-17 11:47:16,275-0200 INFO  swift START dir=p3-run004 host=local
2017-02-17 11:47:16,275-0200 DEBUG swift cdmfile 
2017-02-17 11:47:16,275-0200 INFO  LateBindingScheduler jobs queued: 0
2017-02-17 11:47:16,275-0200 INFO  swift END dir=p3-run004 host=local
2017-02-17 11:47:16,276-0200 INFO  swift END cleanups=[[p3-run004, local]]
2017-02-17 11:47:16,276-0200 DEBUG swift Ending cleanups
2017-02-17 11:47:16,279-0200 INFO  Loader Swift finished with no errors
