2017-02-17 09:27:38,162-0200 INFO  Loader JAVA Oracle Corporation Java HotSpot(TM) 64-Bit Server VM 1.7.0_80
2017-02-17 09:27:38,165-0200 INFO  Loader VERSION Swift trunk git-rev: 18aec82244c5611381528bc361888c553570c66e heads/master 6574
2017-02-17 09:27:38,165-0200 INFO  Loader RUN_ID run002
2017-02-17 09:27:38,165-0200 INFO  Loader ARGUMENTS [-runid, run002, -logfile, /home/mondelli/Dropbox/Docker/swift_verao/uteis/tutorial/part04/run002/swift.log, p4.swift]
2017-02-17 09:27:38,165-0200 INFO  Loader MAX_HEAP 954728448
2017-02-17 09:27:38,165-0200 INFO  Loader GLOBUS_HOSTNAME mondelli-520U4C
2017-02-17 09:27:38,165-0200 INFO  Loader CWD /home/mondelli/Dropbox/Docker/swift_verao/uteis/tutorial/part04/.
2017-02-17 09:27:38,167-0200 DEBUG Loader SWIFT_CONFIGURATION 
[D] /home/mondelli/swift-k/dist/swift-svn/etc/swift.conf
[C] <Command Line>
{
	TCPPortRange: "50000, 50100"                               # [D] line 27
	alwaysTransferWrapperLog: true                             # [D] line 61
	executionRetries: 0                                        # [D] line 137
	fileOperationsThrottle: 8                                  # [D] line 121
	fileTransfersThrottle: 4                                   # [D] line 107
	hostJobSubmitThrottle: 2                                   # [D] line 95
	jobSubmitThrottle: 4                                       # [D] line 83
	keepSiteDir: false                                         # [D] line 131
	lazyErrors: true                                           # [D] line 41
	logProvenance: false                                       # [D] line 200
	maxForeachThreads: 16384                                   # [D] line 194
	replicationEnabled: false                                  # [D] line 146
	replicationLimit: 3                                        # [D] line 157
	replicationMinQueueTime: 60                                # [D] line 153
	site.local {
		app.ALL.executable: "*"                                   # [D] line 235
		execution.type: "local"                                   # [D] line 223
		filesystem.type: "local"                                  # [D] line 226
		initialParallelTasks: 8                                   # [D] line 230
		maxParallelTasks: 16                                      # [D] line 229
		workDirectory: "swiftwork"                                # [D] line 232
	}
	sites: [local]                                             # [D] line 239
	tracingEnabled: false                                      # [D] line 51
}

2017-02-17 09:27:38,168-0200 DEBUG textfiles BEGIN SWIFTSCRIPT:
type file;

app (file out, file log) simulation (int sim_steps, int sim_range, int sim_values)
{
  simulate "--timesteps" sim_steps "--range" sim_range "--nvalues" sim_values stdout=@out stderr=@log;
}

app (file out, file log) analyze (file s[])
{
  stats filenames(s) stdout=@out stderr=@log;
}

int nsim   = toInt(arg("nsim",   "10"));
int steps  = toInt(arg("steps",  "1"));
int range  = toInt(arg("range",  "100"));
int values = toInt(arg("values", "5"));

file sims[];

foreach i in [0:nsim-1] {
  file simout <single_file_mapper; file=strcat("output/sim_",i,".out")>;
  file simlog <single_file_mapper; file=strcat("output/sim_",i,".log")>;
  (simout,simlog) = simulation(steps,range,values);
  sims[i] = simout;
}

file stats_out<"output/average.out">;
file stats_log<"output/average.log">;
(stats_out, stats_log) = analyze(sims);


2017-02-17 09:27:38,168-0200 DEBUG textfiles END SWIFTSCRIPT:
2017-02-17 09:27:38,168-0200 DEBUG Loader kmlversion is >9f6c1ed4-f975-4fb5-9fcf-7994f9fda617-no-provenance<
2017-02-17 09:27:38,168-0200 DEBUG Loader build version is >9f6c1ed4-f975-4fb5-9fcf-7994f9fda617-no-provenance<
2017-02-17 09:27:38,168-0200 DEBUG Loader Recompilation suppressed.
2017-02-17 09:27:39,097-0200 INFO  Loader RUN_START
2017-02-17 09:27:39,102-0200 INFO  SwiftExecutor swift.home = /home/mondelli/swift-k/dist/swift-svn
2017-02-17 09:27:39,143-0200 INFO  AbstractScheduler Setting resources to: {local=local}
2017-02-17 09:27:39,153-0200 INFO  GlobalSubmitQueue No global submit throttle set. Using default (1024)
2017-02-17 09:27:39,171-0200 INFO  LateBindingScheduler jobs queued: 0
2017-02-17 09:27:39,173-0200 INFO  LateBindingScheduler jobs queued: 0
2017-02-17 09:27:39,174-0200 INFO  LateBindingScheduler jobs queued: 0
2017-02-17 09:27:39,211-0200 INFO  RuntimeStats$ProgressTicker HeapMax: 954728448, CrtHeap: 121110528, UsedHeap: 28440552, JVMThreads: 16
2017-02-17 09:27:39,212-0200 INFO  RuntimeStats$ProgressTicker 
2017-02-17 09:27:39,215-0200 DEBUG swift PROCEDURE line=8 thread=2-0-8-5 name=analyze
2017-02-17 09:27:39,224-0200 DEBUG swift FOREACH_IT_START line=20 thread=2-0-7-4-9-0
2017-02-17 09:27:39,224-0200 DEBUG swift SCOPE thread=2-0-7-4-9-0
2017-02-17 09:27:39,224-0200 DEBUG swift FOREACH_IT_START line=20 thread=2-0-7-4-10-1
2017-02-17 09:27:39,224-0200 DEBUG swift SCOPE thread=2-0-7-4-10-1
2017-02-17 09:27:39,224-0200 DEBUG swift FOREACH_IT_START line=20 thread=2-0-7-4-11-2
2017-02-17 09:27:39,225-0200 DEBUG swift SCOPE thread=2-0-7-4-11-2
2017-02-17 09:27:39,225-0200 DEBUG swift FOREACH_IT_START line=20 thread=2-0-7-4-12-3
2017-02-17 09:27:39,225-0200 DEBUG swift FOREACH_IT_START line=20 thread=2-0-7-4-13-4
2017-02-17 09:27:39,225-0200 DEBUG swift SCOPE thread=2-0-7-4-12-3
2017-02-17 09:27:39,225-0200 DEBUG swift SCOPE thread=2-0-7-4-13-4
2017-02-17 09:27:39,225-0200 DEBUG swift FOREACH_IT_START line=20 thread=2-0-7-4-14-5
2017-02-17 09:27:39,225-0200 DEBUG swift SCOPE thread=2-0-7-4-14-5
2017-02-17 09:27:39,225-0200 DEBUG swift FOREACH_IT_START line=20 thread=2-0-7-4-15-6
2017-02-17 09:27:39,229-0200 DEBUG swift SCOPE thread=2-0-7-4-15-6
2017-02-17 09:27:39,230-0200 DEBUG swift PROCEDURE line=3 thread=2-0-7-4-13-4-37-2 name=simulation
2017-02-17 09:27:39,229-0200 DEBUG swift PROCEDURE line=3 thread=2-0-7-4-12-3-33-2 name=simulation
2017-02-17 09:27:39,228-0200 DEBUG swift PROCEDURE line=3 thread=2-0-7-4-11-2-29-2 name=simulation
2017-02-17 09:27:39,228-0200 DEBUG swift PROCEDURE line=3 thread=2-0-7-4-10-1-25-2 name=simulation
2017-02-17 09:27:39,226-0200 DEBUG swift PROCEDURE line=3 thread=2-0-7-4-9-0-21-2 name=simulation
2017-02-17 09:27:39,225-0200 DEBUG swift FOREACH_IT_START line=20 thread=2-0-7-4-17-8
2017-02-17 09:27:39,225-0200 DEBUG swift FOREACH_IT_START line=20 thread=2-0-7-4-18-9
2017-02-17 09:27:39,231-0200 DEBUG swift SCOPE thread=2-0-7-4-18-9
2017-02-17 09:27:39,232-0200 DEBUG swift PROCEDURE line=3 thread=2-0-7-4-14-5-41-2 name=simulation
2017-02-17 09:27:39,233-0200 DEBUG swift JOB_INIT jobid=simulate-fsjxa34n tr=simulate
2017-02-17 09:27:39,233-0200 DEBUG swift JOB_INIT jobid=simulate-gsjxa34n tr=simulate
2017-02-17 09:27:39,233-0200 DEBUG swift JOB_SITE_SELECT jobid=simulate-fsjxa34n-0
2017-02-17 09:27:39,233-0200 DEBUG swift JOB_INIT jobid=simulate-isjxa34n tr=simulate
2017-02-17 09:27:39,233-0200 DEBUG swift SCOPE thread=2-0-7-4-17-8
2017-02-17 09:27:39,234-0200 DEBUG swift JOB_SITE_SELECT jobid=simulate-isjxa34n-0
2017-02-17 09:27:39,234-0200 DEBUG swift PROCEDURE line=3 thread=2-0-7-4-15-6-45-2 name=simulation
2017-02-17 09:27:39,235-0200 DEBUG swift JOB_INIT jobid=simulate-jsjxa34n tr=simulate
2017-02-17 09:27:39,235-0200 DEBUG swift JOB_SITE_SELECT jobid=simulate-jsjxa34n-0
2017-02-17 09:27:39,235-0200 DEBUG swift JOB_INIT jobid=simulate-ksjxa34n tr=simulate
2017-02-17 09:27:39,235-0200 DEBUG swift JOB_SITE_SELECT jobid=simulate-ksjxa34n-0
2017-02-17 09:27:39,236-0200 DEBUG swift JOB_INIT jobid=simulate-lsjxa34n tr=simulate
2017-02-17 09:27:39,236-0200 DEBUG swift JOB_SITE_SELECT jobid=simulate-lsjxa34n-0
2017-02-17 09:27:39,225-0200 DEBUG swift FOREACH_IT_START line=20 thread=2-0-7-4-16-7
2017-02-17 09:27:39,233-0200 DEBUG swift JOB_INIT jobid=simulate-hsjxa34n tr=simulate
2017-02-17 09:27:39,236-0200 DEBUG swift JOB_SITE_SELECT jobid=simulate-hsjxa34n-0
2017-02-17 09:27:39,233-0200 DEBUG swift JOB_SITE_SELECT jobid=simulate-gsjxa34n-0
2017-02-17 09:27:39,236-0200 DEBUG swift SCOPE thread=2-0-7-4-16-7
2017-02-17 09:27:39,237-0200 DEBUG swift PROCEDURE line=3 thread=2-0-7-4-18-9-49-2 name=simulation
2017-02-17 09:27:39,237-0200 DEBUG swift JOB_INIT jobid=simulate-msjxa34n tr=simulate
2017-02-17 09:27:39,237-0200 DEBUG swift JOB_SITE_SELECT jobid=simulate-msjxa34n-0
2017-02-17 09:27:39,241-0200 DEBUG swift PROCEDURE line=3 thread=2-0-7-4-17-8-53-2 name=simulation
2017-02-17 09:27:39,241-0200 DEBUG swift JOB_INIT jobid=simulate-nsjxa34n tr=simulate
2017-02-17 09:27:39,241-0200 DEBUG swift JOB_SITE_SELECT jobid=simulate-nsjxa34n-0
2017-02-17 09:27:39,241-0200 DEBUG swift PROCEDURE line=3 thread=2-0-7-4-16-7-57-2 name=simulation
2017-02-17 09:27:39,241-0200 DEBUG swift JOB_INIT jobid=simulate-osjxa34n tr=simulate
2017-02-17 09:27:39,242-0200 DEBUG swift JOB_SITE_SELECT jobid=simulate-osjxa34n-0
2017-02-17 09:27:39,242-0200 DEBUG swift THREAD_ASSOCIATION jobid=simulate-jsjxa34n-0 host=local thread=2-0-7-4-15-6-45-2
2017-02-17 09:27:39,243-0200 INFO  swift START host=local - Initializing shared directory
2017-02-17 09:27:39,243-0200 DEBUG swift THREAD_ASSOCIATION jobid=simulate-hsjxa34n-0 host=local thread=2-0-7-4-10-1-25-2
2017-02-17 09:27:39,243-0200 DEBUG swift THREAD_ASSOCIATION jobid=simulate-nsjxa34n-0 host=local thread=2-0-7-4-17-8-53-2
2017-02-17 09:27:39,243-0200 DEBUG swift THREAD_ASSOCIATION jobid=simulate-isjxa34n-0 host=local thread=2-0-7-4-9-0-21-2
2017-02-17 09:27:39,244-0200 DEBUG swift THREAD_ASSOCIATION jobid=simulate-osjxa34n-0 host=local thread=2-0-7-4-16-7-57-2
2017-02-17 09:27:39,245-0200 DEBUG swift THREAD_ASSOCIATION jobid=simulate-lsjxa34n-0 host=local thread=2-0-7-4-12-3-33-2
2017-02-17 09:27:39,246-0200 DEBUG swift THREAD_ASSOCIATION jobid=simulate-msjxa34n-0 host=local thread=2-0-7-4-18-9-49-2
2017-02-17 09:27:39,246-0200 DEBUG swift THREAD_ASSOCIATION jobid=simulate-ksjxa34n-0 host=local thread=2-0-7-4-11-2-29-2
2017-02-17 09:27:39,246-0200 INFO  LateBindingScheduler jobs queued: 2
2017-02-17 09:27:39,254-0200 DEBUG swift THREAD_ASSOCIATION jobid=simulate-gsjxa34n-0 host=local thread=2-0-7-4-14-5-41-2
2017-02-17 09:27:39,260-0200 INFO  LateBindingScheduler jobs queued: 1
2017-02-17 09:27:39,261-0200 INFO  LateBindingScheduler jobs queued: 1
2017-02-17 09:27:39,262-0200 INFO  LateBindingScheduler jobs queued: 1
2017-02-17 09:27:39,263-0200 INFO  swift END host=local - Done initializing shared directory
2017-02-17 09:27:39,265-0200 INFO  swift START jobid=simulate-nsjxa34n-0 host=local - Initializing directory structure
2017-02-17 09:27:39,265-0200 INFO  swift START path=output dir=p4-run002/shared - Creating directory structure
2017-02-17 09:27:39,266-0200 INFO  swift START jobid=simulate-msjxa34n-0 host=local - Initializing directory structure
2017-02-17 09:27:39,266-0200 INFO  swift START jobid=simulate-gsjxa34n-0 host=local - Initializing directory structure
2017-02-17 09:27:39,267-0200 INFO  swift START jobid=simulate-isjxa34n-0 host=local - Initializing directory structure
2017-02-17 09:27:39,268-0200 INFO  swift START jobid=simulate-lsjxa34n-0 host=local - Initializing directory structure
2017-02-17 09:27:39,265-0200 INFO  swift START jobid=simulate-jsjxa34n-0 host=local - Initializing directory structure
2017-02-17 09:27:39,271-0200 INFO  swift START jobid=simulate-osjxa34n-0 host=local - Initializing directory structure
2017-02-17 09:27:39,272-0200 INFO  swift START jobid=simulate-hsjxa34n-0 host=local - Initializing directory structure
2017-02-17 09:27:39,267-0200 INFO  swift START jobid=simulate-ksjxa34n-0 host=local - Initializing directory structure
2017-02-17 09:27:39,275-0200 INFO  LateBindingScheduler jobs queued: 1
2017-02-17 09:27:39,277-0200 INFO  swift END jobid=simulate-nsjxa34n-0 - Done initializing directory structure
2017-02-17 09:27:39,277-0200 INFO  swift START jobid=simulate-nsjxa34n-0 - Staging in files []
2017-02-17 09:27:39,277-0200 INFO  swift END jobid=simulate-msjxa34n-0 - Done initializing directory structure
2017-02-17 09:27:39,277-0200 INFO  swift START jobid=simulate-msjxa34n-0 - Staging in files []
2017-02-17 09:27:39,277-0200 INFO  swift END jobid=simulate-isjxa34n-0 - Done initializing directory structure
2017-02-17 09:27:39,277-0200 INFO  swift END jobid=simulate-msjxa34n-0 - Staging in finished
2017-02-17 09:27:39,277-0200 INFO  swift END jobid=simulate-nsjxa34n-0 - Staging in finished
2017-02-17 09:27:39,277-0200 INFO  swift START jobid=simulate-isjxa34n-0 - Staging in files []
2017-02-17 09:27:39,277-0200 DEBUG swift JOB_START jobid=simulate-msjxa34n-0 tr=simulate arguments=[--timesteps, 1, --range, 100, --nvalues, 5] tmpdir=p4-run002/jobs/s/simulate-msjxa34n-0
2017-02-17 09:27:39,277-0200 DEBUG swift JOB_START jobid=simulate-nsjxa34n-0 tr=simulate arguments=[--timesteps, 1, --range, 100, --nvalues, 5] tmpdir=p4-run002/jobs/s/simulate-nsjxa34n-0
2017-02-17 09:27:39,277-0200 INFO  swift END jobid=simulate-isjxa34n-0 - Staging in finished
2017-02-17 09:27:39,277-0200 DEBUG swift JOB_START jobid=simulate-isjxa34n-0 tr=simulate arguments=[--timesteps, 1, --range, 100, --nvalues, 5] tmpdir=p4-run002/jobs/s/simulate-isjxa34n-0
2017-02-17 09:27:39,278-0200 INFO  swift END jobid=simulate-lsjxa34n-0 - Done initializing directory structure
2017-02-17 09:27:39,278-0200 INFO  swift START jobid=simulate-lsjxa34n-0 - Staging in files []
2017-02-17 09:27:39,278-0200 INFO  swift END jobid=simulate-lsjxa34n-0 - Staging in finished
2017-02-17 09:27:39,278-0200 DEBUG swift JOB_START jobid=simulate-lsjxa34n-0 tr=simulate arguments=[--timesteps, 1, --range, 100, --nvalues, 5] tmpdir=p4-run002/jobs/s/simulate-lsjxa34n-0
2017-02-17 09:27:39,279-0200 INFO  swift END jobid=simulate-gsjxa34n-0 - Done initializing directory structure
2017-02-17 09:27:39,279-0200 INFO  swift START jobid=simulate-gsjxa34n-0 - Staging in files []
2017-02-17 09:27:39,279-0200 INFO  swift END jobid=simulate-gsjxa34n-0 - Staging in finished
2017-02-17 09:27:39,279-0200 DEBUG swift JOB_START jobid=simulate-gsjxa34n-0 tr=simulate arguments=[--timesteps, 1, --range, 100, --nvalues, 5] tmpdir=p4-run002/jobs/s/simulate-gsjxa34n-0
2017-02-17 09:27:39,280-0200 INFO  swift END jobid=simulate-jsjxa34n-0 - Done initializing directory structure
2017-02-17 09:27:39,280-0200 INFO  swift END jobid=simulate-osjxa34n-0 - Done initializing directory structure
2017-02-17 09:27:39,280-0200 INFO  swift START jobid=simulate-jsjxa34n-0 - Staging in files []
2017-02-17 09:27:39,280-0200 INFO  swift START jobid=simulate-osjxa34n-0 - Staging in files []
2017-02-17 09:27:39,280-0200 INFO  swift END jobid=simulate-jsjxa34n-0 - Staging in finished
2017-02-17 09:27:39,280-0200 INFO  swift END jobid=simulate-osjxa34n-0 - Staging in finished
2017-02-17 09:27:39,280-0200 DEBUG swift JOB_START jobid=simulate-jsjxa34n-0 tr=simulate arguments=[--timesteps, 1, --range, 100, --nvalues, 5] tmpdir=p4-run002/jobs/s/simulate-jsjxa34n-0
2017-02-17 09:27:39,280-0200 DEBUG swift JOB_START jobid=simulate-osjxa34n-0 tr=simulate arguments=[--timesteps, 1, --range, 100, --nvalues, 5] tmpdir=p4-run002/jobs/s/simulate-osjxa34n-0
2017-02-17 09:27:39,282-0200 INFO  Execute JOB_TASK jobid=simulate-nsjxa34n-0 taskid=task-53 exec=/bin/bash dir=p4-run002 args=shared/_swiftwrap simulate-nsjxa34n-0 -jobdir s -scratch  -e simulate -out output/sim_8.out -err output/sim_8.log -i -d output -if  -of output/sim_8.log|output/sim_8.out -cf  -cdmfile -status files -a --timesteps 1 --range 100 --nvalues 5
2017-02-17 09:27:39,282-0200 INFO  Execute JOB_TASK jobid=simulate-lsjxa34n-0 taskid=task-33 exec=/bin/bash dir=p4-run002 args=shared/_swiftwrap simulate-lsjxa34n-0 -jobdir s -scratch  -e simulate -out output/sim_3.out -err output/sim_3.log -i -d output -if  -of output/sim_3.out|output/sim_3.log -cf  -cdmfile -status files -a --timesteps 1 --range 100 --nvalues 5
2017-02-17 09:27:39,282-0200 INFO  Execute JOB_TASK jobid=simulate-isjxa34n-0 taskid=task-21 exec=/bin/bash dir=p4-run002 args=shared/_swiftwrap simulate-isjxa34n-0 -jobdir s -scratch  -e simulate -out output/sim_0.out -err output/sim_0.log -i -d output -if  -of output/sim_0.log|output/sim_0.out -cf  -cdmfile -status files -a --timesteps 1 --range 100 --nvalues 5
2017-02-17 09:27:39,282-0200 INFO  Execute JOB_TASK jobid=simulate-osjxa34n-0 taskid=task-57 exec=/bin/bash dir=p4-run002 args=shared/_swiftwrap simulate-osjxa34n-0 -jobdir s -scratch  -e simulate -out output/sim_7.out -err output/sim_7.log -i -d output -if  -of output/sim_7.out|output/sim_7.log -cf  -cdmfile -status files -a --timesteps 1 --range 100 --nvalues 5
2017-02-17 09:27:39,283-0200 INFO  Execute JOB_TASK jobid=simulate-gsjxa34n-0 taskid=task-41 exec=/bin/bash dir=p4-run002 args=shared/_swiftwrap simulate-gsjxa34n-0 -jobdir s -scratch  -e simulate -out output/sim_5.out -err output/sim_5.log -i -d output -if  -of output/sim_5.out|output/sim_5.log -cf  -cdmfile -status files -a --timesteps 1 --range 100 --nvalues 5
2017-02-17 09:27:39,283-0200 INFO  Execute JOB_TASK jobid=simulate-jsjxa34n-0 taskid=task-45 exec=/bin/bash dir=p4-run002 args=shared/_swiftwrap simulate-jsjxa34n-0 -jobdir s -scratch  -e simulate -out output/sim_6.out -err output/sim_6.log -i -d output -if  -of output/sim_6.out|output/sim_6.log -cf  -cdmfile -status files -a --timesteps 1 --range 100 --nvalues 5
2017-02-17 09:27:39,284-0200 INFO  swift END jobid=simulate-hsjxa34n-0 - Done initializing directory structure
2017-02-17 09:27:39,284-0200 INFO  swift END jobid=simulate-ksjxa34n-0 - Done initializing directory structure
2017-02-17 09:27:39,285-0200 INFO  swift START jobid=simulate-ksjxa34n-0 - Staging in files []
2017-02-17 09:27:39,285-0200 INFO  swift END jobid=simulate-ksjxa34n-0 - Staging in finished
2017-02-17 09:27:39,285-0200 DEBUG swift JOB_START jobid=simulate-ksjxa34n-0 tr=simulate arguments=[--timesteps, 1, --range, 100, --nvalues, 5] tmpdir=p4-run002/jobs/s/simulate-ksjxa34n-0
2017-02-17 09:27:39,285-0200 INFO  Execute JOB_TASK jobid=simulate-ksjxa34n-0 taskid=task-29 exec=/bin/bash dir=p4-run002 args=shared/_swiftwrap simulate-ksjxa34n-0 -jobdir s -scratch  -e simulate -out output/sim_2.out -err output/sim_2.log -i -d output -if  -of output/sim_2.log|output/sim_2.out -cf  -cdmfile -status files -a --timesteps 1 --range 100 --nvalues 5
2017-02-17 09:27:39,284-0200 INFO  Execute JOB_TASK jobid=simulate-msjxa34n-0 taskid=task-49 exec=/bin/bash dir=p4-run002 args=shared/_swiftwrap simulate-msjxa34n-0 -jobdir s -scratch  -e simulate -out output/sim_9.out -err output/sim_9.log -i -d output -if  -of output/sim_9.out|output/sim_9.log -cf  -cdmfile -status files -a --timesteps 1 --range 100 --nvalues 5
2017-02-17 09:27:39,291-0200 INFO  Execute TASK_STATUS_CHANGE taskid=task-45 status=8
2017-02-17 09:27:39,291-0200 INFO  Execute TASK_STATUS_CHANGE taskid=task-53 status=8
2017-02-17 09:27:39,292-0200 INFO  swift START jobid=simulate-hsjxa34n-0 - Staging in files []
2017-02-17 09:27:39,292-0200 INFO  swift END jobid=simulate-hsjxa34n-0 - Staging in finished
2017-02-17 09:27:39,292-0200 DEBUG swift JOB_START jobid=simulate-hsjxa34n-0 tr=simulate arguments=[--timesteps, 1, --range, 100, --nvalues, 5] tmpdir=p4-run002/jobs/s/simulate-hsjxa34n-0
2017-02-17 09:27:39,292-0200 INFO  Execute TASK_STATUS_CHANGE taskid=task-45 status=1
2017-02-17 09:27:39,292-0200 INFO  Execute JOB_TASK jobid=simulate-hsjxa34n-0 taskid=task-25 exec=/bin/bash dir=p4-run002 args=shared/_swiftwrap simulate-hsjxa34n-0 -jobdir s -scratch  -e simulate -out output/sim_1.out -err output/sim_1.log -i -d output -if  -of output/sim_1.out|output/sim_1.log -cf  -cdmfile -status files -a --timesteps 1 --range 100 --nvalues 5
2017-02-17 09:27:39,292-0200 INFO  Execute TASK_STATUS_CHANGE taskid=task-33 status=8
2017-02-17 09:27:39,293-0200 INFO  Execute TASK_STATUS_CHANGE taskid=task-33 status=1
2017-02-17 09:27:39,293-0200 INFO  Execute TASK_STATUS_CHANGE taskid=task-57 status=8
2017-02-17 09:27:39,294-0200 INFO  Execute TASK_STATUS_CHANGE taskid=task-57 status=1
2017-02-17 09:27:39,294-0200 INFO  Execute TASK_STATUS_CHANGE taskid=task-21 status=8
2017-02-17 09:27:39,294-0200 INFO  Execute TASK_STATUS_CHANGE taskid=task-21 status=1
2017-02-17 09:27:39,294-0200 INFO  Execute TASK_STATUS_CHANGE taskid=task-41 status=8
2017-02-17 09:27:39,295-0200 INFO  Execute TASK_STATUS_CHANGE taskid=task-41 status=1
2017-02-17 09:27:39,295-0200 INFO  Execute TASK_STATUS_CHANGE taskid=task-29 status=8
2017-02-17 09:27:39,296-0200 INFO  Execute TASK_STATUS_CHANGE taskid=task-29 status=1
2017-02-17 09:27:39,296-0200 INFO  Execute TASK_STATUS_CHANGE taskid=task-49 status=8
2017-02-17 09:27:39,296-0200 INFO  Execute TASK_STATUS_CHANGE taskid=task-49 status=1
2017-02-17 09:27:39,296-0200 INFO  Execute TASK_STATUS_CHANGE taskid=task-25 status=8
2017-02-17 09:27:39,306-0200 INFO  Execute TASK_STATUS_CHANGE taskid=task-53 status=1
2017-02-17 09:27:39,314-0200 INFO  Execute TASK_STATUS_CHANGE taskid=task-25 status=1
2017-02-17 09:27:39,315-0200 INFO  Execute TASK_STATUS_CHANGE taskid=task-53 status=2
2017-02-17 09:27:39,321-0200 INFO  Execute TASK_STATUS_CHANGE taskid=task-29 status=2
2017-02-17 09:27:39,330-0200 INFO  Execute TASK_STATUS_CHANGE taskid=task-41 status=2
2017-02-17 09:27:39,337-0200 INFO  Execute TASK_STATUS_CHANGE taskid=task-49 status=2
2017-02-17 09:27:39,342-0200 INFO  Execute TASK_STATUS_CHANGE taskid=task-33 status=2
2017-02-17 09:27:39,363-0200 INFO  Execute TASK_STATUS_CHANGE taskid=task-25 status=2
2017-02-17 09:27:39,381-0200 INFO  Execute TASK_STATUS_CHANGE taskid=task-45 status=2
2017-02-17 09:27:39,389-0200 INFO  Execute TASK_STATUS_CHANGE taskid=task-57 status=2
2017-02-17 09:27:39,402-0200 INFO  Execute TASK_STATUS_CHANGE taskid=task-21 status=2
2017-02-17 09:27:40,213-0200 INFO  RuntimeStats$ProgressTicker HeapMax: 954728448, CrtHeap: 121110528, UsedHeap: 34859448, JVMThreads: 39
2017-02-17 09:27:40,213-0200 INFO  RuntimeStats$ProgressTicker   Selecting site:1  Active:9
2017-02-17 09:27:40,499-0200 INFO  LateBindingScheduler jobs queued: 1
2017-02-17 09:27:40,499-0200 INFO  Execute TASK_STATUS_CHANGE taskid=task-57 status=7
2017-02-17 09:27:40,500-0200 DEBUG swift START jobid=simulate-osjxa34n-0
2017-02-17 09:27:40,501-0200 INFO  LateBindingScheduler jobs queued: 1
2017-02-17 09:27:40,501-0200 INFO  swift SUCCESS jobid=simulate-osjxa34n-0 - Success file found
2017-02-17 09:27:40,501-0200 DEBUG swift STAGING_OUT jobid=simulate-osjxa34n-0
2017-02-17 09:27:40,501-0200 INFO  swift START jobid=simulate-osjxa34n-0 - Staging out files
2017-02-17 09:27:40,501-0200 DEBUG swift stageouts: [file://localhost/output/sim_7.out, file://localhost/output/sim_7.log]
2017-02-17 09:27:40,503-0200 DEBUG swift FILE_STAGE_OUT_START srcname=sim_7.out srcdir=p4-run002/shared/output srchost=local destdir=output desthost=localhost provider=file jobid=simulate-osjxa34n-0
2017-02-17 09:27:40,503-0200 DEBUG swift FILE_STAGE_OUT_START srcname=sim_7.log srcdir=p4-run002/shared/output srchost=local destdir=output desthost=localhost provider=file jobid=simulate-osjxa34n-0
2017-02-17 09:27:40,507-0200 INFO  LateBindingScheduler jobs queued: 1
2017-02-17 09:27:40,507-0200 INFO  Execute TASK_STATUS_CHANGE taskid=task-33 status=7
2017-02-17 09:27:40,507-0200 DEBUG swift START jobid=simulate-lsjxa34n-0
2017-02-17 09:27:40,510-0200 INFO  LateBindingScheduler jobs queued: 1
2017-02-17 09:27:40,510-0200 INFO  LateBindingScheduler jobs queued: 1
2017-02-17 09:27:40,510-0200 INFO  LateBindingScheduler jobs queued: 1
2017-02-17 09:27:40,510-0200 INFO  swift SUCCESS jobid=simulate-lsjxa34n-0 - Success file found
2017-02-17 09:27:40,511-0200 DEBUG swift STAGING_OUT jobid=simulate-lsjxa34n-0
2017-02-17 09:27:40,511-0200 INFO  swift START jobid=simulate-lsjxa34n-0 - Staging out files
2017-02-17 09:27:40,511-0200 DEBUG swift stageouts: [file://localhost/output/sim_3.out, file://localhost/output/sim_3.log]
2017-02-17 09:27:40,511-0200 INFO  LateBindingScheduler jobs queued: 1
2017-02-17 09:27:40,511-0200 DEBUG swift FILE_STAGE_OUT_START srcname=sim_3.out srcdir=p4-run002/shared/output srchost=local destdir=output desthost=localhost provider=file jobid=simulate-lsjxa34n-0
2017-02-17 09:27:40,511-0200 INFO  Execute TASK_STATUS_CHANGE taskid=task-45 status=7
2017-02-17 09:27:40,511-0200 DEBUG swift FILE_STAGE_OUT_START srcname=sim_3.log srcdir=p4-run002/shared/output srchost=local destdir=output desthost=localhost provider=file jobid=simulate-lsjxa34n-0
2017-02-17 09:27:40,512-0200 DEBUG swift START jobid=simulate-jsjxa34n-0
2017-02-17 09:27:40,512-0200 INFO  LateBindingScheduler jobs queued: 2
2017-02-17 09:27:40,512-0200 INFO  LateBindingScheduler jobs queued: 1
2017-02-17 09:27:40,512-0200 INFO  LateBindingScheduler jobs queued: 1
2017-02-17 09:27:40,513-0200 INFO  swift SUCCESS jobid=simulate-jsjxa34n-0 - Success file found
2017-02-17 09:27:40,513-0200 DEBUG swift STAGING_OUT jobid=simulate-jsjxa34n-0
2017-02-17 09:27:40,513-0200 INFO  swift START jobid=simulate-jsjxa34n-0 - Staging out files
2017-02-17 09:27:40,513-0200 DEBUG swift stageouts: [file://localhost/output/sim_6.out, file://localhost/output/sim_6.log]
2017-02-17 09:27:40,513-0200 DEBUG swift FILE_STAGE_OUT_START srcname=sim_6.out srcdir=p4-run002/shared/output srchost=local destdir=output desthost=localhost provider=file jobid=simulate-jsjxa34n-0
2017-02-17 09:27:40,513-0200 DEBUG swift FILE_STAGE_OUT_START srcname=sim_6.log srcdir=p4-run002/shared/output srchost=local destdir=output desthost=localhost provider=file jobid=simulate-jsjxa34n-0
2017-02-17 09:27:40,514-0200 INFO  LateBindingScheduler jobs queued: 1
2017-02-17 09:27:40,514-0200 INFO  LateBindingScheduler jobs queued: 1
2017-02-17 09:27:40,516-0200 DEBUG swift CDM: file://localhost/output/sim_3.log : DEFAULT
2017-02-17 09:27:40,516-0200 DEBUG swift CDM: file://localhost/output/sim_3.out : DEFAULT
2017-02-17 09:27:40,516-0200 DEBUG swift CDM: file://localhost/output/sim_6.out : DEFAULT
2017-02-17 09:27:40,517-0200 DEBUG swift CDM: file://localhost/output/sim_6.log : DEFAULT
2017-02-17 09:27:40,517-0200 DEBUG swift CDM: file://localhost/output/sim_7.log : DEFAULT
2017-02-17 09:27:40,516-0200 DEBUG swift CDM: file://localhost/output/sim_7.out : DEFAULT
2017-02-17 09:27:40,520-0200 INFO  LateBindingScheduler jobs queued: 3
2017-02-17 09:27:40,520-0200 DEBUG swift FILE_STAGE_OUT_END srcname=sim_3.log srcdir=p4-run002/shared/output srchost=local destdir=output desthost=localhost provider=file
2017-02-17 09:27:40,524-0200 INFO  LateBindingScheduler jobs queued: 2
2017-02-17 09:27:40,525-0200 INFO  LateBindingScheduler jobs queued: 2
2017-02-17 09:27:40,526-0200 INFO  LateBindingScheduler jobs queued: 2
2017-02-17 09:27:40,526-0200 DEBUG swift FILE_STAGE_OUT_END srcname=sim_6.log srcdir=p4-run002/shared/output srchost=local destdir=output desthost=localhost provider=file
2017-02-17 09:27:40,526-0200 INFO  LateBindingScheduler jobs queued: 1
2017-02-17 09:27:40,527-0200 DEBUG swift FILE_STAGE_OUT_END srcname=sim_6.out srcdir=p4-run002/shared/output srchost=local destdir=output desthost=localhost provider=file
2017-02-17 09:27:40,529-0200 INFO  LateBindingScheduler jobs queued: 2
2017-02-17 09:27:40,529-0200 INFO  Execute TASK_STATUS_CHANGE taskid=task-49 status=7
2017-02-17 09:27:40,529-0200 DEBUG swift START jobid=simulate-msjxa34n-0
2017-02-17 09:27:40,530-0200 INFO  LateBindingScheduler jobs queued: 3
2017-02-17 09:27:40,531-0200 DEBUG swift FILE_STAGE_OUT_END srcname=sim_3.out srcdir=p4-run002/shared/output srchost=local destdir=output desthost=localhost provider=file
2017-02-17 09:27:40,532-0200 INFO  LateBindingScheduler jobs queued: 1
2017-02-17 09:27:40,533-0200 INFO  LateBindingScheduler jobs queued: 1
2017-02-17 09:27:40,550-0200 INFO  LateBindingScheduler jobs queued: 1
2017-02-17 09:27:40,550-0200 INFO  Execute TASK_STATUS_CHANGE taskid=task-29 status=7
2017-02-17 09:27:40,550-0200 DEBUG swift START jobid=simulate-ksjxa34n-0
2017-02-17 09:27:40,534-0200 INFO  LateBindingScheduler jobs queued: 1
2017-02-17 09:27:40,533-0200 INFO  LateBindingScheduler jobs queued: 1
2017-02-17 09:27:40,551-0200 INFO  LateBindingScheduler jobs queued: 1
2017-02-17 09:27:40,551-0200 INFO  Execute TASK_STATUS_CHANGE taskid=task-53 status=7
2017-02-17 09:27:40,551-0200 INFO  LateBindingScheduler jobs queued: 1
2017-02-17 09:27:40,551-0200 INFO  swift SUCCESS jobid=simulate-msjxa34n-0 - Success file found
2017-02-17 09:27:40,551-0200 INFO  swift SUCCESS jobid=simulate-ksjxa34n-0 - Success file found
2017-02-17 09:27:40,551-0200 DEBUG swift START jobid=simulate-nsjxa34n-0
2017-02-17 09:27:40,551-0200 DEBUG swift STAGING_OUT jobid=simulate-ksjxa34n-0
2017-02-17 09:27:40,551-0200 INFO  swift START jobid=simulate-ksjxa34n-0 - Staging out files
2017-02-17 09:27:40,551-0200 DEBUG swift stageouts: [file://localhost/output/sim_2.log, file://localhost/output/sim_2.out]
2017-02-17 09:27:40,551-0200 DEBUG swift FILE_STAGE_OUT_START srcname=sim_2.log srcdir=p4-run002/shared/output srchost=local destdir=output desthost=localhost provider=file jobid=simulate-ksjxa34n-0
2017-02-17 09:27:40,551-0200 DEBUG swift FILE_STAGE_OUT_START srcname=sim_2.out srcdir=p4-run002/shared/output srchost=local destdir=output desthost=localhost provider=file jobid=simulate-ksjxa34n-0
2017-02-17 09:27:40,552-0200 INFO  LateBindingScheduler jobs queued: 1
2017-02-17 09:27:40,552-0200 INFO  LateBindingScheduler jobs queued: 1
2017-02-17 09:27:40,552-0200 INFO  LateBindingScheduler jobs queued: 1
2017-02-17 09:27:40,553-0200 INFO  LateBindingScheduler jobs queued: 1
2017-02-17 09:27:40,553-0200 DEBUG swift STAGING_OUT jobid=simulate-msjxa34n-0
2017-02-17 09:27:40,553-0200 INFO  swift START jobid=simulate-msjxa34n-0 - Staging out files
2017-02-17 09:27:40,553-0200 DEBUG swift stageouts: [file://localhost/output/sim_9.out, file://localhost/output/sim_9.log]
2017-02-17 09:27:40,553-0200 INFO  swift SUCCESS jobid=simulate-nsjxa34n-0 - Success file found
2017-02-17 09:27:40,553-0200 DEBUG swift STAGING_OUT jobid=simulate-nsjxa34n-0
2017-02-17 09:27:40,553-0200 INFO  swift START jobid=simulate-nsjxa34n-0 - Staging out files
2017-02-17 09:27:40,553-0200 DEBUG swift stageouts: [file://localhost/output/sim_8.log, file://localhost/output/sim_8.out]
2017-02-17 09:27:40,554-0200 DEBUG swift FILE_STAGE_OUT_END srcname=sim_7.log srcdir=p4-run002/shared/output srchost=local destdir=output desthost=localhost provider=file
2017-02-17 09:27:40,554-0200 DEBUG swift CDM: file://localhost/output/sim_2.log : DEFAULT
2017-02-17 09:27:40,554-0200 DEBUG swift CDM: file://localhost/output/sim_2.out : DEFAULT
2017-02-17 09:27:40,554-0200 DEBUG swift FILE_STAGE_OUT_START srcname=sim_9.out srcdir=p4-run002/shared/output srchost=local destdir=output desthost=localhost provider=file jobid=simulate-msjxa34n-0
2017-02-17 09:27:40,554-0200 DEBUG swift FILE_STAGE_OUT_START srcname=sim_9.log srcdir=p4-run002/shared/output srchost=local destdir=output desthost=localhost provider=file jobid=simulate-msjxa34n-0
2017-02-17 09:27:40,554-0200 DEBUG swift FILE_STAGE_OUT_START srcname=sim_8.log srcdir=p4-run002/shared/output srchost=local destdir=output desthost=localhost provider=file jobid=simulate-nsjxa34n-0
2017-02-17 09:27:40,555-0200 DEBUG swift FILE_STAGE_OUT_START srcname=sim_8.out srcdir=p4-run002/shared/output srchost=local destdir=output desthost=localhost provider=file jobid=simulate-nsjxa34n-0
2017-02-17 09:27:40,555-0200 INFO  swift END jobid=simulate-lsjxa34n-0 - Staging out finished
2017-02-17 09:27:40,555-0200 INFO  swift END jobid=simulate-jsjxa34n-0 - Staging out finished
2017-02-17 09:27:40,556-0200 DEBUG swift FILE_STAGE_OUT_END srcname=sim_7.out srcdir=p4-run002/shared/output srchost=local destdir=output desthost=localhost provider=file
2017-02-17 09:27:40,559-0200 INFO  LateBindingScheduler jobs queued: 2
2017-02-17 09:27:40,559-0200 INFO  LateBindingScheduler jobs queued: 2
2017-02-17 09:27:40,559-0200 INFO  LateBindingScheduler jobs queued: 1
2017-02-17 09:27:40,559-0200 INFO  LateBindingScheduler jobs queued: 1
2017-02-17 09:27:40,559-0200 INFO  LateBindingScheduler jobs queued: 1
2017-02-17 09:27:40,560-0200 DEBUG swift CDM: file://localhost/output/sim_9.out : DEFAULT
2017-02-17 09:27:40,560-0200 DEBUG swift CDM: file://localhost/output/sim_9.log : DEFAULT
2017-02-17 09:27:40,560-0200 DEBUG swift CDM: file://localhost/output/sim_8.log : DEFAULT
2017-02-17 09:27:40,560-0200 DEBUG swift CDM: file://localhost/output/sim_8.out : DEFAULT
2017-02-17 09:27:40,563-0200 INFO  LateBindingScheduler jobs queued: 5
2017-02-17 09:27:40,563-0200 INFO  LateBindingScheduler jobs queued: 5
2017-02-17 09:27:40,564-0200 INFO  LateBindingScheduler jobs queued: 4
2017-02-17 09:27:40,564-0200 INFO  LateBindingScheduler jobs queued: 4
2017-02-17 09:27:40,564-0200 DEBUG swift FILE_STAGE_OUT_END srcname=sim_2.log srcdir=p4-run002/shared/output srchost=local destdir=output desthost=localhost provider=file
2017-02-17 09:27:40,564-0200 DEBUG swift JOB_END jobid=simulate-jsjxa34n-0
2017-02-17 09:27:40,565-0200 INFO  swift END_SUCCESS jobid=simulate-jsjxa34n tr=simulate
2017-02-17 09:27:40,565-0200 DEBUG swift PROCEDURE_END line=3 thread=2-0-7-4-15-6-45-2 name=simulation
2017-02-17 09:27:40,565-0200 DEBUG swift JOB_END jobid=simulate-lsjxa34n-0
2017-02-17 09:27:40,565-0200 INFO  swift END_SUCCESS jobid=simulate-lsjxa34n tr=simulate
2017-02-17 09:27:40,565-0200 DEBUG swift PROCEDURE_END line=3 thread=2-0-7-4-12-3-33-2 name=simulation
2017-02-17 09:27:40,567-0200 INFO  swift END jobid=simulate-osjxa34n-0 - Staging out finished
2017-02-17 09:27:40,567-0200 DEBUG swift THREAD_ASSOCIATION jobid=simulate-fsjxa34n-0 host=local thread=2-0-7-4-13-4-37-2
2017-02-17 09:27:40,568-0200 INFO  swift START jobid=simulate-fsjxa34n-0 host=local - Initializing directory structure
2017-02-17 09:27:40,568-0200 INFO  swift END jobid=simulate-fsjxa34n-0 - Done initializing directory structure
2017-02-17 09:27:40,568-0200 INFO  swift START jobid=simulate-fsjxa34n-0 - Staging in files []
2017-02-17 09:27:40,568-0200 INFO  swift END jobid=simulate-fsjxa34n-0 - Staging in finished
2017-02-17 09:27:40,568-0200 DEBUG swift JOB_START jobid=simulate-fsjxa34n-0 tr=simulate arguments=[--timesteps, 1, --range, 100, --nvalues, 5] tmpdir=p4-run002/jobs/s/simulate-fsjxa34n-0
2017-02-17 09:27:40,569-0200 INFO  Execute JOB_TASK jobid=simulate-fsjxa34n-0 taskid=task-37 exec=/bin/bash dir=p4-run002 args=shared/_swiftwrap simulate-fsjxa34n-0 -jobdir s -scratch  -e simulate -out output/sim_4.out -err output/sim_4.log -i -d output -if  -of output/sim_4.out|output/sim_4.log -cf  -cdmfile -status files -a --timesteps 1 --range 100 --nvalues 5
2017-02-17 09:27:40,569-0200 INFO  LateBindingScheduler jobs queued: 3
2017-02-17 09:27:40,569-0200 INFO  Execute TASK_STATUS_CHANGE taskid=task-25 status=7
2017-02-17 09:27:40,569-0200 DEBUG swift START jobid=simulate-hsjxa34n-0
2017-02-17 09:27:40,574-0200 INFO  LateBindingScheduler jobs queued: 2
2017-02-17 09:27:40,574-0200 INFO  Execute TASK_STATUS_CHANGE taskid=task-21 status=7
2017-02-17 09:27:40,574-0200 INFO  LateBindingScheduler jobs queued: 2
2017-02-17 09:27:40,574-0200 DEBUG swift START jobid=simulate-isjxa34n-0
2017-02-17 09:27:40,575-0200 INFO  Execute TASK_STATUS_CHANGE taskid=task-37 status=8
2017-02-17 09:27:40,575-0200 INFO  Execute TASK_STATUS_CHANGE taskid=task-37 status=1
2017-02-17 09:27:40,575-0200 INFO  LateBindingScheduler jobs queued: 2
2017-02-17 09:27:40,575-0200 INFO  LateBindingScheduler jobs queued: 2
2017-02-17 09:27:40,576-0200 INFO  LateBindingScheduler jobs queued: 2
2017-02-17 09:27:40,576-0200 INFO  swift SUCCESS jobid=simulate-hsjxa34n-0 - Success file found
2017-02-17 09:27:40,576-0200 INFO  swift SUCCESS jobid=simulate-isjxa34n-0 - Success file found
2017-02-17 09:27:40,576-0200 DEBUG swift STAGING_OUT jobid=simulate-hsjxa34n-0
2017-02-17 09:27:40,576-0200 DEBUG swift STAGING_OUT jobid=simulate-isjxa34n-0
2017-02-17 09:27:40,576-0200 INFO  swift START jobid=simulate-isjxa34n-0 - Staging out files
2017-02-17 09:27:40,576-0200 DEBUG swift stageouts: [file://localhost/output/sim_0.log, file://localhost/output/sim_0.out]
2017-02-17 09:27:40,576-0200 DEBUG swift FILE_STAGE_OUT_START srcname=sim_0.log srcdir=p4-run002/shared/output srchost=local destdir=output desthost=localhost provider=file jobid=simulate-isjxa34n-0
2017-02-17 09:27:40,576-0200 INFO  LateBindingScheduler jobs queued: 2
2017-02-17 09:27:40,576-0200 INFO  swift START jobid=simulate-hsjxa34n-0 - Staging out files
2017-02-17 09:27:40,577-0200 DEBUG swift stageouts: [file://localhost/output/sim_1.out, file://localhost/output/sim_1.log]
2017-02-17 09:27:40,577-0200 DEBUG swift FILE_STAGE_OUT_END srcname=sim_9.out srcdir=p4-run002/shared/output srchost=local destdir=output desthost=localhost provider=file
2017-02-17 09:27:40,577-0200 DEBUG swift FILE_STAGE_OUT_START srcname=sim_1.out srcdir=p4-run002/shared/output srchost=local destdir=output desthost=localhost provider=file jobid=simulate-hsjxa34n-0
2017-02-17 09:27:40,577-0200 DEBUG swift FILE_STAGE_OUT_START srcname=sim_0.out srcdir=p4-run002/shared/output srchost=local destdir=output desthost=localhost provider=file jobid=simulate-isjxa34n-0
2017-02-17 09:27:40,577-0200 INFO  LateBindingScheduler jobs queued: 3
2017-02-17 09:27:40,577-0200 DEBUG swift CDM: file://localhost/output/sim_0.log : DEFAULT
2017-02-17 09:27:40,577-0200 DEBUG swift FILE_STAGE_OUT_START srcname=sim_1.log srcdir=p4-run002/shared/output srchost=local destdir=output desthost=localhost provider=file jobid=simulate-hsjxa34n-0
2017-02-17 09:27:40,578-0200 INFO  LateBindingScheduler jobs queued: 4
2017-02-17 09:27:40,578-0200 DEBUG swift FILE_STAGE_OUT_END srcname=sim_8.log srcdir=p4-run002/shared/output srchost=local destdir=output desthost=localhost provider=file
2017-02-17 09:27:40,578-0200 INFO  LateBindingScheduler jobs queued: 5
2017-02-17 09:27:40,579-0200 INFO  LateBindingScheduler jobs queued: 2
2017-02-17 09:27:40,579-0200 DEBUG swift CDM: file://localhost/output/sim_1.out : DEFAULT
2017-02-17 09:27:40,579-0200 INFO  LateBindingScheduler jobs queued: 1
2017-02-17 09:27:40,579-0200 DEBUG swift CDM: file://localhost/output/sim_0.out : DEFAULT
2017-02-17 09:27:40,580-0200 DEBUG swift FILE_STAGE_OUT_END srcname=sim_2.out srcdir=p4-run002/shared/output srchost=local destdir=output desthost=localhost provider=file
2017-02-17 09:27:40,582-0200 INFO  Execute TASK_STATUS_CHANGE taskid=task-37 status=2
2017-02-17 09:27:40,582-0200 INFO  LateBindingScheduler jobs queued: 2
2017-02-17 09:27:40,583-0200 DEBUG swift CDM: file://localhost/output/sim_1.log : DEFAULT
2017-02-17 09:27:40,583-0200 INFO  LateBindingScheduler jobs queued: 3
2017-02-17 09:27:40,583-0200 INFO  LateBindingScheduler jobs queued: 3
2017-02-17 09:27:40,584-0200 INFO  LateBindingScheduler jobs queued: 3
2017-02-17 09:27:40,584-0200 INFO  swift END jobid=simulate-ksjxa34n-0 - Staging out finished
2017-02-17 09:27:40,585-0200 DEBUG swift FILE_STAGE_OUT_END srcname=sim_9.log srcdir=p4-run002/shared/output srchost=local destdir=output desthost=localhost provider=file
2017-02-17 09:27:40,586-0200 INFO  LateBindingScheduler jobs queued: 3
2017-02-17 09:27:40,586-0200 INFO  LateBindingScheduler jobs queued: 3
2017-02-17 09:27:40,586-0200 DEBUG swift FILE_STAGE_OUT_END srcname=sim_8.out srcdir=p4-run002/shared/output srchost=local destdir=output desthost=localhost provider=file
2017-02-17 09:27:40,586-0200 INFO  LateBindingScheduler jobs queued: 3
2017-02-17 09:27:40,587-0200 INFO  swift END jobid=simulate-msjxa34n-0 - Staging out finished
2017-02-17 09:27:40,587-0200 INFO  LateBindingScheduler jobs queued: 2
2017-02-17 09:27:40,587-0200 DEBUG swift JOB_END jobid=simulate-osjxa34n-0
2017-02-17 09:27:40,587-0200 INFO  swift END_SUCCESS jobid=simulate-osjxa34n tr=simulate
2017-02-17 09:27:40,587-0200 DEBUG swift PROCEDURE_END line=3 thread=2-0-7-4-16-7-57-2 name=simulation
2017-02-17 09:27:40,588-0200 INFO  swift END jobid=simulate-nsjxa34n-0 - Staging out finished
2017-02-17 09:27:40,589-0200 INFO  LateBindingScheduler jobs queued: 3
2017-02-17 09:27:40,589-0200 INFO  LateBindingScheduler jobs queued: 3
2017-02-17 09:27:40,589-0200 INFO  Execute TASK_STATUS_CHANGE taskid=task-41 status=7
2017-02-17 09:27:40,590-0200 DEBUG swift FILE_STAGE_OUT_END srcname=sim_0.log srcdir=p4-run002/shared/output srchost=local destdir=output desthost=localhost provider=file
2017-02-17 09:27:40,590-0200 DEBUG swift START jobid=simulate-gsjxa34n-0
2017-02-17 09:27:40,590-0200 INFO  LateBindingScheduler jobs queued: 3
2017-02-17 09:27:40,590-0200 INFO  LateBindingScheduler jobs queued: 2
2017-02-17 09:27:40,592-0200 INFO  LateBindingScheduler jobs queued: 2
2017-02-17 09:27:40,592-0200 INFO  LateBindingScheduler jobs queued: 2
2017-02-17 09:27:40,592-0200 DEBUG swift FILE_STAGE_OUT_END srcname=sim_0.out srcdir=p4-run002/shared/output srchost=local destdir=output desthost=localhost provider=file
2017-02-17 09:27:40,592-0200 INFO  swift SUCCESS jobid=simulate-gsjxa34n-0 - Success file found
2017-02-17 09:27:40,592-0200 DEBUG swift STAGING_OUT jobid=simulate-gsjxa34n-0
2017-02-17 09:27:40,593-0200 INFO  swift START jobid=simulate-gsjxa34n-0 - Staging out files
2017-02-17 09:27:40,593-0200 DEBUG swift stageouts: [file://localhost/output/sim_5.out, file://localhost/output/sim_5.log]
2017-02-17 09:27:40,593-0200 DEBUG swift FILE_STAGE_OUT_START srcname=sim_5.out srcdir=p4-run002/shared/output srchost=local destdir=output desthost=localhost provider=file jobid=simulate-gsjxa34n-0
2017-02-17 09:27:40,593-0200 DEBUG swift FILE_STAGE_OUT_START srcname=sim_5.log srcdir=p4-run002/shared/output srchost=local destdir=output desthost=localhost provider=file jobid=simulate-gsjxa34n-0
2017-02-17 09:27:40,594-0200 INFO  LateBindingScheduler jobs queued: 5
2017-02-17 09:27:40,595-0200 DEBUG swift FILE_STAGE_OUT_END srcname=sim_1.log srcdir=p4-run002/shared/output srchost=local destdir=output desthost=localhost provider=file
2017-02-17 09:27:40,595-0200 DEBUG swift FILE_STAGE_OUT_END srcname=sim_1.out srcdir=p4-run002/shared/output srchost=local destdir=output desthost=localhost provider=file
2017-02-17 09:27:40,595-0200 INFO  LateBindingScheduler jobs queued: 0
2017-02-17 09:27:40,595-0200 INFO  LateBindingScheduler jobs queued: 0
2017-02-17 09:27:40,596-0200 INFO  LateBindingScheduler jobs queued: 0
2017-02-17 09:27:40,596-0200 INFO  LateBindingScheduler jobs queued: 0
2017-02-17 09:27:40,596-0200 INFO  LateBindingScheduler jobs queued: 0
2017-02-17 09:27:40,596-0200 INFO  LateBindingScheduler jobs queued: 0
2017-02-17 09:27:40,596-0200 DEBUG swift CDM: file://localhost/output/sim_5.out : DEFAULT
2017-02-17 09:27:40,596-0200 DEBUG swift CDM: file://localhost/output/sim_5.log : DEFAULT
2017-02-17 09:27:40,597-0200 DEBUG swift JOB_END jobid=simulate-msjxa34n-0
2017-02-17 09:27:40,597-0200 INFO  swift END_SUCCESS jobid=simulate-msjxa34n tr=simulate
2017-02-17 09:27:40,597-0200 DEBUG swift PROCEDURE_END line=3 thread=2-0-7-4-18-9-49-2 name=simulation
2017-02-17 09:27:40,597-0200 INFO  swift END jobid=simulate-isjxa34n-0 - Staging out finished
2017-02-17 09:27:40,598-0200 INFO  swift END jobid=simulate-hsjxa34n-0 - Staging out finished
2017-02-17 09:27:40,599-0200 INFO  LateBindingScheduler jobs queued: 2
2017-02-17 09:27:40,599-0200 INFO  LateBindingScheduler jobs queued: 1
2017-02-17 09:27:40,599-0200 DEBUG swift JOB_END jobid=simulate-nsjxa34n-0
2017-02-17 09:27:40,600-0200 INFO  swift END_SUCCESS jobid=simulate-nsjxa34n tr=simulate
2017-02-17 09:27:40,600-0200 DEBUG swift PROCEDURE_END line=3 thread=2-0-7-4-17-8-53-2 name=simulation
2017-02-17 09:27:40,600-0200 DEBUG swift JOB_END jobid=simulate-ksjxa34n-0
2017-02-17 09:27:40,600-0200 INFO  swift END_SUCCESS jobid=simulate-ksjxa34n tr=simulate
2017-02-17 09:27:40,600-0200 DEBUG swift PROCEDURE_END line=3 thread=2-0-7-4-11-2-29-2 name=simulation
2017-02-17 09:27:40,604-0200 INFO  LateBindingScheduler jobs queued: 0
2017-02-17 09:27:40,605-0200 DEBUG swift FILE_STAGE_OUT_END srcname=sim_5.out srcdir=p4-run002/shared/output srchost=local destdir=output desthost=localhost provider=file
2017-02-17 09:27:40,605-0200 INFO  LateBindingScheduler jobs queued: 0
2017-02-17 09:27:40,605-0200 INFO  LateBindingScheduler jobs queued: 0
2017-02-17 09:27:40,606-0200 DEBUG swift JOB_END jobid=simulate-isjxa34n-0
2017-02-17 09:27:40,606-0200 INFO  swift END_SUCCESS jobid=simulate-isjxa34n tr=simulate
2017-02-17 09:27:40,606-0200 DEBUG swift PROCEDURE_END line=3 thread=2-0-7-4-9-0-21-2 name=simulation
2017-02-17 09:27:40,608-0200 INFO  LateBindingScheduler jobs queued: 0
2017-02-17 09:27:40,608-0200 DEBUG swift FILE_STAGE_OUT_END srcname=sim_5.log srcdir=p4-run002/shared/output srchost=local destdir=output desthost=localhost provider=file
2017-02-17 09:27:40,609-0200 INFO  LateBindingScheduler jobs queued: 0
2017-02-17 09:27:40,609-0200 INFO  LateBindingScheduler jobs queued: 0
2017-02-17 09:27:40,610-0200 DEBUG swift JOB_END jobid=simulate-hsjxa34n-0
2017-02-17 09:27:40,610-0200 INFO  swift END jobid=simulate-gsjxa34n-0 - Staging out finished
2017-02-17 09:27:40,610-0200 INFO  swift END_SUCCESS jobid=simulate-hsjxa34n tr=simulate
2017-02-17 09:27:40,610-0200 DEBUG swift PROCEDURE_END line=3 thread=2-0-7-4-10-1-25-2 name=simulation
2017-02-17 09:27:40,611-0200 INFO  LateBindingScheduler jobs queued: 0
2017-02-17 09:27:40,612-0200 DEBUG swift JOB_END jobid=simulate-gsjxa34n-0
2017-02-17 09:27:40,612-0200 INFO  swift END_SUCCESS jobid=simulate-gsjxa34n tr=simulate
2017-02-17 09:27:40,612-0200 DEBUG swift PROCEDURE_END line=3 thread=2-0-7-4-14-5-41-2 name=simulation
2017-02-17 09:27:40,624-0200 DEBUG swift FOREACH_IT_END line=20 thread=2-0-7-4-18-9
2017-02-17 09:27:40,624-0200 DEBUG swift FOREACH_IT_END line=20 thread=2-0-7-4-16-7
2017-02-17 09:27:40,624-0200 DEBUG swift FOREACH_IT_END line=20 thread=2-0-7-4-11-2
2017-02-17 09:27:40,624-0200 DEBUG swift FOREACH_IT_END line=20 thread=2-0-7-4-17-8
2017-02-17 09:27:40,625-0200 DEBUG swift FOREACH_IT_END line=20 thread=2-0-7-4-12-3
2017-02-17 09:27:40,625-0200 DEBUG swift FOREACH_IT_END line=20 thread=2-0-7-4-15-6
2017-02-17 09:27:40,625-0200 DEBUG swift FOREACH_IT_END line=20 thread=2-0-7-4-9-0
2017-02-17 09:27:40,625-0200 DEBUG swift FOREACH_IT_END line=20 thread=2-0-7-4-10-1
2017-02-17 09:27:40,626-0200 DEBUG swift FOREACH_IT_END line=20 thread=2-0-7-4-14-5
2017-02-17 09:27:41,213-0200 INFO  RuntimeStats$ProgressTicker HeapMax: 954728448, CrtHeap: 121110528, UsedHeap: 10389960, JVMThreads: 39
2017-02-17 09:27:41,214-0200 INFO  RuntimeStats$ProgressTicker   Active:1  Finished successfully:9
2017-02-17 09:27:41,670-0200 INFO  LateBindingScheduler jobs queued: 0
2017-02-17 09:27:41,670-0200 INFO  Execute TASK_STATUS_CHANGE taskid=task-37 status=7
2017-02-17 09:27:41,671-0200 DEBUG swift START jobid=simulate-fsjxa34n-0
2017-02-17 09:27:41,671-0200 INFO  LateBindingScheduler jobs queued: 0
2017-02-17 09:27:41,672-0200 INFO  swift SUCCESS jobid=simulate-fsjxa34n-0 - Success file found
2017-02-17 09:27:41,672-0200 DEBUG swift STAGING_OUT jobid=simulate-fsjxa34n-0
2017-02-17 09:27:41,672-0200 INFO  swift START jobid=simulate-fsjxa34n-0 - Staging out files
2017-02-17 09:27:41,672-0200 DEBUG swift stageouts: [file://localhost/output/sim_4.out, file://localhost/output/sim_4.log]
2017-02-17 09:27:41,672-0200 DEBUG swift FILE_STAGE_OUT_START srcname=sim_4.out srcdir=p4-run002/shared/output srchost=local destdir=output desthost=localhost provider=file jobid=simulate-fsjxa34n-0
2017-02-17 09:27:41,673-0200 DEBUG swift FILE_STAGE_OUT_START srcname=sim_4.log srcdir=p4-run002/shared/output srchost=local destdir=output desthost=localhost provider=file jobid=simulate-fsjxa34n-0
2017-02-17 09:27:41,673-0200 INFO  LateBindingScheduler jobs queued: 0
2017-02-17 09:27:41,673-0200 INFO  LateBindingScheduler jobs queued: 0
2017-02-17 09:27:41,673-0200 DEBUG swift CDM: file://localhost/output/sim_4.out : DEFAULT
2017-02-17 09:27:41,673-0200 DEBUG swift CDM: file://localhost/output/sim_4.log : DEFAULT
2017-02-17 09:27:41,674-0200 INFO  LateBindingScheduler jobs queued: 0
2017-02-17 09:27:41,675-0200 INFO  LateBindingScheduler jobs queued: 0
2017-02-17 09:27:41,675-0200 DEBUG swift FILE_STAGE_OUT_END srcname=sim_4.out srcdir=p4-run002/shared/output srchost=local destdir=output desthost=localhost provider=file
2017-02-17 09:27:41,675-0200 DEBUG swift FILE_STAGE_OUT_END srcname=sim_4.log srcdir=p4-run002/shared/output srchost=local destdir=output desthost=localhost provider=file
2017-02-17 09:27:41,676-0200 INFO  LateBindingScheduler jobs queued: 0
2017-02-17 09:27:41,676-0200 INFO  LateBindingScheduler jobs queued: 0
2017-02-17 09:27:41,677-0200 INFO  swift END jobid=simulate-fsjxa34n-0 - Staging out finished
2017-02-17 09:27:41,678-0200 INFO  LateBindingScheduler jobs queued: 0
2017-02-17 09:27:41,678-0200 DEBUG swift JOB_END jobid=simulate-fsjxa34n-0
2017-02-17 09:27:41,678-0200 INFO  swift END_SUCCESS jobid=simulate-fsjxa34n tr=simulate
2017-02-17 09:27:41,678-0200 DEBUG swift PROCEDURE_END line=3 thread=2-0-7-4-13-4-37-2 name=simulation
2017-02-17 09:27:41,740-0200 DEBUG swift FOREACH_IT_END line=20 thread=2-0-7-4-13-4
2017-02-17 09:27:41,740-0200 DEBUG swift JOB_INIT jobid=stats-psjxa34n tr=stats
2017-02-17 09:27:41,741-0200 DEBUG swift JOB_SITE_SELECT jobid=stats-psjxa34n-0
2017-02-17 09:27:41,741-0200 DEBUG swift THREAD_ASSOCIATION jobid=stats-psjxa34n-0 host=local thread=2-0-8-5
2017-02-17 09:27:41,744-0200 INFO  swift START jobid=stats-psjxa34n-0 host=local - Initializing directory structure
2017-02-17 09:27:41,744-0200 INFO  swift START path=_concurrent/sims-18-2-0 dir=p4-run002/shared - Creating directory structure
2017-02-17 09:27:41,745-0200 INFO  LateBindingScheduler jobs queued: 0
2017-02-17 09:27:41,745-0200 INFO  swift END jobid=stats-psjxa34n-0 - Done initializing directory structure
2017-02-17 09:27:41,746-0200 INFO  swift START jobid=stats-psjxa34n-0 - Staging in files [file://localhost/_concurrent/sims-18-2-0/[8], file://localhost/_concurrent/sims-18-2-0/[7], file://localhost/_concurrent/sims-18-2-0/[5], file://localhost/_concurrent/sims-18-2-0/[3], file://localhost/_concurrent/sims-18-2-0/[4], file://localhost/_concurrent/sims-18-2-0/[9], file://localhost/_concurrent/sims-18-2-0/[2], file://localhost/_concurrent/sims-18-2-0/[0], file://localhost/_concurrent/sims-18-2-0/[1], file://localhost/_concurrent/sims-18-2-0/[6]]
2017-02-17 09:27:41,747-0200 INFO  LateBindingScheduler jobs queued: 2
2017-02-17 09:27:41,748-0200 INFO  LateBindingScheduler jobs queued: 1
2017-02-17 09:27:41,748-0200 DEBUG swift CDM: file://localhost/_concurrent/sims-18-2-0/[8] : DEFAULT
2017-02-17 09:27:41,748-0200 DEBUG swift CDM: file://localhost/_concurrent/sims-18-2-0/[7] : DEFAULT
2017-02-17 09:27:41,749-0200 DEBUG swift FILE_STAGE_IN_START file=[8] srchost=localhost srcdir=_concurrent/sims-18-2-0 srcname=[8] desthost=local destdir=p4-run002/shared/_concurrent/sims-18-2-0 provider=file policy=DEFAULT
2017-02-17 09:27:41,749-0200 DEBUG swift FILE_STAGE_IN_START file=[7] srchost=localhost srcdir=_concurrent/sims-18-2-0 srcname=[7] desthost=local destdir=p4-run002/shared/_concurrent/sims-18-2-0 provider=file policy=DEFAULT
2017-02-17 09:27:41,749-0200 INFO  LateBindingScheduler jobs queued: 0
2017-02-17 09:27:41,750-0200 INFO  LateBindingScheduler jobs queued: 0
2017-02-17 09:27:41,750-0200 DEBUG swift CDM: file://localhost/_concurrent/sims-18-2-0/[5] : DEFAULT
2017-02-17 09:27:41,750-0200 DEBUG swift CDM: file://localhost/_concurrent/sims-18-2-0/[3] : DEFAULT
2017-02-17 09:27:41,750-0200 DEBUG swift FILE_STAGE_IN_START file=[3] srchost=localhost srcdir=_concurrent/sims-18-2-0 srcname=[3] desthost=local destdir=p4-run002/shared/_concurrent/sims-18-2-0 provider=file policy=DEFAULT
2017-02-17 09:27:41,750-0200 DEBUG swift FILE_STAGE_IN_START file=[5] srchost=localhost srcdir=_concurrent/sims-18-2-0 srcname=[5] desthost=local destdir=p4-run002/shared/_concurrent/sims-18-2-0 provider=file policy=DEFAULT
2017-02-17 09:27:41,751-0200 INFO  LateBindingScheduler jobs queued: 0
2017-02-17 09:27:41,751-0200 INFO  LateBindingScheduler jobs queued: 0
2017-02-17 09:27:41,752-0200 INFO  LateBindingScheduler jobs queued: 0
2017-02-17 09:27:41,752-0200 DEBUG swift CDM: file://localhost/_concurrent/sims-18-2-0/[4] : DEFAULT
2017-02-17 09:27:41,752-0200 DEBUG swift CDM: file://localhost/_concurrent/sims-18-2-0/[9] : DEFAULT
2017-02-17 09:27:41,752-0200 DEBUG swift FILE_STAGE_IN_START file=[4] srchost=localhost srcdir=_concurrent/sims-18-2-0 srcname=[4] desthost=local destdir=p4-run002/shared/_concurrent/sims-18-2-0 provider=file policy=DEFAULT
2017-02-17 09:27:41,752-0200 DEBUG swift FILE_STAGE_IN_START file=[9] srchost=localhost srcdir=_concurrent/sims-18-2-0 srcname=[9] desthost=local destdir=p4-run002/shared/_concurrent/sims-18-2-0 provider=file policy=DEFAULT
2017-02-17 09:27:41,753-0200 INFO  LateBindingScheduler jobs queued: 1
2017-02-17 09:27:41,753-0200 INFO  LateBindingScheduler jobs queued: 1
2017-02-17 09:27:41,752-0200 DEBUG swift CDM: file://localhost/_concurrent/sims-18-2-0/[2] : DEFAULT
2017-02-17 09:27:41,753-0200 DEBUG swift FILE_STAGE_IN_START file=[2] srchost=localhost srcdir=_concurrent/sims-18-2-0 srcname=[2] desthost=local destdir=p4-run002/shared/_concurrent/sims-18-2-0 provider=file policy=DEFAULT
2017-02-17 09:27:41,754-0200 DEBUG swift CDM: file://localhost/_concurrent/sims-18-2-0/[1] : DEFAULT
2017-02-17 09:27:41,754-0200 DEBUG swift FILE_STAGE_IN_START file=[1] srchost=localhost srcdir=_concurrent/sims-18-2-0 srcname=[1] desthost=local destdir=p4-run002/shared/_concurrent/sims-18-2-0 provider=file policy=DEFAULT
2017-02-17 09:27:41,754-0200 DEBUG swift CDM: file://localhost/_concurrent/sims-18-2-0/[0] : DEFAULT
2017-02-17 09:27:41,754-0200 DEBUG swift FILE_STAGE_IN_START file=[0] srchost=localhost srcdir=_concurrent/sims-18-2-0 srcname=[0] desthost=local destdir=p4-run002/shared/_concurrent/sims-18-2-0 provider=file policy=DEFAULT
2017-02-17 09:27:41,755-0200 INFO  LateBindingScheduler jobs queued: 5
2017-02-17 09:27:41,756-0200 DEBUG swift CDM: file://localhost/_concurrent/sims-18-2-0/[6] : DEFAULT
2017-02-17 09:27:41,756-0200 DEBUG swift FILE_STAGE_IN_START file=[6] srchost=localhost srcdir=_concurrent/sims-18-2-0 srcname=[6] desthost=local destdir=p4-run002/shared/_concurrent/sims-18-2-0 provider=file policy=DEFAULT
2017-02-17 09:27:41,756-0200 INFO  LateBindingScheduler jobs queued: 6
2017-02-17 09:27:41,756-0200 INFO  LateBindingScheduler jobs queued: 6
2017-02-17 09:27:41,760-0200 INFO  LateBindingScheduler jobs queued: 4
2017-02-17 09:27:41,760-0200 DEBUG swift FILE_STAGE_IN_END file=[8] srchost=localhost srcdir=_concurrent/sims-18-2-0 srcname=[8] desthost=local destdir=p4-run002/shared/_concurrent/sims-18-2-0 provider=file
2017-02-17 09:27:41,761-0200 DEBUG swift FILE_STAGE_IN_END file=[7] srchost=localhost srcdir=_concurrent/sims-18-2-0 srcname=[7] desthost=local destdir=p4-run002/shared/_concurrent/sims-18-2-0 provider=file
2017-02-17 09:27:41,764-0200 DEBUG swift FILE_STAGE_IN_END file=[3] srchost=localhost srcdir=_concurrent/sims-18-2-0 srcname=[3] desthost=local destdir=p4-run002/shared/_concurrent/sims-18-2-0 provider=file
2017-02-17 09:27:41,765-0200 INFO  LateBindingScheduler jobs queued: 3
2017-02-17 09:27:41,765-0200 INFO  LateBindingScheduler jobs queued: 3
2017-02-17 09:27:41,767-0200 DEBUG swift FILE_STAGE_IN_END file=[5] srchost=localhost srcdir=_concurrent/sims-18-2-0 srcname=[5] desthost=local destdir=p4-run002/shared/_concurrent/sims-18-2-0 provider=file
2017-02-17 09:27:41,768-0200 INFO  LateBindingScheduler jobs queued: 1
2017-02-17 09:27:41,768-0200 DEBUG swift FILE_STAGE_IN_END file=[4] srchost=localhost srcdir=_concurrent/sims-18-2-0 srcname=[4] desthost=local destdir=p4-run002/shared/_concurrent/sims-18-2-0 provider=file
2017-02-17 09:27:41,768-0200 INFO  LateBindingScheduler jobs queued: 1
2017-02-17 09:27:41,771-0200 DEBUG swift FILE_STAGE_IN_END file=[9] srchost=localhost srcdir=_concurrent/sims-18-2-0 srcname=[9] desthost=local destdir=p4-run002/shared/_concurrent/sims-18-2-0 provider=file
2017-02-17 09:27:41,772-0200 INFO  LateBindingScheduler jobs queued: 0
2017-02-17 09:27:41,775-0200 INFO  LateBindingScheduler jobs queued: 0
2017-02-17 09:27:41,776-0200 DEBUG swift FILE_STAGE_IN_END file=[2] srchost=localhost srcdir=_concurrent/sims-18-2-0 srcname=[2] desthost=local destdir=p4-run002/shared/_concurrent/sims-18-2-0 provider=file
2017-02-17 09:27:41,776-0200 INFO  LateBindingScheduler jobs queued: 0
2017-02-17 09:27:41,776-0200 DEBUG swift FILE_STAGE_IN_END file=[0] srchost=localhost srcdir=_concurrent/sims-18-2-0 srcname=[0] desthost=local destdir=p4-run002/shared/_concurrent/sims-18-2-0 provider=file
2017-02-17 09:27:41,777-0200 DEBUG swift FILE_STAGE_IN_END file=[1] srchost=localhost srcdir=_concurrent/sims-18-2-0 srcname=[1] desthost=local destdir=p4-run002/shared/_concurrent/sims-18-2-0 provider=file
2017-02-17 09:27:41,777-0200 DEBUG swift FILE_STAGE_IN_END file=[6] srchost=localhost srcdir=_concurrent/sims-18-2-0 srcname=[6] desthost=local destdir=p4-run002/shared/_concurrent/sims-18-2-0 provider=file
2017-02-17 09:27:41,778-0200 INFO  swift END jobid=stats-psjxa34n-0 - Staging in finished
2017-02-17 09:27:41,778-0200 DEBUG swift JOB_START jobid=stats-psjxa34n-0 tr=stats arguments=[_concurrent/sims-18-2-0/[0] _concurrent/sims-18-2-0/[1] _concurrent/sims-18-2-0/[2] _concurrent/sims-18-2-0/[3] _concurrent/sims-18-2-0/[4] _concurrent/sims-18-2-0/[5] _concurrent/sims-18-2-0/[6] _concurrent/sims-18-2-0/[7] _concurrent/sims-18-2-0/[8] _concurrent/sims-18-2-0/[9]] tmpdir=p4-run002/jobs/s/stats-psjxa34n-0
2017-02-17 09:27:41,779-0200 INFO  Execute JOB_TASK jobid=stats-psjxa34n-0 taskid=task-8 exec=/bin/bash dir=p4-run002 args=shared/_swiftwrap stats-psjxa34n-0 -jobdir s -scratch  -e stats -out output/average.out -err output/average.log -i -d _concurrent/sims-18-2-0|output -if _concurrent/sims-18-2-0/[8]|_concurrent/sims-18-2-0/[7]|_concurrent/sims-18-2-0/[5]|_concurrent/sims-18-2-0/[3]|_concurrent/sims-18-2-0/[4]|_concurrent/sims-18-2-0/[9]|_concurrent/sims-18-2-0/[2]|_concurrent/sims-18-2-0/[0]|_concurrent/sims-18-2-0/[1]|_concurrent/sims-18-2-0/[6] -of output/average.log|output/average.out -cf  -cdmfile -status files -a _concurrent/sims-18-2-0/[0] _concurrent/sims-18-2-0/[1] _concurrent/sims-18-2-0/[2] _concurrent/sims-18-2-0/[3] _concurrent/sims-18-2-0/[4] _concurrent/sims-18-2-0/[5] _concurrent/sims-18-2-0/[6] _concurrent/sims-18-2-0/[7] _concurrent/sims-18-2-0/[8] _concurrent/sims-18-2-0/[9]
2017-02-17 09:27:41,779-0200 INFO  Execute TASK_STATUS_CHANGE taskid=task-8 status=8
2017-02-17 09:27:41,779-0200 INFO  Execute TASK_STATUS_CHANGE taskid=task-8 status=1
2017-02-17 09:27:41,780-0200 INFO  Execute TASK_STATUS_CHANGE taskid=task-8 status=2
2017-02-17 09:27:41,861-0200 INFO  LateBindingScheduler jobs queued: 0
2017-02-17 09:27:41,861-0200 INFO  Execute TASK_STATUS_CHANGE taskid=task-8 status=7
2017-02-17 09:27:41,862-0200 DEBUG swift START jobid=stats-psjxa34n-0
2017-02-17 09:27:41,863-0200 INFO  LateBindingScheduler jobs queued: 0
2017-02-17 09:27:41,863-0200 INFO  swift SUCCESS jobid=stats-psjxa34n-0 - Success file found
2017-02-17 09:27:41,863-0200 DEBUG swift STAGING_OUT jobid=stats-psjxa34n-0
2017-02-17 09:27:41,864-0200 INFO  swift START jobid=stats-psjxa34n-0 - Staging out files
2017-02-17 09:27:41,864-0200 DEBUG swift stageouts: [file://localhost/output/average.log, file://localhost/output/average.out]
2017-02-17 09:27:41,864-0200 DEBUG swift FILE_STAGE_OUT_START srcname=average.log srcdir=p4-run002/shared/output srchost=local destdir=output desthost=localhost provider=file jobid=stats-psjxa34n-0
2017-02-17 09:27:41,864-0200 DEBUG swift FILE_STAGE_OUT_START srcname=average.out srcdir=p4-run002/shared/output srchost=local destdir=output desthost=localhost provider=file jobid=stats-psjxa34n-0
2017-02-17 09:27:41,865-0200 INFO  LateBindingScheduler jobs queued: 0
2017-02-17 09:27:41,865-0200 DEBUG swift CDM: file://localhost/output/average.log : DEFAULT
2017-02-17 09:27:41,865-0200 INFO  LateBindingScheduler jobs queued: 0
2017-02-17 09:27:41,866-0200 DEBUG swift CDM: file://localhost/output/average.out : DEFAULT
2017-02-17 09:27:41,867-0200 INFO  LateBindingScheduler jobs queued: 0
2017-02-17 09:27:41,867-0200 INFO  LateBindingScheduler jobs queued: 0
2017-02-17 09:27:41,868-0200 DEBUG swift FILE_STAGE_OUT_END srcname=average.log srcdir=p4-run002/shared/output srchost=local destdir=output desthost=localhost provider=file
2017-02-17 09:27:41,868-0200 INFO  LateBindingScheduler jobs queued: 0
2017-02-17 09:27:41,869-0200 DEBUG swift FILE_STAGE_OUT_END srcname=average.out srcdir=p4-run002/shared/output srchost=local destdir=output desthost=localhost provider=file
2017-02-17 09:27:41,870-0200 INFO  LateBindingScheduler jobs queued: 0
2017-02-17 09:27:41,871-0200 INFO  swift END jobid=stats-psjxa34n-0 - Staging out finished
2017-02-17 09:27:41,872-0200 INFO  LateBindingScheduler jobs queued: 0
2017-02-17 09:27:41,873-0200 DEBUG swift JOB_END jobid=stats-psjxa34n-0
2017-02-17 09:27:41,873-0200 INFO  swift END_SUCCESS jobid=stats-psjxa34n tr=stats
2017-02-17 09:27:41,873-0200 DEBUG swift PROCEDURE_END line=8 thread=2-0-8-5 name=analyze
2017-02-17 09:27:41,873-0200 INFO  RuntimeStats$ProgressTicker HeapMax: 954728448, CrtHeap: 121110528, UsedHeap: 11733768, JVMThreads: 39
2017-02-17 09:27:41,874-0200 INFO  RuntimeStats$ProgressTicker   Finished successfully:11
2017-02-17 09:27:41,881-0200 DEBUG swift Starting cleanups
2017-02-17 09:27:41,881-0200 INFO  swift START cleanups=[[p4-run002, local]]
2017-02-17 09:27:41,881-0200 INFO  swift START dir=p4-run002 host=local
2017-02-17 09:27:41,881-0200 DEBUG swift cdmfile 
2017-02-17 09:27:41,882-0200 INFO  LateBindingScheduler jobs queued: 0
2017-02-17 09:27:41,882-0200 INFO  swift END dir=p4-run002 host=local
2017-02-17 09:27:41,883-0200 INFO  swift END cleanups=[[p4-run002, local]]
2017-02-17 09:27:41,883-0200 DEBUG swift Ending cleanups
2017-02-17 09:27:41,886-0200 INFO  Loader Swift finished with no errors
