2017-02-17 12:19:17,532-0200 INFO  Loader JAVA Oracle Corporation Java HotSpot(TM) 64-Bit Server VM 1.7.0_80
2017-02-17 12:19:17,534-0200 INFO  Loader VERSION Swift trunk git-rev: 18aec82244c5611381528bc361888c553570c66e heads/master 6574
2017-02-17 12:19:17,534-0200 INFO  Loader RUN_ID run006
2017-02-17 12:19:17,534-0200 INFO  Loader ARGUMENTS [-runid, run006, -logfile, /home/mondelli/Dropbox/Docker/swift_verao/pagerank/run006/swift.log, pagerank.swift, -word=Brazil]
2017-02-17 12:19:17,534-0200 INFO  Loader MAX_HEAP 954728448
2017-02-17 12:19:17,534-0200 INFO  Loader GLOBUS_HOSTNAME mondelli-520U4C
2017-02-17 12:19:17,535-0200 INFO  Loader CWD /home/mondelli/Dropbox/Docker/swift_verao/pagerank/.
2017-02-17 12:19:17,536-0200 DEBUG Loader SWIFT_CONFIGURATION 
[D] /home/mondelli/swift-k/dist/swift-svn/etc/swift.conf
[C] <Command Line>
{
	TCPPortRange: "50000, 50100"                               # [D] line 27
	alwaysTransferWrapperLog: true                             # [D] line 61
	executionRetries: 0                                        # [D] line 137
	fileOperationsThrottle: 8                                  # [D] line 121
	fileTransfersThrottle: 4                                   # [D] line 107
	hostJobSubmitThrottle: 2                                   # [D] line 95
	jobSubmitThrottle: 4                                       # [D] line 83
	keepSiteDir: false                                         # [D] line 131
	lazyErrors: true                                           # [D] line 41
	logProvenance: false                                       # [D] line 200
	maxForeachThreads: 16384                                   # [D] line 194
	replicationEnabled: false                                  # [D] line 146
	replicationLimit: 3                                        # [D] line 157
	replicationMinQueueTime: 60                                # [D] line 153
	site.local {
		app.ALL.executable: "*"                                   # [D] line 235
		execution.type: "local"                                   # [D] line 223
		filesystem.type: "local"                                  # [D] line 226
		initialParallelTasks: 8                                   # [D] line 230
		maxParallelTasks: 16                                      # [D] line 229
		workDirectory: "swiftwork"                                # [D] line 232
	}
	sites: [local]                                             # [D] line 239
	tracingEnabled: false                                      # [D] line 51
}

2017-02-17 12:19:17,537-0200 DEBUG textfiles BEGIN SWIFTSCRIPT:
type file; 

#USE: swift pagerank.swift -word=Brazil

string w = arg("word");

file text[] <filesys_mapper; location="./raw.en3", prefix="english">;
file select[] <simple_mapper; location="./select", prefix="select", suffix=".txt">;
file count[] <simple_mapper; location="./count", prefix="count_word", suffix=".txt">;
file group <"group.txt">;
file sort <"sort.txt">;

app (file o) select_word (file i, string word)
{
	grep "-o" "-w" word filename(i) stdout=filename(o);
}

app (file o) count_word (file i)
{
	wc "-w" filename(i) stdout=filename(o);
}

app (file o) group_count (file i[])
{
	cat filenames(i) stdout=filename(o);
}

app (file o) sort (file i)
{
	sort "-n" filename(i) stdout=filename(o);
}

foreach t,i in text
{
	select[i] = select_word(t, w);
	count[i] = count_word(select[i]);
	
}

group = group_count(count);
sort = sort(group);



2017-02-17 12:19:17,537-0200 DEBUG textfiles END SWIFTSCRIPT:
2017-02-17 12:19:17,537-0200 INFO  Loader pagerank.swift: source file is new. Recompiling.
2017-02-17 12:19:18,880-0200 INFO  Loader RUN_START
2017-02-17 12:19:18,884-0200 INFO  SwiftExecutor swift.home = /home/mondelli/swift-k/dist/swift-svn
2017-02-17 12:19:18,923-0200 INFO  AbstractScheduler Setting resources to: {local=local}
2017-02-17 12:19:18,933-0200 INFO  GlobalSubmitQueue No global submit throttle set. Using default (1024)
2017-02-17 12:19:18,952-0200 INFO  LateBindingScheduler jobs queued: 0
2017-02-17 12:19:18,954-0200 INFO  LateBindingScheduler jobs queued: 0
2017-02-17 12:19:18,955-0200 INFO  LateBindingScheduler jobs queued: 0
2017-02-17 12:19:18,981-0200 INFO  RuntimeStats$ProgressTicker HeapMax: 954728448, CrtHeap: 121110528, UsedHeap: 36684872, JVMThreads: 17
2017-02-17 12:19:18,981-0200 INFO  RuntimeStats$ProgressTicker 
2017-02-17 12:19:19,000-0200 DEBUG swift PROCEDURE line=23 thread=2-0-13-10 name=group_count
2017-02-17 12:19:19,000-0200 DEBUG swift PROCEDURE line=28 thread=2-0-14-11 name=sort
2017-02-17 12:19:19,009-0200 DEBUG swift FOREACH_IT_START line=33 thread=2-0-12-9-15-0
2017-02-17 12:19:19,009-0200 DEBUG swift FOREACH_IT_START line=33 thread=2-0-12-9-16-1
2017-02-17 12:19:19,009-0200 DEBUG swift FOREACH_IT_START line=33 thread=2-0-12-9-17-2
2017-02-17 12:19:19,009-0200 DEBUG swift SCOPE thread=2-0-12-9-17-2
2017-02-17 12:19:19,009-0200 DEBUG swift PROCEDURE line=13 thread=2-0-12-9-17-2-18-0 name=select_word
2017-02-17 12:19:19,009-0200 DEBUG swift PROCEDURE line=18 thread=2-0-12-9-17-2-19-1 name=count_word
2017-02-17 12:19:19,009-0200 DEBUG swift SCOPE thread=2-0-12-9-16-1
2017-02-17 12:19:19,009-0200 DEBUG swift SCOPE thread=2-0-12-9-15-0
2017-02-17 12:19:19,010-0200 DEBUG swift FOREACH_IT_START line=33 thread=2-0-12-9-21-4
2017-02-17 12:19:19,010-0200 DEBUG swift SCOPE thread=2-0-12-9-21-4
2017-02-17 12:19:19,010-0200 DEBUG swift PROCEDURE line=13 thread=2-0-12-9-16-1-22-0 name=select_word
2017-02-17 12:19:19,010-0200 DEBUG swift PROCEDURE line=18 thread=2-0-12-9-16-1-23-1 name=count_word
2017-02-17 12:19:19,010-0200 DEBUG swift PROCEDURE line=13 thread=2-0-12-9-15-0-24-0 name=select_word
2017-02-17 12:19:19,010-0200 DEBUG swift PROCEDURE line=18 thread=2-0-12-9-15-0-25-1 name=count_word
2017-02-17 12:19:19,010-0200 DEBUG swift PROCEDURE line=13 thread=2-0-12-9-21-4-26-0 name=select_word
2017-02-17 12:19:19,009-0200 DEBUG swift FOREACH_IT_START line=33 thread=2-0-12-9-20-3
2017-02-17 12:19:19,010-0200 DEBUG swift PROCEDURE line=18 thread=2-0-12-9-21-4-27-1 name=count_word
2017-02-17 12:19:19,010-0200 DEBUG swift SCOPE thread=2-0-12-9-20-3
2017-02-17 12:19:19,010-0200 DEBUG swift PROCEDURE line=13 thread=2-0-12-9-20-3-28-0 name=select_word
2017-02-17 12:19:19,011-0200 DEBUG swift PROCEDURE line=18 thread=2-0-12-9-20-3-29-1 name=count_word
2017-02-17 12:19:19,013-0200 DEBUG swift JOB_INIT jobid=grep-turrh34n tr=grep
2017-02-17 12:19:19,013-0200 DEBUG swift JOB_INIT jobid=grep-uurrh34n tr=grep
2017-02-17 12:19:19,013-0200 DEBUG swift JOB_INIT jobid=grep-surrh34n tr=grep
2017-02-17 12:19:19,014-0200 DEBUG swift JOB_SITE_SELECT jobid=grep-surrh34n-0
2017-02-17 12:19:19,014-0200 DEBUG swift JOB_SITE_SELECT jobid=grep-uurrh34n-0
2017-02-17 12:19:19,014-0200 DEBUG swift JOB_INIT jobid=grep-vurrh34n tr=grep
2017-02-17 12:19:19,014-0200 DEBUG swift JOB_SITE_SELECT jobid=grep-vurrh34n-0
2017-02-17 12:19:19,014-0200 DEBUG swift JOB_INIT jobid=grep-xurrh34n tr=grep
2017-02-17 12:19:19,014-0200 DEBUG swift JOB_SITE_SELECT jobid=grep-turrh34n-0
2017-02-17 12:19:19,015-0200 DEBUG swift JOB_SITE_SELECT jobid=grep-xurrh34n-0
2017-02-17 12:19:19,019-0200 DEBUG swift THREAD_ASSOCIATION jobid=grep-vurrh34n-0 host=local thread=2-0-12-9-15-0-24-0
2017-02-17 12:19:19,020-0200 DEBUG swift THREAD_ASSOCIATION jobid=grep-uurrh34n-0 host=local thread=2-0-12-9-16-1-22-0
2017-02-17 12:19:19,020-0200 DEBUG swift THREAD_ASSOCIATION jobid=grep-surrh34n-0 host=local thread=2-0-12-9-17-2-18-0
2017-02-17 12:19:19,020-0200 DEBUG swift THREAD_ASSOCIATION jobid=grep-xurrh34n-0 host=local thread=2-0-12-9-21-4-26-0
2017-02-17 12:19:19,020-0200 INFO  swift START host=local - Initializing shared directory
2017-02-17 12:19:19,020-0200 DEBUG swift THREAD_ASSOCIATION jobid=grep-turrh34n-0 host=local thread=2-0-12-9-20-3-28-0
2017-02-17 12:19:19,022-0200 INFO  LateBindingScheduler jobs queued: 0
2017-02-17 12:19:19,033-0200 INFO  LateBindingScheduler jobs queued: 0
2017-02-17 12:19:19,034-0200 INFO  LateBindingScheduler jobs queued: 0
2017-02-17 12:19:19,034-0200 INFO  LateBindingScheduler jobs queued: 0
2017-02-17 12:19:19,036-0200 INFO  swift END host=local - Done initializing shared directory
2017-02-17 12:19:19,039-0200 INFO  swift START jobid=grep-turrh34n-0 host=local - Initializing directory structure
2017-02-17 12:19:19,039-0200 INFO  swift START jobid=grep-vurrh34n-0 host=local - Initializing directory structure
2017-02-17 12:19:19,039-0200 INFO  swift START path=select dir=pagerank-run006/shared - Creating directory structure
2017-02-17 12:19:19,039-0200 INFO  swift START jobid=grep-surrh34n-0 host=local - Initializing directory structure
2017-02-17 12:19:19,039-0200 INFO  swift START jobid=grep-uurrh34n-0 host=local - Initializing directory structure
2017-02-17 12:19:19,039-0200 INFO  swift START jobid=grep-xurrh34n-0 host=local - Initializing directory structure
2017-02-17 12:19:19,040-0200 INFO  LateBindingScheduler jobs queued: 1
2017-02-17 12:19:19,041-0200 INFO  swift START path=raw.en3 dir=pagerank-run006/shared - Creating directory structure
2017-02-17 12:19:19,042-0200 INFO  LateBindingScheduler jobs queued: 0
2017-02-17 12:19:19,043-0200 INFO  swift END jobid=grep-turrh34n-0 - Done initializing directory structure
2017-02-17 12:19:19,043-0200 INFO  swift START jobid=grep-turrh34n-0 - Staging in files [file://localhost/./raw.en3/englishText_40000_50000]
2017-02-17 12:19:19,043-0200 INFO  swift END jobid=grep-vurrh34n-0 - Done initializing directory structure
2017-02-17 12:19:19,043-0200 INFO  swift START jobid=grep-vurrh34n-0 - Staging in files [file://localhost/./raw.en3/englishText_0_10000]
2017-02-17 12:19:19,043-0200 INFO  swift END jobid=grep-surrh34n-0 - Done initializing directory structure
2017-02-17 12:19:19,043-0200 INFO  swift START jobid=grep-surrh34n-0 - Staging in files [file://localhost/./raw.en3/englishText_30000_40000]
2017-02-17 12:19:19,043-0200 INFO  swift END jobid=grep-xurrh34n-0 - Done initializing directory structure
2017-02-17 12:19:19,043-0200 INFO  swift START jobid=grep-xurrh34n-0 - Staging in files [file://localhost/./raw.en3/englishText_20000_30000]
2017-02-17 12:19:19,044-0200 INFO  swift END jobid=grep-uurrh34n-0 - Done initializing directory structure
2017-02-17 12:19:19,045-0200 INFO  swift START jobid=grep-uurrh34n-0 - Staging in files [file://localhost/./raw.en3/englishText_10000_20000]
2017-02-17 12:19:19,045-0200 INFO  LateBindingScheduler jobs queued: 3
2017-02-17 12:19:19,045-0200 INFO  LateBindingScheduler jobs queued: 4
2017-02-17 12:19:19,046-0200 INFO  LateBindingScheduler jobs queued: 0
2017-02-17 12:19:19,046-0200 INFO  LateBindingScheduler jobs queued: 0
2017-02-17 12:19:19,046-0200 INFO  LateBindingScheduler jobs queued: 0
2017-02-17 12:19:19,050-0200 DEBUG swift CDM: file://localhost/./raw.en3/englishText_40000_50000 : DEFAULT
2017-02-17 12:19:19,050-0200 DEBUG swift CDM: file://localhost/./raw.en3/englishText_20000_30000 : DEFAULT
2017-02-17 12:19:19,050-0200 DEBUG swift CDM: file://localhost/./raw.en3/englishText_10000_20000 : DEFAULT
2017-02-17 12:19:19,050-0200 DEBUG swift CDM: file://localhost/./raw.en3/englishText_30000_40000 : DEFAULT
2017-02-17 12:19:19,051-0200 DEBUG swift CDM: file://localhost/./raw.en3/englishText_0_10000 : DEFAULT
2017-02-17 12:19:19,053-0200 DEBUG swift FILE_STAGE_IN_START file=englishText_40000_50000 srchost=localhost srcdir=./raw.en3 srcname=englishText_40000_50000 desthost=local destdir=pagerank-run006/shared/raw.en3 provider=file policy=DEFAULT
2017-02-17 12:19:19,053-0200 DEBUG swift FILE_STAGE_IN_START file=englishText_30000_40000 srchost=localhost srcdir=./raw.en3 srcname=englishText_30000_40000 desthost=local destdir=pagerank-run006/shared/raw.en3 provider=file policy=DEFAULT
2017-02-17 12:19:19,053-0200 DEBUG swift FILE_STAGE_IN_START file=englishText_10000_20000 srchost=localhost srcdir=./raw.en3 srcname=englishText_10000_20000 desthost=local destdir=pagerank-run006/shared/raw.en3 provider=file policy=DEFAULT
2017-02-17 12:19:19,054-0200 DEBUG swift FILE_STAGE_IN_START file=englishText_20000_30000 srchost=localhost srcdir=./raw.en3 srcname=englishText_20000_30000 desthost=local destdir=pagerank-run006/shared/raw.en3 provider=file policy=DEFAULT
2017-02-17 12:19:19,054-0200 DEBUG swift FILE_STAGE_IN_START file=englishText_0_10000 srchost=localhost srcdir=./raw.en3 srcname=englishText_0_10000 desthost=local destdir=pagerank-run006/shared/raw.en3 provider=file policy=DEFAULT
2017-02-17 12:19:19,106-0200 INFO  LateBindingScheduler jobs queued: 1
2017-02-17 12:19:19,107-0200 DEBUG swift FILE_STAGE_IN_END file=englishText_40000_50000 srchost=localhost srcdir=./raw.en3 srcname=englishText_40000_50000 desthost=local destdir=pagerank-run006/shared/raw.en3 provider=file
2017-02-17 12:19:19,108-0200 INFO  swift END jobid=grep-turrh34n-0 - Staging in finished
2017-02-17 12:19:19,108-0200 DEBUG swift JOB_START jobid=grep-turrh34n-0 tr=grep arguments=[-o, -w, Brazil, raw.en3/englishText_40000_50000] tmpdir=pagerank-run006/jobs/g/grep-turrh34n-0
2017-02-17 12:19:19,118-0200 INFO  Execute JOB_TASK jobid=grep-turrh34n-0 taskid=task-28 exec=/bin/bash dir=pagerank-run006 args=shared/_swiftwrap grep-turrh34n-0 -jobdir g -scratch  -e grep -out select/select0003.txt -err stderr.txt -i -d select|raw.en3 -if raw.en3/englishText_40000_50000 -of select/select0003.txt -cf  -cdmfile -status files -a -o -w Brazil raw.en3/englishText_40000_50000
2017-02-17 12:19:19,118-0200 INFO  LateBindingScheduler jobs queued: 0
2017-02-17 12:19:19,119-0200 DEBUG swift FILE_STAGE_IN_END file=englishText_10000_20000 srchost=localhost srcdir=./raw.en3 srcname=englishText_10000_20000 desthost=local destdir=pagerank-run006/shared/raw.en3 provider=file
2017-02-17 12:19:19,119-0200 INFO  swift END jobid=grep-uurrh34n-0 - Staging in finished
2017-02-17 12:19:19,119-0200 DEBUG swift JOB_START jobid=grep-uurrh34n-0 tr=grep arguments=[-o, -w, Brazil, raw.en3/englishText_10000_20000] tmpdir=pagerank-run006/jobs/g/grep-uurrh34n-0
2017-02-17 12:19:19,120-0200 INFO  Execute JOB_TASK jobid=grep-uurrh34n-0 taskid=task-22 exec=/bin/bash dir=pagerank-run006 args=shared/_swiftwrap grep-uurrh34n-0 -jobdir g -scratch  -e grep -out select/select0001.txt -err stderr.txt -i -d select|raw.en3 -if raw.en3/englishText_10000_20000 -of select/select0001.txt -cf  -cdmfile -status files -a -o -w Brazil raw.en3/englishText_10000_20000
2017-02-17 12:19:19,129-0200 INFO  LateBindingScheduler jobs queued: 0
2017-02-17 12:19:19,130-0200 INFO  Execute TASK_STATUS_CHANGE taskid=task-28 status=8
2017-02-17 12:19:19,131-0200 DEBUG swift FILE_STAGE_IN_END file=englishText_30000_40000 srchost=localhost srcdir=./raw.en3 srcname=englishText_30000_40000 desthost=local destdir=pagerank-run006/shared/raw.en3 provider=file
2017-02-17 12:19:19,131-0200 INFO  swift END jobid=grep-surrh34n-0 - Staging in finished
2017-02-17 12:19:19,131-0200 DEBUG swift JOB_START jobid=grep-surrh34n-0 tr=grep arguments=[-o, -w, Brazil, raw.en3/englishText_30000_40000] tmpdir=pagerank-run006/jobs/g/grep-surrh34n-0
2017-02-17 12:19:19,132-0200 INFO  Execute JOB_TASK jobid=grep-surrh34n-0 taskid=task-18 exec=/bin/bash dir=pagerank-run006 args=shared/_swiftwrap grep-surrh34n-0 -jobdir g -scratch  -e grep -out select/select0002.txt -err stderr.txt -i -d select|raw.en3 -if raw.en3/englishText_30000_40000 -of select/select0002.txt -cf  -cdmfile -status files -a -o -w Brazil raw.en3/englishText_30000_40000
2017-02-17 12:19:19,132-0200 INFO  Execute TASK_STATUS_CHANGE taskid=task-28 status=1
2017-02-17 12:19:19,133-0200 INFO  Execute TASK_STATUS_CHANGE taskid=task-18 status=8
2017-02-17 12:19:19,133-0200 INFO  Execute TASK_STATUS_CHANGE taskid=task-22 status=8
2017-02-17 12:19:19,150-0200 INFO  Execute TASK_STATUS_CHANGE taskid=task-18 status=1
2017-02-17 12:19:19,150-0200 INFO  Execute TASK_STATUS_CHANGE taskid=task-22 status=1
2017-02-17 12:19:19,153-0200 INFO  Execute TASK_STATUS_CHANGE taskid=task-28 status=2
2017-02-17 12:19:19,159-0200 INFO  LateBindingScheduler jobs queued: 0
2017-02-17 12:19:19,160-0200 DEBUG swift FILE_STAGE_IN_END file=englishText_20000_30000 srchost=localhost srcdir=./raw.en3 srcname=englishText_20000_30000 desthost=local destdir=pagerank-run006/shared/raw.en3 provider=file
2017-02-17 12:19:19,160-0200 INFO  swift END jobid=grep-xurrh34n-0 - Staging in finished
2017-02-17 12:19:19,160-0200 DEBUG swift JOB_START jobid=grep-xurrh34n-0 tr=grep arguments=[-o, -w, Brazil, raw.en3/englishText_20000_30000] tmpdir=pagerank-run006/jobs/g/grep-xurrh34n-0
2017-02-17 12:19:19,160-0200 INFO  Execute JOB_TASK jobid=grep-xurrh34n-0 taskid=task-26 exec=/bin/bash dir=pagerank-run006 args=shared/_swiftwrap grep-xurrh34n-0 -jobdir g -scratch  -e grep -out select/select0004.txt -err stderr.txt -i -d select|raw.en3 -if raw.en3/englishText_20000_30000 -of select/select0004.txt -cf  -cdmfile -status files -a -o -w Brazil raw.en3/englishText_20000_30000
2017-02-17 12:19:19,161-0200 INFO  Execute TASK_STATUS_CHANGE taskid=task-18 status=2
2017-02-17 12:19:19,161-0200 INFO  Execute TASK_STATUS_CHANGE taskid=task-26 status=8
2017-02-17 12:19:19,162-0200 INFO  LateBindingScheduler jobs queued: 0
2017-02-17 12:19:19,162-0200 DEBUG swift FILE_STAGE_IN_END file=englishText_0_10000 srchost=localhost srcdir=./raw.en3 srcname=englishText_0_10000 desthost=local destdir=pagerank-run006/shared/raw.en3 provider=file
2017-02-17 12:19:19,162-0200 INFO  swift END jobid=grep-vurrh34n-0 - Staging in finished
2017-02-17 12:19:19,162-0200 DEBUG swift JOB_START jobid=grep-vurrh34n-0 tr=grep arguments=[-o, -w, Brazil, raw.en3/englishText_0_10000] tmpdir=pagerank-run006/jobs/g/grep-vurrh34n-0
2017-02-17 12:19:19,163-0200 INFO  Execute JOB_TASK jobid=grep-vurrh34n-0 taskid=task-24 exec=/bin/bash dir=pagerank-run006 args=shared/_swiftwrap grep-vurrh34n-0 -jobdir g -scratch  -e grep -out select/select0000.txt -err stderr.txt -i -d select|raw.en3 -if raw.en3/englishText_0_10000 -of select/select0000.txt -cf  -cdmfile -status files -a -o -w Brazil raw.en3/englishText_0_10000
2017-02-17 12:19:19,163-0200 INFO  Execute TASK_STATUS_CHANGE taskid=task-24 status=8
2017-02-17 12:19:19,163-0200 INFO  Execute TASK_STATUS_CHANGE taskid=task-24 status=1
2017-02-17 12:19:19,165-0200 INFO  Execute TASK_STATUS_CHANGE taskid=task-22 status=2
2017-02-17 12:19:19,167-0200 INFO  Execute TASK_STATUS_CHANGE taskid=task-26 status=1
2017-02-17 12:19:19,183-0200 INFO  Execute TASK_STATUS_CHANGE taskid=task-24 status=2
2017-02-17 12:19:19,191-0200 INFO  Execute TASK_STATUS_CHANGE taskid=task-26 status=2
2017-02-17 12:19:19,327-0200 INFO  LateBindingScheduler jobs queued: 0
2017-02-17 12:19:19,328-0200 INFO  Execute TASK_STATUS_CHANGE taskid=task-18 status=7
2017-02-17 12:19:19,328-0200 DEBUG swift START jobid=grep-surrh34n-0
2017-02-17 12:19:19,329-0200 INFO  LateBindingScheduler jobs queued: 0
2017-02-17 12:19:19,329-0200 INFO  swift SUCCESS jobid=grep-surrh34n-0 - Success file found
2017-02-17 12:19:19,329-0200 DEBUG swift STAGING_OUT jobid=grep-surrh34n-0
2017-02-17 12:19:19,329-0200 INFO  swift START jobid=grep-surrh34n-0 - Staging out files
2017-02-17 12:19:19,329-0200 DEBUG swift stageouts: [file://localhost/./select/select0002.txt]
2017-02-17 12:19:19,331-0200 DEBUG swift FILE_STAGE_OUT_START srcname=select0002.txt srcdir=pagerank-run006/shared/select srchost=local destdir=./select desthost=localhost provider=file jobid=grep-surrh34n-0
2017-02-17 12:19:19,332-0200 INFO  LateBindingScheduler jobs queued: 0
2017-02-17 12:19:19,332-0200 DEBUG swift CDM: file://localhost/./select/select0002.txt : DEFAULT
2017-02-17 12:19:19,333-0200 INFO  LateBindingScheduler jobs queued: 0
2017-02-17 12:19:19,334-0200 DEBUG swift FILE_STAGE_OUT_END srcname=select0002.txt srcdir=pagerank-run006/shared/select srchost=local destdir=./select desthost=localhost provider=file
2017-02-17 12:19:19,335-0200 INFO  LateBindingScheduler jobs queued: 0
2017-02-17 12:19:19,336-0200 INFO  swift END jobid=grep-surrh34n-0 - Staging out finished
2017-02-17 12:19:19,340-0200 INFO  LateBindingScheduler jobs queued: 0
2017-02-17 12:19:19,341-0200 DEBUG swift JOB_END jobid=grep-surrh34n-0
2017-02-17 12:19:19,341-0200 INFO  swift END_SUCCESS jobid=grep-surrh34n tr=grep
2017-02-17 12:19:19,341-0200 DEBUG swift PROCEDURE_END line=13 thread=2-0-12-9-17-2-18-0 name=select_word
2017-02-17 12:19:19,342-0200 DEBUG swift JOB_INIT jobid=wc-yurrh34n tr=wc
2017-02-17 12:19:19,342-0200 DEBUG swift JOB_SITE_SELECT jobid=wc-yurrh34n-0
2017-02-17 12:19:19,343-0200 DEBUG swift THREAD_ASSOCIATION jobid=wc-yurrh34n-0 host=local thread=2-0-12-9-17-2-19-1
2017-02-17 12:19:19,343-0200 INFO  swift START jobid=wc-yurrh34n-0 host=local - Initializing directory structure
2017-02-17 12:19:19,343-0200 INFO  swift START path=count dir=pagerank-run006/shared - Creating directory structure
2017-02-17 12:19:19,344-0200 INFO  LateBindingScheduler jobs queued: 0
2017-02-17 12:19:19,345-0200 INFO  swift END jobid=wc-yurrh34n-0 - Done initializing directory structure
2017-02-17 12:19:19,345-0200 INFO  swift START jobid=wc-yurrh34n-0 - Staging in files [file://localhost/./select/select0002.txt]
2017-02-17 12:19:19,346-0200 INFO  LateBindingScheduler jobs queued: 0
2017-02-17 12:19:19,346-0200 DEBUG swift CDM: file://localhost/./select/select0002.txt : DEFAULT
2017-02-17 12:19:19,347-0200 INFO  swift END jobid=wc-yurrh34n-0 - Staging in finished
2017-02-17 12:19:19,347-0200 DEBUG swift JOB_START jobid=wc-yurrh34n-0 tr=wc arguments=[-w, select/select0002.txt] tmpdir=pagerank-run006/jobs/w/wc-yurrh34n-0
2017-02-17 12:19:19,347-0200 INFO  Execute JOB_TASK jobid=wc-yurrh34n-0 taskid=task-19 exec=/bin/bash dir=pagerank-run006 args=shared/_swiftwrap wc-yurrh34n-0 -jobdir w -scratch  -e wc -out count/count_word0002.txt -err stderr.txt -i -d select|count -if select/select0002.txt -of count/count_word0002.txt -cf  -cdmfile -status files -a -w select/select0002.txt
2017-02-17 12:19:19,348-0200 INFO  Execute TASK_STATUS_CHANGE taskid=task-19 status=8
2017-02-17 12:19:19,349-0200 INFO  Execute TASK_STATUS_CHANGE taskid=task-19 status=1
2017-02-17 12:19:19,351-0200 INFO  Execute TASK_STATUS_CHANGE taskid=task-19 status=2
2017-02-17 12:19:19,352-0200 INFO  LateBindingScheduler jobs queued: 0
2017-02-17 12:19:19,352-0200 INFO  Execute TASK_STATUS_CHANGE taskid=task-24 status=7
2017-02-17 12:19:19,352-0200 DEBUG swift START jobid=grep-vurrh34n-0
2017-02-17 12:19:19,353-0200 INFO  LateBindingScheduler jobs queued: 0
2017-02-17 12:19:19,353-0200 INFO  swift SUCCESS jobid=grep-vurrh34n-0 - Success file found
2017-02-17 12:19:19,353-0200 DEBUG swift STAGING_OUT jobid=grep-vurrh34n-0
2017-02-17 12:19:19,353-0200 INFO  swift START jobid=grep-vurrh34n-0 - Staging out files
2017-02-17 12:19:19,353-0200 DEBUG swift stageouts: [file://localhost/./select/select0000.txt]
2017-02-17 12:19:19,354-0200 DEBUG swift FILE_STAGE_OUT_START srcname=select0000.txt srcdir=pagerank-run006/shared/select srchost=local destdir=./select desthost=localhost provider=file jobid=grep-vurrh34n-0
2017-02-17 12:19:19,354-0200 INFO  LateBindingScheduler jobs queued: 0
2017-02-17 12:19:19,354-0200 DEBUG swift CDM: file://localhost/./select/select0000.txt : DEFAULT
2017-02-17 12:19:19,356-0200 INFO  LateBindingScheduler jobs queued: 0
2017-02-17 12:19:19,356-0200 DEBUG swift FILE_STAGE_OUT_END srcname=select0000.txt srcdir=pagerank-run006/shared/select srchost=local destdir=./select desthost=localhost provider=file
2017-02-17 12:19:19,356-0200 INFO  LateBindingScheduler jobs queued: 0
2017-02-17 12:19:19,357-0200 INFO  swift END jobid=grep-vurrh34n-0 - Staging out finished
2017-02-17 12:19:19,358-0200 INFO  LateBindingScheduler jobs queued: 0
2017-02-17 12:19:19,359-0200 DEBUG swift JOB_END jobid=grep-vurrh34n-0
2017-02-17 12:19:19,359-0200 INFO  swift END_SUCCESS jobid=grep-vurrh34n tr=grep
2017-02-17 12:19:19,359-0200 DEBUG swift PROCEDURE_END line=13 thread=2-0-12-9-15-0-24-0 name=select_word
2017-02-17 12:19:19,359-0200 DEBUG swift JOB_INIT jobid=wc-zurrh34n tr=wc
2017-02-17 12:19:19,359-0200 DEBUG swift JOB_SITE_SELECT jobid=wc-zurrh34n-0
2017-02-17 12:19:19,360-0200 DEBUG swift THREAD_ASSOCIATION jobid=wc-zurrh34n-0 host=local thread=2-0-12-9-15-0-25-1
2017-02-17 12:19:19,360-0200 INFO  swift START jobid=wc-zurrh34n-0 host=local - Initializing directory structure
2017-02-17 12:19:19,360-0200 INFO  swift END jobid=wc-zurrh34n-0 - Done initializing directory structure
2017-02-17 12:19:19,361-0200 INFO  swift START jobid=wc-zurrh34n-0 - Staging in files [file://localhost/./select/select0000.txt]
2017-02-17 12:19:19,361-0200 INFO  LateBindingScheduler jobs queued: 0
2017-02-17 12:19:19,361-0200 DEBUG swift CDM: file://localhost/./select/select0000.txt : DEFAULT
2017-02-17 12:19:19,362-0200 INFO  swift END jobid=wc-zurrh34n-0 - Staging in finished
2017-02-17 12:19:19,362-0200 DEBUG swift JOB_START jobid=wc-zurrh34n-0 tr=wc arguments=[-w, select/select0000.txt] tmpdir=pagerank-run006/jobs/w/wc-zurrh34n-0
2017-02-17 12:19:19,362-0200 INFO  Execute JOB_TASK jobid=wc-zurrh34n-0 taskid=task-25 exec=/bin/bash dir=pagerank-run006 args=shared/_swiftwrap wc-zurrh34n-0 -jobdir w -scratch  -e wc -out count/count_word0000.txt -err stderr.txt -i -d select|count -if select/select0000.txt -of count/count_word0000.txt -cf  -cdmfile -status files -a -w select/select0000.txt
2017-02-17 12:19:19,363-0200 INFO  Execute TASK_STATUS_CHANGE taskid=task-25 status=8
2017-02-17 12:19:19,363-0200 INFO  Execute TASK_STATUS_CHANGE taskid=task-25 status=1
2017-02-17 12:19:19,364-0200 INFO  Execute TASK_STATUS_CHANGE taskid=task-25 status=2
2017-02-17 12:19:19,366-0200 INFO  LateBindingScheduler jobs queued: 0
2017-02-17 12:19:19,367-0200 INFO  Execute TASK_STATUS_CHANGE taskid=task-22 status=7
2017-02-17 12:19:19,367-0200 DEBUG swift START jobid=grep-uurrh34n-0
2017-02-17 12:19:19,367-0200 INFO  LateBindingScheduler jobs queued: 0
2017-02-17 12:19:19,367-0200 INFO  LateBindingScheduler jobs queued: 0
2017-02-17 12:19:19,368-0200 INFO  Execute TASK_STATUS_CHANGE taskid=task-28 status=7
2017-02-17 12:19:19,368-0200 INFO  swift SUCCESS jobid=grep-uurrh34n-0 - Success file found
2017-02-17 12:19:19,368-0200 DEBUG swift START jobid=grep-turrh34n-0
2017-02-17 12:19:19,368-0200 DEBUG swift STAGING_OUT jobid=grep-uurrh34n-0
2017-02-17 12:19:19,368-0200 INFO  swift START jobid=grep-uurrh34n-0 - Staging out files
2017-02-17 12:19:19,368-0200 DEBUG swift stageouts: [file://localhost/./select/select0001.txt]
2017-02-17 12:19:19,368-0200 DEBUG swift FILE_STAGE_OUT_START srcname=select0001.txt srcdir=pagerank-run006/shared/select srchost=local destdir=./select desthost=localhost provider=file jobid=grep-uurrh34n-0
2017-02-17 12:19:19,369-0200 INFO  LateBindingScheduler jobs queued: 0
2017-02-17 12:19:19,369-0200 INFO  LateBindingScheduler jobs queued: 0
2017-02-17 12:19:19,369-0200 INFO  swift SUCCESS jobid=grep-turrh34n-0 - Success file found
2017-02-17 12:19:19,369-0200 DEBUG swift STAGING_OUT jobid=grep-turrh34n-0
2017-02-17 12:19:19,369-0200 INFO  swift START jobid=grep-turrh34n-0 - Staging out files
2017-02-17 12:19:19,369-0200 DEBUG swift stageouts: [file://localhost/./select/select0003.txt]
2017-02-17 12:19:19,370-0200 DEBUG swift CDM: file://localhost/./select/select0001.txt : DEFAULT
2017-02-17 12:19:19,370-0200 DEBUG swift FILE_STAGE_OUT_START srcname=select0003.txt srcdir=pagerank-run006/shared/select srchost=local destdir=./select desthost=localhost provider=file jobid=grep-turrh34n-0
2017-02-17 12:19:19,370-0200 INFO  LateBindingScheduler jobs queued: 0
2017-02-17 12:19:19,371-0200 DEBUG swift CDM: file://localhost/./select/select0003.txt : DEFAULT
2017-02-17 12:19:19,372-0200 INFO  LateBindingScheduler jobs queued: 0
2017-02-17 12:19:19,372-0200 DEBUG swift FILE_STAGE_OUT_END srcname=select0001.txt srcdir=pagerank-run006/shared/select srchost=local destdir=./select desthost=localhost provider=file
2017-02-17 12:19:19,373-0200 INFO  LateBindingScheduler jobs queued: 0
2017-02-17 12:19:19,373-0200 INFO  LateBindingScheduler jobs queued: 0
2017-02-17 12:19:19,373-0200 DEBUG swift FILE_STAGE_OUT_END srcname=select0003.txt srcdir=pagerank-run006/shared/select srchost=local destdir=./select desthost=localhost provider=file
2017-02-17 12:19:19,374-0200 INFO  swift END jobid=grep-uurrh34n-0 - Staging out finished
2017-02-17 12:19:19,374-0200 INFO  LateBindingScheduler jobs queued: 0
2017-02-17 12:19:19,375-0200 INFO  swift END jobid=grep-turrh34n-0 - Staging out finished
2017-02-17 12:19:19,377-0200 INFO  LateBindingScheduler jobs queued: 0
2017-02-17 12:19:19,377-0200 DEBUG swift JOB_END jobid=grep-uurrh34n-0
2017-02-17 12:19:19,378-0200 INFO  swift END_SUCCESS jobid=grep-uurrh34n tr=grep
2017-02-17 12:19:19,378-0200 DEBUG swift PROCEDURE_END line=13 thread=2-0-12-9-16-1-22-0 name=select_word
2017-02-17 12:19:19,378-0200 DEBUG swift JOB_INIT jobid=wc-0vrrh34n tr=wc
2017-02-17 12:19:19,378-0200 DEBUG swift JOB_SITE_SELECT jobid=wc-0vrrh34n-0
2017-02-17 12:19:19,378-0200 INFO  LateBindingScheduler jobs queued: 1
2017-02-17 12:19:19,378-0200 INFO  Execute TASK_STATUS_CHANGE taskid=task-26 status=7
2017-02-17 12:19:19,379-0200 DEBUG swift THREAD_ASSOCIATION jobid=wc-0vrrh34n-0 host=local thread=2-0-12-9-16-1-23-1
2017-02-17 12:19:19,379-0200 INFO  LateBindingScheduler jobs queued: 0
2017-02-17 12:19:19,380-0200 INFO  swift START jobid=wc-0vrrh34n-0 host=local - Initializing directory structure
2017-02-17 12:19:19,380-0200 INFO  swift END jobid=wc-0vrrh34n-0 - Done initializing directory structure
2017-02-17 12:19:19,380-0200 INFO  swift START jobid=wc-0vrrh34n-0 - Staging in files [file://localhost/./select/select0001.txt]
2017-02-17 12:19:19,380-0200 DEBUG swift START jobid=grep-xurrh34n-0
2017-02-17 12:19:19,381-0200 INFO  LateBindingScheduler jobs queued: 0
2017-02-17 12:19:19,381-0200 INFO  LateBindingScheduler jobs queued: 0
2017-02-17 12:19:19,381-0200 DEBUG swift CDM: file://localhost/./select/select0001.txt : DEFAULT
2017-02-17 12:19:19,381-0200 INFO  swift SUCCESS jobid=grep-xurrh34n-0 - Success file found
2017-02-17 12:19:19,381-0200 DEBUG swift STAGING_OUT jobid=grep-xurrh34n-0
2017-02-17 12:19:19,381-0200 INFO  swift START jobid=grep-xurrh34n-0 - Staging out files
2017-02-17 12:19:19,381-0200 DEBUG swift stageouts: [file://localhost/./select/select0004.txt]
2017-02-17 12:19:19,381-0200 INFO  swift END jobid=wc-0vrrh34n-0 - Staging in finished
2017-02-17 12:19:19,382-0200 DEBUG swift JOB_START jobid=wc-0vrrh34n-0 tr=wc arguments=[-w, select/select0001.txt] tmpdir=pagerank-run006/jobs/w/wc-0vrrh34n-0
2017-02-17 12:19:19,382-0200 DEBUG swift FILE_STAGE_OUT_START srcname=select0004.txt srcdir=pagerank-run006/shared/select srchost=local destdir=./select desthost=localhost provider=file jobid=grep-xurrh34n-0
2017-02-17 12:19:19,382-0200 INFO  Execute JOB_TASK jobid=wc-0vrrh34n-0 taskid=task-23 exec=/bin/bash dir=pagerank-run006 args=shared/_swiftwrap wc-0vrrh34n-0 -jobdir w -scratch  -e wc -out count/count_word0001.txt -err stderr.txt -i -d select|count -if select/select0001.txt -of count/count_word0001.txt -cf  -cdmfile -status files -a -w select/select0001.txt
2017-02-17 12:19:19,382-0200 INFO  Execute TASK_STATUS_CHANGE taskid=task-23 status=8
2017-02-17 12:19:19,382-0200 INFO  LateBindingScheduler jobs queued: 0
2017-02-17 12:19:19,383-0200 INFO  Execute TASK_STATUS_CHANGE taskid=task-23 status=1
2017-02-17 12:19:19,383-0200 DEBUG swift CDM: file://localhost/./select/select0004.txt : DEFAULT
2017-02-17 12:19:19,385-0200 DEBUG swift JOB_END jobid=grep-turrh34n-0
2017-02-17 12:19:19,386-0200 INFO  swift END_SUCCESS jobid=grep-turrh34n tr=grep
2017-02-17 12:19:19,386-0200 DEBUG swift PROCEDURE_END line=13 thread=2-0-12-9-20-3-28-0 name=select_word
2017-02-17 12:19:19,386-0200 DEBUG swift JOB_INIT jobid=wc-1vrrh34n tr=wc
2017-02-17 12:19:19,386-0200 DEBUG swift JOB_SITE_SELECT jobid=wc-1vrrh34n-0
2017-02-17 12:19:19,387-0200 DEBUG swift THREAD_ASSOCIATION jobid=wc-1vrrh34n-0 host=local thread=2-0-12-9-20-3-29-1
2017-02-17 12:19:19,388-0200 INFO  swift START jobid=wc-1vrrh34n-0 host=local - Initializing directory structure
2017-02-17 12:19:19,388-0200 INFO  swift END jobid=wc-1vrrh34n-0 - Done initializing directory structure
2017-02-17 12:19:19,388-0200 INFO  swift START jobid=wc-1vrrh34n-0 - Staging in files [file://localhost/./select/select0003.txt]
2017-02-17 12:19:19,389-0200 INFO  LateBindingScheduler jobs queued: 0
2017-02-17 12:19:19,389-0200 DEBUG swift CDM: file://localhost/./select/select0003.txt : DEFAULT
2017-02-17 12:19:19,389-0200 INFO  swift END jobid=wc-1vrrh34n-0 - Staging in finished
2017-02-17 12:19:19,390-0200 DEBUG swift JOB_START jobid=wc-1vrrh34n-0 tr=wc arguments=[-w, select/select0003.txt] tmpdir=pagerank-run006/jobs/w/wc-1vrrh34n-0
2017-02-17 12:19:19,390-0200 INFO  Execute JOB_TASK jobid=wc-1vrrh34n-0 taskid=task-29 exec=/bin/bash dir=pagerank-run006 args=shared/_swiftwrap wc-1vrrh34n-0 -jobdir w -scratch  -e wc -out count/count_word0003.txt -err stderr.txt -i -d select|count -if select/select0003.txt -of count/count_word0003.txt -cf  -cdmfile -status files -a -w select/select0003.txt
2017-02-17 12:19:19,390-0200 INFO  Execute TASK_STATUS_CHANGE taskid=task-29 status=8
2017-02-17 12:19:19,391-0200 INFO  Execute TASK_STATUS_CHANGE taskid=task-29 status=1
2017-02-17 12:19:19,391-0200 INFO  Execute TASK_STATUS_CHANGE taskid=task-23 status=2
2017-02-17 12:19:19,391-0200 INFO  LateBindingScheduler jobs queued: 0
2017-02-17 12:19:19,392-0200 DEBUG swift FILE_STAGE_OUT_END srcname=select0004.txt srcdir=pagerank-run006/shared/select srchost=local destdir=./select desthost=localhost provider=file
2017-02-17 12:19:19,393-0200 INFO  LateBindingScheduler jobs queued: 0
2017-02-17 12:19:19,394-0200 INFO  swift END jobid=grep-xurrh34n-0 - Staging out finished
2017-02-17 12:19:19,395-0200 INFO  LateBindingScheduler jobs queued: 0
2017-02-17 12:19:19,395-0200 INFO  Execute TASK_STATUS_CHANGE taskid=task-29 status=2
2017-02-17 12:19:19,396-0200 DEBUG swift JOB_END jobid=grep-xurrh34n-0
2017-02-17 12:19:19,396-0200 INFO  swift END_SUCCESS jobid=grep-xurrh34n tr=grep
2017-02-17 12:19:19,396-0200 DEBUG swift PROCEDURE_END line=13 thread=2-0-12-9-21-4-26-0 name=select_word
2017-02-17 12:19:19,396-0200 DEBUG swift JOB_INIT jobid=wc-2vrrh34n tr=wc
2017-02-17 12:19:19,396-0200 DEBUG swift JOB_SITE_SELECT jobid=wc-2vrrh34n-0
2017-02-17 12:19:19,397-0200 DEBUG swift THREAD_ASSOCIATION jobid=wc-2vrrh34n-0 host=local thread=2-0-12-9-21-4-27-1
2017-02-17 12:19:19,397-0200 INFO  swift START jobid=wc-2vrrh34n-0 host=local - Initializing directory structure
2017-02-17 12:19:19,398-0200 INFO  swift END jobid=wc-2vrrh34n-0 - Done initializing directory structure
2017-02-17 12:19:19,398-0200 INFO  swift START jobid=wc-2vrrh34n-0 - Staging in files [file://localhost/./select/select0004.txt]
2017-02-17 12:19:19,399-0200 INFO  LateBindingScheduler jobs queued: 0
2017-02-17 12:19:19,399-0200 DEBUG swift CDM: file://localhost/./select/select0004.txt : DEFAULT
2017-02-17 12:19:19,400-0200 INFO  swift END jobid=wc-2vrrh34n-0 - Staging in finished
2017-02-17 12:19:19,400-0200 DEBUG swift JOB_START jobid=wc-2vrrh34n-0 tr=wc arguments=[-w, select/select0004.txt] tmpdir=pagerank-run006/jobs/w/wc-2vrrh34n-0
2017-02-17 12:19:19,400-0200 INFO  Execute JOB_TASK jobid=wc-2vrrh34n-0 taskid=task-27 exec=/bin/bash dir=pagerank-run006 args=shared/_swiftwrap wc-2vrrh34n-0 -jobdir w -scratch  -e wc -out count/count_word0004.txt -err stderr.txt -i -d select|count -if select/select0004.txt -of count/count_word0004.txt -cf  -cdmfile -status files -a -w select/select0004.txt
2017-02-17 12:19:19,401-0200 INFO  Execute TASK_STATUS_CHANGE taskid=task-27 status=8
2017-02-17 12:19:19,402-0200 INFO  Execute TASK_STATUS_CHANGE taskid=task-27 status=1
2017-02-17 12:19:19,403-0200 INFO  Execute TASK_STATUS_CHANGE taskid=task-27 status=2
2017-02-17 12:19:19,467-0200 INFO  LateBindingScheduler jobs queued: 0
2017-02-17 12:19:19,467-0200 INFO  Execute TASK_STATUS_CHANGE taskid=task-25 status=7
2017-02-17 12:19:19,467-0200 DEBUG swift START jobid=wc-zurrh34n-0
2017-02-17 12:19:19,468-0200 INFO  LateBindingScheduler jobs queued: 0
2017-02-17 12:19:19,471-0200 INFO  swift SUCCESS jobid=wc-zurrh34n-0 - Success file found
2017-02-17 12:19:19,471-0200 DEBUG swift STAGING_OUT jobid=wc-zurrh34n-0
2017-02-17 12:19:19,471-0200 INFO  swift START jobid=wc-zurrh34n-0 - Staging out files
2017-02-17 12:19:19,471-0200 DEBUG swift stageouts: [file://localhost/./count/count_word0000.txt]
2017-02-17 12:19:19,472-0200 DEBUG swift FILE_STAGE_OUT_START srcname=count_word0000.txt srcdir=pagerank-run006/shared/count srchost=local destdir=./count desthost=localhost provider=file jobid=wc-zurrh34n-0
2017-02-17 12:19:19,472-0200 INFO  LateBindingScheduler jobs queued: 0
2017-02-17 12:19:19,472-0200 DEBUG swift CDM: file://localhost/./count/count_word0000.txt : DEFAULT
2017-02-17 12:19:19,472-0200 INFO  LateBindingScheduler jobs queued: 0
2017-02-17 12:19:19,473-0200 INFO  Execute TASK_STATUS_CHANGE taskid=task-19 status=7
2017-02-17 12:19:19,473-0200 DEBUG swift START jobid=wc-yurrh34n-0
2017-02-17 12:19:19,474-0200 INFO  LateBindingScheduler jobs queued: 0
2017-02-17 12:19:19,475-0200 INFO  swift SUCCESS jobid=wc-yurrh34n-0 - Success file found
2017-02-17 12:19:19,475-0200 DEBUG swift STAGING_OUT jobid=wc-yurrh34n-0
2017-02-17 12:19:19,475-0200 INFO  swift START jobid=wc-yurrh34n-0 - Staging out files
2017-02-17 12:19:19,475-0200 DEBUG swift stageouts: [file://localhost/./count/count_word0002.txt]
2017-02-17 12:19:19,475-0200 DEBUG swift FILE_STAGE_OUT_START srcname=count_word0002.txt srcdir=pagerank-run006/shared/count srchost=local destdir=./count desthost=localhost provider=file jobid=wc-yurrh34n-0
2017-02-17 12:19:19,475-0200 INFO  LateBindingScheduler jobs queued: 1
2017-02-17 12:19:19,476-0200 INFO  LateBindingScheduler jobs queued: 0
2017-02-17 12:19:19,476-0200 DEBUG swift FILE_STAGE_OUT_END srcname=count_word0000.txt srcdir=pagerank-run006/shared/count srchost=local destdir=./count desthost=localhost provider=file
2017-02-17 12:19:19,476-0200 DEBUG swift CDM: file://localhost/./count/count_word0002.txt : DEFAULT
2017-02-17 12:19:19,493-0200 INFO  LateBindingScheduler jobs queued: 2
2017-02-17 12:19:19,493-0200 INFO  Execute TASK_STATUS_CHANGE taskid=task-23 status=7
2017-02-17 12:19:19,493-0200 DEBUG swift START jobid=wc-0vrrh34n-0
2017-02-17 12:19:19,493-0200 INFO  LateBindingScheduler jobs queued: 1
2017-02-17 12:19:19,493-0200 INFO  LateBindingScheduler jobs queued: 0
2017-02-17 12:19:19,494-0200 INFO  LateBindingScheduler jobs queued: 0
2017-02-17 12:19:19,494-0200 INFO  swift SUCCESS jobid=wc-0vrrh34n-0 - Success file found
2017-02-17 12:19:19,494-0200 DEBUG swift STAGING_OUT jobid=wc-0vrrh34n-0
2017-02-17 12:19:19,494-0200 INFO  swift START jobid=wc-0vrrh34n-0 - Staging out files
2017-02-17 12:19:19,494-0200 DEBUG swift stageouts: [file://localhost/./count/count_word0001.txt]
2017-02-17 12:19:19,494-0200 DEBUG swift FILE_STAGE_OUT_END srcname=count_word0002.txt srcdir=pagerank-run006/shared/count srchost=local destdir=./count desthost=localhost provider=file
2017-02-17 12:19:19,494-0200 DEBUG swift FILE_STAGE_OUT_START srcname=count_word0001.txt srcdir=pagerank-run006/shared/count srchost=local destdir=./count desthost=localhost provider=file jobid=wc-0vrrh34n-0
2017-02-17 12:19:19,495-0200 INFO  swift END jobid=wc-zurrh34n-0 - Staging out finished
2017-02-17 12:19:19,495-0200 INFO  LateBindingScheduler jobs queued: 0
2017-02-17 12:19:19,496-0200 INFO  LateBindingScheduler jobs queued: 0
2017-02-17 12:19:19,496-0200 DEBUG swift CDM: file://localhost/./count/count_word0001.txt : DEFAULT
2017-02-17 12:19:19,496-0200 INFO  swift END jobid=wc-yurrh34n-0 - Staging out finished
2017-02-17 12:19:19,497-0200 INFO  LateBindingScheduler jobs queued: 0
2017-02-17 12:19:19,497-0200 INFO  Execute TASK_STATUS_CHANGE taskid=task-29 status=7
2017-02-17 12:19:19,497-0200 DEBUG swift START jobid=wc-1vrrh34n-0
2017-02-17 12:19:19,498-0200 INFO  LateBindingScheduler jobs queued: 0
2017-02-17 12:19:19,498-0200 DEBUG swift JOB_END jobid=wc-yurrh34n-0
2017-02-17 12:19:19,499-0200 INFO  swift END_SUCCESS jobid=wc-yurrh34n tr=wc
2017-02-17 12:19:19,499-0200 DEBUG swift PROCEDURE_END line=18 thread=2-0-12-9-17-2-19-1 name=count_word
2017-02-17 12:19:19,499-0200 INFO  LateBindingScheduler jobs queued: 0
2017-02-17 12:19:19,499-0200 INFO  swift SUCCESS jobid=wc-1vrrh34n-0 - Success file found
2017-02-17 12:19:19,499-0200 DEBUG swift STAGING_OUT jobid=wc-1vrrh34n-0
2017-02-17 12:19:19,499-0200 INFO  swift START jobid=wc-1vrrh34n-0 - Staging out files
2017-02-17 12:19:19,499-0200 DEBUG swift stageouts: [file://localhost/./count/count_word0003.txt]
2017-02-17 12:19:19,499-0200 DEBUG swift FILE_STAGE_OUT_START srcname=count_word0003.txt srcdir=pagerank-run006/shared/count srchost=local destdir=./count desthost=localhost provider=file jobid=wc-1vrrh34n-0
2017-02-17 12:19:19,500-0200 INFO  LateBindingScheduler jobs queued: 0
2017-02-17 12:19:19,500-0200 DEBUG swift FOREACH_IT_END line=33 thread=2-0-12-9-17-2
2017-02-17 12:19:19,500-0200 DEBUG swift CDM: file://localhost/./count/count_word0003.txt : DEFAULT
2017-02-17 12:19:19,502-0200 INFO  LateBindingScheduler jobs queued: 0
2017-02-17 12:19:19,502-0200 DEBUG swift JOB_END jobid=wc-zurrh34n-0
2017-02-17 12:19:19,502-0200 INFO  swift END_SUCCESS jobid=wc-zurrh34n tr=wc
2017-02-17 12:19:19,502-0200 DEBUG swift PROCEDURE_END line=18 thread=2-0-12-9-15-0-25-1 name=count_word
2017-02-17 12:19:19,503-0200 DEBUG swift FOREACH_IT_END line=33 thread=2-0-12-9-15-0
2017-02-17 12:19:19,503-0200 INFO  LateBindingScheduler jobs queued: 0
2017-02-17 12:19:19,503-0200 DEBUG swift FILE_STAGE_OUT_END srcname=count_word0003.txt srcdir=pagerank-run006/shared/count srchost=local destdir=./count desthost=localhost provider=file
2017-02-17 12:19:19,504-0200 INFO  LateBindingScheduler jobs queued: 0
2017-02-17 12:19:19,504-0200 INFO  LateBindingScheduler jobs queued: 0
2017-02-17 12:19:19,504-0200 INFO  Execute TASK_STATUS_CHANGE taskid=task-27 status=7
2017-02-17 12:19:19,504-0200 DEBUG swift START jobid=wc-2vrrh34n-0
2017-02-17 12:19:19,504-0200 INFO  swift END jobid=wc-1vrrh34n-0 - Staging out finished
2017-02-17 12:19:19,505-0200 INFO  LateBindingScheduler jobs queued: 0
2017-02-17 12:19:19,506-0200 INFO  swift SUCCESS jobid=wc-2vrrh34n-0 - Success file found
2017-02-17 12:19:19,506-0200 DEBUG swift STAGING_OUT jobid=wc-2vrrh34n-0
2017-02-17 12:19:19,506-0200 INFO  swift START jobid=wc-2vrrh34n-0 - Staging out files
2017-02-17 12:19:19,506-0200 DEBUG swift stageouts: [file://localhost/./count/count_word0004.txt]
2017-02-17 12:19:19,506-0200 DEBUG swift FILE_STAGE_OUT_START srcname=count_word0004.txt srcdir=pagerank-run006/shared/count srchost=local destdir=./count desthost=localhost provider=file jobid=wc-2vrrh34n-0
2017-02-17 12:19:19,507-0200 INFO  LateBindingScheduler jobs queued: 0
2017-02-17 12:19:19,507-0200 DEBUG swift CDM: file://localhost/./count/count_word0004.txt : DEFAULT
2017-02-17 12:19:19,508-0200 INFO  LateBindingScheduler jobs queued: 0
2017-02-17 12:19:19,508-0200 INFO  LateBindingScheduler jobs queued: 0
2017-02-17 12:19:19,508-0200 DEBUG swift JOB_END jobid=wc-1vrrh34n-0
2017-02-17 12:19:19,508-0200 INFO  swift END_SUCCESS jobid=wc-1vrrh34n tr=wc
2017-02-17 12:19:19,508-0200 DEBUG swift PROCEDURE_END line=18 thread=2-0-12-9-20-3-29-1 name=count_word
2017-02-17 12:19:19,509-0200 DEBUG swift FILE_STAGE_OUT_END srcname=count_word0004.txt srcdir=pagerank-run006/shared/count srchost=local destdir=./count desthost=localhost provider=file
2017-02-17 12:19:19,509-0200 DEBUG swift FOREACH_IT_END line=33 thread=2-0-12-9-20-3
2017-02-17 12:19:19,509-0200 INFO  LateBindingScheduler jobs queued: 0
2017-02-17 12:19:19,510-0200 INFO  swift END jobid=wc-2vrrh34n-0 - Staging out finished
2017-02-17 12:19:19,511-0200 INFO  LateBindingScheduler jobs queued: 0
2017-02-17 12:19:19,512-0200 DEBUG swift JOB_END jobid=wc-2vrrh34n-0
2017-02-17 12:19:19,512-0200 INFO  swift END_SUCCESS jobid=wc-2vrrh34n tr=wc
2017-02-17 12:19:19,512-0200 DEBUG swift PROCEDURE_END line=18 thread=2-0-12-9-21-4-27-1 name=count_word
2017-02-17 12:19:19,512-0200 DEBUG swift FOREACH_IT_END line=33 thread=2-0-12-9-21-4
2017-02-17 12:19:19,513-0200 INFO  LateBindingScheduler jobs queued: 0
2017-02-17 12:19:19,513-0200 DEBUG swift FILE_STAGE_OUT_END srcname=count_word0001.txt srcdir=pagerank-run006/shared/count srchost=local destdir=./count desthost=localhost provider=file
2017-02-17 12:19:19,514-0200 INFO  LateBindingScheduler jobs queued: 0
2017-02-17 12:19:19,514-0200 INFO  swift END jobid=wc-0vrrh34n-0 - Staging out finished
2017-02-17 12:19:19,515-0200 INFO  LateBindingScheduler jobs queued: 0
2017-02-17 12:19:19,516-0200 DEBUG swift JOB_END jobid=wc-0vrrh34n-0
2017-02-17 12:19:19,516-0200 INFO  swift END_SUCCESS jobid=wc-0vrrh34n tr=wc
2017-02-17 12:19:19,516-0200 DEBUG swift PROCEDURE_END line=18 thread=2-0-12-9-16-1-23-1 name=count_word
2017-02-17 12:19:19,517-0200 DEBUG swift JOB_INIT jobid=cat-3vrrh34n tr=cat
2017-02-17 12:19:19,517-0200 DEBUG swift JOB_SITE_SELECT jobid=cat-3vrrh34n-0
2017-02-17 12:19:19,517-0200 DEBUG swift FOREACH_IT_END line=33 thread=2-0-12-9-16-1
2017-02-17 12:19:19,517-0200 DEBUG swift THREAD_ASSOCIATION jobid=cat-3vrrh34n-0 host=local thread=2-0-13-10
2017-02-17 12:19:19,519-0200 INFO  swift START jobid=cat-3vrrh34n-0 host=local - Initializing directory structure
2017-02-17 12:19:19,519-0200 INFO  swift START path= dir=pagerank-run006/shared - Creating directory structure
2017-02-17 12:19:19,520-0200 INFO  LateBindingScheduler jobs queued: 0
2017-02-17 12:19:19,520-0200 INFO  swift END jobid=cat-3vrrh34n-0 - Done initializing directory structure
2017-02-17 12:19:19,520-0200 INFO  swift START jobid=cat-3vrrh34n-0 - Staging in files [file://localhost/./count/count_word0002.txt, file://localhost/./count/count_word0001.txt, file://localhost/./count/count_word0003.txt, file://localhost/./count/count_word0004.txt, file://localhost/./count/count_word0000.txt]
2017-02-17 12:19:19,521-0200 INFO  LateBindingScheduler jobs queued: 3
2017-02-17 12:19:19,521-0200 DEBUG swift CDM: file://localhost/./count/count_word0002.txt : DEFAULT
2017-02-17 12:19:19,522-0200 INFO  LateBindingScheduler jobs queued: 0
2017-02-17 12:19:19,522-0200 INFO  LateBindingScheduler jobs queued: 0
2017-02-17 12:19:19,522-0200 DEBUG swift CDM: file://localhost/./count/count_word0001.txt : DEFAULT
2017-02-17 12:19:19,522-0200 INFO  LateBindingScheduler jobs queued: 0
2017-02-17 12:19:19,522-0200 INFO  LateBindingScheduler jobs queued: 0
2017-02-17 12:19:19,522-0200 DEBUG swift CDM: file://localhost/./count/count_word0003.txt : DEFAULT
2017-02-17 12:19:19,522-0200 DEBUG swift CDM: file://localhost/./count/count_word0000.txt : DEFAULT
2017-02-17 12:19:19,523-0200 DEBUG swift CDM: file://localhost/./count/count_word0004.txt : DEFAULT
2017-02-17 12:19:19,523-0200 INFO  swift END jobid=cat-3vrrh34n-0 - Staging in finished
2017-02-17 12:19:19,523-0200 DEBUG swift JOB_START jobid=cat-3vrrh34n-0 tr=cat arguments=[count/count_word0000.txt count/count_word0001.txt count/count_word0002.txt count/count_word0003.txt count/count_word0004.txt] tmpdir=pagerank-run006/jobs/c/cat-3vrrh34n-0
2017-02-17 12:19:19,524-0200 INFO  Execute JOB_TASK jobid=cat-3vrrh34n-0 taskid=task-13 exec=/bin/bash dir=pagerank-run006 args=shared/_swiftwrap cat-3vrrh34n-0 -jobdir c -scratch  -e cat -out group.txt -err stderr.txt -i -d count -if count/count_word0002.txt|count/count_word0001.txt|count/count_word0003.txt|count/count_word0004.txt|count/count_word0000.txt -of group.txt -cf  -cdmfile -status files -a count/count_word0000.txt count/count_word0001.txt count/count_word0002.txt count/count_word0003.txt count/count_word0004.txt
2017-02-17 12:19:19,524-0200 INFO  Execute TASK_STATUS_CHANGE taskid=task-13 status=8
2017-02-17 12:19:19,524-0200 INFO  Execute TASK_STATUS_CHANGE taskid=task-13 status=1
2017-02-17 12:19:19,525-0200 INFO  Execute TASK_STATUS_CHANGE taskid=task-13 status=2
2017-02-17 12:19:19,585-0200 INFO  LateBindingScheduler jobs queued: 0
2017-02-17 12:19:19,586-0200 INFO  Execute TASK_STATUS_CHANGE taskid=task-13 status=7
2017-02-17 12:19:19,586-0200 DEBUG swift START jobid=cat-3vrrh34n-0
2017-02-17 12:19:19,587-0200 INFO  LateBindingScheduler jobs queued: 0
2017-02-17 12:19:19,587-0200 INFO  swift SUCCESS jobid=cat-3vrrh34n-0 - Success file found
2017-02-17 12:19:19,587-0200 DEBUG swift STAGING_OUT jobid=cat-3vrrh34n-0
2017-02-17 12:19:19,587-0200 INFO  swift START jobid=cat-3vrrh34n-0 - Staging out files
2017-02-17 12:19:19,587-0200 DEBUG swift stageouts: [file://localhost/group.txt]
2017-02-17 12:19:19,587-0200 DEBUG swift FILE_STAGE_OUT_START srcname=group.txt srcdir=pagerank-run006/shared/ srchost=local destdir= desthost=localhost provider=file jobid=cat-3vrrh34n-0
2017-02-17 12:19:19,588-0200 INFO  LateBindingScheduler jobs queued: 0
2017-02-17 12:19:19,588-0200 DEBUG swift CDM: file://localhost/group.txt : DEFAULT
2017-02-17 12:19:19,589-0200 INFO  LateBindingScheduler jobs queued: 0
2017-02-17 12:19:19,590-0200 DEBUG swift FILE_STAGE_OUT_END srcname=group.txt srcdir=pagerank-run006/shared/ srchost=local destdir= desthost=localhost provider=file
2017-02-17 12:19:19,590-0200 INFO  LateBindingScheduler jobs queued: 0
2017-02-17 12:19:19,591-0200 INFO  swift END jobid=cat-3vrrh34n-0 - Staging out finished
2017-02-17 12:19:19,592-0200 INFO  LateBindingScheduler jobs queued: 0
2017-02-17 12:19:19,593-0200 DEBUG swift JOB_END jobid=cat-3vrrh34n-0
2017-02-17 12:19:19,593-0200 INFO  swift END_SUCCESS jobid=cat-3vrrh34n tr=cat
2017-02-17 12:19:19,593-0200 DEBUG swift PROCEDURE_END line=23 thread=2-0-13-10 name=group_count
2017-02-17 12:19:19,593-0200 DEBUG swift JOB_INIT jobid=sort-4vrrh34n tr=sort
2017-02-17 12:19:19,593-0200 DEBUG swift JOB_SITE_SELECT jobid=sort-4vrrh34n-0
2017-02-17 12:19:19,594-0200 DEBUG swift THREAD_ASSOCIATION jobid=sort-4vrrh34n-0 host=local thread=2-0-14-11
2017-02-17 12:19:19,594-0200 INFO  swift START jobid=sort-4vrrh34n-0 host=local - Initializing directory structure
2017-02-17 12:19:19,594-0200 INFO  swift END jobid=sort-4vrrh34n-0 - Done initializing directory structure
2017-02-17 12:19:19,594-0200 INFO  swift START jobid=sort-4vrrh34n-0 - Staging in files [file://localhost/group.txt]
2017-02-17 12:19:19,595-0200 INFO  LateBindingScheduler jobs queued: 0
2017-02-17 12:19:19,595-0200 DEBUG swift CDM: file://localhost/group.txt : DEFAULT
2017-02-17 12:19:19,595-0200 INFO  swift END jobid=sort-4vrrh34n-0 - Staging in finished
2017-02-17 12:19:19,596-0200 DEBUG swift JOB_START jobid=sort-4vrrh34n-0 tr=sort arguments=[-n, group.txt] tmpdir=pagerank-run006/jobs/s/sort-4vrrh34n-0
2017-02-17 12:19:19,596-0200 INFO  Execute JOB_TASK jobid=sort-4vrrh34n-0 taskid=task-14 exec=/bin/bash dir=pagerank-run006 args=shared/_swiftwrap sort-4vrrh34n-0 -jobdir s -scratch  -e sort -out sort.txt -err stderr.txt -i -d  -if group.txt -of sort.txt -cf  -cdmfile -status files -a -n group.txt
2017-02-17 12:19:19,597-0200 INFO  Execute TASK_STATUS_CHANGE taskid=task-14 status=8
2017-02-17 12:19:19,597-0200 INFO  Execute TASK_STATUS_CHANGE taskid=task-14 status=1
2017-02-17 12:19:19,597-0200 INFO  Execute TASK_STATUS_CHANGE taskid=task-14 status=2
2017-02-17 12:19:19,658-0200 INFO  LateBindingScheduler jobs queued: 0
2017-02-17 12:19:19,658-0200 INFO  Execute TASK_STATUS_CHANGE taskid=task-14 status=7
2017-02-17 12:19:19,658-0200 DEBUG swift START jobid=sort-4vrrh34n-0
2017-02-17 12:19:19,659-0200 INFO  LateBindingScheduler jobs queued: 0
2017-02-17 12:19:19,659-0200 INFO  swift SUCCESS jobid=sort-4vrrh34n-0 - Success file found
2017-02-17 12:19:19,659-0200 DEBUG swift STAGING_OUT jobid=sort-4vrrh34n-0
2017-02-17 12:19:19,659-0200 INFO  swift START jobid=sort-4vrrh34n-0 - Staging out files
2017-02-17 12:19:19,659-0200 DEBUG swift stageouts: [file://localhost/sort.txt]
2017-02-17 12:19:19,660-0200 DEBUG swift FILE_STAGE_OUT_START srcname=sort.txt srcdir=pagerank-run006/shared/ srchost=local destdir= desthost=localhost provider=file jobid=sort-4vrrh34n-0
2017-02-17 12:19:19,660-0200 INFO  LateBindingScheduler jobs queued: 0
2017-02-17 12:19:19,660-0200 DEBUG swift CDM: file://localhost/sort.txt : DEFAULT
2017-02-17 12:19:19,661-0200 INFO  LateBindingScheduler jobs queued: 0
2017-02-17 12:19:19,662-0200 DEBUG swift FILE_STAGE_OUT_END srcname=sort.txt srcdir=pagerank-run006/shared/ srchost=local destdir= desthost=localhost provider=file
2017-02-17 12:19:19,662-0200 INFO  LateBindingScheduler jobs queued: 0
2017-02-17 12:19:19,663-0200 INFO  swift END jobid=sort-4vrrh34n-0 - Staging out finished
2017-02-17 12:19:19,664-0200 INFO  LateBindingScheduler jobs queued: 0
2017-02-17 12:19:19,664-0200 DEBUG swift JOB_END jobid=sort-4vrrh34n-0
2017-02-17 12:19:19,665-0200 INFO  swift END_SUCCESS jobid=sort-4vrrh34n tr=sort
2017-02-17 12:19:19,665-0200 DEBUG swift PROCEDURE_END line=28 thread=2-0-14-11 name=sort
2017-02-17 12:19:19,666-0200 INFO  RuntimeStats$ProgressTicker HeapMax: 954728448, CrtHeap: 121110528, UsedHeap: 15268304, JVMThreads: 31
2017-02-17 12:19:19,666-0200 INFO  RuntimeStats$ProgressTicker   Finished successfully:12
2017-02-17 12:19:19,678-0200 DEBUG swift Starting cleanups
2017-02-17 12:19:19,678-0200 INFO  swift START cleanups=[[pagerank-run006, local]]
2017-02-17 12:19:19,678-0200 INFO  swift START dir=pagerank-run006 host=local
2017-02-17 12:19:19,678-0200 DEBUG swift cdmfile 
2017-02-17 12:19:19,681-0200 INFO  LateBindingScheduler jobs queued: 0
2017-02-17 12:19:19,681-0200 INFO  swift END dir=pagerank-run006 host=local
2017-02-17 12:19:19,681-0200 INFO  swift END cleanups=[[pagerank-run006, local]]
2017-02-17 12:19:19,681-0200 DEBUG swift Ending cleanups
2017-02-17 12:19:19,684-0200 INFO  FileGarbageCollector Failed to clean <cleaned>:any - Closed
java.lang.NullPointerException
	at org.griphyn.vdl.mapping.nodes.AbstractFutureArrayDataNode.getFringePaths(AbstractFutureArrayDataNode.java:225)
	at org.griphyn.vdl.mapping.nodes.AbstractDataNode.getFringePaths(AbstractDataNode.java:314)
	at org.griphyn.vdl.mapping.file.FileGarbageCollector.run(FileGarbageCollector.java:112)
	at java.lang.Thread.run(Thread.java:745)
2017-02-17 12:19:19,688-0200 INFO  Loader Swift finished with no errors
