2017-02-16 21:36:43,557-0200 INFO  Loader JAVA Oracle Corporation Java HotSpot(TM) 64-Bit Server VM 1.7.0_80
2017-02-16 21:36:43,559-0200 INFO  Loader VERSION Swift trunk git-rev: 18aec82244c5611381528bc361888c553570c66e heads/master 6574
2017-02-16 21:36:43,559-0200 INFO  Loader RUN_ID run001
2017-02-16 21:36:43,559-0200 INFO  Loader ARGUMENTS [-runid, run001, -logfile, /home/mondelli/Dropbox/Docker/swift_verao/uteis/tutorial/hello/run001/swift.log, hello.swift]
2017-02-16 21:36:43,560-0200 INFO  Loader MAX_HEAP 954728448
2017-02-16 21:36:43,560-0200 INFO  Loader GLOBUS_HOSTNAME mondelli-520U4C
2017-02-16 21:36:43,560-0200 INFO  Loader CWD /home/mondelli/Dropbox/Docker/swift_verao/uteis/tutorial/hello/.
2017-02-16 21:36:43,561-0200 DEBUG Loader SWIFT_CONFIGURATION 
[D] /home/mondelli/swift-k/dist/swift-svn/etc/swift.conf
[C] <Command Line>
{
	TCPPortRange: "50000, 50100"                               # [D] line 27
	alwaysTransferWrapperLog: true                             # [D] line 61
	executionRetries: 0                                        # [D] line 137
	fileOperationsThrottle: 8                                  # [D] line 121
	fileTransfersThrottle: 4                                   # [D] line 107
	hostJobSubmitThrottle: 2                                   # [D] line 95
	jobSubmitThrottle: 4                                       # [D] line 83
	keepSiteDir: false                                         # [D] line 131
	lazyErrors: true                                           # [D] line 41
	logProvenance: false                                       # [D] line 200
	maxForeachThreads: 16384                                   # [D] line 194
	replicationEnabled: false                                  # [D] line 146
	replicationLimit: 3                                        # [D] line 157
	replicationMinQueueTime: 60                                # [D] line 153
	site.local {
		app.ALL.executable: "*"                                   # [D] line 235
		execution.type: "local"                                   # [D] line 223
		filesystem.type: "local"                                  # [D] line 226
		initialParallelTasks: 8                                   # [D] line 230
		maxParallelTasks: 16                                      # [D] line 229
		workDirectory: "swiftwork"                                # [D] line 232
	}
	sites: [local]                                             # [D] line 239
	tracingEnabled: false                                      # [D] line 51
}

2017-02-16 21:36:43,562-0200 DEBUG textfiles BEGIN SWIFTSCRIPT:
app echo (string s) { 
   echo s; 
}

echo("hi");


2017-02-16 21:36:43,562-0200 DEBUG textfiles END SWIFTSCRIPT:
2017-02-16 21:36:43,562-0200 INFO  Loader hello.swift: source file is new. Recompiling.
2017-02-16 21:36:44,641-0200 INFO  Loader RUN_START
2017-02-16 21:36:44,647-0200 INFO  SwiftExecutor swift.home = /home/mondelli/swift-k/dist/swift-svn
2017-02-16 21:36:44,697-0200 INFO  AbstractScheduler Setting resources to: {local=local}
2017-02-16 21:36:44,707-0200 INFO  GlobalSubmitQueue No global submit throttle set. Using default (1024)
2017-02-16 21:36:44,729-0200 INFO  LateBindingScheduler jobs queued: 0
2017-02-16 21:36:44,731-0200 INFO  LateBindingScheduler jobs queued: 0
2017-02-16 21:36:44,733-0200 INFO  LateBindingScheduler jobs queued: 0
2017-02-16 21:36:44,746-0200 INFO  RuntimeStats$ProgressTicker HeapMax: 954728448, CrtHeap: 121110528, UsedHeap: 32644240, JVMThreads: 16
2017-02-16 21:36:44,746-0200 DEBUG swift PROCEDURE line=1 thread=2-0 name=echo
2017-02-16 21:36:44,747-0200 DEBUG swift JOB_INIT jobid=echo-dxohh24n tr=echo
2017-02-16 21:36:44,747-0200 INFO  RuntimeStats$ProgressTicker 
2017-02-16 21:36:44,747-0200 DEBUG swift JOB_SITE_SELECT jobid=echo-dxohh24n-0
2017-02-16 21:36:44,752-0200 DEBUG swift THREAD_ASSOCIATION jobid=echo-dxohh24n-0 host=local thread=2-0
2017-02-16 21:36:44,753-0200 INFO  swift START host=local - Initializing shared directory
2017-02-16 21:36:44,755-0200 INFO  LateBindingScheduler jobs queued: 0
2017-02-16 21:36:44,785-0200 INFO  LateBindingScheduler jobs queued: 0
2017-02-16 21:36:44,787-0200 INFO  LateBindingScheduler jobs queued: 0
2017-02-16 21:36:44,788-0200 INFO  LateBindingScheduler jobs queued: 0
2017-02-16 21:36:44,790-0200 INFO  swift END host=local - Done initializing shared directory
2017-02-16 21:36:44,793-0200 INFO  swift START jobid=echo-dxohh24n-0 host=local - Initializing directory structure
2017-02-16 21:36:44,793-0200 INFO  swift END jobid=echo-dxohh24n-0 - Done initializing directory structure
2017-02-16 21:36:44,793-0200 INFO  swift START jobid=echo-dxohh24n-0 - Staging in files []
2017-02-16 21:36:44,793-0200 INFO  swift END jobid=echo-dxohh24n-0 - Staging in finished
2017-02-16 21:36:44,793-0200 DEBUG swift JOB_START jobid=echo-dxohh24n-0 tr=echo arguments=[hi] tmpdir=hello-run001/jobs/e/echo-dxohh24n-0
2017-02-16 21:36:44,799-0200 INFO  Execute JOB_TASK jobid=echo-dxohh24n-0 taskid=task-2 exec=/bin/bash dir=hello-run001 args=shared/_swiftwrap echo-dxohh24n-0 -jobdir e -scratch  -e echo -out stdout.txt -err stderr.txt -i -d  -if  -of  -cf  -cdmfile -status files -a hi
2017-02-16 21:36:44,807-0200 INFO  Execute TASK_STATUS_CHANGE taskid=task-2 status=8
2017-02-16 21:36:44,807-0200 INFO  Execute TASK_STATUS_CHANGE taskid=task-2 status=1
2017-02-16 21:36:44,810-0200 INFO  Execute TASK_STATUS_CHANGE taskid=task-2 status=2
2017-02-16 21:36:44,895-0200 INFO  LateBindingScheduler jobs queued: 0
2017-02-16 21:36:44,895-0200 INFO  Execute TASK_STATUS_CHANGE taskid=task-2 status=7
2017-02-16 21:36:44,895-0200 DEBUG swift START jobid=echo-dxohh24n-0
2017-02-16 21:36:44,896-0200 INFO  LateBindingScheduler jobs queued: 0
2017-02-16 21:36:44,896-0200 INFO  swift SUCCESS jobid=echo-dxohh24n-0 - Success file found
2017-02-16 21:36:44,896-0200 DEBUG swift STAGING_OUT jobid=echo-dxohh24n-0
2017-02-16 21:36:44,896-0200 INFO  swift START jobid=echo-dxohh24n-0 - Staging out files
2017-02-16 21:36:44,896-0200 DEBUG swift stageouts: []
2017-02-16 21:36:44,896-0200 INFO  swift END jobid=echo-dxohh24n-0 - Staging out finished
2017-02-16 21:36:44,897-0200 INFO  LateBindingScheduler jobs queued: 0
2017-02-16 21:36:44,898-0200 DEBUG swift JOB_END jobid=echo-dxohh24n-0
2017-02-16 21:36:44,898-0200 INFO  swift END_SUCCESS jobid=echo-dxohh24n tr=echo
2017-02-16 21:36:44,898-0200 DEBUG swift PROCEDURE_END line=1 thread=2-0 name=echo
2017-02-16 21:36:44,900-0200 INFO  RuntimeStats$ProgressTicker HeapMax: 954728448, CrtHeap: 121110528, UsedHeap: 35863640, JVMThreads: 23
2017-02-16 21:36:44,900-0200 INFO  RuntimeStats$ProgressTicker   Finished successfully:1
2017-02-16 21:36:44,913-0200 DEBUG swift Starting cleanups
2017-02-16 21:36:44,913-0200 INFO  swift START cleanups=[[hello-run001, local]]
2017-02-16 21:36:44,915-0200 INFO  swift START dir=hello-run001 host=local
2017-02-16 21:36:44,915-0200 DEBUG swift cdmfile 
2017-02-16 21:36:44,916-0200 INFO  LateBindingScheduler jobs queued: 0
2017-02-16 21:36:44,916-0200 INFO  swift END dir=hello-run001 host=local
2017-02-16 21:36:44,916-0200 INFO  swift END cleanups=[[hello-run001, local]]
2017-02-16 21:36:44,916-0200 DEBUG swift Ending cleanups
2017-02-16 21:36:44,919-0200 INFO  Loader Swift finished with no errors
