2017-02-16 21:42:41,142-0200 INFO  Loader JAVA Oracle Corporation Java HotSpot(TM) 64-Bit Server VM 1.7.0_80
2017-02-16 21:42:41,145-0200 INFO  Loader VERSION Swift trunk git-rev: 18aec82244c5611381528bc361888c553570c66e heads/master 6574
2017-02-16 21:42:41,145-0200 INFO  Loader RUN_ID run002
2017-02-16 21:42:41,145-0200 INFO  Loader ARGUMENTS [-runid, run002, -logfile, /home/mondelli/Dropbox/Docker/swift_verao/c-ray/run002/swift.log, c-ray.swift]
2017-02-16 21:42:41,145-0200 INFO  Loader MAX_HEAP 954728448
2017-02-16 21:42:41,145-0200 INFO  Loader GLOBUS_HOSTNAME mondelli-520U4C
2017-02-16 21:42:41,145-0200 INFO  Loader CWD /home/mondelli/Dropbox/Docker/swift_verao/c-ray/.
2017-02-16 21:42:41,147-0200 DEBUG Loader SWIFT_CONFIGURATION 
[D] /home/mondelli/swift-k/dist/swift-svn/etc/swift.conf
[C] <Command Line>
{
	TCPPortRange: "50000, 50100"                               # [D] line 27
	alwaysTransferWrapperLog: true                             # [D] line 61
	executionRetries: 0                                        # [D] line 137
	fileOperationsThrottle: 8                                  # [D] line 121
	fileTransfersThrottle: 4                                   # [D] line 107
	hostJobSubmitThrottle: 2                                   # [D] line 95
	jobSubmitThrottle: 4                                       # [D] line 83
	keepSiteDir: false                                         # [D] line 131
	lazyErrors: true                                           # [D] line 41
	logProvenance: false                                       # [D] line 200
	maxForeachThreads: 16384                                   # [D] line 194
	replicationEnabled: false                                  # [D] line 146
	replicationLimit: 3                                        # [D] line 157
	replicationMinQueueTime: 60                                # [D] line 153
	site.local {
		app.ALL.executable: "*"                                   # [D] line 235
		execution.type: "local"                                   # [D] line 223
		filesystem.type: "local"                                  # [D] line 226
		initialParallelTasks: 8                                   # [D] line 230
		maxParallelTasks: 16                                      # [D] line 229
		workDirectory: "swiftwork"                                # [D] line 232
	}
	sites: [local]                                             # [D] line 239
	tracingEnabled: false                                      # [D] line 51
}

2017-02-16 21:42:41,148-0200 DEBUG textfiles BEGIN SWIFTSCRIPT:
type scene;
type image;
type scene_template;
type movie;

int threads;
int steps;
string resolution;
int delay;
int quality;

threads = toInt(arg("threads","1"));
resolution = arg("resolution","800x600");
steps = toInt(arg("steps","10"));
delay = toInt(arg("delay", "0"));
quality = toInt(arg("quality", "75"));

scene_template template <"tscene">;

app (scene out) generate (scene_template t, int i, int total)
{
	genscenes i total filename(t) stdout=filename(out);
}

app (image o) render (scene i, string r, int t)
{
	"c-ray-mt" "-s" r "-t" t stdin=filename(i) stdout=filename(o);
}

app (movie o) convert (image i[], int d, int q)
{
	convert "-delay" d "-quality" q filenames(i) filename(o);
}

scene scene_files[] <simple_mapper; location=".", prefix="scene.", suffix=".data">;

image image_files[] <simple_mapper; location=".", prefix="scene.", suffix=".ppm">;

movie output_movie <"output.ppm">;

foreach i in [0:steps]{
	scene_files[i] = generate(template, i, steps);
	image_files[i] = render(scene_files[i], resolution, threads);
}

output_movie = convert(image_files, delay, quality);
	


 



2017-02-16 21:42:41,148-0200 DEBUG textfiles END SWIFTSCRIPT:
2017-02-16 21:42:41,148-0200 DEBUG Loader kmlversion is >9f6c1ed4-f975-4fb5-9fcf-7994f9fda617-no-provenance<
2017-02-16 21:42:41,148-0200 DEBUG Loader build version is >9f6c1ed4-f975-4fb5-9fcf-7994f9fda617-no-provenance<
2017-02-16 21:42:41,148-0200 DEBUG Loader Recompilation suppressed.
2017-02-16 21:42:41,963-0200 INFO  Loader RUN_START
2017-02-16 21:42:41,968-0200 INFO  SwiftExecutor swift.home = /home/mondelli/swift-k/dist/swift-svn
2017-02-16 21:42:42,008-0200 INFO  AbstractScheduler Setting resources to: {local=local}
2017-02-16 21:42:42,016-0200 INFO  GlobalSubmitQueue No global submit throttle set. Using default (1024)
2017-02-16 21:42:42,037-0200 INFO  LateBindingScheduler jobs queued: 0
2017-02-16 21:42:42,038-0200 INFO  LateBindingScheduler jobs queued: 0
2017-02-16 21:42:42,040-0200 INFO  LateBindingScheduler jobs queued: 0
2017-02-16 21:42:42,078-0200 INFO  RuntimeStats$ProgressTicker HeapMax: 954728448, CrtHeap: 121110528, UsedHeap: 29110848, JVMThreads: 16
2017-02-16 21:42:42,078-0200 INFO  RuntimeStats$ProgressTicker 
2017-02-16 21:42:42,081-0200 DEBUG swift PROCEDURE line=30 thread=2-0-15-12 name=convert
2017-02-16 21:42:42,086-0200 DEBUG swift FOREACH_IT_START line=41 thread=2-0-14-11-16-0
2017-02-16 21:42:42,086-0200 DEBUG swift FOREACH_IT_START line=41 thread=2-0-14-11-17-1
2017-02-16 21:42:42,087-0200 DEBUG swift SCOPE thread=2-0-14-11-17-1
2017-02-16 21:42:42,087-0200 DEBUG swift FOREACH_IT_START line=41 thread=2-0-14-11-18-2
2017-02-16 21:42:42,087-0200 DEBUG swift SCOPE thread=2-0-14-11-18-2
2017-02-16 21:42:42,087-0200 DEBUG swift PROCEDURE line=20 thread=2-0-14-11-17-1-19-0 name=generate
2017-02-16 21:42:42,090-0200 DEBUG swift JOB_INIT jobid=genscenes-tj1qh24n tr=genscenes
2017-02-16 21:42:42,091-0200 DEBUG swift JOB_SITE_SELECT jobid=genscenes-tj1qh24n-0
2017-02-16 21:42:42,091-0200 DEBUG swift PROCEDURE line=20 thread=2-0-14-11-18-2-21-0 name=generate
2017-02-16 21:42:42,091-0200 DEBUG swift PROCEDURE line=25 thread=2-0-14-11-17-1-20-1 name=render
2017-02-16 21:42:42,091-0200 DEBUG swift PROCEDURE line=25 thread=2-0-14-11-18-2-22-1 name=render
2017-02-16 21:42:42,091-0200 DEBUG swift JOB_INIT jobid=genscenes-uj1qh24n tr=genscenes
2017-02-16 21:42:42,092-0200 DEBUG swift JOB_SITE_SELECT jobid=genscenes-uj1qh24n-0
2017-02-16 21:42:42,092-0200 DEBUG swift FOREACH_IT_START line=41 thread=2-0-14-11-24-4
2017-02-16 21:42:42,092-0200 DEBUG swift FOREACH_IT_START line=41 thread=2-0-14-11-23-3
2017-02-16 21:42:42,092-0200 DEBUG swift SCOPE thread=2-0-14-11-23-3
2017-02-16 21:42:42,092-0200 DEBUG swift FOREACH_IT_START line=41 thread=2-0-14-11-25-5
2017-02-16 21:42:42,092-0200 DEBUG swift SCOPE thread=2-0-14-11-25-5
2017-02-16 21:42:42,092-0200 DEBUG swift FOREACH_IT_START line=41 thread=2-0-14-11-26-6
2017-02-16 21:42:42,092-0200 DEBUG swift SCOPE thread=2-0-14-11-26-6
2017-02-16 21:42:42,092-0200 DEBUG swift FOREACH_IT_START line=41 thread=2-0-14-11-27-7
2017-02-16 21:42:42,092-0200 DEBUG swift SCOPE thread=2-0-14-11-27-7
2017-02-16 21:42:42,092-0200 DEBUG swift FOREACH_IT_START line=41 thread=2-0-14-11-28-8
2017-02-16 21:42:42,092-0200 DEBUG swift SCOPE thread=2-0-14-11-28-8
2017-02-16 21:42:42,092-0200 DEBUG swift FOREACH_IT_START line=41 thread=2-0-14-11-29-9
2017-02-16 21:42:42,092-0200 DEBUG swift SCOPE thread=2-0-14-11-29-9
2017-02-16 21:42:42,092-0200 DEBUG swift FOREACH_IT_START line=41 thread=2-0-14-11-30-10
2017-02-16 21:42:42,092-0200 DEBUG swift SCOPE thread=2-0-14-11-30-10
2017-02-16 21:42:42,092-0200 DEBUG swift PROCEDURE line=20 thread=2-0-14-11-23-3-31-0 name=generate
2017-02-16 21:42:42,093-0200 DEBUG swift JOB_INIT jobid=genscenes-vj1qh24n tr=genscenes
2017-02-16 21:42:42,093-0200 DEBUG swift JOB_SITE_SELECT jobid=genscenes-vj1qh24n-0
2017-02-16 21:42:42,094-0200 DEBUG swift PROCEDURE line=25 thread=2-0-14-11-23-3-32-1 name=render
2017-02-16 21:42:42,095-0200 DEBUG swift PROCEDURE line=20 thread=2-0-14-11-25-5-33-0 name=generate
2017-02-16 21:42:42,095-0200 DEBUG swift JOB_INIT jobid=genscenes-xj1qh24n tr=genscenes
2017-02-16 21:42:42,095-0200 DEBUG swift JOB_SITE_SELECT jobid=genscenes-xj1qh24n-0
2017-02-16 21:42:42,095-0200 DEBUG swift PROCEDURE line=25 thread=2-0-14-11-25-5-34-1 name=render
2017-02-16 21:42:42,087-0200 DEBUG swift SCOPE thread=2-0-14-11-16-0
2017-02-16 21:42:42,095-0200 DEBUG swift PROCEDURE line=20 thread=2-0-14-11-26-6-35-0 name=generate
2017-02-16 21:42:42,092-0200 DEBUG swift SCOPE thread=2-0-14-11-24-4
2017-02-16 21:42:42,095-0200 DEBUG swift PROCEDURE line=25 thread=2-0-14-11-26-6-36-1 name=render
2017-02-16 21:42:42,095-0200 DEBUG swift PROCEDURE line=20 thread=2-0-14-11-27-7-37-0 name=generate
2017-02-16 21:42:42,095-0200 DEBUG swift PROCEDURE line=25 thread=2-0-14-11-27-7-38-1 name=render
2017-02-16 21:42:42,095-0200 DEBUG swift PROCEDURE line=20 thread=2-0-14-11-28-8-39-0 name=generate
2017-02-16 21:42:42,095-0200 DEBUG swift JOB_INIT jobid=genscenes-yj1qh24n tr=genscenes
2017-02-16 21:42:42,095-0200 DEBUG swift PROCEDURE line=25 thread=2-0-14-11-28-8-40-1 name=render
2017-02-16 21:42:42,096-0200 DEBUG swift JOB_INIT jobid=genscenes-zj1qh24n tr=genscenes
2017-02-16 21:42:42,096-0200 DEBUG swift JOB_SITE_SELECT jobid=genscenes-yj1qh24n-0
2017-02-16 21:42:42,096-0200 DEBUG swift PROCEDURE line=20 thread=2-0-14-11-29-9-41-0 name=generate
2017-02-16 21:42:42,096-0200 DEBUG swift JOB_SITE_SELECT jobid=genscenes-zj1qh24n-0
2017-02-16 21:42:42,096-0200 DEBUG swift JOB_INIT jobid=genscenes-0k1qh24n tr=genscenes
2017-02-16 21:42:42,096-0200 DEBUG swift PROCEDURE line=25 thread=2-0-14-11-29-9-42-1 name=render
2017-02-16 21:42:42,096-0200 DEBUG swift PROCEDURE line=20 thread=2-0-14-11-30-10-43-0 name=generate
2017-02-16 21:42:42,096-0200 DEBUG swift JOB_SITE_SELECT jobid=genscenes-0k1qh24n-0
2017-02-16 21:42:42,096-0200 DEBUG swift PROCEDURE line=25 thread=2-0-14-11-30-10-44-1 name=render
2017-02-16 21:42:42,096-0200 DEBUG swift JOB_INIT jobid=genscenes-1k1qh24n tr=genscenes
2017-02-16 21:42:42,096-0200 DEBUG swift PROCEDURE line=20 thread=2-0-14-11-16-0-45-0 name=generate
2017-02-16 21:42:42,096-0200 DEBUG swift JOB_SITE_SELECT jobid=genscenes-1k1qh24n-0
2017-02-16 21:42:42,096-0200 DEBUG swift PROCEDURE line=25 thread=2-0-14-11-16-0-46-1 name=render
2017-02-16 21:42:42,096-0200 DEBUG swift JOB_INIT jobid=genscenes-2k1qh24n tr=genscenes
2017-02-16 21:42:42,096-0200 DEBUG swift PROCEDURE line=25 thread=2-0-14-11-24-4-48-1 name=render
2017-02-16 21:42:42,096-0200 DEBUG swift JOB_SITE_SELECT jobid=genscenes-2k1qh24n-0
2017-02-16 21:42:42,097-0200 DEBUG swift THREAD_ASSOCIATION jobid=genscenes-tj1qh24n-0 host=local thread=2-0-14-11-17-1-19-0
2017-02-16 21:42:42,097-0200 DEBUG swift THREAD_ASSOCIATION jobid=genscenes-uj1qh24n-0 host=local thread=2-0-14-11-18-2-21-0
2017-02-16 21:42:42,097-0200 DEBUG swift JOB_INIT jobid=genscenes-3k1qh24n tr=genscenes
2017-02-16 21:42:42,097-0200 DEBUG swift JOB_SITE_SELECT jobid=genscenes-3k1qh24n-0
2017-02-16 21:42:42,097-0200 DEBUG swift THREAD_ASSOCIATION jobid=genscenes-yj1qh24n-0 host=local thread=2-0-14-11-27-7-37-0
2017-02-16 21:42:42,098-0200 INFO  swift START host=local - Initializing shared directory
2017-02-16 21:42:42,098-0200 DEBUG swift THREAD_ASSOCIATION jobid=genscenes-zj1qh24n-0 host=local thread=2-0-14-11-28-8-39-0
2017-02-16 21:42:42,098-0200 DEBUG swift THREAD_ASSOCIATION jobid=genscenes-0k1qh24n-0 host=local thread=2-0-14-11-29-9-41-0
2017-02-16 21:42:42,098-0200 DEBUG swift THREAD_ASSOCIATION jobid=genscenes-1k1qh24n-0 host=local thread=2-0-14-11-30-10-43-0
2017-02-16 21:42:42,099-0200 DEBUG swift THREAD_ASSOCIATION jobid=genscenes-vj1qh24n-0 host=local thread=2-0-14-11-23-3-31-0
2017-02-16 21:42:42,099-0200 DEBUG swift THREAD_ASSOCIATION jobid=genscenes-2k1qh24n-0 host=local thread=2-0-14-11-16-0-45-0
2017-02-16 21:42:42,099-0200 DEBUG swift PROCEDURE line=20 thread=2-0-14-11-24-4-47-0 name=generate
2017-02-16 21:42:42,099-0200 DEBUG swift JOB_INIT jobid=genscenes-4k1qh24n tr=genscenes
2017-02-16 21:42:42,099-0200 DEBUG swift JOB_SITE_SELECT jobid=genscenes-4k1qh24n-0
2017-02-16 21:42:42,100-0200 INFO  LateBindingScheduler jobs queued: 2
2017-02-16 21:42:42,097-0200 DEBUG swift THREAD_ASSOCIATION jobid=genscenes-xj1qh24n-0 host=local thread=2-0-14-11-25-5-33-0
2017-02-16 21:42:42,113-0200 INFO  LateBindingScheduler jobs queued: 2
2017-02-16 21:42:42,114-0200 INFO  LateBindingScheduler jobs queued: 2
2017-02-16 21:42:42,114-0200 INFO  LateBindingScheduler jobs queued: 2
2017-02-16 21:42:42,116-0200 INFO  swift END host=local - Done initializing shared directory
2017-02-16 21:42:42,121-0200 INFO  swift START jobid=genscenes-uj1qh24n-0 host=local - Initializing directory structure
2017-02-16 21:42:42,121-0200 INFO  swift START jobid=genscenes-1k1qh24n-0 host=local - Initializing directory structure
2017-02-16 21:42:42,121-0200 INFO  swift START path= dir=c-ray-run002/shared - Creating directory structure
2017-02-16 21:42:42,122-0200 INFO  LateBindingScheduler jobs queued: 2
2017-02-16 21:42:42,122-0200 INFO  swift START jobid=genscenes-xj1qh24n-0 host=local - Initializing directory structure
2017-02-16 21:42:42,123-0200 INFO  swift START jobid=genscenes-yj1qh24n-0 host=local - Initializing directory structure
2017-02-16 21:42:42,123-0200 INFO  swift START jobid=genscenes-zj1qh24n-0 host=local - Initializing directory structure
2017-02-16 21:42:42,123-0200 INFO  swift START jobid=genscenes-2k1qh24n-0 host=local - Initializing directory structure
2017-02-16 21:42:42,123-0200 INFO  swift END jobid=genscenes-1k1qh24n-0 - Done initializing directory structure
2017-02-16 21:42:42,123-0200 INFO  swift START jobid=genscenes-1k1qh24n-0 - Staging in files [file://localhost/tscene]
2017-02-16 21:42:42,123-0200 INFO  swift END jobid=genscenes-uj1qh24n-0 - Done initializing directory structure
2017-02-16 21:42:42,123-0200 INFO  swift START jobid=genscenes-uj1qh24n-0 - Staging in files [file://localhost/tscene]
2017-02-16 21:42:42,123-0200 INFO  swift START jobid=genscenes-tj1qh24n-0 host=local - Initializing directory structure
2017-02-16 21:42:42,123-0200 INFO  swift END jobid=genscenes-tj1qh24n-0 - Done initializing directory structure
2017-02-16 21:42:42,124-0200 INFO  swift START jobid=genscenes-tj1qh24n-0 - Staging in files [file://localhost/tscene]
2017-02-16 21:42:42,124-0200 INFO  swift START jobid=genscenes-0k1qh24n-0 host=local - Initializing directory structure
2017-02-16 21:42:42,124-0200 INFO  swift END jobid=genscenes-0k1qh24n-0 - Done initializing directory structure
2017-02-16 21:42:42,124-0200 INFO  swift START jobid=genscenes-0k1qh24n-0 - Staging in files [file://localhost/tscene]
2017-02-16 21:42:42,125-0200 INFO  swift END jobid=genscenes-xj1qh24n-0 - Done initializing directory structure
2017-02-16 21:42:42,125-0200 INFO  swift START jobid=genscenes-xj1qh24n-0 - Staging in files [file://localhost/tscene]
2017-02-16 21:42:42,125-0200 INFO  swift START jobid=genscenes-vj1qh24n-0 host=local - Initializing directory structure
2017-02-16 21:42:42,125-0200 INFO  swift END jobid=genscenes-zj1qh24n-0 - Done initializing directory structure
2017-02-16 21:42:42,125-0200 INFO  swift START jobid=genscenes-zj1qh24n-0 - Staging in files [file://localhost/tscene]
2017-02-16 21:42:42,125-0200 INFO  swift END jobid=genscenes-vj1qh24n-0 - Done initializing directory structure
2017-02-16 21:42:42,125-0200 INFO  swift END jobid=genscenes-yj1qh24n-0 - Done initializing directory structure
2017-02-16 21:42:42,125-0200 INFO  swift START jobid=genscenes-vj1qh24n-0 - Staging in files [file://localhost/tscene]
2017-02-16 21:42:42,125-0200 INFO  swift START jobid=genscenes-yj1qh24n-0 - Staging in files [file://localhost/tscene]
2017-02-16 21:42:42,126-0200 INFO  swift END jobid=genscenes-2k1qh24n-0 - Done initializing directory structure
2017-02-16 21:42:42,127-0200 INFO  swift START jobid=genscenes-2k1qh24n-0 - Staging in files [file://localhost/tscene]
2017-02-16 21:42:42,129-0200 INFO  LateBindingScheduler jobs queued: 3
2017-02-16 21:42:42,129-0200 INFO  LateBindingScheduler jobs queued: 3
2017-02-16 21:42:42,130-0200 INFO  LateBindingScheduler jobs queued: 2
2017-02-16 21:42:42,130-0200 INFO  LateBindingScheduler jobs queued: 2
2017-02-16 21:42:42,130-0200 INFO  LateBindingScheduler jobs queued: 2
2017-02-16 21:42:42,130-0200 INFO  LateBindingScheduler jobs queued: 2
2017-02-16 21:42:42,130-0200 INFO  LateBindingScheduler jobs queued: 2
2017-02-16 21:42:42,130-0200 INFO  LateBindingScheduler jobs queued: 2
2017-02-16 21:42:42,131-0200 INFO  LateBindingScheduler jobs queued: 2
2017-02-16 21:42:42,133-0200 DEBUG swift CDM: file://localhost/tscene : DEFAULT
2017-02-16 21:42:42,133-0200 DEBUG swift CDM: file://localhost/tscene : DEFAULT
2017-02-16 21:42:42,133-0200 DEBUG swift CDM: file://localhost/tscene : DEFAULT
2017-02-16 21:42:42,135-0200 DEBUG swift FILE_STAGE_IN_START file=tscene srchost=localhost srcdir= srcname=tscene desthost=local destdir=c-ray-run002/shared/ provider=file policy=DEFAULT
2017-02-16 21:42:42,135-0200 DEBUG swift CDM: file://localhost/tscene : DEFAULT
2017-02-16 21:42:42,133-0200 DEBUG swift CDM: file://localhost/tscene : DEFAULT
2017-02-16 21:42:42,133-0200 DEBUG swift CDM: file://localhost/tscene : DEFAULT
2017-02-16 21:42:42,133-0200 DEBUG swift CDM: file://localhost/tscene : DEFAULT
2017-02-16 21:42:42,133-0200 DEBUG swift CDM: file://localhost/tscene : DEFAULT
2017-02-16 21:42:42,133-0200 DEBUG swift CDM: file://localhost/tscene : DEFAULT
2017-02-16 21:42:42,138-0200 INFO  LateBindingScheduler jobs queued: 2
2017-02-16 21:42:42,139-0200 DEBUG swift FILE_STAGE_IN_END file=tscene srchost=localhost srcdir= srcname=tscene desthost=local destdir=c-ray-run002/shared/ provider=file
2017-02-16 21:42:42,141-0200 INFO  swift END jobid=genscenes-vj1qh24n-0 - Staging in finished
2017-02-16 21:42:42,141-0200 INFO  swift END jobid=genscenes-0k1qh24n-0 - Staging in finished
2017-02-16 21:42:42,141-0200 DEBUG swift JOB_START jobid=genscenes-vj1qh24n-0 tr=genscenes arguments=[3, 10, tscene] tmpdir=c-ray-run002/jobs/g/genscenes-vj1qh24n-0
2017-02-16 21:42:42,141-0200 INFO  swift END jobid=genscenes-xj1qh24n-0 - Staging in finished
2017-02-16 21:42:42,141-0200 DEBUG swift JOB_START jobid=genscenes-0k1qh24n-0 tr=genscenes arguments=[9, 10, tscene] tmpdir=c-ray-run002/jobs/g/genscenes-0k1qh24n-0
2017-02-16 21:42:42,141-0200 DEBUG swift JOB_START jobid=genscenes-xj1qh24n-0 tr=genscenes arguments=[5, 10, tscene] tmpdir=c-ray-run002/jobs/g/genscenes-xj1qh24n-0
2017-02-16 21:42:42,141-0200 INFO  swift END jobid=genscenes-tj1qh24n-0 - Staging in finished
2017-02-16 21:42:42,141-0200 DEBUG swift JOB_START jobid=genscenes-tj1qh24n-0 tr=genscenes arguments=[1, 10, tscene] tmpdir=c-ray-run002/jobs/g/genscenes-tj1qh24n-0
2017-02-16 21:42:42,142-0200 INFO  swift END jobid=genscenes-1k1qh24n-0 - Staging in finished
2017-02-16 21:42:42,142-0200 DEBUG swift JOB_START jobid=genscenes-1k1qh24n-0 tr=genscenes arguments=[10, 10, tscene] tmpdir=c-ray-run002/jobs/g/genscenes-1k1qh24n-0
2017-02-16 21:42:42,143-0200 INFO  swift END jobid=genscenes-uj1qh24n-0 - Staging in finished
2017-02-16 21:42:42,143-0200 INFO  swift END jobid=genscenes-zj1qh24n-0 - Staging in finished
2017-02-16 21:42:42,143-0200 DEBUG swift JOB_START jobid=genscenes-uj1qh24n-0 tr=genscenes arguments=[2, 10, tscene] tmpdir=c-ray-run002/jobs/g/genscenes-uj1qh24n-0
2017-02-16 21:42:42,143-0200 DEBUG swift JOB_START jobid=genscenes-zj1qh24n-0 tr=genscenes arguments=[8, 10, tscene] tmpdir=c-ray-run002/jobs/g/genscenes-zj1qh24n-0
2017-02-16 21:42:42,145-0200 INFO  swift END jobid=genscenes-2k1qh24n-0 - Staging in finished
2017-02-16 21:42:42,145-0200 DEBUG swift JOB_START jobid=genscenes-2k1qh24n-0 tr=genscenes arguments=[0, 10, tscene] tmpdir=c-ray-run002/jobs/g/genscenes-2k1qh24n-0
2017-02-16 21:42:42,145-0200 INFO  Execute JOB_TASK jobid=genscenes-1k1qh24n-0 taskid=task-43 exec=/bin/bash dir=c-ray-run002 args=shared/_swiftwrap genscenes-1k1qh24n-0 -jobdir g -scratch  -e genscenes -out scene.0010.data -err stderr.txt -i -d  -if tscene -of scene.0010.data -cf  -cdmfile -status files -a 10 10 tscene
2017-02-16 21:42:42,145-0200 INFO  Execute JOB_TASK jobid=genscenes-2k1qh24n-0 taskid=task-45 exec=/bin/bash dir=c-ray-run002 args=shared/_swiftwrap genscenes-2k1qh24n-0 -jobdir g -scratch  -e genscenes -out scene.0000.data -err stderr.txt -i -d  -if tscene -of scene.0000.data -cf  -cdmfile -status files -a 0 10 tscene
2017-02-16 21:42:42,146-0200 INFO  Execute JOB_TASK jobid=genscenes-tj1qh24n-0 taskid=task-19 exec=/bin/bash dir=c-ray-run002 args=shared/_swiftwrap genscenes-tj1qh24n-0 -jobdir g -scratch  -e genscenes -out scene.0001.data -err stderr.txt -i -d  -if tscene -of scene.0001.data -cf  -cdmfile -status files -a 1 10 tscene
2017-02-16 21:42:42,146-0200 INFO  Execute JOB_TASK jobid=genscenes-xj1qh24n-0 taskid=task-33 exec=/bin/bash dir=c-ray-run002 args=shared/_swiftwrap genscenes-xj1qh24n-0 -jobdir g -scratch  -e genscenes -out scene.0005.data -err stderr.txt -i -d  -if tscene -of scene.0005.data -cf  -cdmfile -status files -a 5 10 tscene
2017-02-16 21:42:42,146-0200 INFO  Execute JOB_TASK jobid=genscenes-vj1qh24n-0 taskid=task-31 exec=/bin/bash dir=c-ray-run002 args=shared/_swiftwrap genscenes-vj1qh24n-0 -jobdir g -scratch  -e genscenes -out scene.0003.data -err stderr.txt -i -d  -if tscene -of scene.0003.data -cf  -cdmfile -status files -a 3 10 tscene
2017-02-16 21:42:42,146-0200 INFO  swift END jobid=genscenes-yj1qh24n-0 - Staging in finished
2017-02-16 21:42:42,147-0200 DEBUG swift JOB_START jobid=genscenes-yj1qh24n-0 tr=genscenes arguments=[7, 10, tscene] tmpdir=c-ray-run002/jobs/g/genscenes-yj1qh24n-0
2017-02-16 21:42:42,147-0200 INFO  Execute JOB_TASK jobid=genscenes-yj1qh24n-0 taskid=task-37 exec=/bin/bash dir=c-ray-run002 args=shared/_swiftwrap genscenes-yj1qh24n-0 -jobdir g -scratch  -e genscenes -out scene.0007.data -err stderr.txt -i -d  -if tscene -of scene.0007.data -cf  -cdmfile -status files -a 7 10 tscene
2017-02-16 21:42:42,147-0200 INFO  Execute JOB_TASK jobid=genscenes-uj1qh24n-0 taskid=task-21 exec=/bin/bash dir=c-ray-run002 args=shared/_swiftwrap genscenes-uj1qh24n-0 -jobdir g -scratch  -e genscenes -out scene.0002.data -err stderr.txt -i -d  -if tscene -of scene.0002.data -cf  -cdmfile -status files -a 2 10 tscene
2017-02-16 21:42:42,147-0200 INFO  Execute JOB_TASK jobid=genscenes-0k1qh24n-0 taskid=task-41 exec=/bin/bash dir=c-ray-run002 args=shared/_swiftwrap genscenes-0k1qh24n-0 -jobdir g -scratch  -e genscenes -out scene.0009.data -err stderr.txt -i -d  -if tscene -of scene.0009.data -cf  -cdmfile -status files -a 9 10 tscene
2017-02-16 21:42:42,147-0200 INFO  Execute JOB_TASK jobid=genscenes-zj1qh24n-0 taskid=task-39 exec=/bin/bash dir=c-ray-run002 args=shared/_swiftwrap genscenes-zj1qh24n-0 -jobdir g -scratch  -e genscenes -out scene.0008.data -err stderr.txt -i -d  -if tscene -of scene.0008.data -cf  -cdmfile -status files -a 8 10 tscene
2017-02-16 21:42:42,156-0200 INFO  Execute TASK_STATUS_CHANGE taskid=task-31 status=8
2017-02-16 21:42:42,156-0200 INFO  Execute TASK_STATUS_CHANGE taskid=task-43 status=8
2017-02-16 21:42:42,156-0200 INFO  Execute TASK_STATUS_CHANGE taskid=task-31 status=1
2017-02-16 21:42:42,157-0200 INFO  Execute TASK_STATUS_CHANGE taskid=task-43 status=1
2017-02-16 21:42:42,157-0200 INFO  Execute TASK_STATUS_CHANGE taskid=task-19 status=8
2017-02-16 21:42:42,157-0200 INFO  Execute TASK_STATUS_CHANGE taskid=task-33 status=8
2017-02-16 21:42:42,159-0200 INFO  Execute TASK_STATUS_CHANGE taskid=task-19 status=1
2017-02-16 21:42:42,159-0200 INFO  Execute TASK_STATUS_CHANGE taskid=task-45 status=8
2017-02-16 21:42:42,159-0200 INFO  Execute TASK_STATUS_CHANGE taskid=task-33 status=1
2017-02-16 21:42:42,159-0200 INFO  Execute TASK_STATUS_CHANGE taskid=task-37 status=8
2017-02-16 21:42:42,163-0200 INFO  Execute TASK_STATUS_CHANGE taskid=task-45 status=1
2017-02-16 21:42:42,163-0200 INFO  Execute TASK_STATUS_CHANGE taskid=task-21 status=8
2017-02-16 21:42:42,170-0200 INFO  Execute TASK_STATUS_CHANGE taskid=task-21 status=1
2017-02-16 21:42:42,170-0200 INFO  Execute TASK_STATUS_CHANGE taskid=task-41 status=8
2017-02-16 21:42:42,173-0200 INFO  Execute TASK_STATUS_CHANGE taskid=task-31 status=2
2017-02-16 21:42:42,176-0200 INFO  Execute TASK_STATUS_CHANGE taskid=task-19 status=2
2017-02-16 21:42:42,188-0200 INFO  Execute TASK_STATUS_CHANGE taskid=task-33 status=2
2017-02-16 21:42:42,194-0200 INFO  Execute TASK_STATUS_CHANGE taskid=task-21 status=2
2017-02-16 21:42:42,196-0200 INFO  Execute TASK_STATUS_CHANGE taskid=task-45 status=2
2017-02-16 21:42:42,198-0200 INFO  Execute TASK_STATUS_CHANGE taskid=task-41 status=1
2017-02-16 21:42:42,198-0200 INFO  Execute TASK_STATUS_CHANGE taskid=task-39 status=8
2017-02-16 21:42:42,199-0200 INFO  Execute TASK_STATUS_CHANGE taskid=task-39 status=1
2017-02-16 21:42:42,209-0200 INFO  Execute TASK_STATUS_CHANGE taskid=task-37 status=1
2017-02-16 21:42:42,210-0200 INFO  Execute TASK_STATUS_CHANGE taskid=task-39 status=2
2017-02-16 21:42:42,216-0200 INFO  Execute TASK_STATUS_CHANGE taskid=task-41 status=2
2017-02-16 21:42:42,231-0200 INFO  Execute TASK_STATUS_CHANGE taskid=task-43 status=2
2017-02-16 21:42:42,233-0200 INFO  Execute TASK_STATUS_CHANGE taskid=task-37 status=2
2017-02-16 21:42:42,322-0200 INFO  LateBindingScheduler jobs queued: 2
2017-02-16 21:42:42,322-0200 INFO  Execute TASK_STATUS_CHANGE taskid=task-33 status=7
2017-02-16 21:42:42,322-0200 DEBUG swift START jobid=genscenes-xj1qh24n-0
2017-02-16 21:42:42,323-0200 INFO  LateBindingScheduler jobs queued: 2
2017-02-16 21:42:42,323-0200 INFO  swift SUCCESS jobid=genscenes-xj1qh24n-0 - Success file found
2017-02-16 21:42:42,323-0200 DEBUG swift STAGING_OUT jobid=genscenes-xj1qh24n-0
2017-02-16 21:42:42,323-0200 INFO  swift START jobid=genscenes-xj1qh24n-0 - Staging out files
2017-02-16 21:42:42,323-0200 DEBUG swift stageouts: [file://localhost/./scene.0005.data]
2017-02-16 21:42:42,325-0200 DEBUG swift FILE_STAGE_OUT_START srcname=scene.0005.data srcdir=c-ray-run002/shared/ srchost=local destdir=. desthost=localhost provider=file jobid=genscenes-xj1qh24n-0
2017-02-16 21:42:42,325-0200 INFO  LateBindingScheduler jobs queued: 2
2017-02-16 21:42:42,325-0200 DEBUG swift CDM: file://localhost/./scene.0005.data : DEFAULT
2017-02-16 21:42:42,326-0200 INFO  LateBindingScheduler jobs queued: 2
2017-02-16 21:42:42,327-0200 DEBUG swift FILE_STAGE_OUT_END srcname=scene.0005.data srcdir=c-ray-run002/shared/ srchost=local destdir=. desthost=localhost provider=file
2017-02-16 21:42:42,327-0200 INFO  LateBindingScheduler jobs queued: 2
2017-02-16 21:42:42,328-0200 INFO  swift END jobid=genscenes-xj1qh24n-0 - Staging out finished
2017-02-16 21:42:42,328-0200 INFO  LateBindingScheduler jobs queued: 3
2017-02-16 21:42:42,328-0200 INFO  Execute TASK_STATUS_CHANGE taskid=task-19 status=7
2017-02-16 21:42:42,329-0200 DEBUG swift START jobid=genscenes-tj1qh24n-0
2017-02-16 21:42:42,329-0200 INFO  LateBindingScheduler jobs queued: 2
2017-02-16 21:42:42,329-0200 INFO  swift SUCCESS jobid=genscenes-tj1qh24n-0 - Success file found
2017-02-16 21:42:42,329-0200 DEBUG swift STAGING_OUT jobid=genscenes-tj1qh24n-0
2017-02-16 21:42:42,330-0200 INFO  swift START jobid=genscenes-tj1qh24n-0 - Staging out files
2017-02-16 21:42:42,330-0200 DEBUG swift stageouts: [file://localhost/./scene.0001.data]
2017-02-16 21:42:42,330-0200 DEBUG swift FILE_STAGE_OUT_START srcname=scene.0001.data srcdir=c-ray-run002/shared/ srchost=local destdir=. desthost=localhost provider=file jobid=genscenes-tj1qh24n-0
2017-02-16 21:42:42,330-0200 INFO  LateBindingScheduler jobs queued: 2
2017-02-16 21:42:42,330-0200 DEBUG swift CDM: file://localhost/./scene.0001.data : DEFAULT
2017-02-16 21:42:42,335-0200 INFO  LateBindingScheduler jobs queued: 2
2017-02-16 21:42:42,335-0200 INFO  Execute TASK_STATUS_CHANGE taskid=task-43 status=7
2017-02-16 21:42:42,335-0200 DEBUG swift START jobid=genscenes-1k1qh24n-0
2017-02-16 21:42:42,336-0200 INFO  LateBindingScheduler jobs queued: 2
2017-02-16 21:42:42,336-0200 INFO  swift SUCCESS jobid=genscenes-1k1qh24n-0 - Success file found
2017-02-16 21:42:42,336-0200 DEBUG swift STAGING_OUT jobid=genscenes-1k1qh24n-0
2017-02-16 21:42:42,336-0200 INFO  swift START jobid=genscenes-1k1qh24n-0 - Staging out files
2017-02-16 21:42:42,336-0200 DEBUG swift stageouts: [file://localhost/./scene.0010.data]
2017-02-16 21:42:42,337-0200 DEBUG swift FILE_STAGE_OUT_START srcname=scene.0010.data srcdir=c-ray-run002/shared/ srchost=local destdir=. desthost=localhost provider=file jobid=genscenes-1k1qh24n-0
2017-02-16 21:42:42,338-0200 INFO  LateBindingScheduler jobs queued: 2
2017-02-16 21:42:42,338-0200 DEBUG swift CDM: file://localhost/./scene.0010.data : DEFAULT
2017-02-16 21:42:42,338-0200 INFO  LateBindingScheduler jobs queued: 3
2017-02-16 21:42:42,338-0200 DEBUG swift FILE_STAGE_OUT_END srcname=scene.0001.data srcdir=c-ray-run002/shared/ srchost=local destdir=. desthost=localhost provider=file
2017-02-16 21:42:42,338-0200 INFO  LateBindingScheduler jobs queued: 3
2017-02-16 21:42:42,338-0200 INFO  Execute TASK_STATUS_CHANGE taskid=task-45 status=7
2017-02-16 21:42:42,354-0200 INFO  LateBindingScheduler jobs queued: 2
2017-02-16 21:42:42,354-0200 INFO  LateBindingScheduler jobs queued: 2
2017-02-16 21:42:42,354-0200 INFO  Execute TASK_STATUS_CHANGE taskid=task-31 status=7
2017-02-16 21:42:42,354-0200 DEBUG swift START jobid=genscenes-2k1qh24n-0
2017-02-16 21:42:42,354-0200 DEBUG swift START jobid=genscenes-vj1qh24n-0
2017-02-16 21:42:42,355-0200 INFO  swift END jobid=genscenes-tj1qh24n-0 - Staging out finished
2017-02-16 21:42:42,356-0200 INFO  LateBindingScheduler jobs queued: 2
2017-02-16 21:42:42,356-0200 INFO  LateBindingScheduler jobs queued: 2
2017-02-16 21:42:42,356-0200 INFO  swift SUCCESS jobid=genscenes-2k1qh24n-0 - Success file found
2017-02-16 21:42:42,356-0200 DEBUG swift STAGING_OUT jobid=genscenes-2k1qh24n-0
2017-02-16 21:42:42,356-0200 INFO  swift START jobid=genscenes-2k1qh24n-0 - Staging out files
2017-02-16 21:42:42,356-0200 DEBUG swift stageouts: [file://localhost/./scene.0000.data]
2017-02-16 21:42:42,357-0200 INFO  swift SUCCESS jobid=genscenes-vj1qh24n-0 - Success file found
2017-02-16 21:42:42,357-0200 DEBUG swift STAGING_OUT jobid=genscenes-vj1qh24n-0
2017-02-16 21:42:42,357-0200 INFO  swift START jobid=genscenes-vj1qh24n-0 - Staging out files
2017-02-16 21:42:42,357-0200 DEBUG swift stageouts: [file://localhost/./scene.0003.data]
2017-02-16 21:42:42,357-0200 DEBUG swift FILE_STAGE_OUT_START srcname=scene.0000.data srcdir=c-ray-run002/shared/ srchost=local destdir=. desthost=localhost provider=file jobid=genscenes-2k1qh24n-0
2017-02-16 21:42:42,357-0200 DEBUG swift FILE_STAGE_OUT_START srcname=scene.0003.data srcdir=c-ray-run002/shared/ srchost=local destdir=. desthost=localhost provider=file jobid=genscenes-vj1qh24n-0
2017-02-16 21:42:42,358-0200 INFO  LateBindingScheduler jobs queued: 2
2017-02-16 21:42:42,358-0200 DEBUG swift CDM: file://localhost/./scene.0000.data : DEFAULT
2017-02-16 21:42:42,358-0200 INFO  LateBindingScheduler jobs queued: 2
2017-02-16 21:42:42,358-0200 DEBUG swift CDM: file://localhost/./scene.0003.data : DEFAULT
2017-02-16 21:42:42,360-0200 INFO  LateBindingScheduler jobs queued: 3
2017-02-16 21:42:42,360-0200 INFO  LateBindingScheduler jobs queued: 3
2017-02-16 21:42:42,360-0200 INFO  LateBindingScheduler jobs queued: 2
2017-02-16 21:42:42,360-0200 DEBUG swift FILE_STAGE_OUT_END srcname=scene.0010.data srcdir=c-ray-run002/shared/ srchost=local destdir=. desthost=localhost provider=file
2017-02-16 21:42:42,361-0200 DEBUG swift JOB_END jobid=genscenes-xj1qh24n-0
2017-02-16 21:42:42,361-0200 INFO  LateBindingScheduler jobs queued: 2
2017-02-16 21:42:42,361-0200 INFO  swift END_SUCCESS jobid=genscenes-xj1qh24n tr=genscenes
2017-02-16 21:42:42,361-0200 DEBUG swift PROCEDURE_END line=20 thread=2-0-14-11-25-5-33-0 name=generate
2017-02-16 21:42:42,361-0200 DEBUG swift JOB_INIT jobid=c-ray-mt-5k1qh24n tr=c-ray-mt
2017-02-16 21:42:42,361-0200 DEBUG swift JOB_SITE_SELECT jobid=c-ray-mt-5k1qh24n-0
2017-02-16 21:42:42,362-0200 INFO  swift END jobid=genscenes-1k1qh24n-0 - Staging out finished
2017-02-16 21:42:42,363-0200 DEBUG swift THREAD_ASSOCIATION jobid=genscenes-3k1qh24n-0 host=local thread=2-0-14-11-26-6-35-0
2017-02-16 21:42:42,363-0200 INFO  swift START jobid=genscenes-3k1qh24n-0 host=local - Initializing directory structure
2017-02-16 21:42:42,363-0200 INFO  swift END jobid=genscenes-3k1qh24n-0 - Done initializing directory structure
2017-02-16 21:42:42,364-0200 INFO  swift START jobid=genscenes-3k1qh24n-0 - Staging in files [file://localhost/tscene]
2017-02-16 21:42:42,364-0200 INFO  LateBindingScheduler jobs queued: 2
2017-02-16 21:42:42,365-0200 DEBUG swift CDM: file://localhost/tscene : DEFAULT
2017-02-16 21:42:42,365-0200 INFO  swift END jobid=genscenes-3k1qh24n-0 - Staging in finished
2017-02-16 21:42:42,365-0200 DEBUG swift JOB_START jobid=genscenes-3k1qh24n-0 tr=genscenes arguments=[6, 10, tscene] tmpdir=c-ray-run002/jobs/g/genscenes-3k1qh24n-0
2017-02-16 21:42:42,365-0200 INFO  Execute JOB_TASK jobid=genscenes-3k1qh24n-0 taskid=task-35 exec=/bin/bash dir=c-ray-run002 args=shared/_swiftwrap genscenes-3k1qh24n-0 -jobdir g -scratch  -e genscenes -out scene.0006.data -err stderr.txt -i -d  -if tscene -of scene.0006.data -cf  -cdmfile -status files -a 6 10 tscene
2017-02-16 21:42:42,366-0200 INFO  LateBindingScheduler jobs queued: 2
2017-02-16 21:42:42,366-0200 DEBUG swift FILE_STAGE_OUT_END srcname=scene.0000.data srcdir=c-ray-run002/shared/ srchost=local destdir=. desthost=localhost provider=file
2017-02-16 21:42:42,367-0200 DEBUG swift JOB_END jobid=genscenes-tj1qh24n-0
2017-02-16 21:42:42,367-0200 INFO  LateBindingScheduler jobs queued: 2
2017-02-16 21:42:42,367-0200 INFO  swift END_SUCCESS jobid=genscenes-tj1qh24n tr=genscenes
2017-02-16 21:42:42,367-0200 DEBUG swift PROCEDURE_END line=20 thread=2-0-14-11-17-1-19-0 name=generate
2017-02-16 21:42:42,367-0200 DEBUG swift JOB_INIT jobid=c-ray-mt-6k1qh24n tr=c-ray-mt
2017-02-16 21:42:42,367-0200 DEBUG swift JOB_SITE_SELECT jobid=c-ray-mt-6k1qh24n-0
2017-02-16 21:42:42,367-0200 DEBUG swift THREAD_ASSOCIATION jobid=genscenes-4k1qh24n-0 host=local thread=2-0-14-11-24-4-47-0
2017-02-16 21:42:42,368-0200 INFO  swift END jobid=genscenes-2k1qh24n-0 - Staging out finished
2017-02-16 21:42:42,368-0200 INFO  swift START jobid=genscenes-4k1qh24n-0 host=local - Initializing directory structure
2017-02-16 21:42:42,368-0200 INFO  swift END jobid=genscenes-4k1qh24n-0 - Done initializing directory structure
2017-02-16 21:42:42,368-0200 INFO  swift START jobid=genscenes-4k1qh24n-0 - Staging in files [file://localhost/tscene]
2017-02-16 21:42:42,369-0200 INFO  Execute TASK_STATUS_CHANGE taskid=task-35 status=8
2017-02-16 21:42:42,369-0200 INFO  Execute TASK_STATUS_CHANGE taskid=task-35 status=1
2017-02-16 21:42:42,370-0200 INFO  LateBindingScheduler jobs queued: 2
2017-02-16 21:42:42,370-0200 DEBUG swift CDM: file://localhost/tscene : DEFAULT
2017-02-16 21:42:42,371-0200 INFO  swift END jobid=genscenes-4k1qh24n-0 - Staging in finished
2017-02-16 21:42:42,371-0200 DEBUG swift JOB_START jobid=genscenes-4k1qh24n-0 tr=genscenes arguments=[4, 10, tscene] tmpdir=c-ray-run002/jobs/g/genscenes-4k1qh24n-0
2017-02-16 21:42:42,371-0200 INFO  Execute JOB_TASK jobid=genscenes-4k1qh24n-0 taskid=task-47 exec=/bin/bash dir=c-ray-run002 args=shared/_swiftwrap genscenes-4k1qh24n-0 -jobdir g -scratch  -e genscenes -out scene.0004.data -err stderr.txt -i -d  -if tscene -of scene.0004.data -cf  -cdmfile -status files -a 4 10 tscene
2017-02-16 21:42:42,371-0200 INFO  Execute TASK_STATUS_CHANGE taskid=task-47 status=8
2017-02-16 21:42:42,371-0200 INFO  Execute TASK_STATUS_CHANGE taskid=task-47 status=1
2017-02-16 21:42:42,372-0200 INFO  LateBindingScheduler jobs queued: 2
2017-02-16 21:42:42,372-0200 INFO  LateBindingScheduler jobs queued: 2
2017-02-16 21:42:42,372-0200 DEBUG swift JOB_END jobid=genscenes-1k1qh24n-0
2017-02-16 21:42:42,372-0200 DEBUG swift JOB_END jobid=genscenes-2k1qh24n-0
2017-02-16 21:42:42,373-0200 INFO  swift END_SUCCESS jobid=genscenes-1k1qh24n tr=genscenes
2017-02-16 21:42:42,373-0200 INFO  swift END_SUCCESS jobid=genscenes-2k1qh24n tr=genscenes
2017-02-16 21:42:42,373-0200 DEBUG swift PROCEDURE_END line=20 thread=2-0-14-11-30-10-43-0 name=generate
2017-02-16 21:42:42,373-0200 DEBUG swift PROCEDURE_END line=20 thread=2-0-14-11-16-0-45-0 name=generate
2017-02-16 21:42:42,373-0200 DEBUG swift JOB_INIT jobid=c-ray-mt-7k1qh24n tr=c-ray-mt
2017-02-16 21:42:42,373-0200 DEBUG swift JOB_INIT jobid=c-ray-mt-8k1qh24n tr=c-ray-mt
2017-02-16 21:42:42,373-0200 DEBUG swift JOB_SITE_SELECT jobid=c-ray-mt-7k1qh24n-0
2017-02-16 21:42:42,373-0200 DEBUG swift JOB_SITE_SELECT jobid=c-ray-mt-8k1qh24n-0
2017-02-16 21:42:42,373-0200 DEBUG swift THREAD_ASSOCIATION jobid=c-ray-mt-5k1qh24n-0 host=local thread=2-0-14-11-25-5-34-1
2017-02-16 21:42:42,374-0200 INFO  swift START jobid=c-ray-mt-5k1qh24n-0 host=local - Initializing directory structure
2017-02-16 21:42:42,374-0200 INFO  swift END jobid=c-ray-mt-5k1qh24n-0 - Done initializing directory structure
2017-02-16 21:42:42,374-0200 INFO  swift START jobid=c-ray-mt-5k1qh24n-0 - Staging in files [file://localhost/./scene.0005.data]
2017-02-16 21:42:42,374-0200 DEBUG swift THREAD_ASSOCIATION jobid=c-ray-mt-6k1qh24n-0 host=local thread=2-0-14-11-17-1-20-1
2017-02-16 21:42:42,375-0200 INFO  swift START jobid=c-ray-mt-6k1qh24n-0 host=local - Initializing directory structure
2017-02-16 21:42:42,375-0200 INFO  swift END jobid=c-ray-mt-6k1qh24n-0 - Done initializing directory structure
2017-02-16 21:42:42,376-0200 INFO  swift START jobid=c-ray-mt-6k1qh24n-0 - Staging in files [file://localhost/./scene.0001.data]
2017-02-16 21:42:42,376-0200 INFO  LateBindingScheduler jobs queued: 2
2017-02-16 21:42:42,376-0200 DEBUG swift CDM: file://localhost/./scene.0005.data : DEFAULT
2017-02-16 21:42:42,376-0200 INFO  swift END jobid=c-ray-mt-5k1qh24n-0 - Staging in finished
2017-02-16 21:42:42,376-0200 INFO  LateBindingScheduler jobs queued: 2
2017-02-16 21:42:42,376-0200 DEBUG swift JOB_START jobid=c-ray-mt-5k1qh24n-0 tr=c-ray-mt arguments=[-s, 800x600, -t, 1] tmpdir=c-ray-run002/jobs/c/c-ray-mt-5k1qh24n-0
2017-02-16 21:42:42,377-0200 INFO  Execute JOB_TASK jobid=c-ray-mt-5k1qh24n-0 taskid=task-34 exec=/bin/bash dir=c-ray-run002 args=shared/_swiftwrap c-ray-mt-5k1qh24n-0 -jobdir c -scratch  -e c-ray-mt -out scene.0005.ppm -err stderr.txt -i scene.0005.data -d  -if scene.0005.data -of scene.0005.ppm -cf  -cdmfile -status files -a -s 800x600 -t 1
2017-02-16 21:42:42,377-0200 DEBUG swift CDM: file://localhost/./scene.0001.data : DEFAULT
2017-02-16 21:42:42,377-0200 INFO  swift END jobid=c-ray-mt-6k1qh24n-0 - Staging in finished
2017-02-16 21:42:42,377-0200 DEBUG swift JOB_START jobid=c-ray-mt-6k1qh24n-0 tr=c-ray-mt arguments=[-s, 800x600, -t, 1] tmpdir=c-ray-run002/jobs/c/c-ray-mt-6k1qh24n-0
2017-02-16 21:42:42,378-0200 INFO  Execute JOB_TASK jobid=c-ray-mt-6k1qh24n-0 taskid=task-20 exec=/bin/bash dir=c-ray-run002 args=shared/_swiftwrap c-ray-mt-6k1qh24n-0 -jobdir c -scratch  -e c-ray-mt -out scene.0001.ppm -err stderr.txt -i scene.0001.data -d  -if scene.0001.data -of scene.0001.ppm -cf  -cdmfile -status files -a -s 800x600 -t 1
2017-02-16 21:42:42,378-0200 INFO  Execute TASK_STATUS_CHANGE taskid=task-34 status=8
2017-02-16 21:42:42,378-0200 INFO  LateBindingScheduler jobs queued: 2
2017-02-16 21:42:42,378-0200 INFO  Execute TASK_STATUS_CHANGE taskid=task-20 status=8
2017-02-16 21:42:42,378-0200 INFO  Execute TASK_STATUS_CHANGE taskid=task-20 status=1
2017-02-16 21:42:42,379-0200 INFO  Execute TASK_STATUS_CHANGE taskid=task-34 status=1
2017-02-16 21:42:42,379-0200 INFO  Execute TASK_STATUS_CHANGE taskid=task-35 status=2
2017-02-16 21:42:42,379-0200 DEBUG swift FILE_STAGE_OUT_END srcname=scene.0003.data srcdir=c-ray-run002/shared/ srchost=local destdir=. desthost=localhost provider=file
2017-02-16 21:42:42,380-0200 INFO  LateBindingScheduler jobs queued: 2
2017-02-16 21:42:42,380-0200 INFO  swift END jobid=genscenes-vj1qh24n-0 - Staging out finished
2017-02-16 21:42:42,385-0200 INFO  Execute TASK_STATUS_CHANGE taskid=task-20 status=2
2017-02-16 21:42:42,385-0200 INFO  Execute TASK_STATUS_CHANGE taskid=task-47 status=2
2017-02-16 21:42:42,386-0200 INFO  LateBindingScheduler jobs queued: 2
2017-02-16 21:42:42,387-0200 DEBUG swift JOB_END jobid=genscenes-vj1qh24n-0
2017-02-16 21:42:42,387-0200 INFO  swift END_SUCCESS jobid=genscenes-vj1qh24n tr=genscenes
2017-02-16 21:42:42,387-0200 DEBUG swift PROCEDURE_END line=20 thread=2-0-14-11-23-3-31-0 name=generate
2017-02-16 21:42:42,387-0200 INFO  Execute TASK_STATUS_CHANGE taskid=task-34 status=2
2017-02-16 21:42:42,387-0200 DEBUG swift JOB_INIT jobid=c-ray-mt-9k1qh24n tr=c-ray-mt
2017-02-16 21:42:42,387-0200 DEBUG swift JOB_SITE_SELECT jobid=c-ray-mt-9k1qh24n-0
2017-02-16 21:42:42,388-0200 DEBUG swift THREAD_ASSOCIATION jobid=c-ray-mt-7k1qh24n-0 host=local thread=2-0-14-11-30-10-44-1
2017-02-16 21:42:42,388-0200 INFO  swift START jobid=c-ray-mt-7k1qh24n-0 host=local - Initializing directory structure
2017-02-16 21:42:42,388-0200 INFO  swift END jobid=c-ray-mt-7k1qh24n-0 - Done initializing directory structure
2017-02-16 21:42:42,388-0200 INFO  swift START jobid=c-ray-mt-7k1qh24n-0 - Staging in files [file://localhost/./scene.0010.data]
2017-02-16 21:42:42,389-0200 INFO  LateBindingScheduler jobs queued: 2
2017-02-16 21:42:42,389-0200 DEBUG swift CDM: file://localhost/./scene.0010.data : DEFAULT
2017-02-16 21:42:42,390-0200 INFO  swift END jobid=c-ray-mt-7k1qh24n-0 - Staging in finished
2017-02-16 21:42:42,390-0200 DEBUG swift JOB_START jobid=c-ray-mt-7k1qh24n-0 tr=c-ray-mt arguments=[-s, 800x600, -t, 1] tmpdir=c-ray-run002/jobs/c/c-ray-mt-7k1qh24n-0
2017-02-16 21:42:42,390-0200 INFO  Execute JOB_TASK jobid=c-ray-mt-7k1qh24n-0 taskid=task-44 exec=/bin/bash dir=c-ray-run002 args=shared/_swiftwrap c-ray-mt-7k1qh24n-0 -jobdir c -scratch  -e c-ray-mt -out scene.0010.ppm -err stderr.txt -i scene.0010.data -d  -if scene.0010.data -of scene.0010.ppm -cf  -cdmfile -status files -a -s 800x600 -t 1
2017-02-16 21:42:42,390-0200 INFO  Execute TASK_STATUS_CHANGE taskid=task-44 status=8
2017-02-16 21:42:42,391-0200 INFO  Execute TASK_STATUS_CHANGE taskid=task-44 status=1
2017-02-16 21:42:42,393-0200 INFO  Execute TASK_STATUS_CHANGE taskid=task-44 status=2
2017-02-16 21:42:42,394-0200 INFO  LateBindingScheduler jobs queued: 2
2017-02-16 21:42:42,395-0200 INFO  Execute TASK_STATUS_CHANGE taskid=task-41 status=7
2017-02-16 21:42:42,395-0200 DEBUG swift START jobid=genscenes-0k1qh24n-0
2017-02-16 21:42:42,396-0200 INFO  LateBindingScheduler jobs queued: 2
2017-02-16 21:42:42,396-0200 INFO  swift SUCCESS jobid=genscenes-0k1qh24n-0 - Success file found
2017-02-16 21:42:42,396-0200 DEBUG swift STAGING_OUT jobid=genscenes-0k1qh24n-0
2017-02-16 21:42:42,396-0200 INFO  swift START jobid=genscenes-0k1qh24n-0 - Staging out files
2017-02-16 21:42:42,396-0200 DEBUG swift stageouts: [file://localhost/./scene.0009.data]
2017-02-16 21:42:42,396-0200 DEBUG swift FILE_STAGE_OUT_START srcname=scene.0009.data srcdir=c-ray-run002/shared/ srchost=local destdir=. desthost=localhost provider=file jobid=genscenes-0k1qh24n-0
2017-02-16 21:42:42,398-0200 INFO  LateBindingScheduler jobs queued: 3
2017-02-16 21:42:42,398-0200 INFO  Execute TASK_STATUS_CHANGE taskid=task-21 status=7
2017-02-16 21:42:42,398-0200 INFO  LateBindingScheduler jobs queued: 2
2017-02-16 21:42:42,398-0200 DEBUG swift START jobid=genscenes-uj1qh24n-0
2017-02-16 21:42:42,398-0200 DEBUG swift CDM: file://localhost/./scene.0009.data : DEFAULT
2017-02-16 21:42:42,399-0200 INFO  LateBindingScheduler jobs queued: 2
2017-02-16 21:42:42,400-0200 INFO  swift SUCCESS jobid=genscenes-uj1qh24n-0 - Success file found
2017-02-16 21:42:42,400-0200 DEBUG swift STAGING_OUT jobid=genscenes-uj1qh24n-0
2017-02-16 21:42:42,400-0200 INFO  swift START jobid=genscenes-uj1qh24n-0 - Staging out files
2017-02-16 21:42:42,400-0200 DEBUG swift stageouts: [file://localhost/./scene.0002.data]
2017-02-16 21:42:42,400-0200 DEBUG swift FILE_STAGE_OUT_START srcname=scene.0002.data srcdir=c-ray-run002/shared/ srchost=local destdir=. desthost=localhost provider=file jobid=genscenes-uj1qh24n-0
2017-02-16 21:42:42,401-0200 INFO  LateBindingScheduler jobs queued: 2
2017-02-16 21:42:42,401-0200 DEBUG swift CDM: file://localhost/./scene.0002.data : DEFAULT
2017-02-16 21:42:42,402-0200 INFO  LateBindingScheduler jobs queued: 2
2017-02-16 21:42:42,402-0200 INFO  LateBindingScheduler jobs queued: 2
2017-02-16 21:42:42,403-0200 DEBUG swift FILE_STAGE_OUT_END srcname=scene.0009.data srcdir=c-ray-run002/shared/ srchost=local destdir=. desthost=localhost provider=file
2017-02-16 21:42:42,403-0200 DEBUG swift FILE_STAGE_OUT_END srcname=scene.0002.data srcdir=c-ray-run002/shared/ srchost=local destdir=. desthost=localhost provider=file
2017-02-16 21:42:42,403-0200 INFO  LateBindingScheduler jobs queued: 3
2017-02-16 21:42:42,403-0200 INFO  LateBindingScheduler jobs queued: 3
2017-02-16 21:42:42,404-0200 INFO  swift END jobid=genscenes-0k1qh24n-0 - Staging out finished
2017-02-16 21:42:42,405-0200 INFO  swift END jobid=genscenes-uj1qh24n-0 - Staging out finished
2017-02-16 21:42:42,406-0200 INFO  LateBindingScheduler jobs queued: 2
2017-02-16 21:42:42,406-0200 INFO  LateBindingScheduler jobs queued: 2
2017-02-16 21:42:42,406-0200 DEBUG swift JOB_END jobid=genscenes-uj1qh24n-0
2017-02-16 21:42:42,406-0200 DEBUG swift JOB_END jobid=genscenes-0k1qh24n-0
2017-02-16 21:42:42,406-0200 INFO  swift END_SUCCESS jobid=genscenes-uj1qh24n tr=genscenes
2017-02-16 21:42:42,406-0200 INFO  swift END_SUCCESS jobid=genscenes-0k1qh24n tr=genscenes
2017-02-16 21:42:42,406-0200 DEBUG swift PROCEDURE_END line=20 thread=2-0-14-11-18-2-21-0 name=generate
2017-02-16 21:42:42,406-0200 DEBUG swift PROCEDURE_END line=20 thread=2-0-14-11-29-9-41-0 name=generate
2017-02-16 21:42:42,407-0200 DEBUG swift JOB_INIT jobid=c-ray-mt-ak1qh24n tr=c-ray-mt
2017-02-16 21:42:42,407-0200 DEBUG swift JOB_INIT jobid=c-ray-mt-bk1qh24n tr=c-ray-mt
2017-02-16 21:42:42,407-0200 DEBUG swift JOB_SITE_SELECT jobid=c-ray-mt-ak1qh24n-0
2017-02-16 21:42:42,407-0200 DEBUG swift JOB_SITE_SELECT jobid=c-ray-mt-bk1qh24n-0
2017-02-16 21:42:42,407-0200 DEBUG swift THREAD_ASSOCIATION jobid=c-ray-mt-8k1qh24n-0 host=local thread=2-0-14-11-16-0-46-1
2017-02-16 21:42:42,408-0200 INFO  swift START jobid=c-ray-mt-8k1qh24n-0 host=local - Initializing directory structure
2017-02-16 21:42:42,408-0200 INFO  swift END jobid=c-ray-mt-8k1qh24n-0 - Done initializing directory structure
2017-02-16 21:42:42,408-0200 INFO  swift START jobid=c-ray-mt-8k1qh24n-0 - Staging in files [file://localhost/./scene.0000.data]
2017-02-16 21:42:42,409-0200 DEBUG swift THREAD_ASSOCIATION jobid=c-ray-mt-9k1qh24n-0 host=local thread=2-0-14-11-23-3-32-1
2017-02-16 21:42:42,409-0200 INFO  LateBindingScheduler jobs queued: 2
2017-02-16 21:42:42,409-0200 DEBUG swift CDM: file://localhost/./scene.0000.data : DEFAULT
2017-02-16 21:42:42,409-0200 INFO  swift START jobid=c-ray-mt-9k1qh24n-0 host=local - Initializing directory structure
2017-02-16 21:42:42,409-0200 INFO  swift END jobid=c-ray-mt-9k1qh24n-0 - Done initializing directory structure
2017-02-16 21:42:42,409-0200 INFO  swift START jobid=c-ray-mt-9k1qh24n-0 - Staging in files [file://localhost/./scene.0003.data]
2017-02-16 21:42:42,409-0200 INFO  swift END jobid=c-ray-mt-8k1qh24n-0 - Staging in finished
2017-02-16 21:42:42,409-0200 DEBUG swift JOB_START jobid=c-ray-mt-8k1qh24n-0 tr=c-ray-mt arguments=[-s, 800x600, -t, 1] tmpdir=c-ray-run002/jobs/c/c-ray-mt-8k1qh24n-0
2017-02-16 21:42:42,410-0200 INFO  Execute JOB_TASK jobid=c-ray-mt-8k1qh24n-0 taskid=task-46 exec=/bin/bash dir=c-ray-run002 args=shared/_swiftwrap c-ray-mt-8k1qh24n-0 -jobdir c -scratch  -e c-ray-mt -out scene.0000.ppm -err stderr.txt -i scene.0000.data -d  -if scene.0000.data -of scene.0000.ppm -cf  -cdmfile -status files -a -s 800x600 -t 1
2017-02-16 21:42:42,410-0200 INFO  Execute TASK_STATUS_CHANGE taskid=task-46 status=8
2017-02-16 21:42:42,410-0200 INFO  Execute TASK_STATUS_CHANGE taskid=task-46 status=1
2017-02-16 21:42:42,410-0200 INFO  LateBindingScheduler jobs queued: 2
2017-02-16 21:42:42,411-0200 DEBUG swift CDM: file://localhost/./scene.0003.data : DEFAULT
2017-02-16 21:42:42,411-0200 INFO  swift END jobid=c-ray-mt-9k1qh24n-0 - Staging in finished
2017-02-16 21:42:42,411-0200 DEBUG swift JOB_START jobid=c-ray-mt-9k1qh24n-0 tr=c-ray-mt arguments=[-s, 800x600, -t, 1] tmpdir=c-ray-run002/jobs/c/c-ray-mt-9k1qh24n-0
2017-02-16 21:42:42,411-0200 INFO  Execute JOB_TASK jobid=c-ray-mt-9k1qh24n-0 taskid=task-32 exec=/bin/bash dir=c-ray-run002 args=shared/_swiftwrap c-ray-mt-9k1qh24n-0 -jobdir c -scratch  -e c-ray-mt -out scene.0003.ppm -err stderr.txt -i scene.0003.data -d  -if scene.0003.data -of scene.0003.ppm -cf  -cdmfile -status files -a -s 800x600 -t 1
2017-02-16 21:42:42,412-0200 INFO  Execute TASK_STATUS_CHANGE taskid=task-32 status=8
2017-02-16 21:42:42,412-0200 INFO  Execute TASK_STATUS_CHANGE taskid=task-32 status=1
2017-02-16 21:42:42,415-0200 INFO  Execute TASK_STATUS_CHANGE taskid=task-46 status=2
2017-02-16 21:42:42,415-0200 INFO  Execute TASK_STATUS_CHANGE taskid=task-32 status=2
2017-02-16 21:42:42,435-0200 INFO  LateBindingScheduler jobs queued: 2
2017-02-16 21:42:42,435-0200 INFO  Execute TASK_STATUS_CHANGE taskid=task-39 status=7
2017-02-16 21:42:42,435-0200 DEBUG swift START jobid=genscenes-zj1qh24n-0
2017-02-16 21:42:42,436-0200 INFO  LateBindingScheduler jobs queued: 2
2017-02-16 21:42:42,437-0200 INFO  swift SUCCESS jobid=genscenes-zj1qh24n-0 - Success file found
2017-02-16 21:42:42,437-0200 DEBUG swift STAGING_OUT jobid=genscenes-zj1qh24n-0
2017-02-16 21:42:42,437-0200 INFO  swift START jobid=genscenes-zj1qh24n-0 - Staging out files
2017-02-16 21:42:42,437-0200 DEBUG swift stageouts: [file://localhost/./scene.0008.data]
2017-02-16 21:42:42,437-0200 DEBUG swift FILE_STAGE_OUT_START srcname=scene.0008.data srcdir=c-ray-run002/shared/ srchost=local destdir=. desthost=localhost provider=file jobid=genscenes-zj1qh24n-0
2017-02-16 21:42:42,438-0200 INFO  LateBindingScheduler jobs queued: 2
2017-02-16 21:42:42,438-0200 DEBUG swift CDM: file://localhost/./scene.0008.data : DEFAULT
2017-02-16 21:42:42,440-0200 INFO  LateBindingScheduler jobs queued: 2
2017-02-16 21:42:42,440-0200 INFO  Execute TASK_STATUS_CHANGE taskid=task-37 status=7
2017-02-16 21:42:42,440-0200 DEBUG swift START jobid=genscenes-yj1qh24n-0
2017-02-16 21:42:42,441-0200 INFO  LateBindingScheduler jobs queued: 2
2017-02-16 21:42:42,441-0200 INFO  swift SUCCESS jobid=genscenes-yj1qh24n-0 - Success file found
2017-02-16 21:42:42,441-0200 DEBUG swift STAGING_OUT jobid=genscenes-yj1qh24n-0
2017-02-16 21:42:42,441-0200 INFO  swift START jobid=genscenes-yj1qh24n-0 - Staging out files
2017-02-16 21:42:42,441-0200 DEBUG swift stageouts: [file://localhost/./scene.0007.data]
2017-02-16 21:42:42,441-0200 DEBUG swift FILE_STAGE_OUT_START srcname=scene.0007.data srcdir=c-ray-run002/shared/ srchost=local destdir=. desthost=localhost provider=file jobid=genscenes-yj1qh24n-0
2017-02-16 21:42:42,442-0200 INFO  LateBindingScheduler jobs queued: 3
2017-02-16 21:42:42,442-0200 DEBUG swift FILE_STAGE_OUT_END srcname=scene.0008.data srcdir=c-ray-run002/shared/ srchost=local destdir=. desthost=localhost provider=file
2017-02-16 21:42:42,442-0200 INFO  LateBindingScheduler jobs queued: 2
2017-02-16 21:42:42,443-0200 INFO  LateBindingScheduler jobs queued: 2
2017-02-16 21:42:42,443-0200 DEBUG swift CDM: file://localhost/./scene.0007.data : DEFAULT
2017-02-16 21:42:42,443-0200 INFO  swift END jobid=genscenes-zj1qh24n-0 - Staging out finished
2017-02-16 21:42:42,450-0200 INFO  LateBindingScheduler jobs queued: 2
2017-02-16 21:42:42,450-0200 DEBUG swift FILE_STAGE_OUT_END srcname=scene.0007.data srcdir=c-ray-run002/shared/ srchost=local destdir=. desthost=localhost provider=file
2017-02-16 21:42:42,451-0200 INFO  LateBindingScheduler jobs queued: 2
2017-02-16 21:42:42,452-0200 INFO  swift END jobid=genscenes-yj1qh24n-0 - Staging out finished
2017-02-16 21:42:42,454-0200 INFO  LateBindingScheduler jobs queued: 2
2017-02-16 21:42:42,455-0200 DEBUG swift JOB_END jobid=genscenes-zj1qh24n-0
2017-02-16 21:42:42,455-0200 INFO  swift END_SUCCESS jobid=genscenes-zj1qh24n tr=genscenes
2017-02-16 21:42:42,455-0200 DEBUG swift PROCEDURE_END line=20 thread=2-0-14-11-28-8-39-0 name=generate
2017-02-16 21:42:42,455-0200 DEBUG swift JOB_INIT jobid=c-ray-mt-ck1qh24n tr=c-ray-mt
2017-02-16 21:42:42,456-0200 DEBUG swift JOB_SITE_SELECT jobid=c-ray-mt-ck1qh24n-0
2017-02-16 21:42:42,456-0200 DEBUG swift THREAD_ASSOCIATION jobid=c-ray-mt-ak1qh24n-0 host=local thread=2-0-14-11-18-2-22-1
2017-02-16 21:42:42,457-0200 INFO  swift START jobid=c-ray-mt-ak1qh24n-0 host=local - Initializing directory structure
2017-02-16 21:42:42,457-0200 INFO  swift END jobid=c-ray-mt-ak1qh24n-0 - Done initializing directory structure
2017-02-16 21:42:42,457-0200 INFO  swift START jobid=c-ray-mt-ak1qh24n-0 - Staging in files [file://localhost/./scene.0002.data]
2017-02-16 21:42:42,458-0200 INFO  LateBindingScheduler jobs queued: 2
2017-02-16 21:42:42,458-0200 DEBUG swift CDM: file://localhost/./scene.0002.data : DEFAULT
2017-02-16 21:42:42,458-0200 INFO  swift END jobid=c-ray-mt-ak1qh24n-0 - Staging in finished
2017-02-16 21:42:42,458-0200 DEBUG swift JOB_START jobid=c-ray-mt-ak1qh24n-0 tr=c-ray-mt arguments=[-s, 800x600, -t, 1] tmpdir=c-ray-run002/jobs/c/c-ray-mt-ak1qh24n-0
2017-02-16 21:42:42,458-0200 INFO  Execute JOB_TASK jobid=c-ray-mt-ak1qh24n-0 taskid=task-22 exec=/bin/bash dir=c-ray-run002 args=shared/_swiftwrap c-ray-mt-ak1qh24n-0 -jobdir c -scratch  -e c-ray-mt -out scene.0002.ppm -err stderr.txt -i scene.0002.data -d  -if scene.0002.data -of scene.0002.ppm -cf  -cdmfile -status files -a -s 800x600 -t 1
2017-02-16 21:42:42,459-0200 INFO  LateBindingScheduler jobs queued: 2
2017-02-16 21:42:42,460-0200 INFO  Execute TASK_STATUS_CHANGE taskid=task-22 status=8
2017-02-16 21:42:42,460-0200 INFO  Execute TASK_STATUS_CHANGE taskid=task-22 status=1
2017-02-16 21:42:42,460-0200 DEBUG swift JOB_END jobid=genscenes-yj1qh24n-0
2017-02-16 21:42:42,461-0200 INFO  swift END_SUCCESS jobid=genscenes-yj1qh24n tr=genscenes
2017-02-16 21:42:42,461-0200 DEBUG swift PROCEDURE_END line=20 thread=2-0-14-11-27-7-37-0 name=generate
2017-02-16 21:42:42,461-0200 DEBUG swift JOB_INIT jobid=c-ray-mt-dk1qh24n tr=c-ray-mt
2017-02-16 21:42:42,461-0200 DEBUG swift JOB_SITE_SELECT jobid=c-ray-mt-dk1qh24n-0
2017-02-16 21:42:42,461-0200 DEBUG swift THREAD_ASSOCIATION jobid=c-ray-mt-bk1qh24n-0 host=local thread=2-0-14-11-29-9-42-1
2017-02-16 21:42:42,462-0200 INFO  swift START jobid=c-ray-mt-bk1qh24n-0 host=local - Initializing directory structure
2017-02-16 21:42:42,462-0200 INFO  swift END jobid=c-ray-mt-bk1qh24n-0 - Done initializing directory structure
2017-02-16 21:42:42,462-0200 INFO  swift START jobid=c-ray-mt-bk1qh24n-0 - Staging in files [file://localhost/./scene.0009.data]
2017-02-16 21:42:42,463-0200 INFO  LateBindingScheduler jobs queued: 2
2017-02-16 21:42:42,463-0200 DEBUG swift CDM: file://localhost/./scene.0009.data : DEFAULT
2017-02-16 21:42:42,464-0200 INFO  swift END jobid=c-ray-mt-bk1qh24n-0 - Staging in finished
2017-02-16 21:42:42,464-0200 DEBUG swift JOB_START jobid=c-ray-mt-bk1qh24n-0 tr=c-ray-mt arguments=[-s, 800x600, -t, 1] tmpdir=c-ray-run002/jobs/c/c-ray-mt-bk1qh24n-0
2017-02-16 21:42:42,464-0200 INFO  Execute JOB_TASK jobid=c-ray-mt-bk1qh24n-0 taskid=task-42 exec=/bin/bash dir=c-ray-run002 args=shared/_swiftwrap c-ray-mt-bk1qh24n-0 -jobdir c -scratch  -e c-ray-mt -out scene.0009.ppm -err stderr.txt -i scene.0009.data -d  -if scene.0009.data -of scene.0009.ppm -cf  -cdmfile -status files -a -s 800x600 -t 1
2017-02-16 21:42:42,465-0200 INFO  Execute TASK_STATUS_CHANGE taskid=task-42 status=8
2017-02-16 21:42:42,465-0200 INFO  Execute TASK_STATUS_CHANGE taskid=task-42 status=1
2017-02-16 21:42:42,467-0200 INFO  Execute TASK_STATUS_CHANGE taskid=task-22 status=2
2017-02-16 21:42:42,468-0200 INFO  Execute TASK_STATUS_CHANGE taskid=task-42 status=2
2017-02-16 21:42:42,621-0200 INFO  LateBindingScheduler jobs queued: 2
2017-02-16 21:42:42,621-0200 INFO  Execute TASK_STATUS_CHANGE taskid=task-35 status=7
2017-02-16 21:42:42,622-0200 DEBUG swift START jobid=genscenes-3k1qh24n-0
2017-02-16 21:42:42,622-0200 INFO  LateBindingScheduler jobs queued: 2
2017-02-16 21:42:42,623-0200 INFO  swift SUCCESS jobid=genscenes-3k1qh24n-0 - Success file found
2017-02-16 21:42:42,623-0200 DEBUG swift STAGING_OUT jobid=genscenes-3k1qh24n-0
2017-02-16 21:42:42,623-0200 INFO  swift START jobid=genscenes-3k1qh24n-0 - Staging out files
2017-02-16 21:42:42,623-0200 DEBUG swift stageouts: [file://localhost/./scene.0006.data]
2017-02-16 21:42:42,623-0200 DEBUG swift FILE_STAGE_OUT_START srcname=scene.0006.data srcdir=c-ray-run002/shared/ srchost=local destdir=. desthost=localhost provider=file jobid=genscenes-3k1qh24n-0
2017-02-16 21:42:42,623-0200 INFO  LateBindingScheduler jobs queued: 2
2017-02-16 21:42:42,624-0200 DEBUG swift CDM: file://localhost/./scene.0006.data : DEFAULT
2017-02-16 21:42:42,632-0200 INFO  LateBindingScheduler jobs queued: 2
2017-02-16 21:42:42,634-0200 DEBUG swift FILE_STAGE_OUT_END srcname=scene.0006.data srcdir=c-ray-run002/shared/ srchost=local destdir=. desthost=localhost provider=file
2017-02-16 21:42:42,634-0200 INFO  LateBindingScheduler jobs queued: 2
2017-02-16 21:42:42,635-0200 INFO  swift END jobid=genscenes-3k1qh24n-0 - Staging out finished
2017-02-16 21:42:42,652-0200 INFO  LateBindingScheduler jobs queued: 2
2017-02-16 21:42:42,652-0200 DEBUG swift JOB_END jobid=genscenes-3k1qh24n-0
2017-02-16 21:42:42,652-0200 INFO  swift END_SUCCESS jobid=genscenes-3k1qh24n tr=genscenes
2017-02-16 21:42:42,652-0200 DEBUG swift PROCEDURE_END line=20 thread=2-0-14-11-26-6-35-0 name=generate
2017-02-16 21:42:42,653-0200 DEBUG swift JOB_INIT jobid=c-ray-mt-ek1qh24n tr=c-ray-mt
2017-02-16 21:42:42,653-0200 DEBUG swift JOB_SITE_SELECT jobid=c-ray-mt-ek1qh24n-0
2017-02-16 21:42:42,653-0200 DEBUG swift THREAD_ASSOCIATION jobid=c-ray-mt-ck1qh24n-0 host=local thread=2-0-14-11-28-8-40-1
2017-02-16 21:42:42,654-0200 INFO  swift START jobid=c-ray-mt-ck1qh24n-0 host=local - Initializing directory structure
2017-02-16 21:42:42,654-0200 INFO  swift END jobid=c-ray-mt-ck1qh24n-0 - Done initializing directory structure
2017-02-16 21:42:42,654-0200 INFO  swift START jobid=c-ray-mt-ck1qh24n-0 - Staging in files [file://localhost/./scene.0008.data]
2017-02-16 21:42:42,654-0200 INFO  LateBindingScheduler jobs queued: 2
2017-02-16 21:42:42,655-0200 DEBUG swift CDM: file://localhost/./scene.0008.data : DEFAULT
2017-02-16 21:42:42,655-0200 INFO  swift END jobid=c-ray-mt-ck1qh24n-0 - Staging in finished
2017-02-16 21:42:42,655-0200 DEBUG swift JOB_START jobid=c-ray-mt-ck1qh24n-0 tr=c-ray-mt arguments=[-s, 800x600, -t, 1] tmpdir=c-ray-run002/jobs/c/c-ray-mt-ck1qh24n-0
2017-02-16 21:42:42,658-0200 INFO  Execute JOB_TASK jobid=c-ray-mt-ck1qh24n-0 taskid=task-40 exec=/bin/bash dir=c-ray-run002 args=shared/_swiftwrap c-ray-mt-ck1qh24n-0 -jobdir c -scratch  -e c-ray-mt -out scene.0008.ppm -err stderr.txt -i scene.0008.data -d  -if scene.0008.data -of scene.0008.ppm -cf  -cdmfile -status files -a -s 800x600 -t 1
2017-02-16 21:42:42,658-0200 INFO  Execute TASK_STATUS_CHANGE taskid=task-40 status=8
2017-02-16 21:42:42,658-0200 INFO  Execute TASK_STATUS_CHANGE taskid=task-40 status=1
2017-02-16 21:42:42,666-0200 INFO  Execute TASK_STATUS_CHANGE taskid=task-40 status=2
2017-02-16 21:42:42,668-0200 INFO  LateBindingScheduler jobs queued: 2
2017-02-16 21:42:42,668-0200 INFO  Execute TASK_STATUS_CHANGE taskid=task-47 status=7
2017-02-16 21:42:42,669-0200 DEBUG swift START jobid=genscenes-4k1qh24n-0
2017-02-16 21:42:42,669-0200 INFO  LateBindingScheduler jobs queued: 2
2017-02-16 21:42:42,669-0200 INFO  swift SUCCESS jobid=genscenes-4k1qh24n-0 - Success file found
2017-02-16 21:42:42,669-0200 DEBUG swift STAGING_OUT jobid=genscenes-4k1qh24n-0
2017-02-16 21:42:42,670-0200 INFO  swift START jobid=genscenes-4k1qh24n-0 - Staging out files
2017-02-16 21:42:42,670-0200 DEBUG swift stageouts: [file://localhost/./scene.0004.data]
2017-02-16 21:42:42,670-0200 DEBUG swift FILE_STAGE_OUT_START srcname=scene.0004.data srcdir=c-ray-run002/shared/ srchost=local destdir=. desthost=localhost provider=file jobid=genscenes-4k1qh24n-0
2017-02-16 21:42:42,670-0200 DEBUG swift THREAD_ASSOCIATION jobid=c-ray-mt-dk1qh24n-0 host=local thread=2-0-14-11-27-7-38-1
2017-02-16 21:42:42,671-0200 INFO  swift START jobid=c-ray-mt-dk1qh24n-0 host=local - Initializing directory structure
2017-02-16 21:42:42,671-0200 INFO  swift END jobid=c-ray-mt-dk1qh24n-0 - Done initializing directory structure
2017-02-16 21:42:42,671-0200 INFO  swift START jobid=c-ray-mt-dk1qh24n-0 - Staging in files [file://localhost/./scene.0007.data]
2017-02-16 21:42:42,671-0200 INFO  LateBindingScheduler jobs queued: 2
2017-02-16 21:42:42,672-0200 DEBUG swift CDM: file://localhost/./scene.0004.data : DEFAULT
2017-02-16 21:42:42,673-0200 INFO  LateBindingScheduler jobs queued: 1
2017-02-16 21:42:42,673-0200 DEBUG swift CDM: file://localhost/./scene.0007.data : DEFAULT
2017-02-16 21:42:42,674-0200 INFO  swift END jobid=c-ray-mt-dk1qh24n-0 - Staging in finished
2017-02-16 21:42:42,674-0200 DEBUG swift JOB_START jobid=c-ray-mt-dk1qh24n-0 tr=c-ray-mt arguments=[-s, 800x600, -t, 1] tmpdir=c-ray-run002/jobs/c/c-ray-mt-dk1qh24n-0
2017-02-16 21:42:42,674-0200 INFO  Execute JOB_TASK jobid=c-ray-mt-dk1qh24n-0 taskid=task-38 exec=/bin/bash dir=c-ray-run002 args=shared/_swiftwrap c-ray-mt-dk1qh24n-0 -jobdir c -scratch  -e c-ray-mt -out scene.0007.ppm -err stderr.txt -i scene.0007.data -d  -if scene.0007.data -of scene.0007.ppm -cf  -cdmfile -status files -a -s 800x600 -t 1
2017-02-16 21:42:42,675-0200 INFO  Execute TASK_STATUS_CHANGE taskid=task-38 status=8
2017-02-16 21:42:42,675-0200 INFO  Execute TASK_STATUS_CHANGE taskid=task-38 status=1
2017-02-16 21:42:42,681-0200 INFO  LateBindingScheduler jobs queued: 1
2017-02-16 21:42:42,682-0200 DEBUG swift FILE_STAGE_OUT_END srcname=scene.0004.data srcdir=c-ray-run002/shared/ srchost=local destdir=. desthost=localhost provider=file
2017-02-16 21:42:42,682-0200 INFO  LateBindingScheduler jobs queued: 1
2017-02-16 21:42:42,683-0200 INFO  swift END jobid=genscenes-4k1qh24n-0 - Staging out finished
2017-02-16 21:42:42,683-0200 INFO  Execute TASK_STATUS_CHANGE taskid=task-38 status=2
2017-02-16 21:42:42,700-0200 INFO  LateBindingScheduler jobs queued: 1
2017-02-16 21:42:42,700-0200 DEBUG swift JOB_END jobid=genscenes-4k1qh24n-0
2017-02-16 21:42:42,700-0200 INFO  swift END_SUCCESS jobid=genscenes-4k1qh24n tr=genscenes
2017-02-16 21:42:42,700-0200 DEBUG swift PROCEDURE_END line=20 thread=2-0-14-11-24-4-47-0 name=generate
2017-02-16 21:42:42,701-0200 DEBUG swift JOB_INIT jobid=c-ray-mt-fk1qh24n tr=c-ray-mt
2017-02-16 21:42:42,701-0200 DEBUG swift JOB_SITE_SELECT jobid=c-ray-mt-fk1qh24n-0
2017-02-16 21:42:42,702-0200 DEBUG swift THREAD_ASSOCIATION jobid=c-ray-mt-ek1qh24n-0 host=local thread=2-0-14-11-26-6-36-1
2017-02-16 21:42:42,702-0200 INFO  swift START jobid=c-ray-mt-ek1qh24n-0 host=local - Initializing directory structure
2017-02-16 21:42:42,702-0200 INFO  swift END jobid=c-ray-mt-ek1qh24n-0 - Done initializing directory structure
2017-02-16 21:42:42,702-0200 INFO  swift START jobid=c-ray-mt-ek1qh24n-0 - Staging in files [file://localhost/./scene.0006.data]
2017-02-16 21:42:42,705-0200 INFO  LateBindingScheduler jobs queued: 1
2017-02-16 21:42:42,705-0200 DEBUG swift CDM: file://localhost/./scene.0006.data : DEFAULT
2017-02-16 21:42:42,705-0200 INFO  swift END jobid=c-ray-mt-ek1qh24n-0 - Staging in finished
2017-02-16 21:42:42,705-0200 DEBUG swift JOB_START jobid=c-ray-mt-ek1qh24n-0 tr=c-ray-mt arguments=[-s, 800x600, -t, 1] tmpdir=c-ray-run002/jobs/c/c-ray-mt-ek1qh24n-0
2017-02-16 21:42:42,705-0200 INFO  Execute JOB_TASK jobid=c-ray-mt-ek1qh24n-0 taskid=task-36 exec=/bin/bash dir=c-ray-run002 args=shared/_swiftwrap c-ray-mt-ek1qh24n-0 -jobdir c -scratch  -e c-ray-mt -out scene.0006.ppm -err stderr.txt -i scene.0006.data -d  -if scene.0006.data -of scene.0006.ppm -cf  -cdmfile -status files -a -s 800x600 -t 1
2017-02-16 21:42:42,707-0200 INFO  Execute TASK_STATUS_CHANGE taskid=task-36 status=8
2017-02-16 21:42:42,715-0200 INFO  Execute TASK_STATUS_CHANGE taskid=task-36 status=1
2017-02-16 21:42:42,733-0200 INFO  Execute TASK_STATUS_CHANGE taskid=task-36 status=2
2017-02-16 21:42:43,079-0200 INFO  RuntimeStats$ProgressTicker HeapMax: 954728448, CrtHeap: 121110528, UsedHeap: 11205704, JVMThreads: 41
2017-02-16 21:42:43,079-0200 INFO  RuntimeStats$ProgressTicker   Selecting site:1  Active:10  Finished successfully:11
2017-02-16 21:42:44,079-0200 INFO  RuntimeStats$ProgressTicker HeapMax: 954728448, CrtHeap: 121110528, UsedHeap: 11464840, JVMThreads: 41
2017-02-16 21:42:45,079-0200 INFO  RuntimeStats$ProgressTicker HeapMax: 954728448, CrtHeap: 121110528, UsedHeap: 11573760, JVMThreads: 41
2017-02-16 21:42:46,080-0200 INFO  RuntimeStats$ProgressTicker HeapMax: 954728448, CrtHeap: 121110528, UsedHeap: 11682680, JVMThreads: 41
2017-02-16 21:42:47,080-0200 INFO  RuntimeStats$ProgressTicker HeapMax: 954728448, CrtHeap: 121110528, UsedHeap: 11728544, JVMThreads: 41
2017-02-16 21:42:48,080-0200 INFO  RuntimeStats$ProgressTicker HeapMax: 954728448, CrtHeap: 121110528, UsedHeap: 12490520, JVMThreads: 41
2017-02-16 21:42:49,080-0200 INFO  RuntimeStats$ProgressTicker HeapMax: 954728448, CrtHeap: 121110528, UsedHeap: 12490560, JVMThreads: 41
2017-02-16 21:42:50,080-0200 INFO  RuntimeStats$ProgressTicker HeapMax: 954728448, CrtHeap: 121110528, UsedHeap: 12536360, JVMThreads: 41
2017-02-16 21:42:51,081-0200 INFO  RuntimeStats$ProgressTicker HeapMax: 954728448, CrtHeap: 121110528, UsedHeap: 12536400, JVMThreads: 41
2017-02-16 21:42:52,081-0200 INFO  RuntimeStats$ProgressTicker HeapMax: 954728448, CrtHeap: 121110528, UsedHeap: 12536440, JVMThreads: 41
2017-02-16 21:42:53,081-0200 INFO  RuntimeStats$ProgressTicker HeapMax: 954728448, CrtHeap: 121110528, UsedHeap: 12800000, JVMThreads: 41
2017-02-16 21:42:54,081-0200 INFO  RuntimeStats$ProgressTicker HeapMax: 954728448, CrtHeap: 121110528, UsedHeap: 12800040, JVMThreads: 41
2017-02-16 21:42:55,081-0200 INFO  RuntimeStats$ProgressTicker HeapMax: 954728448, CrtHeap: 121110528, UsedHeap: 13561872, JVMThreads: 41
2017-02-16 21:42:56,081-0200 INFO  RuntimeStats$ProgressTicker HeapMax: 954728448, CrtHeap: 121110528, UsedHeap: 13607736, JVMThreads: 41
2017-02-16 21:42:57,082-0200 INFO  RuntimeStats$ProgressTicker HeapMax: 954728448, CrtHeap: 121110528, UsedHeap: 13607776, JVMThreads: 41
2017-02-16 21:42:58,082-0200 INFO  RuntimeStats$ProgressTicker HeapMax: 954728448, CrtHeap: 121110528, UsedHeap: 13607816, JVMThreads: 41
2017-02-16 21:42:59,082-0200 INFO  RuntimeStats$ProgressTicker HeapMax: 954728448, CrtHeap: 121110528, UsedHeap: 13653680, JVMThreads: 41
2017-02-16 21:43:00,082-0200 INFO  RuntimeStats$ProgressTicker HeapMax: 954728448, CrtHeap: 121110528, UsedHeap: 13871480, JVMThreads: 41
2017-02-16 21:43:00,861-0200 INFO  LateBindingScheduler jobs queued: 1
2017-02-16 21:43:00,861-0200 INFO  Execute TASK_STATUS_CHANGE taskid=task-44 status=7
2017-02-16 21:43:00,862-0200 DEBUG swift START jobid=c-ray-mt-7k1qh24n-0
2017-02-16 21:43:00,863-0200 INFO  LateBindingScheduler jobs queued: 1
2017-02-16 21:43:00,863-0200 INFO  swift SUCCESS jobid=c-ray-mt-7k1qh24n-0 - Success file found
2017-02-16 21:43:00,863-0200 DEBUG swift STAGING_OUT jobid=c-ray-mt-7k1qh24n-0
2017-02-16 21:43:00,863-0200 INFO  swift START jobid=c-ray-mt-7k1qh24n-0 - Staging out files
2017-02-16 21:43:00,863-0200 DEBUG swift stageouts: [file://localhost/./scene.0010.ppm]
2017-02-16 21:43:00,864-0200 DEBUG swift FILE_STAGE_OUT_START srcname=scene.0010.ppm srcdir=c-ray-run002/shared/ srchost=local destdir=. desthost=localhost provider=file jobid=c-ray-mt-7k1qh24n-0
2017-02-16 21:43:00,864-0200 INFO  LateBindingScheduler jobs queued: 1
2017-02-16 21:43:00,864-0200 DEBUG swift CDM: file://localhost/./scene.0010.ppm : DEFAULT
2017-02-16 21:43:00,892-0200 INFO  LateBindingScheduler jobs queued: 1
2017-02-16 21:43:00,893-0200 DEBUG swift FILE_STAGE_OUT_END srcname=scene.0010.ppm srcdir=c-ray-run002/shared/ srchost=local destdir=. desthost=localhost provider=file
2017-02-16 21:43:00,894-0200 INFO  LateBindingScheduler jobs queued: 1
2017-02-16 21:43:00,895-0200 INFO  swift END jobid=c-ray-mt-7k1qh24n-0 - Staging out finished
2017-02-16 21:43:00,911-0200 INFO  LateBindingScheduler jobs queued: 1
2017-02-16 21:43:00,912-0200 DEBUG swift JOB_END jobid=c-ray-mt-7k1qh24n-0
2017-02-16 21:43:00,912-0200 INFO  swift END_SUCCESS jobid=c-ray-mt-7k1qh24n tr=c-ray-mt
2017-02-16 21:43:00,912-0200 DEBUG swift PROCEDURE_END line=25 thread=2-0-14-11-30-10-44-1 name=render
2017-02-16 21:43:00,912-0200 DEBUG swift FOREACH_IT_END line=41 thread=2-0-14-11-30-10
2017-02-16 21:43:00,962-0200 DEBUG swift THREAD_ASSOCIATION jobid=c-ray-mt-fk1qh24n-0 host=local thread=2-0-14-11-24-4-48-1
2017-02-16 21:43:00,962-0200 INFO  swift START jobid=c-ray-mt-fk1qh24n-0 host=local - Initializing directory structure
2017-02-16 21:43:00,962-0200 INFO  swift END jobid=c-ray-mt-fk1qh24n-0 - Done initializing directory structure
2017-02-16 21:43:00,962-0200 INFO  swift START jobid=c-ray-mt-fk1qh24n-0 - Staging in files [file://localhost/./scene.0004.data]
2017-02-16 21:43:00,963-0200 INFO  LateBindingScheduler jobs queued: 0
2017-02-16 21:43:00,964-0200 DEBUG swift CDM: file://localhost/./scene.0004.data : DEFAULT
2017-02-16 21:43:00,964-0200 INFO  swift END jobid=c-ray-mt-fk1qh24n-0 - Staging in finished
2017-02-16 21:43:00,964-0200 DEBUG swift JOB_START jobid=c-ray-mt-fk1qh24n-0 tr=c-ray-mt arguments=[-s, 800x600, -t, 1] tmpdir=c-ray-run002/jobs/c/c-ray-mt-fk1qh24n-0
2017-02-16 21:43:00,964-0200 INFO  Execute JOB_TASK jobid=c-ray-mt-fk1qh24n-0 taskid=task-48 exec=/bin/bash dir=c-ray-run002 args=shared/_swiftwrap c-ray-mt-fk1qh24n-0 -jobdir c -scratch  -e c-ray-mt -out scene.0004.ppm -err stderr.txt -i scene.0004.data -d  -if scene.0004.data -of scene.0004.ppm -cf  -cdmfile -status files -a -s 800x600 -t 1
2017-02-16 21:43:00,965-0200 INFO  Execute TASK_STATUS_CHANGE taskid=task-48 status=8
2017-02-16 21:43:00,965-0200 INFO  Execute TASK_STATUS_CHANGE taskid=task-48 status=1
2017-02-16 21:43:00,979-0200 INFO  Execute TASK_STATUS_CHANGE taskid=task-48 status=2
2017-02-16 21:43:01,082-0200 INFO  RuntimeStats$ProgressTicker HeapMax: 954728448, CrtHeap: 121110528, UsedHeap: 14142472, JVMThreads: 41
2017-02-16 21:43:01,083-0200 INFO  RuntimeStats$ProgressTicker   Active:10  Finished successfully:12
2017-02-16 21:43:02,050-0200 INFO  LateBindingScheduler jobs queued: 0
2017-02-16 21:43:02,050-0200 INFO  Execute TASK_STATUS_CHANGE taskid=task-40 status=7
2017-02-16 21:43:02,050-0200 DEBUG swift START jobid=c-ray-mt-ck1qh24n-0
2017-02-16 21:43:02,051-0200 INFO  LateBindingScheduler jobs queued: 0
2017-02-16 21:43:02,051-0200 INFO  swift SUCCESS jobid=c-ray-mt-ck1qh24n-0 - Success file found
2017-02-16 21:43:02,051-0200 DEBUG swift STAGING_OUT jobid=c-ray-mt-ck1qh24n-0
2017-02-16 21:43:02,051-0200 INFO  swift START jobid=c-ray-mt-ck1qh24n-0 - Staging out files
2017-02-16 21:43:02,051-0200 DEBUG swift stageouts: [file://localhost/./scene.0008.ppm]
2017-02-16 21:43:02,052-0200 DEBUG swift FILE_STAGE_OUT_START srcname=scene.0008.ppm srcdir=c-ray-run002/shared/ srchost=local destdir=. desthost=localhost provider=file jobid=c-ray-mt-ck1qh24n-0
2017-02-16 21:43:02,053-0200 INFO  LateBindingScheduler jobs queued: 0
2017-02-16 21:43:02,054-0200 DEBUG swift CDM: file://localhost/./scene.0008.ppm : DEFAULT
2017-02-16 21:43:02,083-0200 INFO  RuntimeStats$ProgressTicker HeapMax: 954728448, CrtHeap: 121110528, UsedHeap: 14841376, JVMThreads: 42
2017-02-16 21:43:02,083-0200 INFO  RuntimeStats$ProgressTicker   Active:9  Stage out:1  Finished successfully:12
2017-02-16 21:43:02,087-0200 INFO  LateBindingScheduler jobs queued: 0
2017-02-16 21:43:02,099-0200 DEBUG swift FILE_STAGE_OUT_END srcname=scene.0008.ppm srcdir=c-ray-run002/shared/ srchost=local destdir=. desthost=localhost provider=file
2017-02-16 21:43:02,100-0200 INFO  LateBindingScheduler jobs queued: 0
2017-02-16 21:43:02,104-0200 INFO  swift END jobid=c-ray-mt-ck1qh24n-0 - Staging out finished
2017-02-16 21:43:02,117-0200 INFO  LateBindingScheduler jobs queued: 0
2017-02-16 21:43:02,125-0200 DEBUG swift JOB_END jobid=c-ray-mt-ck1qh24n-0
2017-02-16 21:43:02,125-0200 INFO  swift END_SUCCESS jobid=c-ray-mt-ck1qh24n tr=c-ray-mt
2017-02-16 21:43:02,125-0200 DEBUG swift PROCEDURE_END line=25 thread=2-0-14-11-28-8-40-1 name=render
2017-02-16 21:43:02,125-0200 DEBUG swift FOREACH_IT_END line=41 thread=2-0-14-11-28-8
2017-02-16 21:43:03,083-0200 INFO  RuntimeStats$ProgressTicker HeapMax: 954728448, CrtHeap: 121110528, UsedHeap: 15150936, JVMThreads: 41
2017-02-16 21:43:03,084-0200 INFO  RuntimeStats$ProgressTicker   Active:9  Finished successfully:13
2017-02-16 21:43:04,084-0200 INFO  RuntimeStats$ProgressTicker HeapMax: 954728448, CrtHeap: 121110528, UsedHeap: 15150976, JVMThreads: 41
2017-02-16 21:43:05,084-0200 INFO  RuntimeStats$ProgressTicker HeapMax: 954728448, CrtHeap: 121110528, UsedHeap: 15196840, JVMThreads: 41
2017-02-16 21:43:06,002-0200 INFO  LateBindingScheduler jobs queued: 0
2017-02-16 21:43:06,002-0200 INFO  Execute TASK_STATUS_CHANGE taskid=task-32 status=7
2017-02-16 21:43:06,003-0200 DEBUG swift START jobid=c-ray-mt-9k1qh24n-0
2017-02-16 21:43:06,004-0200 INFO  LateBindingScheduler jobs queued: 0
2017-02-16 21:43:06,005-0200 INFO  swift SUCCESS jobid=c-ray-mt-9k1qh24n-0 - Success file found
2017-02-16 21:43:06,005-0200 DEBUG swift STAGING_OUT jobid=c-ray-mt-9k1qh24n-0
2017-02-16 21:43:06,005-0200 INFO  swift START jobid=c-ray-mt-9k1qh24n-0 - Staging out files
2017-02-16 21:43:06,005-0200 DEBUG swift stageouts: [file://localhost/./scene.0003.ppm]
2017-02-16 21:43:06,005-0200 DEBUG swift FILE_STAGE_OUT_START srcname=scene.0003.ppm srcdir=c-ray-run002/shared/ srchost=local destdir=. desthost=localhost provider=file jobid=c-ray-mt-9k1qh24n-0
2017-02-16 21:43:06,006-0200 INFO  LateBindingScheduler jobs queued: 0
2017-02-16 21:43:06,006-0200 DEBUG swift CDM: file://localhost/./scene.0003.ppm : DEFAULT
2017-02-16 21:43:06,016-0200 INFO  LateBindingScheduler jobs queued: 0
2017-02-16 21:43:06,017-0200 DEBUG swift FILE_STAGE_OUT_END srcname=scene.0003.ppm srcdir=c-ray-run002/shared/ srchost=local destdir=. desthost=localhost provider=file
2017-02-16 21:43:06,018-0200 INFO  LateBindingScheduler jobs queued: 0
2017-02-16 21:43:06,018-0200 INFO  swift END jobid=c-ray-mt-9k1qh24n-0 - Staging out finished
2017-02-16 21:43:06,027-0200 INFO  LateBindingScheduler jobs queued: 0
2017-02-16 21:43:06,028-0200 DEBUG swift JOB_END jobid=c-ray-mt-9k1qh24n-0
2017-02-16 21:43:06,028-0200 INFO  swift END_SUCCESS jobid=c-ray-mt-9k1qh24n tr=c-ray-mt
2017-02-16 21:43:06,028-0200 DEBUG swift PROCEDURE_END line=25 thread=2-0-14-11-23-3-32-1 name=render
2017-02-16 21:43:06,028-0200 DEBUG swift FOREACH_IT_END line=41 thread=2-0-14-11-23-3
2017-02-16 21:43:06,084-0200 INFO  RuntimeStats$ProgressTicker HeapMax: 954728448, CrtHeap: 121110528, UsedHeap: 16037336, JVMThreads: 41
2017-02-16 21:43:06,084-0200 INFO  RuntimeStats$ProgressTicker   Active:8  Finished successfully:14
2017-02-16 21:43:07,073-0200 INFO  LateBindingScheduler jobs queued: 0
2017-02-16 21:43:07,073-0200 INFO  Execute TASK_STATUS_CHANGE taskid=task-20 status=7
2017-02-16 21:43:07,073-0200 DEBUG swift START jobid=c-ray-mt-6k1qh24n-0
2017-02-16 21:43:07,074-0200 INFO  LateBindingScheduler jobs queued: 0
2017-02-16 21:43:07,075-0200 INFO  swift SUCCESS jobid=c-ray-mt-6k1qh24n-0 - Success file found
2017-02-16 21:43:07,075-0200 DEBUG swift STAGING_OUT jobid=c-ray-mt-6k1qh24n-0
2017-02-16 21:43:07,075-0200 INFO  swift START jobid=c-ray-mt-6k1qh24n-0 - Staging out files
2017-02-16 21:43:07,075-0200 DEBUG swift stageouts: [file://localhost/./scene.0001.ppm]
2017-02-16 21:43:07,075-0200 DEBUG swift FILE_STAGE_OUT_START srcname=scene.0001.ppm srcdir=c-ray-run002/shared/ srchost=local destdir=. desthost=localhost provider=file jobid=c-ray-mt-6k1qh24n-0
2017-02-16 21:43:07,078-0200 INFO  LateBindingScheduler jobs queued: 0
2017-02-16 21:43:07,079-0200 DEBUG swift CDM: file://localhost/./scene.0001.ppm : DEFAULT
2017-02-16 21:43:07,085-0200 INFO  RuntimeStats$ProgressTicker HeapMax: 954728448, CrtHeap: 121110528, UsedHeap: 16146176, JVMThreads: 42
2017-02-16 21:43:07,085-0200 INFO  RuntimeStats$ProgressTicker   Active:7  Stage out:1  Finished successfully:14
2017-02-16 21:43:07,125-0200 INFO  LateBindingScheduler jobs queued: 0
2017-02-16 21:43:07,125-0200 DEBUG swift FILE_STAGE_OUT_END srcname=scene.0001.ppm srcdir=c-ray-run002/shared/ srchost=local destdir=. desthost=localhost provider=file
2017-02-16 21:43:07,126-0200 INFO  LateBindingScheduler jobs queued: 0
2017-02-16 21:43:07,129-0200 INFO  swift END jobid=c-ray-mt-6k1qh24n-0 - Staging out finished
2017-02-16 21:43:07,159-0200 INFO  LateBindingScheduler jobs queued: 0
2017-02-16 21:43:07,160-0200 DEBUG swift JOB_END jobid=c-ray-mt-6k1qh24n-0
2017-02-16 21:43:07,160-0200 INFO  swift END_SUCCESS jobid=c-ray-mt-6k1qh24n tr=c-ray-mt
2017-02-16 21:43:07,160-0200 DEBUG swift PROCEDURE_END line=25 thread=2-0-14-11-17-1-20-1 name=render
2017-02-16 21:43:07,160-0200 DEBUG swift FOREACH_IT_END line=41 thread=2-0-14-11-17-1
2017-02-16 21:43:07,685-0200 INFO  LateBindingScheduler jobs queued: 0
2017-02-16 21:43:07,685-0200 INFO  Execute TASK_STATUS_CHANGE taskid=task-46 status=7
2017-02-16 21:43:07,686-0200 DEBUG swift START jobid=c-ray-mt-8k1qh24n-0
2017-02-16 21:43:07,686-0200 INFO  LateBindingScheduler jobs queued: 0
2017-02-16 21:43:07,687-0200 INFO  swift SUCCESS jobid=c-ray-mt-8k1qh24n-0 - Success file found
2017-02-16 21:43:07,687-0200 DEBUG swift STAGING_OUT jobid=c-ray-mt-8k1qh24n-0
2017-02-16 21:43:07,687-0200 INFO  swift START jobid=c-ray-mt-8k1qh24n-0 - Staging out files
2017-02-16 21:43:07,687-0200 DEBUG swift stageouts: [file://localhost/./scene.0000.ppm]
2017-02-16 21:43:07,687-0200 DEBUG swift FILE_STAGE_OUT_START srcname=scene.0000.ppm srcdir=c-ray-run002/shared/ srchost=local destdir=. desthost=localhost provider=file jobid=c-ray-mt-8k1qh24n-0
2017-02-16 21:43:07,689-0200 INFO  LateBindingScheduler jobs queued: 0
2017-02-16 21:43:07,700-0200 DEBUG swift CDM: file://localhost/./scene.0000.ppm : DEFAULT
2017-02-16 21:43:07,732-0200 INFO  LateBindingScheduler jobs queued: 0
2017-02-16 21:43:07,732-0200 DEBUG swift FILE_STAGE_OUT_END srcname=scene.0000.ppm srcdir=c-ray-run002/shared/ srchost=local destdir=. desthost=localhost provider=file
2017-02-16 21:43:07,735-0200 INFO  LateBindingScheduler jobs queued: 0
2017-02-16 21:43:07,736-0200 INFO  swift END jobid=c-ray-mt-8k1qh24n-0 - Staging out finished
2017-02-16 21:43:07,748-0200 INFO  LateBindingScheduler jobs queued: 0
2017-02-16 21:43:07,748-0200 DEBUG swift JOB_END jobid=c-ray-mt-8k1qh24n-0
2017-02-16 21:43:07,749-0200 INFO  swift END_SUCCESS jobid=c-ray-mt-8k1qh24n tr=c-ray-mt
2017-02-16 21:43:07,749-0200 DEBUG swift PROCEDURE_END line=25 thread=2-0-14-11-16-0-46-1 name=render
2017-02-16 21:43:07,749-0200 DEBUG swift FOREACH_IT_END line=41 thread=2-0-14-11-16-0
2017-02-16 21:43:08,085-0200 INFO  RuntimeStats$ProgressTicker HeapMax: 954728448, CrtHeap: 121110528, UsedHeap: 16375880, JVMThreads: 41
2017-02-16 21:43:08,085-0200 INFO  RuntimeStats$ProgressTicker   Active:6  Finished successfully:16
2017-02-16 21:43:09,091-0200 INFO  RuntimeStats$ProgressTicker HeapMax: 954728448, CrtHeap: 121110528, UsedHeap: 16811248, JVMThreads: 41
2017-02-16 21:43:09,679-0200 INFO  LateBindingScheduler jobs queued: 0
2017-02-16 21:43:09,679-0200 INFO  Execute TASK_STATUS_CHANGE taskid=task-34 status=7
2017-02-16 21:43:09,679-0200 DEBUG swift START jobid=c-ray-mt-5k1qh24n-0
2017-02-16 21:43:09,686-0200 INFO  LateBindingScheduler jobs queued: 0
2017-02-16 21:43:09,686-0200 INFO  swift SUCCESS jobid=c-ray-mt-5k1qh24n-0 - Success file found
2017-02-16 21:43:09,686-0200 DEBUG swift STAGING_OUT jobid=c-ray-mt-5k1qh24n-0
2017-02-16 21:43:09,686-0200 INFO  swift START jobid=c-ray-mt-5k1qh24n-0 - Staging out files
2017-02-16 21:43:09,686-0200 DEBUG swift stageouts: [file://localhost/./scene.0005.ppm]
2017-02-16 21:43:09,687-0200 DEBUG swift FILE_STAGE_OUT_START srcname=scene.0005.ppm srcdir=c-ray-run002/shared/ srchost=local destdir=. desthost=localhost provider=file jobid=c-ray-mt-5k1qh24n-0
2017-02-16 21:43:09,688-0200 INFO  LateBindingScheduler jobs queued: 0
2017-02-16 21:43:09,688-0200 DEBUG swift CDM: file://localhost/./scene.0005.ppm : DEFAULT
2017-02-16 21:43:09,699-0200 INFO  LateBindingScheduler jobs queued: 0
2017-02-16 21:43:09,700-0200 DEBUG swift FILE_STAGE_OUT_END srcname=scene.0005.ppm srcdir=c-ray-run002/shared/ srchost=local destdir=. desthost=localhost provider=file
2017-02-16 21:43:09,702-0200 INFO  LateBindingScheduler jobs queued: 0
2017-02-16 21:43:09,703-0200 INFO  swift END jobid=c-ray-mt-5k1qh24n-0 - Staging out finished
2017-02-16 21:43:09,708-0200 INFO  LateBindingScheduler jobs queued: 0
2017-02-16 21:43:09,716-0200 DEBUG swift JOB_END jobid=c-ray-mt-5k1qh24n-0
2017-02-16 21:43:09,716-0200 INFO  swift END_SUCCESS jobid=c-ray-mt-5k1qh24n tr=c-ray-mt
2017-02-16 21:43:09,716-0200 DEBUG swift PROCEDURE_END line=25 thread=2-0-14-11-25-5-34-1 name=render
2017-02-16 21:43:09,717-0200 DEBUG swift FOREACH_IT_END line=41 thread=2-0-14-11-25-5
2017-02-16 21:43:09,750-0200 INFO  LateBindingScheduler jobs queued: 0
2017-02-16 21:43:09,750-0200 INFO  Execute TASK_STATUS_CHANGE taskid=task-22 status=7
2017-02-16 21:43:09,750-0200 DEBUG swift START jobid=c-ray-mt-ak1qh24n-0
2017-02-16 21:43:09,751-0200 INFO  LateBindingScheduler jobs queued: 0
2017-02-16 21:43:09,751-0200 INFO  swift SUCCESS jobid=c-ray-mt-ak1qh24n-0 - Success file found
2017-02-16 21:43:09,751-0200 DEBUG swift STAGING_OUT jobid=c-ray-mt-ak1qh24n-0
2017-02-16 21:43:09,752-0200 INFO  swift START jobid=c-ray-mt-ak1qh24n-0 - Staging out files
2017-02-16 21:43:09,752-0200 DEBUG swift stageouts: [file://localhost/./scene.0002.ppm]
2017-02-16 21:43:09,752-0200 DEBUG swift FILE_STAGE_OUT_START srcname=scene.0002.ppm srcdir=c-ray-run002/shared/ srchost=local destdir=. desthost=localhost provider=file jobid=c-ray-mt-ak1qh24n-0
2017-02-16 21:43:09,752-0200 INFO  LateBindingScheduler jobs queued: 0
2017-02-16 21:43:09,753-0200 DEBUG swift CDM: file://localhost/./scene.0002.ppm : DEFAULT
2017-02-16 21:43:09,767-0200 INFO  LateBindingScheduler jobs queued: 0
2017-02-16 21:43:09,768-0200 DEBUG swift FILE_STAGE_OUT_END srcname=scene.0002.ppm srcdir=c-ray-run002/shared/ srchost=local destdir=. desthost=localhost provider=file
2017-02-16 21:43:09,775-0200 INFO  LateBindingScheduler jobs queued: 0
2017-02-16 21:43:09,776-0200 INFO  swift END jobid=c-ray-mt-ak1qh24n-0 - Staging out finished
2017-02-16 21:43:09,786-0200 INFO  LateBindingScheduler jobs queued: 0
2017-02-16 21:43:09,792-0200 DEBUG swift JOB_END jobid=c-ray-mt-ak1qh24n-0
2017-02-16 21:43:09,792-0200 INFO  swift END_SUCCESS jobid=c-ray-mt-ak1qh24n tr=c-ray-mt
2017-02-16 21:43:09,792-0200 DEBUG swift PROCEDURE_END line=25 thread=2-0-14-11-18-2-22-1 name=render
2017-02-16 21:43:09,792-0200 DEBUG swift FOREACH_IT_END line=41 thread=2-0-14-11-18-2
2017-02-16 21:43:09,878-0200 INFO  LateBindingScheduler jobs queued: 0
2017-02-16 21:43:09,878-0200 INFO  Execute TASK_STATUS_CHANGE taskid=task-36 status=7
2017-02-16 21:43:09,878-0200 INFO  LateBindingScheduler jobs queued: 0
2017-02-16 21:43:09,878-0200 INFO  Execute TASK_STATUS_CHANGE taskid=task-42 status=7
2017-02-16 21:43:09,878-0200 DEBUG swift START jobid=c-ray-mt-ek1qh24n-0
2017-02-16 21:43:09,878-0200 DEBUG swift START jobid=c-ray-mt-bk1qh24n-0
2017-02-16 21:43:09,879-0200 INFO  LateBindingScheduler jobs queued: 0
2017-02-16 21:43:09,880-0200 INFO  LateBindingScheduler jobs queued: 0
2017-02-16 21:43:09,880-0200 INFO  swift SUCCESS jobid=c-ray-mt-ek1qh24n-0 - Success file found
2017-02-16 21:43:09,880-0200 DEBUG swift STAGING_OUT jobid=c-ray-mt-ek1qh24n-0
2017-02-16 21:43:09,880-0200 INFO  swift START jobid=c-ray-mt-ek1qh24n-0 - Staging out files
2017-02-16 21:43:09,880-0200 DEBUG swift stageouts: [file://localhost/./scene.0006.ppm]
2017-02-16 21:43:09,881-0200 DEBUG swift FILE_STAGE_OUT_START srcname=scene.0006.ppm srcdir=c-ray-run002/shared/ srchost=local destdir=. desthost=localhost provider=file jobid=c-ray-mt-ek1qh24n-0
2017-02-16 21:43:09,881-0200 INFO  swift SUCCESS jobid=c-ray-mt-bk1qh24n-0 - Success file found
2017-02-16 21:43:09,881-0200 DEBUG swift STAGING_OUT jobid=c-ray-mt-bk1qh24n-0
2017-02-16 21:43:09,881-0200 INFO  swift START jobid=c-ray-mt-bk1qh24n-0 - Staging out files
2017-02-16 21:43:09,881-0200 DEBUG swift stageouts: [file://localhost/./scene.0009.ppm]
2017-02-16 21:43:09,881-0200 DEBUG swift FILE_STAGE_OUT_START srcname=scene.0009.ppm srcdir=c-ray-run002/shared/ srchost=local destdir=. desthost=localhost provider=file jobid=c-ray-mt-bk1qh24n-0
2017-02-16 21:43:09,882-0200 INFO  LateBindingScheduler jobs queued: 0
2017-02-16 21:43:09,882-0200 INFO  LateBindingScheduler jobs queued: 0
2017-02-16 21:43:09,882-0200 DEBUG swift CDM: file://localhost/./scene.0006.ppm : DEFAULT
2017-02-16 21:43:09,883-0200 DEBUG swift CDM: file://localhost/./scene.0009.ppm : DEFAULT
2017-02-16 21:43:09,889-0200 INFO  LateBindingScheduler jobs queued: 0
2017-02-16 21:43:09,889-0200 DEBUG swift FILE_STAGE_OUT_END srcname=scene.0006.ppm srcdir=c-ray-run002/shared/ srchost=local destdir=. desthost=localhost provider=file
2017-02-16 21:43:09,890-0200 INFO  LateBindingScheduler jobs queued: 0
2017-02-16 21:43:09,891-0200 INFO  swift END jobid=c-ray-mt-ek1qh24n-0 - Staging out finished
2017-02-16 21:43:09,901-0200 INFO  LateBindingScheduler jobs queued: 0
2017-02-16 21:43:09,902-0200 DEBUG swift FILE_STAGE_OUT_END srcname=scene.0009.ppm srcdir=c-ray-run002/shared/ srchost=local destdir=. desthost=localhost provider=file
2017-02-16 21:43:09,903-0200 INFO  LateBindingScheduler jobs queued: 0
2017-02-16 21:43:09,905-0200 INFO  swift END jobid=c-ray-mt-bk1qh24n-0 - Staging out finished
2017-02-16 21:43:09,902-0200 INFO  LateBindingScheduler jobs queued: 0
2017-02-16 21:43:09,916-0200 DEBUG swift JOB_END jobid=c-ray-mt-ek1qh24n-0
2017-02-16 21:43:09,917-0200 INFO  swift END_SUCCESS jobid=c-ray-mt-ek1qh24n tr=c-ray-mt
2017-02-16 21:43:09,917-0200 DEBUG swift PROCEDURE_END line=25 thread=2-0-14-11-26-6-36-1 name=render
2017-02-16 21:43:09,917-0200 DEBUG swift FOREACH_IT_END line=41 thread=2-0-14-11-26-6
2017-02-16 21:43:09,919-0200 INFO  LateBindingScheduler jobs queued: 0
2017-02-16 21:43:09,919-0200 DEBUG swift JOB_END jobid=c-ray-mt-bk1qh24n-0
2017-02-16 21:43:09,920-0200 INFO  swift END_SUCCESS jobid=c-ray-mt-bk1qh24n tr=c-ray-mt
2017-02-16 21:43:09,920-0200 DEBUG swift PROCEDURE_END line=25 thread=2-0-14-11-29-9-42-1 name=render
2017-02-16 21:43:09,920-0200 DEBUG swift FOREACH_IT_END line=41 thread=2-0-14-11-29-9
2017-02-16 21:43:10,091-0200 INFO  RuntimeStats$ProgressTicker HeapMax: 954728448, CrtHeap: 121110528, UsedHeap: 17724184, JVMThreads: 41
2017-02-16 21:43:10,092-0200 INFO  RuntimeStats$ProgressTicker   Active:2  Finished successfully:20
2017-02-16 21:43:10,381-0200 INFO  LateBindingScheduler jobs queued: 0
2017-02-16 21:43:10,381-0200 INFO  Execute TASK_STATUS_CHANGE taskid=task-38 status=7
2017-02-16 21:43:10,381-0200 DEBUG swift START jobid=c-ray-mt-dk1qh24n-0
2017-02-16 21:43:10,382-0200 INFO  LateBindingScheduler jobs queued: 0
2017-02-16 21:43:10,382-0200 INFO  swift SUCCESS jobid=c-ray-mt-dk1qh24n-0 - Success file found
2017-02-16 21:43:10,383-0200 DEBUG swift STAGING_OUT jobid=c-ray-mt-dk1qh24n-0
2017-02-16 21:43:10,383-0200 INFO  swift START jobid=c-ray-mt-dk1qh24n-0 - Staging out files
2017-02-16 21:43:10,383-0200 DEBUG swift stageouts: [file://localhost/./scene.0007.ppm]
2017-02-16 21:43:10,383-0200 DEBUG swift FILE_STAGE_OUT_START srcname=scene.0007.ppm srcdir=c-ray-run002/shared/ srchost=local destdir=. desthost=localhost provider=file jobid=c-ray-mt-dk1qh24n-0
2017-02-16 21:43:10,384-0200 INFO  LateBindingScheduler jobs queued: 0
2017-02-16 21:43:10,384-0200 DEBUG swift CDM: file://localhost/./scene.0007.ppm : DEFAULT
2017-02-16 21:43:10,388-0200 INFO  LateBindingScheduler jobs queued: 0
2017-02-16 21:43:10,389-0200 DEBUG swift FILE_STAGE_OUT_END srcname=scene.0007.ppm srcdir=c-ray-run002/shared/ srchost=local destdir=. desthost=localhost provider=file
2017-02-16 21:43:10,390-0200 INFO  LateBindingScheduler jobs queued: 0
2017-02-16 21:43:10,391-0200 INFO  swift END jobid=c-ray-mt-dk1qh24n-0 - Staging out finished
2017-02-16 21:43:10,392-0200 INFO  LateBindingScheduler jobs queued: 0
2017-02-16 21:43:10,393-0200 DEBUG swift JOB_END jobid=c-ray-mt-dk1qh24n-0
2017-02-16 21:43:10,393-0200 INFO  swift END_SUCCESS jobid=c-ray-mt-dk1qh24n tr=c-ray-mt
2017-02-16 21:43:10,393-0200 DEBUG swift PROCEDURE_END line=25 thread=2-0-14-11-27-7-38-1 name=render
2017-02-16 21:43:10,393-0200 DEBUG swift FOREACH_IT_END line=41 thread=2-0-14-11-27-7
2017-02-16 21:43:11,092-0200 INFO  RuntimeStats$ProgressTicker HeapMax: 954728448, CrtHeap: 121110528, UsedHeap: 17816160, JVMThreads: 41
2017-02-16 21:43:11,092-0200 INFO  RuntimeStats$ProgressTicker   Active:1  Finished successfully:21
2017-02-16 21:43:12,092-0200 INFO  RuntimeStats$ProgressTicker HeapMax: 954728448, CrtHeap: 121110528, UsedHeap: 17816200, JVMThreads: 41
2017-02-16 21:43:12,712-0200 INFO  LateBindingScheduler jobs queued: 0
2017-02-16 21:43:12,712-0200 INFO  Execute TASK_STATUS_CHANGE taskid=task-48 status=7
2017-02-16 21:43:12,713-0200 DEBUG swift START jobid=c-ray-mt-fk1qh24n-0
2017-02-16 21:43:12,714-0200 INFO  LateBindingScheduler jobs queued: 0
2017-02-16 21:43:12,714-0200 INFO  swift SUCCESS jobid=c-ray-mt-fk1qh24n-0 - Success file found
2017-02-16 21:43:12,714-0200 DEBUG swift STAGING_OUT jobid=c-ray-mt-fk1qh24n-0
2017-02-16 21:43:12,714-0200 INFO  swift START jobid=c-ray-mt-fk1qh24n-0 - Staging out files
2017-02-16 21:43:12,714-0200 DEBUG swift stageouts: [file://localhost/./scene.0004.ppm]
2017-02-16 21:43:12,715-0200 DEBUG swift FILE_STAGE_OUT_START srcname=scene.0004.ppm srcdir=c-ray-run002/shared/ srchost=local destdir=. desthost=localhost provider=file jobid=c-ray-mt-fk1qh24n-0
2017-02-16 21:43:12,715-0200 INFO  LateBindingScheduler jobs queued: 0
2017-02-16 21:43:12,716-0200 DEBUG swift CDM: file://localhost/./scene.0004.ppm : DEFAULT
2017-02-16 21:43:12,723-0200 INFO  LateBindingScheduler jobs queued: 0
2017-02-16 21:43:12,724-0200 DEBUG swift FILE_STAGE_OUT_END srcname=scene.0004.ppm srcdir=c-ray-run002/shared/ srchost=local destdir=. desthost=localhost provider=file
2017-02-16 21:43:12,725-0200 INFO  LateBindingScheduler jobs queued: 0
2017-02-16 21:43:12,726-0200 INFO  swift END jobid=c-ray-mt-fk1qh24n-0 - Staging out finished
2017-02-16 21:43:12,728-0200 INFO  LateBindingScheduler jobs queued: 0
2017-02-16 21:43:12,728-0200 DEBUG swift JOB_END jobid=c-ray-mt-fk1qh24n-0
2017-02-16 21:43:12,728-0200 INFO  swift END_SUCCESS jobid=c-ray-mt-fk1qh24n tr=c-ray-mt
2017-02-16 21:43:12,729-0200 DEBUG swift PROCEDURE_END line=25 thread=2-0-14-11-24-4-48-1 name=render
2017-02-16 21:43:12,729-0200 DEBUG swift JOB_INIT jobid=convert-gk1qh24n tr=convert
2017-02-16 21:43:12,729-0200 DEBUG swift JOB_SITE_SELECT jobid=convert-gk1qh24n-0
2017-02-16 21:43:12,729-0200 DEBUG swift FOREACH_IT_END line=41 thread=2-0-14-11-24-4
2017-02-16 21:43:12,731-0200 DEBUG swift THREAD_ASSOCIATION jobid=convert-gk1qh24n-0 host=local thread=2-0-15-12
2017-02-16 21:43:12,733-0200 INFO  swift START jobid=convert-gk1qh24n-0 host=local - Initializing directory structure
2017-02-16 21:43:12,733-0200 INFO  swift END jobid=convert-gk1qh24n-0 - Done initializing directory structure
2017-02-16 21:43:12,733-0200 INFO  swift START jobid=convert-gk1qh24n-0 - Staging in files [file://localhost/./scene.0002.ppm, file://localhost/./scene.0010.ppm, file://localhost/./scene.0007.ppm, file://localhost/./scene.0003.ppm, file://localhost/./scene.0009.ppm, file://localhost/./scene.0008.ppm, file://localhost/./scene.0004.ppm, file://localhost/./scene.0001.ppm, file://localhost/./scene.0000.ppm, file://localhost/./scene.0006.ppm, file://localhost/./scene.0005.ppm]
2017-02-16 21:43:12,734-0200 INFO  LateBindingScheduler jobs queued: 3
2017-02-16 21:43:12,734-0200 INFO  LateBindingScheduler jobs queued: 4
2017-02-16 21:43:12,735-0200 DEBUG swift CDM: file://localhost/./scene.0002.ppm : DEFAULT
2017-02-16 21:43:12,736-0200 INFO  LateBindingScheduler jobs queued: 3
2017-02-16 21:43:12,736-0200 INFO  LateBindingScheduler jobs queued: 3
2017-02-16 21:43:12,736-0200 DEBUG swift CDM: file://localhost/./scene.0007.ppm : DEFAULT
2017-02-16 21:43:12,736-0200 INFO  LateBindingScheduler jobs queued: 0
2017-02-16 21:43:12,737-0200 INFO  LateBindingScheduler jobs queued: 0
2017-02-16 21:43:12,737-0200 INFO  LateBindingScheduler jobs queued: 0
2017-02-16 21:43:12,737-0200 INFO  LateBindingScheduler jobs queued: 0
2017-02-16 21:43:12,737-0200 INFO  LateBindingScheduler jobs queued: 0
2017-02-16 21:43:12,737-0200 INFO  LateBindingScheduler jobs queued: 0
2017-02-16 21:43:12,738-0200 INFO  LateBindingScheduler jobs queued: 0
2017-02-16 21:43:12,738-0200 DEBUG swift CDM: file://localhost/./scene.0003.ppm : DEFAULT
2017-02-16 21:43:12,738-0200 DEBUG swift CDM: file://localhost/./scene.0008.ppm : DEFAULT
2017-02-16 21:43:12,738-0200 DEBUG swift CDM: file://localhost/./scene.0009.ppm : DEFAULT
2017-02-16 21:43:12,739-0200 DEBUG swift CDM: file://localhost/./scene.0004.ppm : DEFAULT
2017-02-16 21:43:12,739-0200 DEBUG swift CDM: file://localhost/./scene.0001.ppm : DEFAULT
2017-02-16 21:43:12,739-0200 DEBUG swift CDM: file://localhost/./scene.0000.ppm : DEFAULT
2017-02-16 21:43:12,739-0200 DEBUG swift CDM: file://localhost/./scene.0006.ppm : DEFAULT
2017-02-16 21:43:12,739-0200 DEBUG swift CDM: file://localhost/./scene.0005.ppm : DEFAULT
2017-02-16 21:43:12,739-0200 DEBUG swift CDM: file://localhost/./scene.0010.ppm : DEFAULT
2017-02-16 21:43:12,739-0200 INFO  swift END jobid=convert-gk1qh24n-0 - Staging in finished
2017-02-16 21:43:12,740-0200 DEBUG swift JOB_START jobid=convert-gk1qh24n-0 tr=convert arguments=[-delay, 0, -quality, 75, scene.0000.ppm scene.0001.ppm scene.0002.ppm scene.0003.ppm scene.0004.ppm scene.0005.ppm scene.0006.ppm scene.0007.ppm scene.0008.ppm scene.0009.ppm scene.0010.ppm, output.ppm] tmpdir=c-ray-run002/jobs/c/convert-gk1qh24n-0
2017-02-16 21:43:12,740-0200 INFO  Execute JOB_TASK jobid=convert-gk1qh24n-0 taskid=task-15 exec=/bin/bash dir=c-ray-run002 args=shared/_swiftwrap convert-gk1qh24n-0 -jobdir c -scratch  -e convert -out stdout.txt -err stderr.txt -i -d  -if scene.0002.ppm|scene.0010.ppm|scene.0007.ppm|scene.0003.ppm|scene.0009.ppm|scene.0008.ppm|scene.0004.ppm|scene.0001.ppm|scene.0000.ppm|scene.0006.ppm|scene.0005.ppm -of output.ppm -cf  -cdmfile -status files -a -delay 0 -quality 75 scene.0000.ppm scene.0001.ppm scene.0002.ppm scene.0003.ppm scene.0004.ppm scene.0005.ppm scene.0006.ppm scene.0007.ppm scene.0008.ppm scene.0009.ppm scene.0010.ppm output.ppm
2017-02-16 21:43:12,740-0200 INFO  Execute TASK_STATUS_CHANGE taskid=task-15 status=8
2017-02-16 21:43:12,740-0200 INFO  Execute TASK_STATUS_CHANGE taskid=task-15 status=1
2017-02-16 21:43:12,741-0200 INFO  Execute TASK_STATUS_CHANGE taskid=task-15 status=2
2017-02-16 21:43:12,882-0200 INFO  LateBindingScheduler jobs queued: 0
2017-02-16 21:43:12,883-0200 INFO  Execute TASK_STATUS_CHANGE taskid=task-15 status=7
2017-02-16 21:43:12,883-0200 DEBUG swift START jobid=convert-gk1qh24n-0
2017-02-16 21:43:12,884-0200 INFO  LateBindingScheduler jobs queued: 0
2017-02-16 21:43:12,884-0200 INFO  swift SUCCESS jobid=convert-gk1qh24n-0 - Success file found
2017-02-16 21:43:12,884-0200 DEBUG swift STAGING_OUT jobid=convert-gk1qh24n-0
2017-02-16 21:43:12,884-0200 INFO  swift START jobid=convert-gk1qh24n-0 - Staging out files
2017-02-16 21:43:12,884-0200 DEBUG swift stageouts: [file://localhost/output.ppm]
2017-02-16 21:43:12,885-0200 DEBUG swift FILE_STAGE_OUT_START srcname=output.ppm srcdir=c-ray-run002/shared/ srchost=local destdir= desthost=localhost provider=file jobid=convert-gk1qh24n-0
2017-02-16 21:43:12,886-0200 INFO  LateBindingScheduler jobs queued: 0
2017-02-16 21:43:12,886-0200 DEBUG swift CDM: file://localhost/output.ppm : DEFAULT
2017-02-16 21:43:12,907-0200 INFO  LateBindingScheduler jobs queued: 0
2017-02-16 21:43:12,908-0200 DEBUG swift FILE_STAGE_OUT_END srcname=output.ppm srcdir=c-ray-run002/shared/ srchost=local destdir= desthost=localhost provider=file
2017-02-16 21:43:12,909-0200 INFO  LateBindingScheduler jobs queued: 0
2017-02-16 21:43:12,909-0200 INFO  swift END jobid=convert-gk1qh24n-0 - Staging out finished
2017-02-16 21:43:12,912-0200 INFO  LateBindingScheduler jobs queued: 0
2017-02-16 21:43:12,914-0200 DEBUG swift JOB_END jobid=convert-gk1qh24n-0
2017-02-16 21:43:12,914-0200 INFO  swift END_SUCCESS jobid=convert-gk1qh24n tr=convert
2017-02-16 21:43:12,914-0200 DEBUG swift PROCEDURE_END line=30 thread=2-0-15-12 name=convert
2017-02-16 21:43:12,914-0200 INFO  RuntimeStats$ProgressTicker HeapMax: 954728448, CrtHeap: 121110528, UsedHeap: 18520392, JVMThreads: 41
2017-02-16 21:43:12,914-0200 INFO  RuntimeStats$ProgressTicker   Finished successfully:23
2017-02-16 21:43:12,922-0200 DEBUG swift Starting cleanups
2017-02-16 21:43:12,922-0200 INFO  swift START cleanups=[[c-ray-run002, local]]
2017-02-16 21:43:12,922-0200 INFO  swift START dir=c-ray-run002 host=local
2017-02-16 21:43:12,922-0200 DEBUG swift cdmfile 
2017-02-16 21:43:12,923-0200 INFO  LateBindingScheduler jobs queued: 0
2017-02-16 21:43:12,923-0200 INFO  swift END dir=c-ray-run002 host=local
2017-02-16 21:43:12,924-0200 INFO  swift END cleanups=[[c-ray-run002, local]]
2017-02-16 21:43:12,924-0200 DEBUG swift Ending cleanups
2017-02-16 21:43:12,927-0200 INFO  FileGarbageCollector Failed to clean <cleaned>:any - Closed
java.lang.NullPointerException
	at org.griphyn.vdl.mapping.nodes.AbstractFutureArrayDataNode.getFringePaths(AbstractFutureArrayDataNode.java:225)
	at org.griphyn.vdl.mapping.nodes.AbstractDataNode.getFringePaths(AbstractDataNode.java:314)
	at org.griphyn.vdl.mapping.file.FileGarbageCollector.run(FileGarbageCollector.java:112)
	at java.lang.Thread.run(Thread.java:745)
2017-02-16 21:43:12,935-0200 INFO  Loader Swift finished with no errors
