2017-02-14 08:58:50,769-0200 INFO  Loader JAVA Oracle Corporation OpenJDK 64-Bit Server VM 1.7.0_101
2017-02-14 08:58:50,770-0200 INFO  Loader VERSION Swift trunk swift-unknown
2017-02-14 08:58:50,770-0200 INFO  Loader RUN_ID run001
2017-02-14 08:58:50,770-0200 INFO  Loader ARGUMENTS [-runid, run001, -logfile, /home/mluiza/swift-k/examples/tutorial/part01/run001/swift.log, p1.swift]
2017-02-14 08:58:50,770-0200 INFO  Loader MAX_HEAP 954728448
2017-02-14 08:58:50,770-0200 INFO  Loader GLOBUS_HOSTNAME histidina
2017-02-14 08:58:50,770-0200 INFO  Loader CWD /home/mluiza/swift-k/examples/tutorial/part01/.
2017-02-14 08:58:50,772-0200 DEBUG Loader SWIFT_CONFIGURATION 
[D] /home/mluiza/Programs/swift-k/dist/swift-svn/etc/swift.conf
[C] <Command Line>
{
	TCPPortRange: "50000, 50100"                               # [D] line 27
	alwaysTransferWrapperLog: true                             # [D] line 61
	executionRetries: 0                                        # [D] line 137
	fileOperationsThrottle: 8                                  # [D] line 121
	fileTransfersThrottle: 4                                   # [D] line 107
	hostJobSubmitThrottle: 2                                   # [D] line 95
	jobSubmitThrottle: 4                                       # [D] line 83
	keepSiteDir: false                                         # [D] line 131
	lazyErrors: true                                           # [D] line 41
	logProvenance: false                                       # [D] line 200
	maxForeachThreads: 16384                                   # [D] line 194
	replicationEnabled: false                                  # [D] line 146
	replicationLimit: 3                                        # [D] line 157
	replicationMinQueueTime: 60                                # [D] line 153
	site.local {
		app.ALL.executable: "*"                                   # [D] line 233
		execution.type: "local"                                   # [D] line 223
		filesystem.type: "local"                                  # [D] line 226
		initialParallelTasks: 24                                  # [D] line 229
		maxParallelTasks: 24                                      # [D] line 228
		workDirectory: "swiftwork"                                # [D] line 230
	}
	sites: [local]                                             # [D] line 237
	tracingEnabled: false                                      # [D] line 51
}

2017-02-14 08:58:50,772-0200 DEBUG textfiles BEGIN SWIFTSCRIPT:
type file;

app (file o) simulation ()
{
  simulate stdout=filename(o);
}

file f <"sim.out">;
f = simulation();


2017-02-14 08:58:50,772-0200 DEBUG textfiles END SWIFTSCRIPT:
2017-02-14 08:58:50,777-0200 INFO  Loader p1.swift: source file is new. Recompiling.
2017-02-14 08:58:51,693-0200 INFO  Loader RUN_START
2017-02-14 08:58:51,696-0200 INFO  SwiftExecutor swift.home = /home/mluiza/Programs/swift-k/dist/swift-svn
2017-02-14 08:58:51,763-0200 INFO  AbstractScheduler Setting resources to: {local=local}
2017-02-14 08:58:51,769-0200 INFO  GlobalSubmitQueue No global submit throttle set. Using default (1024)
2017-02-14 08:58:51,792-0200 INFO  LateBindingScheduler jobs queued: 0
2017-02-14 08:58:51,794-0200 INFO  LateBindingScheduler jobs queued: 0
2017-02-14 08:58:51,795-0200 INFO  LateBindingScheduler jobs queued: 0
2017-02-14 08:58:51,851-0200 INFO  RuntimeStats$ProgressTicker HeapMax: 954728448, CrtHeap: 124780544, UsedHeap: 37449064, JVMThreads: 16
2017-02-14 08:58:51,851-0200 DEBUG swift PROCEDURE line=3 thread=2-0 name=simulation
2017-02-14 08:58:51,852-0200 INFO  RuntimeStats$ProgressTicker 
2017-02-14 08:58:51,853-0200 DEBUG swift JOB_INIT jobid=simulation-ayr1cy3n tr=simulation
2017-02-14 08:58:51,854-0200 DEBUG swift JOB_SITE_SELECT jobid=simulation-ayr1cy3n-0
2017-02-14 08:58:51,865-0200 DEBUG swift THREAD_ASSOCIATION jobid=simulation-ayr1cy3n-0 host=local thread=2-0
2017-02-14 08:58:51,866-0200 INFO  swift START host=local - Initializing shared directory
2017-02-14 08:58:51,867-0200 INFO  LateBindingScheduler jobs queued: 0
2017-02-14 08:58:51,885-0200 INFO  LateBindingScheduler jobs queued: 0
2017-02-14 08:58:51,886-0200 INFO  LateBindingScheduler jobs queued: 0
2017-02-14 08:58:51,887-0200 INFO  LateBindingScheduler jobs queued: 0
2017-02-14 08:58:51,887-0200 INFO  swift END host=local - Done initializing shared directory
2017-02-14 08:58:51,889-0200 INFO  swift START jobid=simulation-ayr1cy3n-0 host=local - Initializing directory structure
2017-02-14 08:58:51,889-0200 INFO  swift START path= dir=p1-run001/shared - Creating directory structure
2017-02-14 08:58:51,890-0200 INFO  LateBindingScheduler jobs queued: 0
2017-02-14 08:58:51,891-0200 INFO  swift END jobid=simulation-ayr1cy3n-0 - Done initializing directory structure
2017-02-14 08:58:51,891-0200 INFO  swift START jobid=simulation-ayr1cy3n-0 - Staging in files []
2017-02-14 08:58:51,892-0200 INFO  swift END jobid=simulation-ayr1cy3n-0 - Staging in finished
2017-02-14 08:58:51,892-0200 DEBUG swift JOB_START jobid=simulation-ayr1cy3n-0 tr=simulationsimulate tmpdir=p1-run001/jobs/s/simulation-ayr1cy3n-0
2017-02-14 08:58:51,897-0200 INFO  Execute JOB_TASK jobid=simulation-ayr1cy3n-0 taskid=task-2 exec=/bin/bash dir=p1-run001 args=shared/_swiftwrap simulation-ayr1cy3n-0 -jobdir s -scratch  -d  -if  -of sim.out -cf  -cdmfile -status files -e simulate -out sim.out -err -i -a
2017-02-14 08:58:51,907-0200 INFO  Execute TASK_STATUS_CHANGE taskid=task-2 status=8
2017-02-14 08:58:51,907-0200 INFO  Execute TASK_STATUS_CHANGE taskid=task-2 status=1
2017-02-14 08:58:51,910-0200 INFO  Execute TASK_STATUS_CHANGE taskid=task-2 status=2
2017-02-14 08:58:52,153-0200 INFO  LateBindingScheduler jobs queued: 0
2017-02-14 08:58:52,153-0200 INFO  Execute TASK_STATUS_CHANGE taskid=task-2 status=7
2017-02-14 08:58:52,154-0200 DEBUG swift START jobid=simulation-ayr1cy3n-0
2017-02-14 08:58:52,154-0200 INFO  LateBindingScheduler jobs queued: 0
2017-02-14 08:58:52,155-0200 INFO  swift SUCCESS jobid=simulation-ayr1cy3n-0 - Success file found
2017-02-14 08:58:52,155-0200 DEBUG swift STAGING_OUT jobid=simulation-ayr1cy3n-0
2017-02-14 08:58:52,155-0200 INFO  swift START jobid=simulation-ayr1cy3n-0 - Staging out files
2017-02-14 08:58:52,155-0200 DEBUG swift stageouts: [file://localhost/sim.out]
2017-02-14 08:58:52,157-0200 DEBUG swift FILE_STAGE_OUT_START srcname=sim.out srcdir=p1-run001/shared/ srchost=local destdir= desthost=localhost provider=file jobid=simulation-ayr1cy3n-0
2017-02-14 08:58:52,158-0200 INFO  LateBindingScheduler jobs queued: 0
2017-02-14 08:58:52,173-0200 DEBUG swift CDM: file://localhost/sim.out : DEFAULT
2017-02-14 08:58:52,174-0200 INFO  LateBindingScheduler jobs queued: 0
2017-02-14 08:58:52,175-0200 DEBUG swift FILE_STAGE_OUT_END srcname=sim.out srcdir=p1-run001/shared/ srchost=local destdir= desthost=localhost provider=file
2017-02-14 08:58:52,177-0200 INFO  LateBindingScheduler jobs queued: 0
2017-02-14 08:58:52,181-0200 INFO  swift END jobid=simulation-ayr1cy3n-0 - Staging out finished
2017-02-14 08:58:52,182-0200 INFO  LateBindingScheduler jobs queued: 0
2017-02-14 08:58:52,183-0200 DEBUG swift JOB_END jobid=simulation-ayr1cy3n-0
2017-02-14 08:58:52,183-0200 INFO  swift END_SUCCESS jobid=simulation-ayr1cy3n tr=simulation
2017-02-14 08:58:52,183-0200 DEBUG swift PROCEDURE_END line=3 thread=2-0 name=simulation
2017-02-14 08:58:52,184-0200 INFO  RuntimeStats$ProgressTicker HeapMax: 954728448, CrtHeap: 124780544, UsedHeap: 9515160, JVMThreads: 23
2017-02-14 08:58:52,185-0200 INFO  RuntimeStats$ProgressTicker   Finished successfully:1
2017-02-14 08:58:52,313-0200 DEBUG swift Starting cleanups
2017-02-14 08:58:52,313-0200 INFO  swift START cleanups=[[p1-run001, local]]
2017-02-14 08:58:52,313-0200 INFO  swift START dir=p1-run001 host=local
2017-02-14 08:58:52,313-0200 DEBUG swift cdmfile 
2017-02-14 08:58:52,314-0200 INFO  LateBindingScheduler jobs queued: 0
2017-02-14 08:58:52,314-0200 INFO  swift END dir=p1-run001 host=local
2017-02-14 08:58:52,314-0200 INFO  swift END cleanups=[[p1-run001, local]]
2017-02-14 08:58:52,314-0200 DEBUG swift Ending cleanups
2017-02-14 08:58:52,316-0200 INFO  Loader Swift finished with no errors
