2017-02-17 09:26:08,741-0200 INFO  Loader JAVA Oracle Corporation Java HotSpot(TM) 64-Bit Server VM 1.7.0_80
2017-02-17 09:26:08,743-0200 INFO  Loader VERSION Swift trunk git-rev: 18aec82244c5611381528bc361888c553570c66e heads/master 6574
2017-02-17 09:26:08,743-0200 INFO  Loader RUN_ID run003
2017-02-17 09:26:08,743-0200 INFO  Loader ARGUMENTS [-runid, run003, -logfile, /home/mondelli/Dropbox/Docker/swift_verao/uteis/tutorial/part01/run003/swift.log, p1.swift]
2017-02-17 09:26:08,743-0200 INFO  Loader MAX_HEAP 954728448
2017-02-17 09:26:08,743-0200 INFO  Loader GLOBUS_HOSTNAME mondelli-520U4C
2017-02-17 09:26:08,743-0200 INFO  Loader CWD /home/mondelli/Dropbox/Docker/swift_verao/uteis/tutorial/part01/.
2017-02-17 09:26:08,745-0200 DEBUG Loader SWIFT_CONFIGURATION 
[D] /home/mondelli/swift-k/dist/swift-svn/etc/swift.conf
[C] <Command Line>
{
	TCPPortRange: "50000, 50100"                               # [D] line 27
	alwaysTransferWrapperLog: true                             # [D] line 61
	executionRetries: 0                                        # [D] line 137
	fileOperationsThrottle: 8                                  # [D] line 121
	fileTransfersThrottle: 4                                   # [D] line 107
	hostJobSubmitThrottle: 2                                   # [D] line 95
	jobSubmitThrottle: 4                                       # [D] line 83
	keepSiteDir: false                                         # [D] line 131
	lazyErrors: true                                           # [D] line 41
	logProvenance: false                                       # [D] line 200
	maxForeachThreads: 16384                                   # [D] line 194
	replicationEnabled: false                                  # [D] line 146
	replicationLimit: 3                                        # [D] line 157
	replicationMinQueueTime: 60                                # [D] line 153
	site.local {
		app.ALL.executable: "*"                                   # [D] line 235
		execution.type: "local"                                   # [D] line 223
		filesystem.type: "local"                                  # [D] line 226
		initialParallelTasks: 8                                   # [D] line 230
		maxParallelTasks: 16                                      # [D] line 229
		workDirectory: "swiftwork"                                # [D] line 232
	}
	sites: [local]                                             # [D] line 239
	tracingEnabled: false                                      # [D] line 51
}

2017-02-17 09:26:08,746-0200 DEBUG textfiles BEGIN SWIFTSCRIPT:
type file;

app (file o) simulation ()
{
  simulate stdout=filename(o);
}

file f <"sim.out">;
f = simulation();


2017-02-17 09:26:08,746-0200 DEBUG textfiles END SWIFTSCRIPT:
2017-02-17 09:26:08,746-0200 DEBUG Loader kmlversion is >9f6c1ed4-f975-4fb5-9fcf-7994f9fda617-no-provenance<
2017-02-17 09:26:08,746-0200 DEBUG Loader build version is >9f6c1ed4-f975-4fb5-9fcf-7994f9fda617-no-provenance<
2017-02-17 09:26:08,746-0200 DEBUG Loader Recompilation suppressed.
2017-02-17 09:26:09,624-0200 INFO  Loader RUN_START
2017-02-17 09:26:09,628-0200 INFO  SwiftExecutor swift.home = /home/mondelli/swift-k/dist/swift-svn
2017-02-17 09:26:09,664-0200 INFO  AbstractScheduler Setting resources to: {local=local}
2017-02-17 09:26:09,678-0200 INFO  GlobalSubmitQueue No global submit throttle set. Using default (1024)
2017-02-17 09:26:09,694-0200 INFO  LateBindingScheduler jobs queued: 0
2017-02-17 09:26:09,696-0200 INFO  LateBindingScheduler jobs queued: 0
2017-02-17 09:26:09,697-0200 INFO  LateBindingScheduler jobs queued: 0
2017-02-17 09:26:09,759-0200 INFO  RuntimeStats$ProgressTicker HeapMax: 954728448, CrtHeap: 121110528, UsedHeap: 27385008, JVMThreads: 16
2017-02-17 09:26:09,759-0200 DEBUG swift PROCEDURE line=3 thread=2-0 name=simulation
2017-02-17 09:26:09,763-0200 INFO  RuntimeStats$ProgressTicker 
2017-02-17 09:26:09,763-0200 DEBUG swift JOB_INIT jobid=simulate-irgua34n tr=simulate
2017-02-17 09:26:09,764-0200 DEBUG swift JOB_SITE_SELECT jobid=simulate-irgua34n-0
2017-02-17 09:26:09,768-0200 DEBUG swift THREAD_ASSOCIATION jobid=simulate-irgua34n-0 host=local thread=2-0
2017-02-17 09:26:09,770-0200 INFO  swift START host=local - Initializing shared directory
2017-02-17 09:26:09,772-0200 INFO  LateBindingScheduler jobs queued: 0
2017-02-17 09:26:09,784-0200 INFO  LateBindingScheduler jobs queued: 0
2017-02-17 09:26:09,787-0200 INFO  LateBindingScheduler jobs queued: 0
2017-02-17 09:26:09,788-0200 INFO  LateBindingScheduler jobs queued: 1
2017-02-17 09:26:09,790-0200 INFO  swift END host=local - Done initializing shared directory
2017-02-17 09:26:09,792-0200 INFO  swift START jobid=simulate-irgua34n-0 host=local - Initializing directory structure
2017-02-17 09:26:09,792-0200 INFO  swift START path= dir=p1-run003/shared - Creating directory structure
2017-02-17 09:26:09,793-0200 INFO  LateBindingScheduler jobs queued: 0
2017-02-17 09:26:09,794-0200 INFO  swift END jobid=simulate-irgua34n-0 - Done initializing directory structure
2017-02-17 09:26:09,794-0200 INFO  swift START jobid=simulate-irgua34n-0 - Staging in files []
2017-02-17 09:26:09,795-0200 INFO  swift END jobid=simulate-irgua34n-0 - Staging in finished
2017-02-17 09:26:09,795-0200 DEBUG swift JOB_START jobid=simulate-irgua34n-0 tr=simulate arguments=[] tmpdir=p1-run003/jobs/s/simulate-irgua34n-0
2017-02-17 09:26:09,800-0200 INFO  Execute JOB_TASK jobid=simulate-irgua34n-0 taskid=task-2 exec=/bin/bash dir=p1-run003 args=shared/_swiftwrap simulate-irgua34n-0 -jobdir s -scratch  -e simulate -out sim.out -err stderr.txt -i -d  -if  -of sim.out -cf  -cdmfile -status files -a
2017-02-17 09:26:09,809-0200 INFO  Execute TASK_STATUS_CHANGE taskid=task-2 status=8
2017-02-17 09:26:09,810-0200 INFO  Execute TASK_STATUS_CHANGE taskid=task-2 status=1
2017-02-17 09:26:09,812-0200 INFO  Execute TASK_STATUS_CHANGE taskid=task-2 status=2
2017-02-17 09:26:09,876-0200 INFO  LateBindingScheduler jobs queued: 0
2017-02-17 09:26:09,876-0200 INFO  Execute TASK_STATUS_CHANGE taskid=task-2 status=7
2017-02-17 09:26:09,876-0200 DEBUG swift START jobid=simulate-irgua34n-0
2017-02-17 09:26:09,876-0200 INFO  LateBindingScheduler jobs queued: 0
2017-02-17 09:26:09,877-0200 INFO  swift SUCCESS jobid=simulate-irgua34n-0 - Success file found
2017-02-17 09:26:09,877-0200 DEBUG swift STAGING_OUT jobid=simulate-irgua34n-0
2017-02-17 09:26:09,877-0200 INFO  swift START jobid=simulate-irgua34n-0 - Staging out files
2017-02-17 09:26:09,877-0200 DEBUG swift stageouts: [file://localhost/sim.out]
2017-02-17 09:26:09,879-0200 DEBUG swift FILE_STAGE_OUT_START srcname=sim.out srcdir=p1-run003/shared/ srchost=local destdir= desthost=localhost provider=file jobid=simulate-irgua34n-0
2017-02-17 09:26:09,880-0200 INFO  LateBindingScheduler jobs queued: 0
2017-02-17 09:26:09,884-0200 DEBUG swift CDM: file://localhost/sim.out : DEFAULT
2017-02-17 09:26:09,885-0200 INFO  LateBindingScheduler jobs queued: 0
2017-02-17 09:26:09,886-0200 DEBUG swift FILE_STAGE_OUT_END srcname=sim.out srcdir=p1-run003/shared/ srchost=local destdir= desthost=localhost provider=file
2017-02-17 09:26:09,888-0200 INFO  LateBindingScheduler jobs queued: 0
2017-02-17 09:26:09,893-0200 INFO  swift END jobid=simulate-irgua34n-0 - Staging out finished
2017-02-17 09:26:09,894-0200 INFO  LateBindingScheduler jobs queued: 0
2017-02-17 09:26:09,894-0200 DEBUG swift JOB_END jobid=simulate-irgua34n-0
2017-02-17 09:26:09,894-0200 INFO  swift END_SUCCESS jobid=simulate-irgua34n tr=simulate
2017-02-17 09:26:09,895-0200 DEBUG swift PROCEDURE_END line=3 thread=2-0 name=simulation
2017-02-17 09:26:09,896-0200 INFO  RuntimeStats$ProgressTicker HeapMax: 954728448, CrtHeap: 121110528, UsedHeap: 31480960, JVMThreads: 23
2017-02-17 09:26:09,896-0200 INFO  RuntimeStats$ProgressTicker   Finished successfully:1
2017-02-17 09:26:09,903-0200 DEBUG swift Starting cleanups
2017-02-17 09:26:09,903-0200 INFO  swift START cleanups=[[p1-run003, local]]
2017-02-17 09:26:09,903-0200 INFO  swift START dir=p1-run003 host=local
2017-02-17 09:26:09,903-0200 DEBUG swift cdmfile 
2017-02-17 09:26:09,904-0200 INFO  LateBindingScheduler jobs queued: 0
2017-02-17 09:26:09,904-0200 INFO  swift END dir=p1-run003 host=local
2017-02-17 09:26:09,904-0200 INFO  swift END cleanups=[[p1-run003, local]]
2017-02-17 09:26:09,904-0200 DEBUG swift Ending cleanups
2017-02-17 09:26:09,907-0200 INFO  Loader Swift finished with no errors
