2017-02-17 11:38:26,336-0200 INFO  Loader JAVA Oracle Corporation Java HotSpot(TM) 64-Bit Server VM 1.7.0_80
2017-02-17 11:38:26,339-0200 INFO  Loader VERSION Swift trunk git-rev: 18aec82244c5611381528bc361888c553570c66e heads/master 6574
2017-02-17 11:38:26,340-0200 INFO  Loader RUN_ID run003
2017-02-17 11:38:26,340-0200 INFO  Loader ARGUMENTS [-runid, run003, -logfile, /home/mondelli/Dropbox/Docker/swift_verao/uteis/tutorial/part02/run003/swift.log, p2.swift]
2017-02-17 11:38:26,340-0200 INFO  Loader MAX_HEAP 954728448
2017-02-17 11:38:26,340-0200 INFO  Loader GLOBUS_HOSTNAME mondelli-520U4C
2017-02-17 11:38:26,340-0200 INFO  Loader CWD /home/mondelli/Dropbox/Docker/swift_verao/uteis/tutorial/part02/.
2017-02-17 11:38:26,342-0200 DEBUG Loader SWIFT_CONFIGURATION 
[D] /home/mondelli/swift-k/dist/swift-svn/etc/swift.conf
[C] <Command Line>
{
	TCPPortRange: "50000, 50100"                               # [D] line 27
	alwaysTransferWrapperLog: true                             # [D] line 61
	executionRetries: 0                                        # [D] line 137
	fileOperationsThrottle: 8                                  # [D] line 121
	fileTransfersThrottle: 4                                   # [D] line 107
	hostJobSubmitThrottle: 2                                   # [D] line 95
	jobSubmitThrottle: 4                                       # [D] line 83
	keepSiteDir: false                                         # [D] line 131
	lazyErrors: true                                           # [D] line 41
	logProvenance: false                                       # [D] line 200
	maxForeachThreads: 16384                                   # [D] line 194
	replicationEnabled: false                                  # [D] line 146
	replicationLimit: 3                                        # [D] line 157
	replicationMinQueueTime: 60                                # [D] line 153
	site.local {
		app.ALL.executable: "*"                                   # [D] line 235
		execution.type: "local"                                   # [D] line 223
		filesystem.type: "local"                                  # [D] line 226
		initialParallelTasks: 8                                   # [D] line 230
		maxParallelTasks: 16                                      # [D] line 229
		workDirectory: "swiftwork"                                # [D] line 232
	}
	sites: [local]                                             # [D] line 239
	tracingEnabled: false                                      # [D] line 51
}

2017-02-17 11:38:26,343-0200 DEBUG textfiles BEGIN SWIFTSCRIPT:
type file;

app (file o) simulation ()
{
  simulate stdout=filename(o);
}

foreach i in [0:9] {
  file f <single_file_mapper; file=strcat("output/sim_",i,".out")>;
  f = simulation();
}


2017-02-17 11:38:26,343-0200 DEBUG textfiles END SWIFTSCRIPT:
2017-02-17 11:38:26,344-0200 DEBUG Loader kmlversion is >9f6c1ed4-f975-4fb5-9fcf-7994f9fda617-no-provenance<
2017-02-17 11:38:26,344-0200 DEBUG Loader build version is >9f6c1ed4-f975-4fb5-9fcf-7994f9fda617-no-provenance<
2017-02-17 11:38:26,344-0200 DEBUG Loader Recompilation suppressed.
2017-02-17 11:38:27,277-0200 INFO  Loader RUN_START
2017-02-17 11:38:27,281-0200 INFO  SwiftExecutor swift.home = /home/mondelli/swift-k/dist/swift-svn
2017-02-17 11:38:27,319-0200 INFO  AbstractScheduler Setting resources to: {local=local}
2017-02-17 11:38:27,329-0200 INFO  GlobalSubmitQueue No global submit throttle set. Using default (1024)
2017-02-17 11:38:27,347-0200 INFO  LateBindingScheduler jobs queued: 0
2017-02-17 11:38:27,349-0200 INFO  LateBindingScheduler jobs queued: 0
2017-02-17 11:38:27,352-0200 INFO  LateBindingScheduler jobs queued: 0
2017-02-17 11:38:27,363-0200 INFO  RuntimeStats$ProgressTicker HeapMax: 954728448, CrtHeap: 121110528, UsedHeap: 26137440, JVMThreads: 16
2017-02-17 11:38:27,363-0200 INFO  RuntimeStats$ProgressTicker 
2017-02-17 11:38:27,376-0200 DEBUG swift FOREACH_IT_START line=8 thread=2-0-3-0
2017-02-17 11:38:27,377-0200 DEBUG swift FOREACH_IT_START line=8 thread=2-0-10-7
2017-02-17 11:38:27,378-0200 DEBUG swift SCOPE thread=2-0-10-7
2017-02-17 11:38:27,378-0200 DEBUG swift SCOPE thread=2-0-3-0
2017-02-17 11:38:27,377-0200 DEBUG swift FOREACH_IT_START line=8 thread=2-0-8-5
2017-02-17 11:38:27,377-0200 DEBUG swift FOREACH_IT_START line=8 thread=2-0-9-6
2017-02-17 11:38:27,377-0200 DEBUG swift FOREACH_IT_START line=8 thread=2-0-7-4
2017-02-17 11:38:27,382-0200 DEBUG swift SCOPE thread=2-0-7-4
2017-02-17 11:38:27,377-0200 DEBUG swift FOREACH_IT_START line=8 thread=2-0-6-3
2017-02-17 11:38:27,377-0200 DEBUG swift FOREACH_IT_START line=8 thread=2-0-4-1
2017-02-17 11:38:27,382-0200 DEBUG swift SCOPE thread=2-0-4-1
2017-02-17 11:38:27,377-0200 DEBUG swift FOREACH_IT_START line=8 thread=2-0-5-2
2017-02-17 11:38:27,383-0200 DEBUG swift SCOPE thread=2-0-5-2
2017-02-17 11:38:27,382-0200 DEBUG swift SCOPE thread=2-0-6-3
2017-02-17 11:38:27,382-0200 DEBUG swift SCOPE thread=2-0-9-6
2017-02-17 11:38:27,382-0200 DEBUG swift SCOPE thread=2-0-8-5
2017-02-17 11:38:27,408-0200 DEBUG swift FOREACH_IT_START line=8 thread=2-0-11-8
2017-02-17 11:38:27,408-0200 DEBUG swift FOREACH_IT_START line=8 thread=2-0-12-9
2017-02-17 11:38:27,408-0200 DEBUG swift SCOPE thread=2-0-11-8
2017-02-17 11:38:27,408-0200 DEBUG swift SCOPE thread=2-0-12-9
2017-02-17 11:38:27,408-0200 DEBUG swift PROCEDURE line=3 thread=2-0-7-4-17-1 name=simulation
2017-02-17 11:38:27,409-0200 DEBUG swift PROCEDURE line=3 thread=2-0-5-2-18-1 name=simulation
2017-02-17 11:38:27,409-0200 DEBUG swift PROCEDURE line=3 thread=2-0-9-6-20-1 name=simulation
2017-02-17 11:38:27,408-0200 DEBUG swift PROCEDURE line=3 thread=2-0-4-1-16-1 name=simulation
2017-02-17 11:38:27,412-0200 DEBUG swift JOB_INIT jobid=simulate-ohl5g34n tr=simulate
2017-02-17 11:38:27,412-0200 DEBUG swift JOB_INIT jobid=simulate-phl5g34n tr=simulate
2017-02-17 11:38:27,412-0200 DEBUG swift JOB_INIT jobid=simulate-qhl5g34n tr=simulate
2017-02-17 11:38:27,413-0200 DEBUG swift JOB_INIT jobid=simulate-rhl5g34n tr=simulate
2017-02-17 11:38:27,414-0200 DEBUG swift PROCEDURE line=3 thread=2-0-11-8-22-1 name=simulation
2017-02-17 11:38:27,414-0200 DEBUG swift JOB_INIT jobid=simulate-shl5g34n tr=simulate
2017-02-17 11:38:27,414-0200 DEBUG swift JOB_SITE_SELECT jobid=simulate-qhl5g34n-0
2017-02-17 11:38:27,415-0200 DEBUG swift JOB_SITE_SELECT jobid=simulate-shl5g34n-0
2017-02-17 11:38:27,415-0200 DEBUG swift PROCEDURE line=3 thread=2-0-3-0-24-1 name=simulation
2017-02-17 11:38:27,415-0200 DEBUG swift JOB_INIT jobid=simulate-thl5g34n tr=simulate
2017-02-17 11:38:27,415-0200 DEBUG swift PROCEDURE line=3 thread=2-0-12-9-26-1 name=simulation
2017-02-17 11:38:27,415-0200 DEBUG swift JOB_SITE_SELECT jobid=simulate-thl5g34n-0
2017-02-17 11:38:27,415-0200 DEBUG swift JOB_INIT jobid=simulate-uhl5g34n tr=simulate
2017-02-17 11:38:27,416-0200 DEBUG swift JOB_SITE_SELECT jobid=simulate-uhl5g34n-0
2017-02-17 11:38:27,416-0200 DEBUG swift JOB_SITE_SELECT jobid=simulate-rhl5g34n-0
2017-02-17 11:38:27,416-0200 DEBUG swift JOB_SITE_SELECT jobid=simulate-phl5g34n-0
2017-02-17 11:38:27,419-0200 DEBUG swift JOB_SITE_SELECT jobid=simulate-ohl5g34n-0
2017-02-17 11:38:27,420-0200 DEBUG swift PROCEDURE line=3 thread=2-0-10-7-28-1 name=simulation
2017-02-17 11:38:27,420-0200 DEBUG swift PROCEDURE line=3 thread=2-0-8-5-30-1 name=simulation
2017-02-17 11:38:27,420-0200 DEBUG swift JOB_INIT jobid=simulate-vhl5g34n tr=simulate
2017-02-17 11:38:27,421-0200 DEBUG swift JOB_INIT jobid=simulate-xhl5g34n tr=simulate
2017-02-17 11:38:27,421-0200 DEBUG swift PROCEDURE line=3 thread=2-0-6-3-32-1 name=simulation
2017-02-17 11:38:27,421-0200 DEBUG swift JOB_INIT jobid=simulate-yhl5g34n tr=simulate
2017-02-17 11:38:27,421-0200 DEBUG swift JOB_SITE_SELECT jobid=simulate-xhl5g34n-0
2017-02-17 11:38:27,421-0200 DEBUG swift JOB_SITE_SELECT jobid=simulate-yhl5g34n-0
2017-02-17 11:38:27,421-0200 DEBUG swift JOB_SITE_SELECT jobid=simulate-vhl5g34n-0
2017-02-17 11:38:27,421-0200 DEBUG swift THREAD_ASSOCIATION jobid=simulate-uhl5g34n-0 host=local thread=2-0-12-9-26-1
2017-02-17 11:38:27,422-0200 INFO  swift START host=local - Initializing shared directory
2017-02-17 11:38:27,422-0200 DEBUG swift THREAD_ASSOCIATION jobid=simulate-ohl5g34n-0 host=local thread=2-0-4-1-16-1
2017-02-17 11:38:27,423-0200 DEBUG swift THREAD_ASSOCIATION jobid=simulate-thl5g34n-0 host=local thread=2-0-3-0-24-1
2017-02-17 11:38:27,423-0200 DEBUG swift THREAD_ASSOCIATION jobid=simulate-phl5g34n-0 host=local thread=2-0-7-4-17-1
2017-02-17 11:38:27,423-0200 DEBUG swift THREAD_ASSOCIATION jobid=simulate-rhl5g34n-0 host=local thread=2-0-9-6-20-1
2017-02-17 11:38:27,423-0200 DEBUG swift THREAD_ASSOCIATION jobid=simulate-yhl5g34n-0 host=local thread=2-0-6-3-32-1
2017-02-17 11:38:27,423-0200 DEBUG swift THREAD_ASSOCIATION jobid=simulate-qhl5g34n-0 host=local thread=2-0-5-2-18-1
2017-02-17 11:38:27,424-0200 DEBUG swift THREAD_ASSOCIATION jobid=simulate-shl5g34n-0 host=local thread=2-0-11-8-22-1
2017-02-17 11:38:27,423-0200 DEBUG swift THREAD_ASSOCIATION jobid=simulate-xhl5g34n-0 host=local thread=2-0-8-5-30-1
2017-02-17 11:38:27,425-0200 INFO  LateBindingScheduler jobs queued: 1
2017-02-17 11:38:27,437-0200 INFO  LateBindingScheduler jobs queued: 1
2017-02-17 11:38:27,438-0200 INFO  LateBindingScheduler jobs queued: 1
2017-02-17 11:38:27,439-0200 INFO  LateBindingScheduler jobs queued: 2
2017-02-17 11:38:27,441-0200 INFO  swift END host=local - Done initializing shared directory
2017-02-17 11:38:27,443-0200 INFO  swift START jobid=simulate-rhl5g34n-0 host=local - Initializing directory structure
2017-02-17 11:38:27,443-0200 INFO  swift START jobid=simulate-ohl5g34n-0 host=local - Initializing directory structure
2017-02-17 11:38:27,444-0200 INFO  swift START path=output dir=p2-run003/shared - Creating directory structure
2017-02-17 11:38:27,444-0200 INFO  swift START jobid=simulate-yhl5g34n-0 host=local - Initializing directory structure
2017-02-17 11:38:27,446-0200 INFO  swift START jobid=simulate-thl5g34n-0 host=local - Initializing directory structure
2017-02-17 11:38:27,445-0200 INFO  swift START jobid=simulate-qhl5g34n-0 host=local - Initializing directory structure
2017-02-17 11:38:27,445-0200 INFO  LateBindingScheduler jobs queued: 1
2017-02-17 11:38:27,445-0200 INFO  swift START jobid=simulate-uhl5g34n-0 host=local - Initializing directory structure
2017-02-17 11:38:27,445-0200 INFO  swift START jobid=simulate-xhl5g34n-0 host=local - Initializing directory structure
2017-02-17 11:38:27,445-0200 INFO  swift START jobid=simulate-phl5g34n-0 host=local - Initializing directory structure
2017-02-17 11:38:27,444-0200 INFO  swift START jobid=simulate-shl5g34n-0 host=local - Initializing directory structure
2017-02-17 11:38:27,454-0200 INFO  swift END jobid=simulate-ohl5g34n-0 - Done initializing directory structure
2017-02-17 11:38:27,454-0200 INFO  swift START jobid=simulate-ohl5g34n-0 - Staging in files []
2017-02-17 11:38:27,454-0200 INFO  swift END jobid=simulate-qhl5g34n-0 - Done initializing directory structure
2017-02-17 11:38:27,454-0200 INFO  swift END jobid=simulate-ohl5g34n-0 - Staging in finished
2017-02-17 11:38:27,454-0200 INFO  swift END jobid=simulate-thl5g34n-0 - Done initializing directory structure
2017-02-17 11:38:27,454-0200 INFO  swift START jobid=simulate-thl5g34n-0 - Staging in files []
2017-02-17 11:38:27,455-0200 INFO  swift END jobid=simulate-thl5g34n-0 - Staging in finished
2017-02-17 11:38:27,455-0200 DEBUG swift JOB_START jobid=simulate-thl5g34n-0 tr=simulate arguments=[] tmpdir=p2-run003/jobs/s/simulate-thl5g34n-0
2017-02-17 11:38:27,455-0200 INFO  swift END jobid=simulate-rhl5g34n-0 - Done initializing directory structure
2017-02-17 11:38:27,455-0200 INFO  swift START jobid=simulate-rhl5g34n-0 - Staging in files []
2017-02-17 11:38:27,455-0200 INFO  swift END jobid=simulate-rhl5g34n-0 - Staging in finished
2017-02-17 11:38:27,456-0200 DEBUG swift JOB_START jobid=simulate-rhl5g34n-0 tr=simulate arguments=[] tmpdir=p2-run003/jobs/s/simulate-rhl5g34n-0
2017-02-17 11:38:27,457-0200 INFO  swift END jobid=simulate-shl5g34n-0 - Done initializing directory structure
2017-02-17 11:38:27,457-0200 INFO  swift START jobid=simulate-shl5g34n-0 - Staging in files []
2017-02-17 11:38:27,457-0200 INFO  swift END jobid=simulate-shl5g34n-0 - Staging in finished
2017-02-17 11:38:27,457-0200 DEBUG swift JOB_START jobid=simulate-shl5g34n-0 tr=simulate arguments=[] tmpdir=p2-run003/jobs/s/simulate-shl5g34n-0
2017-02-17 11:38:27,458-0200 INFO  swift END jobid=simulate-xhl5g34n-0 - Done initializing directory structure
2017-02-17 11:38:27,458-0200 INFO  swift START jobid=simulate-xhl5g34n-0 - Staging in files []
2017-02-17 11:38:27,458-0200 INFO  swift END jobid=simulate-xhl5g34n-0 - Staging in finished
2017-02-17 11:38:27,458-0200 DEBUG swift JOB_START jobid=simulate-xhl5g34n-0 tr=simulate arguments=[] tmpdir=p2-run003/jobs/s/simulate-xhl5g34n-0
2017-02-17 11:38:27,454-0200 INFO  swift START jobid=simulate-qhl5g34n-0 - Staging in files []
2017-02-17 11:38:27,459-0200 INFO  swift END jobid=simulate-qhl5g34n-0 - Staging in finished
2017-02-17 11:38:27,459-0200 DEBUG swift JOB_START jobid=simulate-qhl5g34n-0 tr=simulate arguments=[] tmpdir=p2-run003/jobs/s/simulate-qhl5g34n-0
2017-02-17 11:38:27,454-0200 INFO  swift END jobid=simulate-phl5g34n-0 - Done initializing directory structure
2017-02-17 11:38:27,459-0200 INFO  swift START jobid=simulate-phl5g34n-0 - Staging in files []
2017-02-17 11:38:27,459-0200 INFO  swift END jobid=simulate-phl5g34n-0 - Staging in finished
2017-02-17 11:38:27,459-0200 DEBUG swift JOB_START jobid=simulate-phl5g34n-0 tr=simulate arguments=[] tmpdir=p2-run003/jobs/s/simulate-phl5g34n-0
2017-02-17 11:38:27,454-0200 INFO  swift END jobid=simulate-uhl5g34n-0 - Done initializing directory structure
2017-02-17 11:38:27,459-0200 INFO  swift START jobid=simulate-uhl5g34n-0 - Staging in files []
2017-02-17 11:38:27,459-0200 INFO  swift END jobid=simulate-uhl5g34n-0 - Staging in finished
2017-02-17 11:38:27,460-0200 DEBUG swift JOB_START jobid=simulate-uhl5g34n-0 tr=simulate arguments=[] tmpdir=p2-run003/jobs/s/simulate-uhl5g34n-0
2017-02-17 11:38:27,461-0200 INFO  Execute JOB_TASK jobid=simulate-thl5g34n-0 taskid=task-24 exec=/bin/bash dir=p2-run003 args=shared/_swiftwrap simulate-thl5g34n-0 -jobdir s -scratch  -e simulate -out output/sim_0.out -err stderr.txt -i -d output -if  -of output/sim_0.out -cf  -cdmfile -status files -a
2017-02-17 11:38:27,461-0200 INFO  Execute JOB_TASK jobid=simulate-phl5g34n-0 taskid=task-17 exec=/bin/bash dir=p2-run003 args=shared/_swiftwrap simulate-phl5g34n-0 -jobdir s -scratch  -e simulate -out output/sim_4.out -err stderr.txt -i -d output -if  -of output/sim_4.out -cf  -cdmfile -status files -a
2017-02-17 11:38:27,454-0200 DEBUG swift JOB_START jobid=simulate-ohl5g34n-0 tr=simulate arguments=[] tmpdir=p2-run003/jobs/s/simulate-ohl5g34n-0
2017-02-17 11:38:27,461-0200 INFO  Execute JOB_TASK jobid=simulate-uhl5g34n-0 taskid=task-26 exec=/bin/bash dir=p2-run003 args=shared/_swiftwrap simulate-uhl5g34n-0 -jobdir s -scratch  -e simulate -out output/sim_9.out -err stderr.txt -i -d output -if  -of output/sim_9.out -cf  -cdmfile -status files -a
2017-02-17 11:38:27,462-0200 INFO  swift END jobid=simulate-yhl5g34n-0 - Done initializing directory structure
2017-02-17 11:38:27,462-0200 INFO  swift START jobid=simulate-yhl5g34n-0 - Staging in files []
2017-02-17 11:38:27,462-0200 INFO  swift END jobid=simulate-yhl5g34n-0 - Staging in finished
2017-02-17 11:38:27,462-0200 DEBUG swift JOB_START jobid=simulate-yhl5g34n-0 tr=simulate arguments=[] tmpdir=p2-run003/jobs/s/simulate-yhl5g34n-0
2017-02-17 11:38:27,462-0200 INFO  Execute JOB_TASK jobid=simulate-yhl5g34n-0 taskid=task-32 exec=/bin/bash dir=p2-run003 args=shared/_swiftwrap simulate-yhl5g34n-0 -jobdir s -scratch  -e simulate -out output/sim_3.out -err stderr.txt -i -d output -if  -of output/sim_3.out -cf  -cdmfile -status files -a
2017-02-17 11:38:27,461-0200 INFO  Execute JOB_TASK jobid=simulate-rhl5g34n-0 taskid=task-20 exec=/bin/bash dir=p2-run003 args=shared/_swiftwrap simulate-rhl5g34n-0 -jobdir s -scratch  -e simulate -out output/sim_6.out -err stderr.txt -i -d output -if  -of output/sim_6.out -cf  -cdmfile -status files -a
2017-02-17 11:38:27,463-0200 INFO  Execute JOB_TASK jobid=simulate-xhl5g34n-0 taskid=task-30 exec=/bin/bash dir=p2-run003 args=shared/_swiftwrap simulate-xhl5g34n-0 -jobdir s -scratch  -e simulate -out output/sim_5.out -err stderr.txt -i -d output -if  -of output/sim_5.out -cf  -cdmfile -status files -a
2017-02-17 11:38:27,461-0200 INFO  Execute JOB_TASK jobid=simulate-qhl5g34n-0 taskid=task-18 exec=/bin/bash dir=p2-run003 args=shared/_swiftwrap simulate-qhl5g34n-0 -jobdir s -scratch  -e simulate -out output/sim_2.out -err stderr.txt -i -d output -if  -of output/sim_2.out -cf  -cdmfile -status files -a
2017-02-17 11:38:27,461-0200 INFO  Execute JOB_TASK jobid=simulate-shl5g34n-0 taskid=task-22 exec=/bin/bash dir=p2-run003 args=shared/_swiftwrap simulate-shl5g34n-0 -jobdir s -scratch  -e simulate -out output/sim_8.out -err stderr.txt -i -d output -if  -of output/sim_8.out -cf  -cdmfile -status files -a
2017-02-17 11:38:27,468-0200 INFO  Execute JOB_TASK jobid=simulate-ohl5g34n-0 taskid=task-16 exec=/bin/bash dir=p2-run003 args=shared/_swiftwrap simulate-ohl5g34n-0 -jobdir s -scratch  -e simulate -out output/sim_1.out -err stderr.txt -i -d output -if  -of output/sim_1.out -cf  -cdmfile -status files -a
2017-02-17 11:38:27,470-0200 INFO  Execute TASK_STATUS_CHANGE taskid=task-24 status=8
2017-02-17 11:38:27,470-0200 INFO  Execute TASK_STATUS_CHANGE taskid=task-17 status=8
2017-02-17 11:38:27,470-0200 INFO  Execute TASK_STATUS_CHANGE taskid=task-24 status=1
2017-02-17 11:38:27,470-0200 INFO  Execute TASK_STATUS_CHANGE taskid=task-26 status=8
2017-02-17 11:38:27,470-0200 INFO  Execute TASK_STATUS_CHANGE taskid=task-17 status=1
2017-02-17 11:38:27,470-0200 INFO  Execute TASK_STATUS_CHANGE taskid=task-26 status=1
2017-02-17 11:38:27,470-0200 INFO  Execute TASK_STATUS_CHANGE taskid=task-32 status=8
2017-02-17 11:38:27,470-0200 INFO  Execute TASK_STATUS_CHANGE taskid=task-20 status=8
2017-02-17 11:38:27,471-0200 INFO  Execute TASK_STATUS_CHANGE taskid=task-32 status=1
2017-02-17 11:38:27,471-0200 INFO  Execute TASK_STATUS_CHANGE taskid=task-30 status=8
2017-02-17 11:38:27,472-0200 INFO  Execute TASK_STATUS_CHANGE taskid=task-30 status=1
2017-02-17 11:38:27,472-0200 INFO  Execute TASK_STATUS_CHANGE taskid=task-18 status=8
2017-02-17 11:38:27,472-0200 INFO  Execute TASK_STATUS_CHANGE taskid=task-18 status=1
2017-02-17 11:38:27,473-0200 INFO  Execute TASK_STATUS_CHANGE taskid=task-22 status=8
2017-02-17 11:38:27,473-0200 INFO  Execute TASK_STATUS_CHANGE taskid=task-20 status=1
2017-02-17 11:38:27,473-0200 INFO  Execute TASK_STATUS_CHANGE taskid=task-22 status=1
2017-02-17 11:38:27,473-0200 INFO  Execute TASK_STATUS_CHANGE taskid=task-16 status=8
2017-02-17 11:38:27,476-0200 INFO  Execute TASK_STATUS_CHANGE taskid=task-16 status=1
2017-02-17 11:38:27,480-0200 INFO  Execute TASK_STATUS_CHANGE taskid=task-18 status=2
2017-02-17 11:38:27,483-0200 INFO  Execute TASK_STATUS_CHANGE taskid=task-16 status=2
2017-02-17 11:38:27,485-0200 INFO  Execute TASK_STATUS_CHANGE taskid=task-26 status=2
2017-02-17 11:38:27,488-0200 INFO  Execute TASK_STATUS_CHANGE taskid=task-17 status=2
2017-02-17 11:38:27,493-0200 INFO  Execute TASK_STATUS_CHANGE taskid=task-22 status=2
2017-02-17 11:38:27,494-0200 INFO  Execute TASK_STATUS_CHANGE taskid=task-32 status=2
2017-02-17 11:38:27,498-0200 INFO  Execute TASK_STATUS_CHANGE taskid=task-30 status=2
2017-02-17 11:38:27,501-0200 INFO  Execute TASK_STATUS_CHANGE taskid=task-24 status=2
2017-02-17 11:38:27,503-0200 INFO  Execute TASK_STATUS_CHANGE taskid=task-20 status=2
2017-02-17 11:38:27,686-0200 INFO  LateBindingScheduler jobs queued: 1
2017-02-17 11:38:27,686-0200 INFO  Execute TASK_STATUS_CHANGE taskid=task-16 status=7
2017-02-17 11:38:27,686-0200 INFO  LateBindingScheduler jobs queued: 1
2017-02-17 11:38:27,686-0200 INFO  Execute TASK_STATUS_CHANGE taskid=task-18 status=7
2017-02-17 11:38:27,687-0200 DEBUG swift START jobid=simulate-ohl5g34n-0
2017-02-17 11:38:27,687-0200 INFO  LateBindingScheduler jobs queued: 2
2017-02-17 11:38:27,687-0200 INFO  Execute TASK_STATUS_CHANGE taskid=task-26 status=7
2017-02-17 11:38:27,687-0200 DEBUG swift START jobid=simulate-qhl5g34n-0
2017-02-17 11:38:27,687-0200 DEBUG swift START jobid=simulate-uhl5g34n-0
2017-02-17 11:38:27,688-0200 INFO  LateBindingScheduler jobs queued: 1
2017-02-17 11:38:27,688-0200 INFO  LateBindingScheduler jobs queued: 1
2017-02-17 11:38:27,688-0200 INFO  LateBindingScheduler jobs queued: 1
2017-02-17 11:38:27,688-0200 INFO  swift SUCCESS jobid=simulate-qhl5g34n-0 - Success file found
2017-02-17 11:38:27,688-0200 DEBUG swift STAGING_OUT jobid=simulate-qhl5g34n-0
2017-02-17 11:38:27,688-0200 INFO  swift SUCCESS jobid=simulate-uhl5g34n-0 - Success file found
2017-02-17 11:38:27,688-0200 INFO  swift START jobid=simulate-qhl5g34n-0 - Staging out files
2017-02-17 11:38:27,689-0200 DEBUG swift STAGING_OUT jobid=simulate-uhl5g34n-0
2017-02-17 11:38:27,689-0200 DEBUG swift stageouts: [file://localhost/output/sim_2.out]
2017-02-17 11:38:27,689-0200 INFO  swift START jobid=simulate-uhl5g34n-0 - Staging out files
2017-02-17 11:38:27,689-0200 DEBUG swift stageouts: [file://localhost/output/sim_9.out]
2017-02-17 11:38:27,691-0200 DEBUG swift FILE_STAGE_OUT_START srcname=sim_9.out srcdir=p2-run003/shared/output srchost=local destdir=output desthost=localhost provider=file jobid=simulate-uhl5g34n-0
2017-02-17 11:38:27,691-0200 DEBUG swift FILE_STAGE_OUT_START srcname=sim_2.out srcdir=p2-run003/shared/output srchost=local destdir=output desthost=localhost provider=file jobid=simulate-qhl5g34n-0
2017-02-17 11:38:27,691-0200 INFO  swift SUCCESS jobid=simulate-ohl5g34n-0 - Success file found
2017-02-17 11:38:27,691-0200 DEBUG swift STAGING_OUT jobid=simulate-ohl5g34n-0
2017-02-17 11:38:27,692-0200 INFO  swift START jobid=simulate-ohl5g34n-0 - Staging out files
2017-02-17 11:38:27,692-0200 DEBUG swift stageouts: [file://localhost/output/sim_1.out]
2017-02-17 11:38:27,692-0200 DEBUG swift FILE_STAGE_OUT_START srcname=sim_1.out srcdir=p2-run003/shared/output srchost=local destdir=output desthost=localhost provider=file jobid=simulate-ohl5g34n-0
2017-02-17 11:38:27,692-0200 INFO  LateBindingScheduler jobs queued: 1
2017-02-17 11:38:27,692-0200 INFO  LateBindingScheduler jobs queued: 1
2017-02-17 11:38:27,693-0200 INFO  LateBindingScheduler jobs queued: 1
2017-02-17 11:38:27,696-0200 DEBUG swift CDM: file://localhost/output/sim_9.out : DEFAULT
2017-02-17 11:38:27,696-0200 DEBUG swift CDM: file://localhost/output/sim_2.out : DEFAULT
2017-02-17 11:38:27,696-0200 DEBUG swift CDM: file://localhost/output/sim_1.out : DEFAULT
2017-02-17 11:38:27,698-0200 INFO  LateBindingScheduler jobs queued: 1
2017-02-17 11:38:27,699-0200 DEBUG swift FILE_STAGE_OUT_END srcname=sim_9.out srcdir=p2-run003/shared/output srchost=local destdir=output desthost=localhost provider=file
2017-02-17 11:38:27,702-0200 INFO  LateBindingScheduler jobs queued: 1
2017-02-17 11:38:27,703-0200 INFO  LateBindingScheduler jobs queued: 1
2017-02-17 11:38:27,703-0200 DEBUG swift FILE_STAGE_OUT_END srcname=sim_2.out srcdir=p2-run003/shared/output srchost=local destdir=output desthost=localhost provider=file
2017-02-17 11:38:27,704-0200 INFO  LateBindingScheduler jobs queued: 2
2017-02-17 11:38:27,705-0200 DEBUG swift FILE_STAGE_OUT_END srcname=sim_1.out srcdir=p2-run003/shared/output srchost=local destdir=output desthost=localhost provider=file
2017-02-17 11:38:27,707-0200 INFO  swift END jobid=simulate-uhl5g34n-0 - Staging out finished
2017-02-17 11:38:27,707-0200 INFO  LateBindingScheduler jobs queued: 4
2017-02-17 11:38:27,708-0200 INFO  swift END jobid=simulate-qhl5g34n-0 - Staging out finished
2017-02-17 11:38:27,709-0200 INFO  LateBindingScheduler jobs queued: 1
2017-02-17 11:38:27,710-0200 INFO  swift END jobid=simulate-ohl5g34n-0 - Staging out finished
2017-02-17 11:38:27,712-0200 INFO  LateBindingScheduler jobs queued: 1
2017-02-17 11:38:27,712-0200 DEBUG swift JOB_END jobid=simulate-uhl5g34n-0
2017-02-17 11:38:27,713-0200 INFO  swift END_SUCCESS jobid=simulate-uhl5g34n tr=simulate
2017-02-17 11:38:27,713-0200 DEBUG swift PROCEDURE_END line=3 thread=2-0-12-9-26-1 name=simulation
2017-02-17 11:38:27,713-0200 INFO  LateBindingScheduler jobs queued: 0
2017-02-17 11:38:27,713-0200 DEBUG swift THREAD_ASSOCIATION jobid=simulate-vhl5g34n-0 host=local thread=2-0-10-7-28-1
2017-02-17 11:38:27,713-0200 DEBUG swift FOREACH_IT_END line=8 thread=2-0-12-9
2017-02-17 11:38:27,713-0200 DEBUG swift JOB_END jobid=simulate-ohl5g34n-0
2017-02-17 11:38:27,713-0200 INFO  swift END_SUCCESS jobid=simulate-ohl5g34n tr=simulate
2017-02-17 11:38:27,713-0200 INFO  swift START jobid=simulate-vhl5g34n-0 host=local - Initializing directory structure
2017-02-17 11:38:27,713-0200 INFO  LateBindingScheduler jobs queued: 0
2017-02-17 11:38:27,713-0200 DEBUG swift PROCEDURE_END line=3 thread=2-0-4-1-16-1 name=simulation
2017-02-17 11:38:27,713-0200 INFO  swift END jobid=simulate-vhl5g34n-0 - Done initializing directory structure
2017-02-17 11:38:27,713-0200 DEBUG swift FOREACH_IT_END line=8 thread=2-0-4-1
2017-02-17 11:38:27,713-0200 INFO  swift START jobid=simulate-vhl5g34n-0 - Staging in files []
2017-02-17 11:38:27,714-0200 INFO  swift END jobid=simulate-vhl5g34n-0 - Staging in finished
2017-02-17 11:38:27,714-0200 DEBUG swift JOB_START jobid=simulate-vhl5g34n-0 tr=simulate arguments=[] tmpdir=p2-run003/jobs/s/simulate-vhl5g34n-0
2017-02-17 11:38:27,714-0200 DEBUG swift JOB_END jobid=simulate-qhl5g34n-0
2017-02-17 11:38:27,714-0200 INFO  Execute JOB_TASK jobid=simulate-vhl5g34n-0 taskid=task-28 exec=/bin/bash dir=p2-run003 args=shared/_swiftwrap simulate-vhl5g34n-0 -jobdir s -scratch  -e simulate -out output/sim_7.out -err stderr.txt -i -d output -if  -of output/sim_7.out -cf  -cdmfile -status files -a
2017-02-17 11:38:27,714-0200 INFO  swift END_SUCCESS jobid=simulate-qhl5g34n tr=simulate
2017-02-17 11:38:27,714-0200 DEBUG swift PROCEDURE_END line=3 thread=2-0-5-2-18-1 name=simulation
2017-02-17 11:38:27,714-0200 DEBUG swift FOREACH_IT_END line=8 thread=2-0-5-2
2017-02-17 11:38:27,714-0200 INFO  LateBindingScheduler jobs queued: 0
2017-02-17 11:38:27,714-0200 INFO  Execute TASK_STATUS_CHANGE taskid=task-28 status=8
2017-02-17 11:38:27,714-0200 INFO  Execute TASK_STATUS_CHANGE taskid=task-17 status=7
2017-02-17 11:38:27,715-0200 INFO  Execute TASK_STATUS_CHANGE taskid=task-28 status=1
2017-02-17 11:38:27,715-0200 DEBUG swift START jobid=simulate-phl5g34n-0
2017-02-17 11:38:27,715-0200 INFO  Execute TASK_STATUS_CHANGE taskid=task-28 status=2
2017-02-17 11:38:27,717-0200 INFO  LateBindingScheduler jobs queued: 0
2017-02-17 11:38:27,717-0200 INFO  Execute TASK_STATUS_CHANGE taskid=task-20 status=7
2017-02-17 11:38:27,717-0200 INFO  LateBindingScheduler jobs queued: 0
2017-02-17 11:38:27,717-0200 DEBUG swift START jobid=simulate-rhl5g34n-0
2017-02-17 11:38:27,717-0200 INFO  swift SUCCESS jobid=simulate-phl5g34n-0 - Success file found
2017-02-17 11:38:27,717-0200 DEBUG swift STAGING_OUT jobid=simulate-phl5g34n-0
2017-02-17 11:38:27,717-0200 INFO  swift START jobid=simulate-phl5g34n-0 - Staging out files
2017-02-17 11:38:27,717-0200 DEBUG swift stageouts: [file://localhost/output/sim_4.out]
2017-02-17 11:38:27,717-0200 DEBUG swift FILE_STAGE_OUT_START srcname=sim_4.out srcdir=p2-run003/shared/output srchost=local destdir=output desthost=localhost provider=file jobid=simulate-phl5g34n-0
2017-02-17 11:38:27,718-0200 INFO  LateBindingScheduler jobs queued: 0
2017-02-17 11:38:27,718-0200 INFO  LateBindingScheduler jobs queued: 0
2017-02-17 11:38:27,718-0200 INFO  LateBindingScheduler jobs queued: 0
2017-02-17 11:38:27,718-0200 INFO  swift SUCCESS jobid=simulate-rhl5g34n-0 - Success file found
2017-02-17 11:38:27,718-0200 INFO  Execute TASK_STATUS_CHANGE taskid=task-22 status=7
2017-02-17 11:38:27,718-0200 DEBUG swift STAGING_OUT jobid=simulate-rhl5g34n-0
2017-02-17 11:38:27,719-0200 DEBUG swift CDM: file://localhost/output/sim_4.out : DEFAULT
2017-02-17 11:38:27,719-0200 INFO  swift START jobid=simulate-rhl5g34n-0 - Staging out files
2017-02-17 11:38:27,719-0200 DEBUG swift stageouts: [file://localhost/output/sim_6.out]
2017-02-17 11:38:27,719-0200 DEBUG swift FILE_STAGE_OUT_START srcname=sim_6.out srcdir=p2-run003/shared/output srchost=local destdir=output desthost=localhost provider=file jobid=simulate-rhl5g34n-0
2017-02-17 11:38:27,719-0200 DEBUG swift START jobid=simulate-shl5g34n-0
2017-02-17 11:38:27,720-0200 INFO  LateBindingScheduler jobs queued: 0
2017-02-17 11:38:27,720-0200 INFO  LateBindingScheduler jobs queued: 0
2017-02-17 11:38:27,720-0200 DEBUG swift CDM: file://localhost/output/sim_6.out : DEFAULT
2017-02-17 11:38:27,720-0200 INFO  swift SUCCESS jobid=simulate-shl5g34n-0 - Success file found
2017-02-17 11:38:27,720-0200 DEBUG swift STAGING_OUT jobid=simulate-shl5g34n-0
2017-02-17 11:38:27,720-0200 INFO  LateBindingScheduler jobs queued: 1
2017-02-17 11:38:27,720-0200 INFO  swift START jobid=simulate-shl5g34n-0 - Staging out files
2017-02-17 11:38:27,720-0200 INFO  Execute TASK_STATUS_CHANGE taskid=task-32 status=7
2017-02-17 11:38:27,720-0200 DEBUG swift stageouts: [file://localhost/output/sim_8.out]
2017-02-17 11:38:27,720-0200 DEBUG swift START jobid=simulate-yhl5g34n-0
2017-02-17 11:38:27,720-0200 DEBUG swift FILE_STAGE_OUT_START srcname=sim_8.out srcdir=p2-run003/shared/output srchost=local destdir=output desthost=localhost provider=file jobid=simulate-shl5g34n-0
2017-02-17 11:38:27,721-0200 INFO  LateBindingScheduler jobs queued: 0
2017-02-17 11:38:27,721-0200 INFO  LateBindingScheduler jobs queued: 0
2017-02-17 11:38:27,721-0200 DEBUG swift CDM: file://localhost/output/sim_8.out : DEFAULT
2017-02-17 11:38:27,721-0200 INFO  swift SUCCESS jobid=simulate-yhl5g34n-0 - Success file found
2017-02-17 11:38:27,721-0200 DEBUG swift STAGING_OUT jobid=simulate-yhl5g34n-0
2017-02-17 11:38:27,722-0200 INFO  swift START jobid=simulate-yhl5g34n-0 - Staging out files
2017-02-17 11:38:27,722-0200 DEBUG swift stageouts: [file://localhost/output/sim_3.out]
2017-02-17 11:38:27,722-0200 DEBUG swift FILE_STAGE_OUT_START srcname=sim_3.out srcdir=p2-run003/shared/output srchost=local destdir=output desthost=localhost provider=file jobid=simulate-yhl5g34n-0
2017-02-17 11:38:27,722-0200 INFO  LateBindingScheduler jobs queued: 0
2017-02-17 11:38:27,722-0200 INFO  LateBindingScheduler jobs queued: 0
2017-02-17 11:38:27,722-0200 DEBUG swift CDM: file://localhost/output/sim_3.out : DEFAULT
2017-02-17 11:38:27,722-0200 INFO  Execute TASK_STATUS_CHANGE taskid=task-30 status=7
2017-02-17 11:38:27,723-0200 DEBUG swift START jobid=simulate-xhl5g34n-0
2017-02-17 11:38:27,723-0200 INFO  LateBindingScheduler jobs queued: 0
2017-02-17 11:38:27,724-0200 DEBUG swift FILE_STAGE_OUT_END srcname=sim_4.out srcdir=p2-run003/shared/output srchost=local destdir=output desthost=localhost provider=file
2017-02-17 11:38:27,724-0200 INFO  LateBindingScheduler jobs queued: 0
2017-02-17 11:38:27,724-0200 INFO  LateBindingScheduler jobs queued: 0
2017-02-17 11:38:27,725-0200 DEBUG swift FILE_STAGE_OUT_END srcname=sim_6.out srcdir=p2-run003/shared/output srchost=local destdir=output desthost=localhost provider=file
2017-02-17 11:38:27,725-0200 INFO  swift END jobid=simulate-phl5g34n-0 - Staging out finished
2017-02-17 11:38:27,725-0200 INFO  LateBindingScheduler jobs queued: 0
2017-02-17 11:38:27,726-0200 INFO  swift END jobid=simulate-rhl5g34n-0 - Staging out finished
2017-02-17 11:38:27,728-0200 INFO  LateBindingScheduler jobs queued: 0
2017-02-17 11:38:27,728-0200 INFO  Execute TASK_STATUS_CHANGE taskid=task-24 status=7
2017-02-17 11:38:27,728-0200 DEBUG swift START jobid=simulate-thl5g34n-0
2017-02-17 11:38:27,731-0200 INFO  LateBindingScheduler jobs queued: 0
2017-02-17 11:38:27,732-0200 INFO  LateBindingScheduler jobs queued: 0
2017-02-17 11:38:27,748-0200 INFO  LateBindingScheduler jobs queued: 0
2017-02-17 11:38:27,748-0200 DEBUG swift FILE_STAGE_OUT_END srcname=sim_8.out srcdir=p2-run003/shared/output srchost=local destdir=output desthost=localhost provider=file
2017-02-17 11:38:27,748-0200 INFO  swift SUCCESS jobid=simulate-thl5g34n-0 - Success file found
2017-02-17 11:38:27,748-0200 DEBUG swift STAGING_OUT jobid=simulate-thl5g34n-0
2017-02-17 11:38:27,748-0200 INFO  swift START jobid=simulate-thl5g34n-0 - Staging out files
2017-02-17 11:38:27,748-0200 DEBUG swift stageouts: [file://localhost/output/sim_0.out]
2017-02-17 11:38:27,749-0200 DEBUG swift FILE_STAGE_OUT_START srcname=sim_0.out srcdir=p2-run003/shared/output srchost=local destdir=output desthost=localhost provider=file jobid=simulate-thl5g34n-0
2017-02-17 11:38:27,749-0200 INFO  LateBindingScheduler jobs queued: 0
2017-02-17 11:38:27,750-0200 INFO  LateBindingScheduler jobs queued: 0
2017-02-17 11:38:27,750-0200 DEBUG swift CDM: file://localhost/output/sim_0.out : DEFAULT
2017-02-17 11:38:27,751-0200 INFO  swift SUCCESS jobid=simulate-xhl5g34n-0 - Success file found
2017-02-17 11:38:27,751-0200 INFO  swift END jobid=simulate-shl5g34n-0 - Staging out finished
2017-02-17 11:38:27,751-0200 DEBUG swift STAGING_OUT jobid=simulate-xhl5g34n-0
2017-02-17 11:38:27,751-0200 INFO  swift START jobid=simulate-xhl5g34n-0 - Staging out files
2017-02-17 11:38:27,751-0200 DEBUG swift stageouts: [file://localhost/output/sim_5.out]
2017-02-17 11:38:27,751-0200 DEBUG swift FILE_STAGE_OUT_START srcname=sim_5.out srcdir=p2-run003/shared/output srchost=local destdir=output desthost=localhost provider=file jobid=simulate-xhl5g34n-0
2017-02-17 11:38:27,752-0200 INFO  LateBindingScheduler jobs queued: 1
2017-02-17 11:38:27,754-0200 DEBUG swift CDM: file://localhost/output/sim_5.out : DEFAULT
2017-02-17 11:38:27,755-0200 INFO  LateBindingScheduler jobs queued: 2
2017-02-17 11:38:27,756-0200 DEBUG swift JOB_END jobid=simulate-phl5g34n-0
2017-02-17 11:38:27,756-0200 INFO  swift END_SUCCESS jobid=simulate-phl5g34n tr=simulate
2017-02-17 11:38:27,756-0200 DEBUG swift PROCEDURE_END line=3 thread=2-0-7-4-17-1 name=simulation
2017-02-17 11:38:27,757-0200 DEBUG swift FOREACH_IT_END line=8 thread=2-0-7-4
2017-02-17 11:38:27,757-0200 INFO  LateBindingScheduler jobs queued: 1
2017-02-17 11:38:27,758-0200 DEBUG swift JOB_END jobid=simulate-rhl5g34n-0
2017-02-17 11:38:27,758-0200 INFO  swift END_SUCCESS jobid=simulate-rhl5g34n tr=simulate
2017-02-17 11:38:27,758-0200 DEBUG swift PROCEDURE_END line=3 thread=2-0-9-6-20-1 name=simulation
2017-02-17 11:38:27,758-0200 DEBUG swift FOREACH_IT_END line=8 thread=2-0-9-6
2017-02-17 11:38:27,759-0200 INFO  LateBindingScheduler jobs queued: 0
2017-02-17 11:38:27,759-0200 DEBUG swift FILE_STAGE_OUT_END srcname=sim_3.out srcdir=p2-run003/shared/output srchost=local destdir=output desthost=localhost provider=file
2017-02-17 11:38:27,760-0200 INFO  LateBindingScheduler jobs queued: 1
2017-02-17 11:38:27,760-0200 INFO  LateBindingScheduler jobs queued: 0
2017-02-17 11:38:27,760-0200 DEBUG swift JOB_END jobid=simulate-shl5g34n-0
2017-02-17 11:38:27,761-0200 INFO  swift END_SUCCESS jobid=simulate-shl5g34n tr=simulate
2017-02-17 11:38:27,761-0200 DEBUG swift PROCEDURE_END line=3 thread=2-0-11-8-22-1 name=simulation
2017-02-17 11:38:27,761-0200 DEBUG swift FOREACH_IT_END line=8 thread=2-0-11-8
2017-02-17 11:38:27,761-0200 INFO  swift END jobid=simulate-yhl5g34n-0 - Staging out finished
2017-02-17 11:38:27,762-0200 INFO  LateBindingScheduler jobs queued: 0
2017-02-17 11:38:27,763-0200 DEBUG swift FILE_STAGE_OUT_END srcname=sim_0.out srcdir=p2-run003/shared/output srchost=local destdir=output desthost=localhost provider=file
2017-02-17 11:38:27,763-0200 INFO  LateBindingScheduler jobs queued: 1
2017-02-17 11:38:27,763-0200 INFO  LateBindingScheduler jobs queued: 0
2017-02-17 11:38:27,763-0200 DEBUG swift JOB_END jobid=simulate-yhl5g34n-0
2017-02-17 11:38:27,763-0200 INFO  swift END_SUCCESS jobid=simulate-yhl5g34n tr=simulate
2017-02-17 11:38:27,764-0200 DEBUG swift PROCEDURE_END line=3 thread=2-0-6-3-32-1 name=simulation
2017-02-17 11:38:27,764-0200 DEBUG swift FOREACH_IT_END line=8 thread=2-0-6-3
2017-02-17 11:38:27,764-0200 INFO  swift END jobid=simulate-thl5g34n-0 - Staging out finished
2017-02-17 11:38:27,766-0200 INFO  LateBindingScheduler jobs queued: 0
2017-02-17 11:38:27,766-0200 DEBUG swift FILE_STAGE_OUT_END srcname=sim_5.out srcdir=p2-run003/shared/output srchost=local destdir=output desthost=localhost provider=file
2017-02-17 11:38:27,767-0200 INFO  LateBindingScheduler jobs queued: 0
2017-02-17 11:38:27,767-0200 INFO  LateBindingScheduler jobs queued: 0
2017-02-17 11:38:27,768-0200 DEBUG swift JOB_END jobid=simulate-thl5g34n-0
2017-02-17 11:38:27,768-0200 INFO  swift END_SUCCESS jobid=simulate-thl5g34n tr=simulate
2017-02-17 11:38:27,768-0200 DEBUG swift PROCEDURE_END line=3 thread=2-0-3-0-24-1 name=simulation
2017-02-17 11:38:27,768-0200 INFO  swift END jobid=simulate-xhl5g34n-0 - Staging out finished
2017-02-17 11:38:27,769-0200 DEBUG swift FOREACH_IT_END line=8 thread=2-0-3-0
2017-02-17 11:38:27,770-0200 INFO  LateBindingScheduler jobs queued: 0
2017-02-17 11:38:27,770-0200 DEBUG swift JOB_END jobid=simulate-xhl5g34n-0
2017-02-17 11:38:27,770-0200 INFO  swift END_SUCCESS jobid=simulate-xhl5g34n tr=simulate
2017-02-17 11:38:27,770-0200 DEBUG swift PROCEDURE_END line=3 thread=2-0-8-5-30-1 name=simulation
2017-02-17 11:38:27,770-0200 DEBUG swift FOREACH_IT_END line=8 thread=2-0-8-5
2017-02-17 11:38:27,827-0200 INFO  LateBindingScheduler jobs queued: 0
2017-02-17 11:38:27,827-0200 INFO  Execute TASK_STATUS_CHANGE taskid=task-28 status=7
2017-02-17 11:38:27,828-0200 DEBUG swift START jobid=simulate-vhl5g34n-0
2017-02-17 11:38:27,828-0200 INFO  LateBindingScheduler jobs queued: 0
2017-02-17 11:38:27,829-0200 INFO  swift SUCCESS jobid=simulate-vhl5g34n-0 - Success file found
2017-02-17 11:38:27,829-0200 DEBUG swift STAGING_OUT jobid=simulate-vhl5g34n-0
2017-02-17 11:38:27,829-0200 INFO  swift START jobid=simulate-vhl5g34n-0 - Staging out files
2017-02-17 11:38:27,829-0200 DEBUG swift stageouts: [file://localhost/output/sim_7.out]
2017-02-17 11:38:27,829-0200 DEBUG swift FILE_STAGE_OUT_START srcname=sim_7.out srcdir=p2-run003/shared/output srchost=local destdir=output desthost=localhost provider=file jobid=simulate-vhl5g34n-0
2017-02-17 11:38:27,829-0200 INFO  LateBindingScheduler jobs queued: 0
2017-02-17 11:38:27,829-0200 DEBUG swift CDM: file://localhost/output/sim_7.out : DEFAULT
2017-02-17 11:38:27,830-0200 INFO  LateBindingScheduler jobs queued: 0
2017-02-17 11:38:27,831-0200 DEBUG swift FILE_STAGE_OUT_END srcname=sim_7.out srcdir=p2-run003/shared/output srchost=local destdir=output desthost=localhost provider=file
2017-02-17 11:38:27,831-0200 INFO  LateBindingScheduler jobs queued: 0
2017-02-17 11:38:27,832-0200 INFO  swift END jobid=simulate-vhl5g34n-0 - Staging out finished
2017-02-17 11:38:27,833-0200 INFO  LateBindingScheduler jobs queued: 0
2017-02-17 11:38:27,834-0200 DEBUG swift JOB_END jobid=simulate-vhl5g34n-0
2017-02-17 11:38:27,834-0200 INFO  swift END_SUCCESS jobid=simulate-vhl5g34n tr=simulate
2017-02-17 11:38:27,834-0200 DEBUG swift PROCEDURE_END line=3 thread=2-0-10-7-28-1 name=simulation
2017-02-17 11:38:27,834-0200 DEBUG swift FOREACH_IT_END line=8 thread=2-0-10-7
2017-02-17 11:38:27,835-0200 INFO  RuntimeStats$ProgressTicker HeapMax: 954728448, CrtHeap: 121110528, UsedHeap: 7762856, JVMThreads: 39
2017-02-17 11:38:27,835-0200 INFO  RuntimeStats$ProgressTicker   Finished successfully:10
2017-02-17 11:38:27,844-0200 DEBUG swift Starting cleanups
2017-02-17 11:38:27,844-0200 INFO  swift START cleanups=[[p2-run003, local]]
2017-02-17 11:38:27,847-0200 INFO  swift START dir=p2-run003 host=local
2017-02-17 11:38:27,847-0200 DEBUG swift cdmfile 
2017-02-17 11:38:27,848-0200 INFO  LateBindingScheduler jobs queued: 0
2017-02-17 11:38:27,848-0200 INFO  swift END dir=p2-run003 host=local
2017-02-17 11:38:27,849-0200 INFO  swift END cleanups=[[p2-run003, local]]
2017-02-17 11:38:27,849-0200 DEBUG swift Ending cleanups
2017-02-17 11:38:27,850-0200 INFO  Loader Swift finished with no errors
