2017-02-17 11:45:18,125-0200 INFO  Loader JAVA Oracle Corporation Java HotSpot(TM) 64-Bit Server VM 1.7.0_80
2017-02-17 11:45:18,128-0200 INFO  Loader VERSION Swift trunk git-rev: 18aec82244c5611381528bc361888c553570c66e heads/master 6574
2017-02-17 11:45:18,128-0200 INFO  Loader RUN_ID run003
2017-02-17 11:45:18,128-0200 INFO  Loader ARGUMENTS [-runid, run003, -logfile, /home/mondelli/Dropbox/Docker/swift_verao/uteis/tutorial/part03/run003/swift.log, p3.swift]
2017-02-17 11:45:18,128-0200 INFO  Loader MAX_HEAP 954728448
2017-02-17 11:45:18,128-0200 INFO  Loader GLOBUS_HOSTNAME mondelli-520U4C
2017-02-17 11:45:18,128-0200 INFO  Loader CWD /home/mondelli/Dropbox/Docker/swift_verao/uteis/tutorial/part03/.
2017-02-17 11:45:18,130-0200 DEBUG Loader SWIFT_CONFIGURATION 
[D] /home/mondelli/swift-k/dist/swift-svn/etc/swift.conf
[C] <Command Line>
{
	TCPPortRange: "50000, 50100"                               # [D] line 27
	alwaysTransferWrapperLog: true                             # [D] line 61
	executionRetries: 0                                        # [D] line 137
	fileOperationsThrottle: 8                                  # [D] line 121
	fileTransfersThrottle: 4                                   # [D] line 107
	hostJobSubmitThrottle: 2                                   # [D] line 95
	jobSubmitThrottle: 4                                       # [D] line 83
	keepSiteDir: false                                         # [D] line 131
	lazyErrors: true                                           # [D] line 41
	logProvenance: false                                       # [D] line 200
	maxForeachThreads: 16384                                   # [D] line 194
	replicationEnabled: false                                  # [D] line 146
	replicationLimit: 3                                        # [D] line 157
	replicationMinQueueTime: 60                                # [D] line 153
	site.local {
		app.ALL.executable: "*"                                   # [D] line 235
		execution.type: "local"                                   # [D] line 223
		filesystem.type: "local"                                  # [D] line 226
		initialParallelTasks: 8                                   # [D] line 230
		maxParallelTasks: 16                                      # [D] line 229
		workDirectory: "swiftwork"                                # [D] line 232
	}
	sites: [local]                                             # [D] line 239
	tracingEnabled: false                                      # [D] line 51
}

2017-02-17 11:45:18,130-0200 DEBUG textfiles BEGIN SWIFTSCRIPT:
type file;

app (file o) simulation (int sim_steps, int sim_range, int sim_values)
{
  simulate "--timesteps" sim_steps "--range" sim_range "--nvalues" sim_values stdout=filename(o);
}

app (file o) analyze (file s[])
{
  stats filenames(s) stdout=filename(o);
}

int nsim   = toInt(arg("nsim","10"));
int steps  = toInt(arg("steps","1"));
int range  = toInt(arg("range","100"));
int values = toInt(arg("values","5"));

file sims[];

foreach i in [0:nsim-1] {
  file simout <single_file_mapper; file=strcat("output/sim_",i,".out")>;
  simout = simulation(steps,range,values);
  sims[i] = simout;
}

file stats<"output/average.out">;
stats = analyze(sims);


2017-02-17 11:45:18,130-0200 DEBUG textfiles END SWIFTSCRIPT:
2017-02-17 11:45:18,131-0200 DEBUG Loader kmlversion is >9f6c1ed4-f975-4fb5-9fcf-7994f9fda617-no-provenance<
2017-02-17 11:45:18,131-0200 DEBUG Loader build version is >9f6c1ed4-f975-4fb5-9fcf-7994f9fda617-no-provenance<
2017-02-17 11:45:18,131-0200 DEBUG Loader Recompilation suppressed.
2017-02-17 11:45:18,970-0200 INFO  Loader RUN_START
2017-02-17 11:45:18,975-0200 INFO  SwiftExecutor swift.home = /home/mondelli/swift-k/dist/swift-svn
2017-02-17 11:45:19,019-0200 INFO  AbstractScheduler Setting resources to: {local=local}
2017-02-17 11:45:19,028-0200 INFO  GlobalSubmitQueue No global submit throttle set. Using default (1024)
2017-02-17 11:45:19,047-0200 INFO  LateBindingScheduler jobs queued: 0
2017-02-17 11:45:19,049-0200 INFO  LateBindingScheduler jobs queued: 0
2017-02-17 11:45:19,050-0200 INFO  LateBindingScheduler jobs queued: 0
2017-02-17 11:45:19,090-0200 INFO  RuntimeStats$ProgressTicker HeapMax: 954728448, CrtHeap: 121110528, UsedHeap: 28451616, JVMThreads: 16
2017-02-17 11:45:19,091-0200 INFO  RuntimeStats$ProgressTicker 
2017-02-17 11:45:19,094-0200 DEBUG swift PROCEDURE line=8 thread=2-0-8-5 name=analyze
2017-02-17 11:45:19,108-0200 DEBUG swift FOREACH_IT_START line=20 thread=2-0-7-4-10-1
2017-02-17 11:45:19,108-0200 DEBUG swift FOREACH_IT_START line=20 thread=2-0-7-4-9-0
2017-02-17 11:45:19,108-0200 DEBUG swift SCOPE thread=2-0-7-4-9-0
2017-02-17 11:45:19,108-0200 DEBUG swift FOREACH_IT_START line=20 thread=2-0-7-4-11-2
2017-02-17 11:45:19,108-0200 DEBUG swift SCOPE thread=2-0-7-4-11-2
2017-02-17 11:45:19,108-0200 DEBUG swift SCOPE thread=2-0-7-4-10-1
2017-02-17 11:45:19,108-0200 DEBUG swift FOREACH_IT_START line=20 thread=2-0-7-4-12-3
2017-02-17 11:45:19,108-0200 DEBUG swift SCOPE thread=2-0-7-4-12-3
2017-02-17 11:45:19,108-0200 DEBUG swift FOREACH_IT_START line=20 thread=2-0-7-4-13-4
2017-02-17 11:45:19,108-0200 DEBUG swift SCOPE thread=2-0-7-4-13-4
2017-02-17 11:45:19,109-0200 DEBUG swift PROCEDURE line=3 thread=2-0-7-4-11-2-17-1 name=simulation
2017-02-17 11:45:19,109-0200 DEBUG swift PROCEDURE line=3 thread=2-0-7-4-9-0-18-1 name=simulation
2017-02-17 11:45:19,110-0200 DEBUG swift PROCEDURE line=3 thread=2-0-7-4-10-1-22-1 name=simulation
2017-02-17 11:45:19,111-0200 DEBUG swift PROCEDURE line=3 thread=2-0-7-4-12-3-25-1 name=simulation
2017-02-17 11:45:19,112-0200 DEBUG swift JOB_INIT jobid=simulate-4k7fg34n tr=simulate
2017-02-17 11:45:19,112-0200 DEBUG swift JOB_INIT jobid=simulate-6k7fg34n tr=simulate
2017-02-17 11:45:19,112-0200 DEBUG swift JOB_INIT jobid=simulate-5k7fg34n tr=simulate
2017-02-17 11:45:19,112-0200 DEBUG swift JOB_SITE_SELECT jobid=simulate-4k7fg34n-0
2017-02-17 11:45:19,112-0200 DEBUG swift JOB_SITE_SELECT jobid=simulate-6k7fg34n-0
2017-02-17 11:45:19,113-0200 DEBUG swift JOB_SITE_SELECT jobid=simulate-5k7fg34n-0
2017-02-17 11:45:19,113-0200 DEBUG swift PROCEDURE line=3 thread=2-0-7-4-13-4-28-1 name=simulation
2017-02-17 11:45:19,114-0200 DEBUG swift JOB_INIT jobid=simulate-7k7fg34n tr=simulate
2017-02-17 11:45:19,114-0200 DEBUG swift JOB_INIT jobid=simulate-8k7fg34n tr=simulate
2017-02-17 11:45:19,114-0200 DEBUG swift JOB_SITE_SELECT jobid=simulate-8k7fg34n-0
2017-02-17 11:45:19,115-0200 DEBUG swift FOREACH_IT_START line=20 thread=2-0-7-4-14-5
2017-02-17 11:45:19,115-0200 DEBUG swift SCOPE thread=2-0-7-4-14-5
2017-02-17 11:45:19,115-0200 DEBUG swift FOREACH_IT_START line=20 thread=2-0-7-4-30-6
2017-02-17 11:45:19,115-0200 DEBUG swift SCOPE thread=2-0-7-4-30-6
2017-02-17 11:45:19,115-0200 DEBUG swift FOREACH_IT_START line=20 thread=2-0-7-4-31-7
2017-02-17 11:45:19,115-0200 DEBUG swift SCOPE thread=2-0-7-4-31-7
2017-02-17 11:45:19,116-0200 DEBUG swift FOREACH_IT_START line=20 thread=2-0-7-4-32-8
2017-02-17 11:45:19,116-0200 DEBUG swift SCOPE thread=2-0-7-4-32-8
2017-02-17 11:45:19,116-0200 DEBUG swift FOREACH_IT_START line=20 thread=2-0-7-4-33-9
2017-02-17 11:45:19,116-0200 DEBUG swift SCOPE thread=2-0-7-4-33-9
2017-02-17 11:45:19,116-0200 DEBUG swift PROCEDURE line=3 thread=2-0-7-4-14-5-35-1 name=simulation
2017-02-17 11:45:19,117-0200 DEBUG swift JOB_INIT jobid=simulate-9k7fg34n tr=simulate
2017-02-17 11:45:19,117-0200 DEBUG swift JOB_SITE_SELECT jobid=simulate-9k7fg34n-0
2017-02-17 11:45:19,118-0200 DEBUG swift PROCEDURE line=3 thread=2-0-7-4-30-6-38-1 name=simulation
2017-02-17 11:45:19,118-0200 DEBUG swift JOB_INIT jobid=simulate-ak7fg34n tr=simulate
2017-02-17 11:45:19,118-0200 DEBUG swift JOB_SITE_SELECT jobid=simulate-ak7fg34n-0
2017-02-17 11:45:19,118-0200 DEBUG swift PROCEDURE line=3 thread=2-0-7-4-31-7-41-1 name=simulation
2017-02-17 11:45:19,118-0200 DEBUG swift JOB_INIT jobid=simulate-bk7fg34n tr=simulate
2017-02-17 11:45:19,118-0200 DEBUG swift JOB_SITE_SELECT jobid=simulate-7k7fg34n-0
2017-02-17 11:45:19,118-0200 DEBUG swift JOB_SITE_SELECT jobid=simulate-bk7fg34n-0
2017-02-17 11:45:19,120-0200 DEBUG swift PROCEDURE line=3 thread=2-0-7-4-32-8-44-1 name=simulation
2017-02-17 11:45:19,120-0200 DEBUG swift JOB_INIT jobid=simulate-ck7fg34n tr=simulate
2017-02-17 11:45:19,120-0200 DEBUG swift JOB_SITE_SELECT jobid=simulate-ck7fg34n-0
2017-02-17 11:45:19,120-0200 DEBUG swift PROCEDURE line=3 thread=2-0-7-4-33-9-47-1 name=simulation
2017-02-17 11:45:19,121-0200 DEBUG swift JOB_INIT jobid=simulate-dk7fg34n tr=simulate
2017-02-17 11:45:19,121-0200 DEBUG swift JOB_SITE_SELECT jobid=simulate-dk7fg34n-0
2017-02-17 11:45:19,121-0200 DEBUG swift THREAD_ASSOCIATION jobid=simulate-8k7fg34n-0 host=local thread=2-0-7-4-10-1-22-1
2017-02-17 11:45:19,121-0200 DEBUG swift THREAD_ASSOCIATION jobid=simulate-9k7fg34n-0 host=local thread=2-0-7-4-14-5-35-1
2017-02-17 11:45:19,121-0200 DEBUG swift THREAD_ASSOCIATION jobid=simulate-ck7fg34n-0 host=local thread=2-0-7-4-32-8-44-1
2017-02-17 11:45:19,122-0200 DEBUG swift THREAD_ASSOCIATION jobid=simulate-6k7fg34n-0 host=local thread=2-0-7-4-12-3-25-1
2017-02-17 11:45:19,123-0200 INFO  swift START host=local - Initializing shared directory
2017-02-17 11:45:19,123-0200 DEBUG swift THREAD_ASSOCIATION jobid=simulate-7k7fg34n-0 host=local thread=2-0-7-4-13-4-28-1
2017-02-17 11:45:19,123-0200 DEBUG swift THREAD_ASSOCIATION jobid=simulate-ak7fg34n-0 host=local thread=2-0-7-4-30-6-38-1
2017-02-17 11:45:19,123-0200 DEBUG swift THREAD_ASSOCIATION jobid=simulate-4k7fg34n-0 host=local thread=2-0-7-4-11-2-17-1
2017-02-17 11:45:19,123-0200 DEBUG swift THREAD_ASSOCIATION jobid=simulate-bk7fg34n-0 host=local thread=2-0-7-4-31-7-41-1
2017-02-17 11:45:19,124-0200 INFO  LateBindingScheduler jobs queued: 2
2017-02-17 11:45:19,125-0200 DEBUG swift THREAD_ASSOCIATION jobid=simulate-dk7fg34n-0 host=local thread=2-0-7-4-33-9-47-1
2017-02-17 11:45:19,137-0200 INFO  LateBindingScheduler jobs queued: 1
2017-02-17 11:45:19,138-0200 INFO  LateBindingScheduler jobs queued: 1
2017-02-17 11:45:19,138-0200 INFO  LateBindingScheduler jobs queued: 1
2017-02-17 11:45:19,140-0200 INFO  swift END host=local - Done initializing shared directory
2017-02-17 11:45:19,142-0200 INFO  swift START jobid=simulate-9k7fg34n-0 host=local - Initializing directory structure
2017-02-17 11:45:19,142-0200 INFO  swift START jobid=simulate-ak7fg34n-0 host=local - Initializing directory structure
2017-02-17 11:45:19,142-0200 INFO  swift START jobid=simulate-6k7fg34n-0 host=local - Initializing directory structure
2017-02-17 11:45:19,142-0200 INFO  swift START jobid=simulate-7k7fg34n-0 host=local - Initializing directory structure
2017-02-17 11:45:19,142-0200 INFO  swift START path=output dir=p3-run003/shared - Creating directory structure
2017-02-17 11:45:19,143-0200 INFO  swift START jobid=simulate-ck7fg34n-0 host=local - Initializing directory structure
2017-02-17 11:45:19,143-0200 INFO  swift START jobid=simulate-4k7fg34n-0 host=local - Initializing directory structure
2017-02-17 11:45:19,143-0200 INFO  swift START jobid=simulate-8k7fg34n-0 host=local - Initializing directory structure
2017-02-17 11:45:19,144-0200 INFO  swift START jobid=simulate-dk7fg34n-0 host=local - Initializing directory structure
2017-02-17 11:45:19,144-0200 INFO  LateBindingScheduler jobs queued: 1
2017-02-17 11:45:19,144-0200 INFO  swift START jobid=simulate-bk7fg34n-0 host=local - Initializing directory structure
2017-02-17 11:45:19,145-0200 INFO  swift END jobid=simulate-ak7fg34n-0 - Done initializing directory structure
2017-02-17 11:45:19,145-0200 INFO  swift START jobid=simulate-ak7fg34n-0 - Staging in files []
2017-02-17 11:45:19,145-0200 INFO  swift END jobid=simulate-9k7fg34n-0 - Done initializing directory structure
2017-02-17 11:45:19,146-0200 INFO  swift START jobid=simulate-9k7fg34n-0 - Staging in files []
2017-02-17 11:45:19,146-0200 INFO  swift END jobid=simulate-ak7fg34n-0 - Staging in finished
2017-02-17 11:45:19,146-0200 INFO  swift END jobid=simulate-9k7fg34n-0 - Staging in finished
2017-02-17 11:45:19,146-0200 DEBUG swift JOB_START jobid=simulate-ak7fg34n-0 tr=simulate arguments=[--timesteps, 1, --range, 100, --nvalues, 5] tmpdir=p3-run003/jobs/s/simulate-ak7fg34n-0
2017-02-17 11:45:19,146-0200 DEBUG swift JOB_START jobid=simulate-9k7fg34n-0 tr=simulate arguments=[--timesteps, 1, --range, 100, --nvalues, 5] tmpdir=p3-run003/jobs/s/simulate-9k7fg34n-0
2017-02-17 11:45:19,145-0200 INFO  swift END jobid=simulate-6k7fg34n-0 - Done initializing directory structure
2017-02-17 11:45:19,146-0200 INFO  swift START jobid=simulate-6k7fg34n-0 - Staging in files []
2017-02-17 11:45:19,146-0200 INFO  swift END jobid=simulate-6k7fg34n-0 - Staging in finished
2017-02-17 11:45:19,146-0200 DEBUG swift JOB_START jobid=simulate-6k7fg34n-0 tr=simulate arguments=[--timesteps, 1, --range, 100, --nvalues, 5] tmpdir=p3-run003/jobs/s/simulate-6k7fg34n-0
2017-02-17 11:45:19,146-0200 INFO  swift END jobid=simulate-7k7fg34n-0 - Done initializing directory structure
2017-02-17 11:45:19,146-0200 INFO  swift START jobid=simulate-7k7fg34n-0 - Staging in files []
2017-02-17 11:45:19,147-0200 INFO  swift END jobid=simulate-7k7fg34n-0 - Staging in finished
2017-02-17 11:45:19,147-0200 DEBUG swift JOB_START jobid=simulate-7k7fg34n-0 tr=simulate arguments=[--timesteps, 1, --range, 100, --nvalues, 5] tmpdir=p3-run003/jobs/s/simulate-7k7fg34n-0
2017-02-17 11:45:19,151-0200 INFO  Execute JOB_TASK jobid=simulate-9k7fg34n-0 taskid=task-35 exec=/bin/bash dir=p3-run003 args=shared/_swiftwrap simulate-9k7fg34n-0 -jobdir s -scratch  -e simulate -out output/sim_5.out -err stderr.txt -i -d output -if  -of output/sim_5.out -cf  -cdmfile -status files -a --timesteps 1 --range 100 --nvalues 5
2017-02-17 11:45:19,151-0200 INFO  Execute JOB_TASK jobid=simulate-ak7fg34n-0 taskid=task-38 exec=/bin/bash dir=p3-run003 args=shared/_swiftwrap simulate-ak7fg34n-0 -jobdir s -scratch  -e simulate -out output/sim_6.out -err stderr.txt -i -d output -if  -of output/sim_6.out -cf  -cdmfile -status files -a --timesteps 1 --range 100 --nvalues 5
2017-02-17 11:45:19,152-0200 INFO  Execute JOB_TASK jobid=simulate-6k7fg34n-0 taskid=task-25 exec=/bin/bash dir=p3-run003 args=shared/_swiftwrap simulate-6k7fg34n-0 -jobdir s -scratch  -e simulate -out output/sim_3.out -err stderr.txt -i -d output -if  -of output/sim_3.out -cf  -cdmfile -status files -a --timesteps 1 --range 100 --nvalues 5
2017-02-17 11:45:19,152-0200 INFO  swift END jobid=simulate-ck7fg34n-0 - Done initializing directory structure
2017-02-17 11:45:19,153-0200 INFO  swift END jobid=simulate-4k7fg34n-0 - Done initializing directory structure
2017-02-17 11:45:19,153-0200 INFO  swift START jobid=simulate-ck7fg34n-0 - Staging in files []
2017-02-17 11:45:19,153-0200 INFO  swift START jobid=simulate-4k7fg34n-0 - Staging in files []
2017-02-17 11:45:19,153-0200 INFO  swift END jobid=simulate-ck7fg34n-0 - Staging in finished
2017-02-17 11:45:19,153-0200 INFO  swift END jobid=simulate-4k7fg34n-0 - Staging in finished
2017-02-17 11:45:19,153-0200 DEBUG swift JOB_START jobid=simulate-ck7fg34n-0 tr=simulate arguments=[--timesteps, 1, --range, 100, --nvalues, 5] tmpdir=p3-run003/jobs/s/simulate-ck7fg34n-0
2017-02-17 11:45:19,153-0200 DEBUG swift JOB_START jobid=simulate-4k7fg34n-0 tr=simulate arguments=[--timesteps, 1, --range, 100, --nvalues, 5] tmpdir=p3-run003/jobs/s/simulate-4k7fg34n-0
2017-02-17 11:45:19,153-0200 INFO  Execute JOB_TASK jobid=simulate-ck7fg34n-0 taskid=task-44 exec=/bin/bash dir=p3-run003 args=shared/_swiftwrap simulate-ck7fg34n-0 -jobdir s -scratch  -e simulate -out output/sim_8.out -err stderr.txt -i -d output -if  -of output/sim_8.out -cf  -cdmfile -status files -a --timesteps 1 --range 100 --nvalues 5
2017-02-17 11:45:19,153-0200 INFO  Execute JOB_TASK jobid=simulate-4k7fg34n-0 taskid=task-17 exec=/bin/bash dir=p3-run003 args=shared/_swiftwrap simulate-4k7fg34n-0 -jobdir s -scratch  -e simulate -out output/sim_2.out -err stderr.txt -i -d output -if  -of output/sim_2.out -cf  -cdmfile -status files -a --timesteps 1 --range 100 --nvalues 5
2017-02-17 11:45:19,153-0200 INFO  Execute JOB_TASK jobid=simulate-7k7fg34n-0 taskid=task-28 exec=/bin/bash dir=p3-run003 args=shared/_swiftwrap simulate-7k7fg34n-0 -jobdir s -scratch  -e simulate -out output/sim_4.out -err stderr.txt -i -d output -if  -of output/sim_4.out -cf  -cdmfile -status files -a --timesteps 1 --range 100 --nvalues 5
2017-02-17 11:45:19,154-0200 INFO  swift END jobid=simulate-8k7fg34n-0 - Done initializing directory structure
2017-02-17 11:45:19,154-0200 INFO  swift START jobid=simulate-8k7fg34n-0 - Staging in files []
2017-02-17 11:45:19,154-0200 INFO  swift END jobid=simulate-dk7fg34n-0 - Done initializing directory structure
2017-02-17 11:45:19,154-0200 INFO  swift END jobid=simulate-8k7fg34n-0 - Staging in finished
2017-02-17 11:45:19,154-0200 INFO  swift START jobid=simulate-dk7fg34n-0 - Staging in files []
2017-02-17 11:45:19,154-0200 DEBUG swift JOB_START jobid=simulate-8k7fg34n-0 tr=simulate arguments=[--timesteps, 1, --range, 100, --nvalues, 5] tmpdir=p3-run003/jobs/s/simulate-8k7fg34n-0
2017-02-17 11:45:19,154-0200 INFO  swift END jobid=simulate-dk7fg34n-0 - Staging in finished
2017-02-17 11:45:19,154-0200 DEBUG swift JOB_START jobid=simulate-dk7fg34n-0 tr=simulate arguments=[--timesteps, 1, --range, 100, --nvalues, 5] tmpdir=p3-run003/jobs/s/simulate-dk7fg34n-0
2017-02-17 11:45:19,154-0200 INFO  Execute JOB_TASK jobid=simulate-8k7fg34n-0 taskid=task-22 exec=/bin/bash dir=p3-run003 args=shared/_swiftwrap simulate-8k7fg34n-0 -jobdir s -scratch  -e simulate -out output/sim_1.out -err stderr.txt -i -d output -if  -of output/sim_1.out -cf  -cdmfile -status files -a --timesteps 1 --range 100 --nvalues 5
2017-02-17 11:45:19,154-0200 INFO  Execute JOB_TASK jobid=simulate-dk7fg34n-0 taskid=task-47 exec=/bin/bash dir=p3-run003 args=shared/_swiftwrap simulate-dk7fg34n-0 -jobdir s -scratch  -e simulate -out output/sim_9.out -err stderr.txt -i -d output -if  -of output/sim_9.out -cf  -cdmfile -status files -a --timesteps 1 --range 100 --nvalues 5
2017-02-17 11:45:19,155-0200 INFO  swift END jobid=simulate-bk7fg34n-0 - Done initializing directory structure
2017-02-17 11:45:19,155-0200 INFO  swift START jobid=simulate-bk7fg34n-0 - Staging in files []
2017-02-17 11:45:19,155-0200 INFO  swift END jobid=simulate-bk7fg34n-0 - Staging in finished
2017-02-17 11:45:19,155-0200 DEBUG swift JOB_START jobid=simulate-bk7fg34n-0 tr=simulate arguments=[--timesteps, 1, --range, 100, --nvalues, 5] tmpdir=p3-run003/jobs/s/simulate-bk7fg34n-0
2017-02-17 11:45:19,155-0200 INFO  Execute JOB_TASK jobid=simulate-bk7fg34n-0 taskid=task-41 exec=/bin/bash dir=p3-run003 args=shared/_swiftwrap simulate-bk7fg34n-0 -jobdir s -scratch  -e simulate -out output/sim_7.out -err stderr.txt -i -d output -if  -of output/sim_7.out -cf  -cdmfile -status files -a --timesteps 1 --range 100 --nvalues 5
2017-02-17 11:45:19,162-0200 INFO  Execute TASK_STATUS_CHANGE taskid=task-25 status=8
2017-02-17 11:45:19,162-0200 INFO  Execute TASK_STATUS_CHANGE taskid=task-35 status=8
2017-02-17 11:45:19,162-0200 INFO  Execute TASK_STATUS_CHANGE taskid=task-25 status=1
2017-02-17 11:45:19,162-0200 INFO  Execute TASK_STATUS_CHANGE taskid=task-44 status=8
2017-02-17 11:45:19,163-0200 INFO  Execute TASK_STATUS_CHANGE taskid=task-35 status=1
2017-02-17 11:45:19,163-0200 INFO  Execute TASK_STATUS_CHANGE taskid=task-44 status=1
2017-02-17 11:45:19,163-0200 INFO  Execute TASK_STATUS_CHANGE taskid=task-17 status=8
2017-02-17 11:45:19,163-0200 INFO  Execute TASK_STATUS_CHANGE taskid=task-28 status=8
2017-02-17 11:45:19,163-0200 INFO  Execute TASK_STATUS_CHANGE taskid=task-17 status=1
2017-02-17 11:45:19,164-0200 INFO  Execute TASK_STATUS_CHANGE taskid=task-22 status=8
2017-02-17 11:45:19,164-0200 INFO  Execute TASK_STATUS_CHANGE taskid=task-22 status=1
2017-02-17 11:45:19,164-0200 INFO  Execute TASK_STATUS_CHANGE taskid=task-47 status=8
2017-02-17 11:45:19,167-0200 INFO  Execute TASK_STATUS_CHANGE taskid=task-47 status=1
2017-02-17 11:45:19,168-0200 INFO  Execute TASK_STATUS_CHANGE taskid=task-41 status=8
2017-02-17 11:45:19,179-0200 INFO  Execute TASK_STATUS_CHANGE taskid=task-41 status=1
2017-02-17 11:45:19,179-0200 INFO  Execute TASK_STATUS_CHANGE taskid=task-38 status=8
2017-02-17 11:45:19,193-0200 INFO  Execute TASK_STATUS_CHANGE taskid=task-38 status=1
2017-02-17 11:45:19,201-0200 INFO  Execute TASK_STATUS_CHANGE taskid=task-28 status=1
2017-02-17 11:45:19,202-0200 INFO  Execute TASK_STATUS_CHANGE taskid=task-41 status=2
2017-02-17 11:45:19,211-0200 INFO  Execute TASK_STATUS_CHANGE taskid=task-47 status=2
2017-02-17 11:45:19,218-0200 INFO  Execute TASK_STATUS_CHANGE taskid=task-35 status=2
2017-02-17 11:45:19,223-0200 INFO  Execute TASK_STATUS_CHANGE taskid=task-22 status=2
2017-02-17 11:45:19,230-0200 INFO  Execute TASK_STATUS_CHANGE taskid=task-25 status=2
2017-02-17 11:45:19,234-0200 INFO  Execute TASK_STATUS_CHANGE taskid=task-44 status=2
2017-02-17 11:45:19,234-0200 INFO  Execute TASK_STATUS_CHANGE taskid=task-17 status=2
2017-02-17 11:45:19,239-0200 INFO  Execute TASK_STATUS_CHANGE taskid=task-28 status=2
2017-02-17 11:45:19,254-0200 INFO  Execute TASK_STATUS_CHANGE taskid=task-38 status=2
2017-02-17 11:45:20,093-0200 INFO  RuntimeStats$ProgressTicker HeapMax: 954728448, CrtHeap: 121110528, UsedHeap: 35082856, JVMThreads: 39
2017-02-17 11:45:20,093-0200 INFO  RuntimeStats$ProgressTicker   Selecting site:1  Active:9
2017-02-17 11:45:20,293-0200 INFO  LateBindingScheduler jobs queued: 1
2017-02-17 11:45:20,294-0200 INFO  Execute TASK_STATUS_CHANGE taskid=task-22 status=7
2017-02-17 11:45:20,294-0200 DEBUG swift START jobid=simulate-8k7fg34n-0
2017-02-17 11:45:20,295-0200 INFO  LateBindingScheduler jobs queued: 1
2017-02-17 11:45:20,295-0200 INFO  swift SUCCESS jobid=simulate-8k7fg34n-0 - Success file found
2017-02-17 11:45:20,295-0200 DEBUG swift STAGING_OUT jobid=simulate-8k7fg34n-0
2017-02-17 11:45:20,295-0200 INFO  swift START jobid=simulate-8k7fg34n-0 - Staging out files
2017-02-17 11:45:20,295-0200 DEBUG swift stageouts: [file://localhost/output/sim_1.out]
2017-02-17 11:45:20,297-0200 DEBUG swift FILE_STAGE_OUT_START srcname=sim_1.out srcdir=p3-run003/shared/output srchost=local destdir=output desthost=localhost provider=file jobid=simulate-8k7fg34n-0
2017-02-17 11:45:20,298-0200 INFO  LateBindingScheduler jobs queued: 1
2017-02-17 11:45:20,304-0200 DEBUG swift CDM: file://localhost/output/sim_1.out : DEFAULT
2017-02-17 11:45:20,306-0200 INFO  LateBindingScheduler jobs queued: 1
2017-02-17 11:45:20,307-0200 DEBUG swift FILE_STAGE_OUT_END srcname=sim_1.out srcdir=p3-run003/shared/output srchost=local destdir=output desthost=localhost provider=file
2017-02-17 11:45:20,313-0200 INFO  LateBindingScheduler jobs queued: 1
2017-02-17 11:45:20,317-0200 INFO  swift END jobid=simulate-8k7fg34n-0 - Staging out finished
2017-02-17 11:45:20,322-0200 INFO  LateBindingScheduler jobs queued: 1
2017-02-17 11:45:20,323-0200 INFO  LateBindingScheduler jobs queued: 1
2017-02-17 11:45:20,323-0200 INFO  Execute TASK_STATUS_CHANGE taskid=task-44 status=7
2017-02-17 11:45:20,323-0200 DEBUG swift START jobid=simulate-ck7fg34n-0
2017-02-17 11:45:20,323-0200 INFO  LateBindingScheduler jobs queued: 1
2017-02-17 11:45:20,324-0200 INFO  swift SUCCESS jobid=simulate-ck7fg34n-0 - Success file found
2017-02-17 11:45:20,324-0200 DEBUG swift JOB_END jobid=simulate-8k7fg34n-0
2017-02-17 11:45:20,324-0200 DEBUG swift STAGING_OUT jobid=simulate-ck7fg34n-0
2017-02-17 11:45:20,324-0200 INFO  swift START jobid=simulate-ck7fg34n-0 - Staging out files
2017-02-17 11:45:20,324-0200 DEBUG swift stageouts: [file://localhost/output/sim_8.out]
2017-02-17 11:45:20,324-0200 INFO  swift END_SUCCESS jobid=simulate-8k7fg34n tr=simulate
2017-02-17 11:45:20,324-0200 DEBUG swift PROCEDURE_END line=3 thread=2-0-7-4-10-1-22-1 name=simulation
2017-02-17 11:45:20,324-0200 DEBUG swift FILE_STAGE_OUT_START srcname=sim_8.out srcdir=p3-run003/shared/output srchost=local destdir=output desthost=localhost provider=file jobid=simulate-ck7fg34n-0
2017-02-17 11:45:20,325-0200 INFO  LateBindingScheduler jobs queued: 1
2017-02-17 11:45:20,327-0200 DEBUG swift CDM: file://localhost/output/sim_8.out : DEFAULT
2017-02-17 11:45:20,332-0200 INFO  LateBindingScheduler jobs queued: 1
2017-02-17 11:45:20,332-0200 DEBUG swift FILE_STAGE_OUT_END srcname=sim_8.out srcdir=p3-run003/shared/output srchost=local destdir=output desthost=localhost provider=file
2017-02-17 11:45:20,333-0200 INFO  LateBindingScheduler jobs queued: 1
2017-02-17 11:45:20,333-0200 INFO  swift END jobid=simulate-ck7fg34n-0 - Staging out finished
2017-02-17 11:45:20,354-0200 INFO  LateBindingScheduler jobs queued: 1
2017-02-17 11:45:20,354-0200 INFO  LateBindingScheduler jobs queued: 1
2017-02-17 11:45:20,354-0200 INFO  Execute TASK_STATUS_CHANGE taskid=task-25 status=7
2017-02-17 11:45:20,357-0200 DEBUG swift JOB_END jobid=simulate-ck7fg34n-0
2017-02-17 11:45:20,357-0200 INFO  swift END_SUCCESS jobid=simulate-ck7fg34n tr=simulate
2017-02-17 11:45:20,357-0200 DEBUG swift PROCEDURE_END line=3 thread=2-0-7-4-32-8-44-1 name=simulation
2017-02-17 11:45:20,357-0200 DEBUG swift START jobid=simulate-6k7fg34n-0
2017-02-17 11:45:20,357-0200 DEBUG swift THREAD_ASSOCIATION jobid=simulate-5k7fg34n-0 host=local thread=2-0-7-4-9-0-18-1
2017-02-17 11:45:20,358-0200 INFO  swift START jobid=simulate-5k7fg34n-0 host=local - Initializing directory structure
2017-02-17 11:45:20,358-0200 INFO  swift END jobid=simulate-5k7fg34n-0 - Done initializing directory structure
2017-02-17 11:45:20,358-0200 INFO  swift START jobid=simulate-5k7fg34n-0 - Staging in files []
2017-02-17 11:45:20,358-0200 INFO  swift END jobid=simulate-5k7fg34n-0 - Staging in finished
2017-02-17 11:45:20,358-0200 DEBUG swift JOB_START jobid=simulate-5k7fg34n-0 tr=simulate arguments=[--timesteps, 1, --range, 100, --nvalues, 5] tmpdir=p3-run003/jobs/s/simulate-5k7fg34n-0
2017-02-17 11:45:20,359-0200 INFO  Execute JOB_TASK jobid=simulate-5k7fg34n-0 taskid=task-18 exec=/bin/bash dir=p3-run003 args=shared/_swiftwrap simulate-5k7fg34n-0 -jobdir s -scratch  -e simulate -out output/sim_0.out -err stderr.txt -i -d output -if  -of output/sim_0.out -cf  -cdmfile -status files -a --timesteps 1 --range 100 --nvalues 5
2017-02-17 11:45:20,359-0200 INFO  Execute TASK_STATUS_CHANGE taskid=task-18 status=8
2017-02-17 11:45:20,360-0200 INFO  LateBindingScheduler jobs queued: 0
2017-02-17 11:45:20,360-0200 INFO  LateBindingScheduler jobs queued: 0
2017-02-17 11:45:20,360-0200 INFO  Execute TASK_STATUS_CHANGE taskid=task-41 status=7
2017-02-17 11:45:20,360-0200 INFO  swift SUCCESS jobid=simulate-6k7fg34n-0 - Success file found
2017-02-17 11:45:20,360-0200 DEBUG swift STAGING_OUT jobid=simulate-6k7fg34n-0
2017-02-17 11:45:20,360-0200 INFO  swift START jobid=simulate-6k7fg34n-0 - Staging out files
2017-02-17 11:45:20,360-0200 DEBUG swift stageouts: [file://localhost/output/sim_3.out]
2017-02-17 11:45:20,361-0200 DEBUG swift START jobid=simulate-bk7fg34n-0
2017-02-17 11:45:20,361-0200 DEBUG swift FILE_STAGE_OUT_START srcname=sim_3.out srcdir=p3-run003/shared/output srchost=local destdir=output desthost=localhost provider=file jobid=simulate-6k7fg34n-0
2017-02-17 11:45:20,362-0200 INFO  LateBindingScheduler jobs queued: 0
2017-02-17 11:45:20,362-0200 INFO  LateBindingScheduler jobs queued: 0
2017-02-17 11:45:20,363-0200 DEBUG swift CDM: file://localhost/output/sim_3.out : DEFAULT
2017-02-17 11:45:20,363-0200 INFO  swift SUCCESS jobid=simulate-bk7fg34n-0 - Success file found
2017-02-17 11:45:20,363-0200 DEBUG swift STAGING_OUT jobid=simulate-bk7fg34n-0
2017-02-17 11:45:20,363-0200 INFO  swift START jobid=simulate-bk7fg34n-0 - Staging out files
2017-02-17 11:45:20,363-0200 DEBUG swift stageouts: [file://localhost/output/sim_7.out]
2017-02-17 11:45:20,363-0200 DEBUG swift FILE_STAGE_OUT_START srcname=sim_7.out srcdir=p3-run003/shared/output srchost=local destdir=output desthost=localhost provider=file jobid=simulate-bk7fg34n-0
2017-02-17 11:45:20,364-0200 INFO  Execute TASK_STATUS_CHANGE taskid=task-18 status=1
2017-02-17 11:45:20,364-0200 INFO  LateBindingScheduler jobs queued: 0
2017-02-17 11:45:20,364-0200 INFO  Execute TASK_STATUS_CHANGE taskid=task-18 status=2
2017-02-17 11:45:20,364-0200 DEBUG swift CDM: file://localhost/output/sim_7.out : DEFAULT
2017-02-17 11:45:20,365-0200 INFO  LateBindingScheduler jobs queued: 1
2017-02-17 11:45:20,365-0200 DEBUG swift FILE_STAGE_OUT_END srcname=sim_3.out srcdir=p3-run003/shared/output srchost=local destdir=output desthost=localhost provider=file
2017-02-17 11:45:20,366-0200 INFO  LateBindingScheduler jobs queued: 0
2017-02-17 11:45:20,367-0200 INFO  swift END jobid=simulate-6k7fg34n-0 - Staging out finished
2017-02-17 11:45:20,368-0200 INFO  LateBindingScheduler jobs queued: 0
2017-02-17 11:45:20,368-0200 DEBUG swift FILE_STAGE_OUT_END srcname=sim_7.out srcdir=p3-run003/shared/output srchost=local destdir=output desthost=localhost provider=file
2017-02-17 11:45:20,369-0200 INFO  LateBindingScheduler jobs queued: 0
2017-02-17 11:45:20,369-0200 INFO  swift END jobid=simulate-bk7fg34n-0 - Staging out finished
2017-02-17 11:45:20,373-0200 INFO  LateBindingScheduler jobs queued: 0
2017-02-17 11:45:20,373-0200 DEBUG swift JOB_END jobid=simulate-6k7fg34n-0
2017-02-17 11:45:20,373-0200 INFO  swift END_SUCCESS jobid=simulate-6k7fg34n tr=simulate
2017-02-17 11:45:20,373-0200 DEBUG swift PROCEDURE_END line=3 thread=2-0-7-4-12-3-25-1 name=simulation
2017-02-17 11:45:20,373-0200 INFO  LateBindingScheduler jobs queued: 0
2017-02-17 11:45:20,374-0200 INFO  Execute TASK_STATUS_CHANGE taskid=task-35 status=7
2017-02-17 11:45:20,374-0200 INFO  LateBindingScheduler jobs queued: 0
2017-02-17 11:45:20,375-0200 DEBUG swift START jobid=simulate-9k7fg34n-0
2017-02-17 11:45:20,376-0200 DEBUG swift JOB_END jobid=simulate-bk7fg34n-0
2017-02-17 11:45:20,376-0200 INFO  swift END_SUCCESS jobid=simulate-bk7fg34n tr=simulate
2017-02-17 11:45:20,376-0200 DEBUG swift PROCEDURE_END line=3 thread=2-0-7-4-31-7-41-1 name=simulation
2017-02-17 11:45:20,376-0200 INFO  LateBindingScheduler jobs queued: 1
2017-02-17 11:45:20,376-0200 INFO  Execute TASK_STATUS_CHANGE taskid=task-47 status=7
2017-02-17 11:45:20,376-0200 DEBUG swift START jobid=simulate-dk7fg34n-0
2017-02-17 11:45:20,377-0200 INFO  LateBindingScheduler jobs queued: 0
2017-02-17 11:45:20,377-0200 INFO  LateBindingScheduler jobs queued: 0
2017-02-17 11:45:20,377-0200 INFO  swift SUCCESS jobid=simulate-9k7fg34n-0 - Success file found
2017-02-17 11:45:20,377-0200 DEBUG swift STAGING_OUT jobid=simulate-9k7fg34n-0
2017-02-17 11:45:20,377-0200 INFO  swift SUCCESS jobid=simulate-dk7fg34n-0 - Success file found
2017-02-17 11:45:20,377-0200 DEBUG swift STAGING_OUT jobid=simulate-dk7fg34n-0
2017-02-17 11:45:20,377-0200 INFO  swift START jobid=simulate-9k7fg34n-0 - Staging out files
2017-02-17 11:45:20,377-0200 DEBUG swift stageouts: [file://localhost/output/sim_5.out]
2017-02-17 11:45:20,377-0200 INFO  swift START jobid=simulate-dk7fg34n-0 - Staging out files
2017-02-17 11:45:20,378-0200 DEBUG swift stageouts: [file://localhost/output/sim_9.out]
2017-02-17 11:45:20,378-0200 DEBUG swift FILE_STAGE_OUT_START srcname=sim_5.out srcdir=p3-run003/shared/output srchost=local destdir=output desthost=localhost provider=file jobid=simulate-9k7fg34n-0
2017-02-17 11:45:20,378-0200 DEBUG swift FILE_STAGE_OUT_START srcname=sim_9.out srcdir=p3-run003/shared/output srchost=local destdir=output desthost=localhost provider=file jobid=simulate-dk7fg34n-0
2017-02-17 11:45:20,378-0200 INFO  LateBindingScheduler jobs queued: 0
2017-02-17 11:45:20,378-0200 INFO  LateBindingScheduler jobs queued: 0
2017-02-17 11:45:20,379-0200 DEBUG swift CDM: file://localhost/output/sim_5.out : DEFAULT
2017-02-17 11:45:20,379-0200 DEBUG swift CDM: file://localhost/output/sim_9.out : DEFAULT
2017-02-17 11:45:20,381-0200 INFO  LateBindingScheduler jobs queued: 0
2017-02-17 11:45:20,382-0200 DEBUG swift FILE_STAGE_OUT_END srcname=sim_5.out srcdir=p3-run003/shared/output srchost=local destdir=output desthost=localhost provider=file
2017-02-17 11:45:20,382-0200 INFO  LateBindingScheduler jobs queued: 0
2017-02-17 11:45:20,383-0200 INFO  swift END jobid=simulate-9k7fg34n-0 - Staging out finished
2017-02-17 11:45:20,385-0200 INFO  LateBindingScheduler jobs queued: 0
2017-02-17 11:45:20,385-0200 INFO  LateBindingScheduler jobs queued: 0
2017-02-17 11:45:20,386-0200 DEBUG swift FILE_STAGE_OUT_END srcname=sim_9.out srcdir=p3-run003/shared/output srchost=local destdir=output desthost=localhost provider=file
2017-02-17 11:45:20,386-0200 INFO  LateBindingScheduler jobs queued: 0
2017-02-17 11:45:20,387-0200 INFO  swift END jobid=simulate-dk7fg34n-0 - Staging out finished
2017-02-17 11:45:20,389-0200 DEBUG swift JOB_END jobid=simulate-9k7fg34n-0
2017-02-17 11:45:20,389-0200 INFO  swift END_SUCCESS jobid=simulate-9k7fg34n tr=simulate
2017-02-17 11:45:20,389-0200 DEBUG swift PROCEDURE_END line=3 thread=2-0-7-4-14-5-35-1 name=simulation
2017-02-17 11:45:20,390-0200 INFO  LateBindingScheduler jobs queued: 0
2017-02-17 11:45:20,392-0200 DEBUG swift JOB_END jobid=simulate-dk7fg34n-0
2017-02-17 11:45:20,392-0200 INFO  swift END_SUCCESS jobid=simulate-dk7fg34n tr=simulate
2017-02-17 11:45:20,392-0200 DEBUG swift PROCEDURE_END line=3 thread=2-0-7-4-33-9-47-1 name=simulation
2017-02-17 11:45:20,394-0200 INFO  LateBindingScheduler jobs queued: 0
2017-02-17 11:45:20,394-0200 INFO  Execute TASK_STATUS_CHANGE taskid=task-17 status=7
2017-02-17 11:45:20,394-0200 DEBUG swift START jobid=simulate-4k7fg34n-0
2017-02-17 11:45:20,395-0200 INFO  LateBindingScheduler jobs queued: 0
2017-02-17 11:45:20,395-0200 INFO  swift SUCCESS jobid=simulate-4k7fg34n-0 - Success file found
2017-02-17 11:45:20,395-0200 DEBUG swift STAGING_OUT jobid=simulate-4k7fg34n-0
2017-02-17 11:45:20,395-0200 INFO  swift START jobid=simulate-4k7fg34n-0 - Staging out files
2017-02-17 11:45:20,395-0200 DEBUG swift stageouts: [file://localhost/output/sim_2.out]
2017-02-17 11:45:20,395-0200 DEBUG swift FILE_STAGE_OUT_START srcname=sim_2.out srcdir=p3-run003/shared/output srchost=local destdir=output desthost=localhost provider=file jobid=simulate-4k7fg34n-0
2017-02-17 11:45:20,396-0200 INFO  LateBindingScheduler jobs queued: 0
2017-02-17 11:45:20,396-0200 INFO  Execute TASK_STATUS_CHANGE taskid=task-38 status=7
2017-02-17 11:45:20,396-0200 INFO  LateBindingScheduler jobs queued: 0
2017-02-17 11:45:20,396-0200 DEBUG swift START jobid=simulate-ak7fg34n-0
2017-02-17 11:45:20,396-0200 DEBUG swift CDM: file://localhost/output/sim_2.out : DEFAULT
2017-02-17 11:45:20,396-0200 INFO  LateBindingScheduler jobs queued: 0
2017-02-17 11:45:20,397-0200 INFO  swift SUCCESS jobid=simulate-ak7fg34n-0 - Success file found
2017-02-17 11:45:20,397-0200 DEBUG swift STAGING_OUT jobid=simulate-ak7fg34n-0
2017-02-17 11:45:20,397-0200 INFO  swift START jobid=simulate-ak7fg34n-0 - Staging out files
2017-02-17 11:45:20,397-0200 DEBUG swift stageouts: [file://localhost/output/sim_6.out]
2017-02-17 11:45:20,397-0200 DEBUG swift FILE_STAGE_OUT_START srcname=sim_6.out srcdir=p3-run003/shared/output srchost=local destdir=output desthost=localhost provider=file jobid=simulate-ak7fg34n-0
2017-02-17 11:45:20,398-0200 INFO  LateBindingScheduler jobs queued: 0
2017-02-17 11:45:20,398-0200 DEBUG swift CDM: file://localhost/output/sim_6.out : DEFAULT
2017-02-17 11:45:20,401-0200 INFO  LateBindingScheduler jobs queued: 0
2017-02-17 11:45:20,401-0200 INFO  Execute TASK_STATUS_CHANGE taskid=task-28 status=7
2017-02-17 11:45:20,401-0200 INFO  LateBindingScheduler jobs queued: 0
2017-02-17 11:45:20,401-0200 DEBUG swift START jobid=simulate-7k7fg34n-0
2017-02-17 11:45:20,402-0200 DEBUG swift FILE_STAGE_OUT_END srcname=sim_6.out srcdir=p3-run003/shared/output srchost=local destdir=output desthost=localhost provider=file
2017-02-17 11:45:20,402-0200 INFO  LateBindingScheduler jobs queued: 1
2017-02-17 11:45:20,403-0200 INFO  LateBindingScheduler jobs queued: 0
2017-02-17 11:45:20,403-0200 INFO  swift SUCCESS jobid=simulate-7k7fg34n-0 - Success file found
2017-02-17 11:45:20,403-0200 DEBUG swift STAGING_OUT jobid=simulate-7k7fg34n-0
2017-02-17 11:45:20,403-0200 INFO  swift START jobid=simulate-7k7fg34n-0 - Staging out files
2017-02-17 11:45:20,403-0200 DEBUG swift stageouts: [file://localhost/output/sim_4.out]
2017-02-17 11:45:20,403-0200 DEBUG swift FILE_STAGE_OUT_START srcname=sim_4.out srcdir=p3-run003/shared/output srchost=local destdir=output desthost=localhost provider=file jobid=simulate-7k7fg34n-0
2017-02-17 11:45:20,403-0200 INFO  swift END jobid=simulate-ak7fg34n-0 - Staging out finished
2017-02-17 11:45:20,405-0200 INFO  LateBindingScheduler jobs queued: 0
2017-02-17 11:45:20,405-0200 DEBUG swift CDM: file://localhost/output/sim_4.out : DEFAULT
2017-02-17 11:45:20,406-0200 INFO  LateBindingScheduler jobs queued: 0
2017-02-17 11:45:20,407-0200 DEBUG swift JOB_END jobid=simulate-ak7fg34n-0
2017-02-17 11:45:20,407-0200 INFO  swift END_SUCCESS jobid=simulate-ak7fg34n tr=simulate
2017-02-17 11:45:20,407-0200 DEBUG swift PROCEDURE_END line=3 thread=2-0-7-4-30-6-38-1 name=simulation
2017-02-17 11:45:20,407-0200 INFO  LateBindingScheduler jobs queued: 0
2017-02-17 11:45:20,408-0200 DEBUG swift FILE_STAGE_OUT_END srcname=sim_2.out srcdir=p3-run003/shared/output srchost=local destdir=output desthost=localhost provider=file
2017-02-17 11:45:20,408-0200 INFO  LateBindingScheduler jobs queued: 0
2017-02-17 11:45:20,408-0200 INFO  LateBindingScheduler jobs queued: 0
2017-02-17 11:45:20,409-0200 DEBUG swift FILE_STAGE_OUT_END srcname=sim_4.out srcdir=p3-run003/shared/output srchost=local destdir=output desthost=localhost provider=file
2017-02-17 11:45:20,409-0200 INFO  swift END jobid=simulate-4k7fg34n-0 - Staging out finished
2017-02-17 11:45:20,410-0200 INFO  LateBindingScheduler jobs queued: 0
2017-02-17 11:45:20,411-0200 INFO  swift END jobid=simulate-7k7fg34n-0 - Staging out finished
2017-02-17 11:45:20,411-0200 INFO  LateBindingScheduler jobs queued: 0
2017-02-17 11:45:20,412-0200 DEBUG swift JOB_END jobid=simulate-4k7fg34n-0
2017-02-17 11:45:20,412-0200 INFO  swift END_SUCCESS jobid=simulate-4k7fg34n tr=simulate
2017-02-17 11:45:20,412-0200 DEBUG swift PROCEDURE_END line=3 thread=2-0-7-4-11-2-17-1 name=simulation
2017-02-17 11:45:20,412-0200 INFO  LateBindingScheduler jobs queued: 0
2017-02-17 11:45:20,413-0200 DEBUG swift JOB_END jobid=simulate-7k7fg34n-0
2017-02-17 11:45:20,413-0200 INFO  swift END_SUCCESS jobid=simulate-7k7fg34n tr=simulate
2017-02-17 11:45:20,413-0200 DEBUG swift PROCEDURE_END line=3 thread=2-0-7-4-13-4-28-1 name=simulation
2017-02-17 11:45:20,449-0200 DEBUG swift FOREACH_IT_END line=20 thread=2-0-7-4-32-8
2017-02-17 11:45:20,449-0200 DEBUG swift FOREACH_IT_END line=20 thread=2-0-7-4-10-1
2017-02-17 11:45:20,449-0200 DEBUG swift FOREACH_IT_END line=20 thread=2-0-7-4-30-6
2017-02-17 11:45:20,449-0200 DEBUG swift FOREACH_IT_END line=20 thread=2-0-7-4-11-2
2017-02-17 11:45:20,449-0200 DEBUG swift FOREACH_IT_END line=20 thread=2-0-7-4-31-7
2017-02-17 11:45:20,449-0200 DEBUG swift FOREACH_IT_END line=20 thread=2-0-7-4-12-3
2017-02-17 11:45:20,449-0200 DEBUG swift FOREACH_IT_END line=20 thread=2-0-7-4-33-9
2017-02-17 11:45:20,450-0200 DEBUG swift FOREACH_IT_END line=20 thread=2-0-7-4-14-5
2017-02-17 11:45:20,450-0200 DEBUG swift FOREACH_IT_END line=20 thread=2-0-7-4-13-4
2017-02-17 11:45:21,093-0200 INFO  RuntimeStats$ProgressTicker HeapMax: 954728448, CrtHeap: 121110528, UsedHeap: 10181624, JVMThreads: 39
2017-02-17 11:45:21,094-0200 INFO  RuntimeStats$ProgressTicker   Active:1  Finished successfully:9
2017-02-17 11:45:21,473-0200 INFO  LateBindingScheduler jobs queued: 0
2017-02-17 11:45:21,473-0200 INFO  Execute TASK_STATUS_CHANGE taskid=task-18 status=7
2017-02-17 11:45:21,473-0200 DEBUG swift START jobid=simulate-5k7fg34n-0
2017-02-17 11:45:21,474-0200 INFO  LateBindingScheduler jobs queued: 0
2017-02-17 11:45:21,474-0200 INFO  swift SUCCESS jobid=simulate-5k7fg34n-0 - Success file found
2017-02-17 11:45:21,474-0200 DEBUG swift STAGING_OUT jobid=simulate-5k7fg34n-0
2017-02-17 11:45:21,474-0200 INFO  swift START jobid=simulate-5k7fg34n-0 - Staging out files
2017-02-17 11:45:21,474-0200 DEBUG swift stageouts: [file://localhost/output/sim_0.out]
2017-02-17 11:45:21,474-0200 DEBUG swift FILE_STAGE_OUT_START srcname=sim_0.out srcdir=p3-run003/shared/output srchost=local destdir=output desthost=localhost provider=file jobid=simulate-5k7fg34n-0
2017-02-17 11:45:21,475-0200 INFO  LateBindingScheduler jobs queued: 0
2017-02-17 11:45:21,475-0200 DEBUG swift CDM: file://localhost/output/sim_0.out : DEFAULT
2017-02-17 11:45:21,476-0200 INFO  LateBindingScheduler jobs queued: 0
2017-02-17 11:45:21,477-0200 DEBUG swift FILE_STAGE_OUT_END srcname=sim_0.out srcdir=p3-run003/shared/output srchost=local destdir=output desthost=localhost provider=file
2017-02-17 11:45:21,477-0200 INFO  LateBindingScheduler jobs queued: 0
2017-02-17 11:45:21,478-0200 INFO  swift END jobid=simulate-5k7fg34n-0 - Staging out finished
2017-02-17 11:45:21,480-0200 INFO  LateBindingScheduler jobs queued: 0
2017-02-17 11:45:21,481-0200 DEBUG swift JOB_END jobid=simulate-5k7fg34n-0
2017-02-17 11:45:21,481-0200 INFO  swift END_SUCCESS jobid=simulate-5k7fg34n tr=simulate
2017-02-17 11:45:21,481-0200 DEBUG swift PROCEDURE_END line=3 thread=2-0-7-4-9-0-18-1 name=simulation
2017-02-17 11:45:21,503-0200 DEBUG swift FOREACH_IT_END line=20 thread=2-0-7-4-9-0
2017-02-17 11:45:21,503-0200 DEBUG swift JOB_INIT jobid=stats-ek7fg34n tr=stats
2017-02-17 11:45:21,503-0200 DEBUG swift JOB_SITE_SELECT jobid=stats-ek7fg34n-0
2017-02-17 11:45:21,503-0200 DEBUG swift THREAD_ASSOCIATION jobid=stats-ek7fg34n-0 host=local thread=2-0-8-5
2017-02-17 11:45:21,505-0200 INFO  swift START jobid=stats-ek7fg34n-0 host=local - Initializing directory structure
2017-02-17 11:45:21,505-0200 INFO  swift START path=_concurrent/sims-18-2-0 dir=p3-run003/shared - Creating directory structure
2017-02-17 11:45:21,506-0200 INFO  LateBindingScheduler jobs queued: 0
2017-02-17 11:45:21,506-0200 INFO  swift END jobid=stats-ek7fg34n-0 - Done initializing directory structure
2017-02-17 11:45:21,506-0200 INFO  swift START jobid=stats-ek7fg34n-0 - Staging in files [file://localhost/_concurrent/sims-18-2-0/[8], file://localhost/_concurrent/sims-18-2-0/[7], file://localhost/_concurrent/sims-18-2-0/[5], file://localhost/_concurrent/sims-18-2-0/[3], file://localhost/_concurrent/sims-18-2-0/[4], file://localhost/_concurrent/sims-18-2-0/[9], file://localhost/_concurrent/sims-18-2-0/[2], file://localhost/_concurrent/sims-18-2-0/[0], file://localhost/_concurrent/sims-18-2-0/[1], file://localhost/_concurrent/sims-18-2-0/[6]]
2017-02-17 11:45:21,507-0200 INFO  LateBindingScheduler jobs queued: 2
2017-02-17 11:45:21,507-0200 DEBUG swift CDM: file://localhost/_concurrent/sims-18-2-0/[7] : DEFAULT
2017-02-17 11:45:21,507-0200 INFO  LateBindingScheduler jobs queued: 5
2017-02-17 11:45:21,507-0200 INFO  LateBindingScheduler jobs queued: 5
2017-02-17 11:45:21,507-0200 DEBUG swift FILE_STAGE_IN_START file=[7] srchost=localhost srcdir=_concurrent/sims-18-2-0 srcname=[7] desthost=local destdir=p3-run003/shared/_concurrent/sims-18-2-0 provider=file policy=DEFAULT
2017-02-17 11:45:21,508-0200 DEBUG swift CDM: file://localhost/_concurrent/sims-18-2-0/[8] : DEFAULT
2017-02-17 11:45:21,508-0200 DEBUG swift FILE_STAGE_IN_START file=[8] srchost=localhost srcdir=_concurrent/sims-18-2-0 srcname=[8] desthost=local destdir=p3-run003/shared/_concurrent/sims-18-2-0 provider=file policy=DEFAULT
2017-02-17 11:45:21,508-0200 INFO  LateBindingScheduler jobs queued: 6
2017-02-17 11:45:21,508-0200 DEBUG swift CDM: file://localhost/_concurrent/sims-18-2-0/[5] : DEFAULT
2017-02-17 11:45:21,508-0200 DEBUG swift FILE_STAGE_IN_START file=[5] srchost=localhost srcdir=_concurrent/sims-18-2-0 srcname=[5] desthost=local destdir=p3-run003/shared/_concurrent/sims-18-2-0 provider=file policy=DEFAULT
2017-02-17 11:45:21,508-0200 INFO  LateBindingScheduler jobs queued: 3
2017-02-17 11:45:21,508-0200 DEBUG swift CDM: file://localhost/_concurrent/sims-18-2-0/[4] : DEFAULT
2017-02-17 11:45:21,508-0200 DEBUG swift FILE_STAGE_IN_START file=[4] srchost=localhost srcdir=_concurrent/sims-18-2-0 srcname=[4] desthost=local destdir=p3-run003/shared/_concurrent/sims-18-2-0 provider=file policy=DEFAULT
2017-02-17 11:45:21,508-0200 DEBUG swift CDM: file://localhost/_concurrent/sims-18-2-0/[9] : DEFAULT
2017-02-17 11:45:21,508-0200 INFO  LateBindingScheduler jobs queued: 1
2017-02-17 11:45:21,508-0200 INFO  LateBindingScheduler jobs queued: 6
2017-02-17 11:45:21,509-0200 DEBUG swift CDM: file://localhost/_concurrent/sims-18-2-0/[2] : DEFAULT
2017-02-17 11:45:21,509-0200 DEBUG swift CDM: file://localhost/_concurrent/sims-18-2-0/[3] : DEFAULT
2017-02-17 11:45:21,509-0200 INFO  LateBindingScheduler jobs queued: 0
2017-02-17 11:45:21,509-0200 DEBUG swift FILE_STAGE_IN_START file=[2] srchost=localhost srcdir=_concurrent/sims-18-2-0 srcname=[2] desthost=local destdir=p3-run003/shared/_concurrent/sims-18-2-0 provider=file policy=DEFAULT
2017-02-17 11:45:21,509-0200 DEBUG swift FILE_STAGE_IN_START file=[3] srchost=localhost srcdir=_concurrent/sims-18-2-0 srcname=[3] desthost=local destdir=p3-run003/shared/_concurrent/sims-18-2-0 provider=file policy=DEFAULT
2017-02-17 11:45:21,509-0200 INFO  LateBindingScheduler jobs queued: 0
2017-02-17 11:45:21,509-0200 DEBUG swift CDM: file://localhost/_concurrent/sims-18-2-0/[0] : DEFAULT
2017-02-17 11:45:21,509-0200 DEBUG swift CDM: file://localhost/_concurrent/sims-18-2-0/[1] : DEFAULT
2017-02-17 11:45:21,509-0200 INFO  LateBindingScheduler jobs queued: 2
2017-02-17 11:45:21,509-0200 DEBUG swift FILE_STAGE_IN_START file=[0] srchost=localhost srcdir=_concurrent/sims-18-2-0 srcname=[0] desthost=local destdir=p3-run003/shared/_concurrent/sims-18-2-0 provider=file policy=DEFAULT
2017-02-17 11:45:21,509-0200 DEBUG swift FILE_STAGE_IN_START file=[1] srchost=localhost srcdir=_concurrent/sims-18-2-0 srcname=[1] desthost=local destdir=p3-run003/shared/_concurrent/sims-18-2-0 provider=file policy=DEFAULT
2017-02-17 11:45:21,509-0200 DEBUG swift CDM: file://localhost/_concurrent/sims-18-2-0/[6] : DEFAULT
2017-02-17 11:45:21,510-0200 DEBUG swift FILE_STAGE_IN_START file=[6] srchost=localhost srcdir=_concurrent/sims-18-2-0 srcname=[6] desthost=local destdir=p3-run003/shared/_concurrent/sims-18-2-0 provider=file policy=DEFAULT
2017-02-17 11:45:21,509-0200 DEBUG swift FILE_STAGE_IN_START file=[9] srchost=localhost srcdir=_concurrent/sims-18-2-0 srcname=[9] desthost=local destdir=p3-run003/shared/_concurrent/sims-18-2-0 provider=file policy=DEFAULT
2017-02-17 11:45:21,512-0200 INFO  LateBindingScheduler jobs queued: 6
2017-02-17 11:45:21,512-0200 DEBUG swift FILE_STAGE_IN_END file=[7] srchost=localhost srcdir=_concurrent/sims-18-2-0 srcname=[7] desthost=local destdir=p3-run003/shared/_concurrent/sims-18-2-0 provider=file
2017-02-17 11:45:21,512-0200 INFO  LateBindingScheduler jobs queued: 6
2017-02-17 11:45:21,513-0200 DEBUG swift FILE_STAGE_IN_END file=[5] srchost=localhost srcdir=_concurrent/sims-18-2-0 srcname=[5] desthost=local destdir=p3-run003/shared/_concurrent/sims-18-2-0 provider=file
2017-02-17 11:45:21,514-0200 INFO  LateBindingScheduler jobs queued: 4
2017-02-17 11:45:21,514-0200 DEBUG swift FILE_STAGE_IN_END file=[8] srchost=localhost srcdir=_concurrent/sims-18-2-0 srcname=[8] desthost=local destdir=p3-run003/shared/_concurrent/sims-18-2-0 provider=file
2017-02-17 11:45:21,515-0200 INFO  LateBindingScheduler jobs queued: 3
2017-02-17 11:45:21,515-0200 DEBUG swift FILE_STAGE_IN_END file=[2] srchost=localhost srcdir=_concurrent/sims-18-2-0 srcname=[2] desthost=local destdir=p3-run003/shared/_concurrent/sims-18-2-0 provider=file
2017-02-17 11:45:21,516-0200 INFO  LateBindingScheduler jobs queued: 2
2017-02-17 11:45:21,516-0200 INFO  LateBindingScheduler jobs queued: 2
2017-02-17 11:45:21,516-0200 DEBUG swift FILE_STAGE_IN_END file=[0] srchost=localhost srcdir=_concurrent/sims-18-2-0 srcname=[0] desthost=local destdir=p3-run003/shared/_concurrent/sims-18-2-0 provider=file
2017-02-17 11:45:21,516-0200 DEBUG swift FILE_STAGE_IN_END file=[4] srchost=localhost srcdir=_concurrent/sims-18-2-0 srcname=[4] desthost=local destdir=p3-run003/shared/_concurrent/sims-18-2-0 provider=file
2017-02-17 11:45:21,517-0200 INFO  LateBindingScheduler jobs queued: 0
2017-02-17 11:45:21,517-0200 INFO  LateBindingScheduler jobs queued: 0
2017-02-17 11:45:21,518-0200 DEBUG swift FILE_STAGE_IN_END file=[6] srchost=localhost srcdir=_concurrent/sims-18-2-0 srcname=[6] desthost=local destdir=p3-run003/shared/_concurrent/sims-18-2-0 provider=file
2017-02-17 11:45:21,518-0200 DEBUG swift FILE_STAGE_IN_END file=[1] srchost=localhost srcdir=_concurrent/sims-18-2-0 srcname=[1] desthost=local destdir=p3-run003/shared/_concurrent/sims-18-2-0 provider=file
2017-02-17 11:45:21,519-0200 INFO  LateBindingScheduler jobs queued: 0
2017-02-17 11:45:21,519-0200 INFO  LateBindingScheduler jobs queued: 0
2017-02-17 11:45:21,519-0200 DEBUG swift FILE_STAGE_IN_END file=[9] srchost=localhost srcdir=_concurrent/sims-18-2-0 srcname=[9] desthost=local destdir=p3-run003/shared/_concurrent/sims-18-2-0 provider=file
2017-02-17 11:45:21,519-0200 DEBUG swift FILE_STAGE_IN_END file=[3] srchost=localhost srcdir=_concurrent/sims-18-2-0 srcname=[3] desthost=local destdir=p3-run003/shared/_concurrent/sims-18-2-0 provider=file
2017-02-17 11:45:21,519-0200 INFO  swift END jobid=stats-ek7fg34n-0 - Staging in finished
2017-02-17 11:45:21,520-0200 DEBUG swift JOB_START jobid=stats-ek7fg34n-0 tr=stats arguments=[_concurrent/sims-18-2-0/[0] _concurrent/sims-18-2-0/[1] _concurrent/sims-18-2-0/[2] _concurrent/sims-18-2-0/[3] _concurrent/sims-18-2-0/[4] _concurrent/sims-18-2-0/[5] _concurrent/sims-18-2-0/[6] _concurrent/sims-18-2-0/[7] _concurrent/sims-18-2-0/[8] _concurrent/sims-18-2-0/[9]] tmpdir=p3-run003/jobs/s/stats-ek7fg34n-0
2017-02-17 11:45:21,520-0200 INFO  Execute JOB_TASK jobid=stats-ek7fg34n-0 taskid=task-8 exec=/bin/bash dir=p3-run003 args=shared/_swiftwrap stats-ek7fg34n-0 -jobdir s -scratch  -e stats -out output/average.out -err stderr.txt -i -d _concurrent/sims-18-2-0|output -if _concurrent/sims-18-2-0/[8]|_concurrent/sims-18-2-0/[7]|_concurrent/sims-18-2-0/[5]|_concurrent/sims-18-2-0/[3]|_concurrent/sims-18-2-0/[4]|_concurrent/sims-18-2-0/[9]|_concurrent/sims-18-2-0/[2]|_concurrent/sims-18-2-0/[0]|_concurrent/sims-18-2-0/[1]|_concurrent/sims-18-2-0/[6] -of output/average.out -cf  -cdmfile -status files -a _concurrent/sims-18-2-0/[0] _concurrent/sims-18-2-0/[1] _concurrent/sims-18-2-0/[2] _concurrent/sims-18-2-0/[3] _concurrent/sims-18-2-0/[4] _concurrent/sims-18-2-0/[5] _concurrent/sims-18-2-0/[6] _concurrent/sims-18-2-0/[7] _concurrent/sims-18-2-0/[8] _concurrent/sims-18-2-0/[9]
2017-02-17 11:45:21,521-0200 INFO  Execute TASK_STATUS_CHANGE taskid=task-8 status=8
2017-02-17 11:45:21,521-0200 INFO  Execute TASK_STATUS_CHANGE taskid=task-8 status=1
2017-02-17 11:45:21,521-0200 INFO  Execute TASK_STATUS_CHANGE taskid=task-8 status=2
2017-02-17 11:45:21,643-0200 INFO  LateBindingScheduler jobs queued: 0
2017-02-17 11:45:21,643-0200 INFO  Execute TASK_STATUS_CHANGE taskid=task-8 status=7
2017-02-17 11:45:21,643-0200 DEBUG swift START jobid=stats-ek7fg34n-0
2017-02-17 11:45:21,644-0200 INFO  LateBindingScheduler jobs queued: 0
2017-02-17 11:45:21,644-0200 INFO  swift SUCCESS jobid=stats-ek7fg34n-0 - Success file found
2017-02-17 11:45:21,644-0200 DEBUG swift STAGING_OUT jobid=stats-ek7fg34n-0
2017-02-17 11:45:21,644-0200 INFO  swift START jobid=stats-ek7fg34n-0 - Staging out files
2017-02-17 11:45:21,644-0200 DEBUG swift stageouts: [file://localhost/output/average.out]
2017-02-17 11:45:21,645-0200 DEBUG swift FILE_STAGE_OUT_START srcname=average.out srcdir=p3-run003/shared/output srchost=local destdir=output desthost=localhost provider=file jobid=stats-ek7fg34n-0
2017-02-17 11:45:21,645-0200 INFO  LateBindingScheduler jobs queued: 0
2017-02-17 11:45:21,646-0200 DEBUG swift CDM: file://localhost/output/average.out : DEFAULT
2017-02-17 11:45:21,647-0200 INFO  LateBindingScheduler jobs queued: 0
2017-02-17 11:45:21,648-0200 DEBUG swift FILE_STAGE_OUT_END srcname=average.out srcdir=p3-run003/shared/output srchost=local destdir=output desthost=localhost provider=file
2017-02-17 11:45:21,648-0200 INFO  LateBindingScheduler jobs queued: 0
2017-02-17 11:45:21,649-0200 INFO  swift END jobid=stats-ek7fg34n-0 - Staging out finished
2017-02-17 11:45:21,650-0200 INFO  LateBindingScheduler jobs queued: 0
2017-02-17 11:45:21,651-0200 DEBUG swift JOB_END jobid=stats-ek7fg34n-0
2017-02-17 11:45:21,651-0200 INFO  swift END_SUCCESS jobid=stats-ek7fg34n tr=stats
2017-02-17 11:45:21,651-0200 DEBUG swift PROCEDURE_END line=8 thread=2-0-8-5 name=analyze
2017-02-17 11:45:21,651-0200 INFO  RuntimeStats$ProgressTicker HeapMax: 954728448, CrtHeap: 121110528, UsedHeap: 11310800, JVMThreads: 39
2017-02-17 11:45:21,651-0200 INFO  RuntimeStats$ProgressTicker   Finished successfully:11
2017-02-17 11:45:21,664-0200 DEBUG swift Starting cleanups
2017-02-17 11:45:21,664-0200 INFO  swift START cleanups=[[p3-run003, local]]
2017-02-17 11:45:21,664-0200 INFO  swift START dir=p3-run003 host=local
2017-02-17 11:45:21,664-0200 DEBUG swift cdmfile 
2017-02-17 11:45:21,665-0200 INFO  LateBindingScheduler jobs queued: 0
2017-02-17 11:45:21,665-0200 INFO  swift END dir=p3-run003 host=local
2017-02-17 11:45:21,665-0200 INFO  swift END cleanups=[[p3-run003, local]]
2017-02-17 11:45:21,665-0200 DEBUG swift Ending cleanups
2017-02-17 11:45:21,669-0200 INFO  Loader Swift finished with no errors
