2017-02-17 09:28:05,558-0200 INFO  Loader JAVA Oracle Corporation Java HotSpot(TM) 64-Bit Server VM 1.7.0_80
2017-02-17 09:28:05,560-0200 INFO  Loader VERSION Swift trunk git-rev: 18aec82244c5611381528bc361888c553570c66e heads/master 6574
2017-02-17 09:28:05,560-0200 INFO  Loader RUN_ID run002
2017-02-17 09:28:05,560-0200 INFO  Loader ARGUMENTS [-runid, run002, -logfile, /home/mondelli/Dropbox/Docker/swift_verao/uteis/tutorial/part05/run002/swift.log, p5.swift]
2017-02-17 09:28:05,560-0200 INFO  Loader MAX_HEAP 954728448
2017-02-17 09:28:05,560-0200 INFO  Loader GLOBUS_HOSTNAME mondelli-520U4C
2017-02-17 09:28:05,560-0200 INFO  Loader CWD /home/mondelli/Dropbox/Docker/swift_verao/uteis/tutorial/part05/.
2017-02-17 09:28:05,562-0200 DEBUG Loader SWIFT_CONFIGURATION 
[D] /home/mondelli/swift-k/dist/swift-svn/etc/swift.conf
[C] <Command Line>
{
	TCPPortRange: "50000, 50100"                               # [D] line 27
	alwaysTransferWrapperLog: true                             # [D] line 61
	executionRetries: 0                                        # [D] line 137
	fileOperationsThrottle: 8                                  # [D] line 121
	fileTransfersThrottle: 4                                   # [D] line 107
	hostJobSubmitThrottle: 2                                   # [D] line 95
	jobSubmitThrottle: 4                                       # [D] line 83
	keepSiteDir: false                                         # [D] line 131
	lazyErrors: true                                           # [D] line 41
	logProvenance: false                                       # [D] line 200
	maxForeachThreads: 16384                                   # [D] line 194
	replicationEnabled: false                                  # [D] line 146
	replicationLimit: 3                                        # [D] line 157
	replicationMinQueueTime: 60                                # [D] line 153
	site.local {
		app.ALL.executable: "*"                                   # [D] line 235
		execution.type: "local"                                   # [D] line 223
		filesystem.type: "local"                                  # [D] line 226
		initialParallelTasks: 8                                   # [D] line 230
		maxParallelTasks: 16                                      # [D] line 229
		workDirectory: "swiftwork"                                # [D] line 232
	}
	sites: [local]                                             # [D] line 239
	tracingEnabled: false                                      # [D] line 51
}

2017-02-17 09:28:05,563-0200 DEBUG textfiles BEGIN SWIFTSCRIPT:
type file;

app (file out, file log) simulation (int sim_steps, int sim_range, int sim_values)
{
  simulate "--timesteps" sim_steps "--range" sim_range "--nvalues" sim_values stdout=@out stderr=@log;
}

app (file out, file log) analyze (file s[])
{
  stats filenames(s) stdout=@out stderr=@log;
}

int nsim   = toInt(arg("nsim",   "10"));
int steps  = toInt(arg("steps",  "1"));
int range  = toInt(arg("range",  "100"));
int values = toInt(arg("values", "5"));

file sims[];

foreach i in [0:nsim-1] {
  file simout <single_file_mapper; file=strcat("output/sim_",i,".out")>;
  file simlog <single_file_mapper; file=strcat("output/sim_",i,".log")>;
  (simout,simlog) = simulation(steps,range,values);
  sims[i] = simout;
}

file stats_out<"output/average.out">;
file stats_log<"output/average.log">;
(stats_out, stats_log) = analyze(sims);


2017-02-17 09:28:05,563-0200 DEBUG textfiles END SWIFTSCRIPT:
2017-02-17 09:28:05,563-0200 DEBUG Loader kmlversion is >9f6c1ed4-f975-4fb5-9fcf-7994f9fda617-no-provenance<
2017-02-17 09:28:05,563-0200 DEBUG Loader build version is >9f6c1ed4-f975-4fb5-9fcf-7994f9fda617-no-provenance<
2017-02-17 09:28:05,563-0200 DEBUG Loader Recompilation suppressed.
2017-02-17 09:28:06,497-0200 INFO  Loader RUN_START
2017-02-17 09:28:06,500-0200 INFO  SwiftExecutor swift.home = /home/mondelli/swift-k/dist/swift-svn
2017-02-17 09:28:06,550-0200 INFO  AbstractScheduler Setting resources to: {local=local}
2017-02-17 09:28:06,561-0200 INFO  GlobalSubmitQueue No global submit throttle set. Using default (1024)
2017-02-17 09:28:06,577-0200 INFO  LateBindingScheduler jobs queued: 0
2017-02-17 09:28:06,578-0200 INFO  LateBindingScheduler jobs queued: 0
2017-02-17 09:28:06,580-0200 INFO  LateBindingScheduler jobs queued: 0
2017-02-17 09:28:06,617-0200 INFO  RuntimeStats$ProgressTicker HeapMax: 954728448, CrtHeap: 121110528, UsedHeap: 28405880, JVMThreads: 16
2017-02-17 09:28:06,617-0200 INFO  RuntimeStats$ProgressTicker 
2017-02-17 09:28:06,620-0200 DEBUG swift PROCEDURE line=8 thread=2-0-8-5 name=analyze
2017-02-17 09:28:06,628-0200 DEBUG swift FOREACH_IT_START line=20 thread=2-0-7-4-9-0
2017-02-17 09:28:06,628-0200 DEBUG swift SCOPE thread=2-0-7-4-9-0
2017-02-17 09:28:06,629-0200 DEBUG swift FOREACH_IT_START line=20 thread=2-0-7-4-10-1
2017-02-17 09:28:06,629-0200 DEBUG swift SCOPE thread=2-0-7-4-10-1
2017-02-17 09:28:06,629-0200 DEBUG swift FOREACH_IT_START line=20 thread=2-0-7-4-11-2
2017-02-17 09:28:06,629-0200 DEBUG swift SCOPE thread=2-0-7-4-11-2
2017-02-17 09:28:06,629-0200 DEBUG swift FOREACH_IT_START line=20 thread=2-0-7-4-12-3
2017-02-17 09:28:06,629-0200 DEBUG swift SCOPE thread=2-0-7-4-12-3
2017-02-17 09:28:06,629-0200 DEBUG swift FOREACH_IT_START line=20 thread=2-0-7-4-13-4
2017-02-17 09:28:06,629-0200 DEBUG swift SCOPE thread=2-0-7-4-13-4
2017-02-17 09:28:06,629-0200 DEBUG swift FOREACH_IT_START line=20 thread=2-0-7-4-14-5
2017-02-17 09:28:06,629-0200 DEBUG swift SCOPE thread=2-0-7-4-14-5
2017-02-17 09:28:06,629-0200 DEBUG swift FOREACH_IT_START line=20 thread=2-0-7-4-15-6
2017-02-17 09:28:06,629-0200 DEBUG swift SCOPE thread=2-0-7-4-15-6
2017-02-17 09:28:06,630-0200 DEBUG swift FOREACH_IT_START line=20 thread=2-0-7-4-16-7
2017-02-17 09:28:06,630-0200 DEBUG swift SCOPE thread=2-0-7-4-16-7
2017-02-17 09:28:06,630-0200 DEBUG swift FOREACH_IT_START line=20 thread=2-0-7-4-17-8
2017-02-17 09:28:06,630-0200 DEBUG swift SCOPE thread=2-0-7-4-17-8
2017-02-17 09:28:06,630-0200 DEBUG swift FOREACH_IT_START line=20 thread=2-0-7-4-18-9
2017-02-17 09:28:06,630-0200 DEBUG swift SCOPE thread=2-0-7-4-18-9
2017-02-17 09:28:06,631-0200 DEBUG swift PROCEDURE line=3 thread=2-0-7-4-9-0-21-2 name=simulation
2017-02-17 09:28:06,632-0200 DEBUG swift PROCEDURE line=3 thread=2-0-7-4-10-1-25-2 name=simulation
2017-02-17 09:28:06,633-0200 DEBUG swift PROCEDURE line=3 thread=2-0-7-4-11-2-29-2 name=simulation
2017-02-17 09:28:06,633-0200 DEBUG swift PROCEDURE line=3 thread=2-0-7-4-12-3-33-2 name=simulation
2017-02-17 09:28:06,634-0200 DEBUG swift PROCEDURE line=3 thread=2-0-7-4-13-4-37-2 name=simulation
2017-02-17 09:28:06,635-0200 DEBUG swift PROCEDURE line=3 thread=2-0-7-4-14-5-41-2 name=simulation
2017-02-17 09:28:06,636-0200 DEBUG swift PROCEDURE line=3 thread=2-0-7-4-17-8-52-2 name=simulation
2017-02-17 09:28:06,637-0200 DEBUG swift JOB_INIT jobid=simulate-667ya34n tr=simulate
2017-02-17 09:28:06,637-0200 DEBUG swift JOB_INIT jobid=simulate-767ya34n tr=simulate
2017-02-17 09:28:06,637-0200 DEBUG swift JOB_INIT jobid=simulate-567ya34n tr=simulate
2017-02-17 09:28:06,637-0200 DEBUG swift JOB_SITE_SELECT jobid=simulate-667ya34n-0
2017-02-17 09:28:06,637-0200 DEBUG swift JOB_SITE_SELECT jobid=simulate-767ya34n-0
2017-02-17 09:28:06,637-0200 DEBUG swift JOB_SITE_SELECT jobid=simulate-567ya34n-0
2017-02-17 09:28:06,637-0200 DEBUG swift JOB_INIT jobid=simulate-867ya34n tr=simulate
2017-02-17 09:28:06,637-0200 DEBUG swift JOB_SITE_SELECT jobid=simulate-867ya34n-0
2017-02-17 09:28:06,638-0200 DEBUG swift JOB_INIT jobid=simulate-967ya34n tr=simulate
2017-02-17 09:28:06,638-0200 DEBUG swift JOB_SITE_SELECT jobid=simulate-967ya34n-0
2017-02-17 09:28:06,639-0200 DEBUG swift JOB_INIT jobid=simulate-a67ya34n tr=simulate
2017-02-17 09:28:06,639-0200 DEBUG swift JOB_SITE_SELECT jobid=simulate-a67ya34n-0
2017-02-17 09:28:06,640-0200 DEBUG swift JOB_INIT jobid=simulate-b67ya34n tr=simulate
2017-02-17 09:28:06,640-0200 DEBUG swift JOB_SITE_SELECT jobid=simulate-b67ya34n-0
2017-02-17 09:28:06,641-0200 DEBUG swift PROCEDURE line=3 thread=2-0-7-4-15-6-45-2 name=simulation
2017-02-17 09:28:06,641-0200 DEBUG swift JOB_INIT jobid=simulate-c67ya34n tr=simulate
2017-02-17 09:28:06,642-0200 DEBUG swift JOB_SITE_SELECT jobid=simulate-c67ya34n-0
2017-02-17 09:28:06,642-0200 DEBUG swift PROCEDURE line=3 thread=2-0-7-4-16-7-51-2 name=simulation
2017-02-17 09:28:06,642-0200 DEBUG swift JOB_INIT jobid=simulate-d67ya34n tr=simulate
2017-02-17 09:28:06,642-0200 DEBUG swift JOB_SITE_SELECT jobid=simulate-d67ya34n-0
2017-02-17 09:28:06,643-0200 DEBUG swift PROCEDURE line=3 thread=2-0-7-4-18-9-57-2 name=simulation
2017-02-17 09:28:06,643-0200 DEBUG swift JOB_INIT jobid=simulate-e67ya34n tr=simulate
2017-02-17 09:28:06,643-0200 DEBUG swift JOB_SITE_SELECT jobid=simulate-e67ya34n-0
2017-02-17 09:28:06,643-0200 DEBUG swift THREAD_ASSOCIATION jobid=simulate-767ya34n-0 host=local thread=2-0-7-4-10-1-25-2
2017-02-17 09:28:06,644-0200 DEBUG swift THREAD_ASSOCIATION jobid=simulate-c67ya34n-0 host=local thread=2-0-7-4-15-6-45-2
2017-02-17 09:28:06,644-0200 DEBUG swift THREAD_ASSOCIATION jobid=simulate-d67ya34n-0 host=local thread=2-0-7-4-16-7-51-2
2017-02-17 09:28:06,645-0200 DEBUG swift THREAD_ASSOCIATION jobid=simulate-e67ya34n-0 host=local thread=2-0-7-4-18-9-57-2
2017-02-17 09:28:06,645-0200 DEBUG swift THREAD_ASSOCIATION jobid=simulate-567ya34n-0 host=local thread=2-0-7-4-11-2-29-2
2017-02-17 09:28:06,645-0200 DEBUG swift THREAD_ASSOCIATION jobid=simulate-b67ya34n-0 host=local thread=2-0-7-4-13-4-37-2
2017-02-17 09:28:06,646-0200 INFO  swift START host=local - Initializing shared directory
2017-02-17 09:28:06,646-0200 DEBUG swift THREAD_ASSOCIATION jobid=simulate-a67ya34n-0 host=local thread=2-0-7-4-9-0-21-2
2017-02-17 09:28:06,646-0200 DEBUG swift THREAD_ASSOCIATION jobid=simulate-667ya34n-0 host=local thread=2-0-7-4-17-8-52-2
2017-02-17 09:28:06,648-0200 INFO  LateBindingScheduler jobs queued: 2
2017-02-17 09:28:06,649-0200 DEBUG swift THREAD_ASSOCIATION jobid=simulate-967ya34n-0 host=local thread=2-0-7-4-14-5-41-2
2017-02-17 09:28:06,658-0200 INFO  LateBindingScheduler jobs queued: 1
2017-02-17 09:28:06,659-0200 INFO  LateBindingScheduler jobs queued: 1
2017-02-17 09:28:06,659-0200 INFO  LateBindingScheduler jobs queued: 1
2017-02-17 09:28:06,660-0200 INFO  swift END host=local - Done initializing shared directory
2017-02-17 09:28:06,662-0200 INFO  swift START jobid=simulate-a67ya34n-0 host=local - Initializing directory structure
2017-02-17 09:28:06,663-0200 INFO  swift START path=output dir=p5-run002/shared - Creating directory structure
2017-02-17 09:28:06,663-0200 INFO  swift START jobid=simulate-e67ya34n-0 host=local - Initializing directory structure
2017-02-17 09:28:06,662-0200 INFO  swift START jobid=simulate-767ya34n-0 host=local - Initializing directory structure
2017-02-17 09:28:06,664-0200 INFO  swift START jobid=simulate-667ya34n-0 host=local - Initializing directory structure
2017-02-17 09:28:06,664-0200 INFO  swift START jobid=simulate-b67ya34n-0 host=local - Initializing directory structure
2017-02-17 09:28:06,664-0200 INFO  swift START jobid=simulate-c67ya34n-0 host=local - Initializing directory structure
2017-02-17 09:28:06,664-0200 INFO  swift START jobid=simulate-567ya34n-0 host=local - Initializing directory structure
2017-02-17 09:28:06,665-0200 INFO  LateBindingScheduler jobs queued: 1
2017-02-17 09:28:06,665-0200 INFO  swift START jobid=simulate-967ya34n-0 host=local - Initializing directory structure
2017-02-17 09:28:06,665-0200 INFO  swift START jobid=simulate-d67ya34n-0 host=local - Initializing directory structure
2017-02-17 09:28:06,666-0200 INFO  swift END jobid=simulate-a67ya34n-0 - Done initializing directory structure
2017-02-17 09:28:06,666-0200 INFO  swift START jobid=simulate-a67ya34n-0 - Staging in files []
2017-02-17 09:28:06,666-0200 INFO  swift END jobid=simulate-e67ya34n-0 - Done initializing directory structure
2017-02-17 09:28:06,666-0200 INFO  swift START jobid=simulate-e67ya34n-0 - Staging in files []
2017-02-17 09:28:06,666-0200 INFO  swift END jobid=simulate-767ya34n-0 - Done initializing directory structure
2017-02-17 09:28:06,666-0200 INFO  swift START jobid=simulate-767ya34n-0 - Staging in files []
2017-02-17 09:28:06,666-0200 INFO  swift END jobid=simulate-767ya34n-0 - Staging in finished
2017-02-17 09:28:06,666-0200 DEBUG swift JOB_START jobid=simulate-767ya34n-0 tr=simulate arguments=[--timesteps, 1, --range, 100, --nvalues, 5] tmpdir=p5-run002/jobs/s/simulate-767ya34n-0
2017-02-17 09:28:06,667-0200 INFO  swift END jobid=simulate-667ya34n-0 - Done initializing directory structure
2017-02-17 09:28:06,667-0200 INFO  swift START jobid=simulate-667ya34n-0 - Staging in files []
2017-02-17 09:28:06,667-0200 INFO  swift END jobid=simulate-667ya34n-0 - Staging in finished
2017-02-17 09:28:06,667-0200 INFO  swift END jobid=simulate-b67ya34n-0 - Done initializing directory structure
2017-02-17 09:28:06,667-0200 DEBUG swift JOB_START jobid=simulate-667ya34n-0 tr=simulate arguments=[--timesteps, 1, --range, 100, --nvalues, 5] tmpdir=p5-run002/jobs/s/simulate-667ya34n-0
2017-02-17 09:28:06,667-0200 INFO  swift START jobid=simulate-b67ya34n-0 - Staging in files []
2017-02-17 09:28:06,667-0200 INFO  swift END jobid=simulate-b67ya34n-0 - Staging in finished
2017-02-17 09:28:06,668-0200 DEBUG swift JOB_START jobid=simulate-b67ya34n-0 tr=simulate arguments=[--timesteps, 1, --range, 100, --nvalues, 5] tmpdir=p5-run002/jobs/s/simulate-b67ya34n-0
2017-02-17 09:28:06,666-0200 INFO  swift END jobid=simulate-e67ya34n-0 - Staging in finished
2017-02-17 09:28:06,668-0200 DEBUG swift JOB_START jobid=simulate-e67ya34n-0 tr=simulate arguments=[--timesteps, 1, --range, 100, --nvalues, 5] tmpdir=p5-run002/jobs/s/simulate-e67ya34n-0
2017-02-17 09:28:06,668-0200 INFO  swift END jobid=simulate-c67ya34n-0 - Done initializing directory structure
2017-02-17 09:28:06,668-0200 INFO  swift START jobid=simulate-c67ya34n-0 - Staging in files []
2017-02-17 09:28:06,668-0200 INFO  swift END jobid=simulate-c67ya34n-0 - Staging in finished
2017-02-17 09:28:06,668-0200 DEBUG swift JOB_START jobid=simulate-c67ya34n-0 tr=simulate arguments=[--timesteps, 1, --range, 100, --nvalues, 5] tmpdir=p5-run002/jobs/s/simulate-c67ya34n-0
2017-02-17 09:28:06,666-0200 INFO  swift END jobid=simulate-a67ya34n-0 - Staging in finished
2017-02-17 09:28:06,669-0200 DEBUG swift JOB_START jobid=simulate-a67ya34n-0 tr=simulate arguments=[--timesteps, 1, --range, 100, --nvalues, 5] tmpdir=p5-run002/jobs/s/simulate-a67ya34n-0
2017-02-17 09:28:06,669-0200 INFO  swift END jobid=simulate-567ya34n-0 - Done initializing directory structure
2017-02-17 09:28:06,669-0200 INFO  swift START jobid=simulate-567ya34n-0 - Staging in files []
2017-02-17 09:28:06,669-0200 INFO  swift END jobid=simulate-567ya34n-0 - Staging in finished
2017-02-17 09:28:06,669-0200 DEBUG swift JOB_START jobid=simulate-567ya34n-0 tr=simulate arguments=[--timesteps, 1, --range, 100, --nvalues, 5] tmpdir=p5-run002/jobs/s/simulate-567ya34n-0
2017-02-17 09:28:06,670-0200 INFO  swift END jobid=simulate-967ya34n-0 - Done initializing directory structure
2017-02-17 09:28:06,670-0200 INFO  swift START jobid=simulate-967ya34n-0 - Staging in files []
2017-02-17 09:28:06,670-0200 INFO  swift END jobid=simulate-967ya34n-0 - Staging in finished
2017-02-17 09:28:06,670-0200 DEBUG swift JOB_START jobid=simulate-967ya34n-0 tr=simulate arguments=[--timesteps, 1, --range, 100, --nvalues, 5] tmpdir=p5-run002/jobs/s/simulate-967ya34n-0
2017-02-17 09:28:06,673-0200 INFO  Execute JOB_TASK jobid=simulate-b67ya34n-0 taskid=task-37 exec=/bin/bash dir=p5-run002 args=shared/_swiftwrap simulate-b67ya34n-0 -jobdir s -scratch  -e simulate -out output/sim_4.out -err output/sim_4.log -i -d output -if  -of output/sim_4.out|output/sim_4.log -cf  -cdmfile -status files -a --timesteps 1 --range 100 --nvalues 5
2017-02-17 09:28:06,673-0200 INFO  Execute JOB_TASK jobid=simulate-767ya34n-0 taskid=task-25 exec=/bin/bash dir=p5-run002 args=shared/_swiftwrap simulate-767ya34n-0 -jobdir s -scratch  -e simulate -out output/sim_1.out -err output/sim_1.log -i -d output -if  -of output/sim_1.out|output/sim_1.log -cf  -cdmfile -status files -a --timesteps 1 --range 100 --nvalues 5
2017-02-17 09:28:06,674-0200 INFO  Execute JOB_TASK jobid=simulate-e67ya34n-0 taskid=task-57 exec=/bin/bash dir=p5-run002 args=shared/_swiftwrap simulate-e67ya34n-0 -jobdir s -scratch  -e simulate -out output/sim_9.out -err output/sim_9.log -i -d output -if  -of output/sim_9.out|output/sim_9.log -cf  -cdmfile -status files -a --timesteps 1 --range 100 --nvalues 5
2017-02-17 09:28:06,674-0200 INFO  swift END jobid=simulate-d67ya34n-0 - Done initializing directory structure
2017-02-17 09:28:06,674-0200 INFO  swift START jobid=simulate-d67ya34n-0 - Staging in files []
2017-02-17 09:28:06,674-0200 INFO  swift END jobid=simulate-d67ya34n-0 - Staging in finished
2017-02-17 09:28:06,674-0200 DEBUG swift JOB_START jobid=simulate-d67ya34n-0 tr=simulate arguments=[--timesteps, 1, --range, 100, --nvalues, 5] tmpdir=p5-run002/jobs/s/simulate-d67ya34n-0
2017-02-17 09:28:06,675-0200 INFO  Execute JOB_TASK jobid=simulate-c67ya34n-0 taskid=task-45 exec=/bin/bash dir=p5-run002 args=shared/_swiftwrap simulate-c67ya34n-0 -jobdir s -scratch  -e simulate -out output/sim_6.out -err output/sim_6.log -i -d output -if  -of output/sim_6.out|output/sim_6.log -cf  -cdmfile -status files -a --timesteps 1 --range 100 --nvalues 5
2017-02-17 09:28:06,675-0200 INFO  Execute JOB_TASK jobid=simulate-a67ya34n-0 taskid=task-21 exec=/bin/bash dir=p5-run002 args=shared/_swiftwrap simulate-a67ya34n-0 -jobdir s -scratch  -e simulate -out output/sim_0.out -err output/sim_0.log -i -d output -if  -of output/sim_0.log|output/sim_0.out -cf  -cdmfile -status files -a --timesteps 1 --range 100 --nvalues 5
2017-02-17 09:28:06,675-0200 INFO  Execute JOB_TASK jobid=simulate-667ya34n-0 taskid=task-52 exec=/bin/bash dir=p5-run002 args=shared/_swiftwrap simulate-667ya34n-0 -jobdir s -scratch  -e simulate -out output/sim_8.out -err output/sim_8.log -i -d output -if  -of output/sim_8.log|output/sim_8.out -cf  -cdmfile -status files -a --timesteps 1 --range 100 --nvalues 5
2017-02-17 09:28:06,676-0200 INFO  Execute JOB_TASK jobid=simulate-567ya34n-0 taskid=task-29 exec=/bin/bash dir=p5-run002 args=shared/_swiftwrap simulate-567ya34n-0 -jobdir s -scratch  -e simulate -out output/sim_2.out -err output/sim_2.log -i -d output -if  -of output/sim_2.log|output/sim_2.out -cf  -cdmfile -status files -a --timesteps 1 --range 100 --nvalues 5
2017-02-17 09:28:06,676-0200 INFO  Execute JOB_TASK jobid=simulate-967ya34n-0 taskid=task-41 exec=/bin/bash dir=p5-run002 args=shared/_swiftwrap simulate-967ya34n-0 -jobdir s -scratch  -e simulate -out output/sim_5.out -err output/sim_5.log -i -d output -if  -of output/sim_5.out|output/sim_5.log -cf  -cdmfile -status files -a --timesteps 1 --range 100 --nvalues 5
2017-02-17 09:28:06,676-0200 INFO  Execute JOB_TASK jobid=simulate-d67ya34n-0 taskid=task-51 exec=/bin/bash dir=p5-run002 args=shared/_swiftwrap simulate-d67ya34n-0 -jobdir s -scratch  -e simulate -out output/sim_7.out -err output/sim_7.log -i -d output -if  -of output/sim_7.out|output/sim_7.log -cf  -cdmfile -status files -a --timesteps 1 --range 100 --nvalues 5
2017-02-17 09:28:06,681-0200 INFO  Execute TASK_STATUS_CHANGE taskid=task-37 status=8
2017-02-17 09:28:06,681-0200 INFO  Execute TASK_STATUS_CHANGE taskid=task-57 status=8
2017-02-17 09:28:06,681-0200 INFO  Execute TASK_STATUS_CHANGE taskid=task-57 status=1
2017-02-17 09:28:06,682-0200 INFO  Execute TASK_STATUS_CHANGE taskid=task-45 status=8
2017-02-17 09:28:06,684-0200 INFO  Execute TASK_STATUS_CHANGE taskid=task-45 status=1
2017-02-17 09:28:06,684-0200 INFO  Execute TASK_STATUS_CHANGE taskid=task-21 status=8
2017-02-17 09:28:06,684-0200 INFO  Execute TASK_STATUS_CHANGE taskid=task-21 status=1
2017-02-17 09:28:06,684-0200 INFO  Execute TASK_STATUS_CHANGE taskid=task-52 status=8
2017-02-17 09:28:06,685-0200 INFO  Execute TASK_STATUS_CHANGE taskid=task-37 status=1
2017-02-17 09:28:06,685-0200 INFO  Execute TASK_STATUS_CHANGE taskid=task-29 status=8
2017-02-17 09:28:06,687-0200 INFO  Execute TASK_STATUS_CHANGE taskid=task-52 status=1
2017-02-17 09:28:06,687-0200 INFO  Execute TASK_STATUS_CHANGE taskid=task-41 status=8
2017-02-17 09:28:06,687-0200 INFO  Execute TASK_STATUS_CHANGE taskid=task-21 status=2
2017-02-17 09:28:06,690-0200 INFO  Execute TASK_STATUS_CHANGE taskid=task-57 status=2
2017-02-17 09:28:06,691-0200 INFO  Execute TASK_STATUS_CHANGE taskid=task-29 status=1
2017-02-17 09:28:06,691-0200 INFO  Execute TASK_STATUS_CHANGE taskid=task-51 status=8
2017-02-17 09:28:06,692-0200 INFO  Execute TASK_STATUS_CHANGE taskid=task-51 status=1
2017-02-17 09:28:06,693-0200 INFO  Execute TASK_STATUS_CHANGE taskid=task-25 status=8
2017-02-17 09:28:06,694-0200 INFO  Execute TASK_STATUS_CHANGE taskid=task-25 status=1
2017-02-17 09:28:06,695-0200 INFO  Execute TASK_STATUS_CHANGE taskid=task-37 status=2
2017-02-17 09:28:06,701-0200 INFO  Execute TASK_STATUS_CHANGE taskid=task-45 status=2
2017-02-17 09:28:06,704-0200 INFO  Execute TASK_STATUS_CHANGE taskid=task-41 status=1
2017-02-17 09:28:06,714-0200 INFO  Execute TASK_STATUS_CHANGE taskid=task-25 status=2
2017-02-17 09:28:06,723-0200 INFO  Execute TASK_STATUS_CHANGE taskid=task-51 status=2
2017-02-17 09:28:06,731-0200 INFO  Execute TASK_STATUS_CHANGE taskid=task-29 status=2
2017-02-17 09:28:06,731-0200 INFO  Execute TASK_STATUS_CHANGE taskid=task-41 status=2
2017-02-17 09:28:06,752-0200 INFO  Execute TASK_STATUS_CHANGE taskid=task-52 status=2
2017-02-17 09:28:07,618-0200 INFO  RuntimeStats$ProgressTicker HeapMax: 954728448, CrtHeap: 121110528, UsedHeap: 34843640, JVMThreads: 39
2017-02-17 09:28:07,619-0200 INFO  RuntimeStats$ProgressTicker   Selecting site:1  Active:9
2017-02-17 09:28:07,835-0200 INFO  LateBindingScheduler jobs queued: 1
2017-02-17 09:28:07,835-0200 INFO  Execute TASK_STATUS_CHANGE taskid=task-51 status=7
2017-02-17 09:28:07,836-0200 DEBUG swift START jobid=simulate-d67ya34n-0
2017-02-17 09:28:07,837-0200 INFO  LateBindingScheduler jobs queued: 1
2017-02-17 09:28:07,837-0200 INFO  swift SUCCESS jobid=simulate-d67ya34n-0 - Success file found
2017-02-17 09:28:07,837-0200 DEBUG swift STAGING_OUT jobid=simulate-d67ya34n-0
2017-02-17 09:28:07,837-0200 INFO  swift START jobid=simulate-d67ya34n-0 - Staging out files
2017-02-17 09:28:07,837-0200 DEBUG swift stageouts: [file://localhost/output/sim_7.out, file://localhost/output/sim_7.log]
2017-02-17 09:28:07,839-0200 DEBUG swift FILE_STAGE_OUT_START srcname=sim_7.out srcdir=p5-run002/shared/output srchost=local destdir=output desthost=localhost provider=file jobid=simulate-d67ya34n-0
2017-02-17 09:28:07,839-0200 DEBUG swift FILE_STAGE_OUT_START srcname=sim_7.log srcdir=p5-run002/shared/output srchost=local destdir=output desthost=localhost provider=file jobid=simulate-d67ya34n-0
2017-02-17 09:28:07,840-0200 INFO  LateBindingScheduler jobs queued: 1
2017-02-17 09:28:07,840-0200 INFO  LateBindingScheduler jobs queued: 1
2017-02-17 09:28:07,845-0200 DEBUG swift CDM: file://localhost/output/sim_7.log : DEFAULT
2017-02-17 09:28:07,846-0200 DEBUG swift CDM: file://localhost/output/sim_7.out : DEFAULT
2017-02-17 09:28:07,856-0200 INFO  LateBindingScheduler jobs queued: 1
2017-02-17 09:28:07,856-0200 INFO  LateBindingScheduler jobs queued: 1
2017-02-17 09:28:07,856-0200 DEBUG swift FILE_STAGE_OUT_END srcname=sim_7.out srcdir=p5-run002/shared/output srchost=local destdir=output desthost=localhost provider=file
2017-02-17 09:28:07,856-0200 DEBUG swift FILE_STAGE_OUT_END srcname=sim_7.log srcdir=p5-run002/shared/output srchost=local destdir=output desthost=localhost provider=file
2017-02-17 09:28:07,859-0200 INFO  LateBindingScheduler jobs queued: 1
2017-02-17 09:28:07,860-0200 INFO  LateBindingScheduler jobs queued: 1
2017-02-17 09:28:07,860-0200 INFO  Execute TASK_STATUS_CHANGE taskid=task-57 status=7
2017-02-17 09:28:07,861-0200 DEBUG swift START jobid=simulate-e67ya34n-0
2017-02-17 09:28:07,861-0200 INFO  LateBindingScheduler jobs queued: 1
2017-02-17 09:28:07,862-0200 INFO  swift SUCCESS jobid=simulate-e67ya34n-0 - Success file found
2017-02-17 09:28:07,862-0200 DEBUG swift STAGING_OUT jobid=simulate-e67ya34n-0
2017-02-17 09:28:07,862-0200 INFO  swift START jobid=simulate-e67ya34n-0 - Staging out files
2017-02-17 09:28:07,862-0200 DEBUG swift stageouts: [file://localhost/output/sim_9.out, file://localhost/output/sim_9.log]
2017-02-17 09:28:07,862-0200 DEBUG swift FILE_STAGE_OUT_START srcname=sim_9.out srcdir=p5-run002/shared/output srchost=local destdir=output desthost=localhost provider=file jobid=simulate-e67ya34n-0
2017-02-17 09:28:07,863-0200 DEBUG swift FILE_STAGE_OUT_START srcname=sim_9.log srcdir=p5-run002/shared/output srchost=local destdir=output desthost=localhost provider=file jobid=simulate-e67ya34n-0
2017-02-17 09:28:07,864-0200 INFO  LateBindingScheduler jobs queued: 1
2017-02-17 09:28:07,865-0200 INFO  LateBindingScheduler jobs queued: 1
2017-02-17 09:28:07,865-0200 DEBUG swift CDM: file://localhost/output/sim_9.out : DEFAULT
2017-02-17 09:28:07,865-0200 DEBUG swift CDM: file://localhost/output/sim_9.log : DEFAULT
2017-02-17 09:28:07,866-0200 INFO  LateBindingScheduler jobs queued: 1
2017-02-17 09:28:07,868-0200 INFO  LateBindingScheduler jobs queued: 1
2017-02-17 09:28:07,869-0200 DEBUG swift FILE_STAGE_OUT_END srcname=sim_9.out srcdir=p5-run002/shared/output srchost=local destdir=output desthost=localhost provider=file
2017-02-17 09:28:07,870-0200 INFO  swift END jobid=simulate-d67ya34n-0 - Staging out finished
2017-02-17 09:28:07,870-0200 INFO  LateBindingScheduler jobs queued: 1
2017-02-17 09:28:07,873-0200 INFO  LateBindingScheduler jobs queued: 1
2017-02-17 09:28:07,874-0200 DEBUG swift FILE_STAGE_OUT_END srcname=sim_9.log srcdir=p5-run002/shared/output srchost=local destdir=output desthost=localhost provider=file
2017-02-17 09:28:07,874-0200 INFO  LateBindingScheduler jobs queued: 1
2017-02-17 09:28:07,879-0200 INFO  LateBindingScheduler jobs queued: 1
2017-02-17 09:28:07,879-0200 DEBUG swift JOB_END jobid=simulate-d67ya34n-0
2017-02-17 09:28:07,879-0200 INFO  swift END_SUCCESS jobid=simulate-d67ya34n tr=simulate
2017-02-17 09:28:07,880-0200 DEBUG swift PROCEDURE_END line=3 thread=2-0-7-4-16-7-51-2 name=simulation
2017-02-17 09:28:07,880-0200 DEBUG swift THREAD_ASSOCIATION jobid=simulate-867ya34n-0 host=local thread=2-0-7-4-12-3-33-2
2017-02-17 09:28:07,880-0200 INFO  swift START jobid=simulate-867ya34n-0 host=local - Initializing directory structure
2017-02-17 09:28:07,881-0200 INFO  swift END jobid=simulate-867ya34n-0 - Done initializing directory structure
2017-02-17 09:28:07,881-0200 INFO  swift START jobid=simulate-867ya34n-0 - Staging in files []
2017-02-17 09:28:07,881-0200 INFO  swift END jobid=simulate-867ya34n-0 - Staging in finished
2017-02-17 09:28:07,881-0200 DEBUG swift JOB_START jobid=simulate-867ya34n-0 tr=simulate arguments=[--timesteps, 1, --range, 100, --nvalues, 5] tmpdir=p5-run002/jobs/s/simulate-867ya34n-0
2017-02-17 09:28:07,881-0200 INFO  swift END jobid=simulate-e67ya34n-0 - Staging out finished
2017-02-17 09:28:07,881-0200 INFO  Execute JOB_TASK jobid=simulate-867ya34n-0 taskid=task-33 exec=/bin/bash dir=p5-run002 args=shared/_swiftwrap simulate-867ya34n-0 -jobdir s -scratch  -e simulate -out output/sim_3.out -err output/sim_3.log -i -d output -if  -of output/sim_3.out|output/sim_3.log -cf  -cdmfile -status files -a --timesteps 1 --range 100 --nvalues 5
2017-02-17 09:28:07,882-0200 INFO  Execute TASK_STATUS_CHANGE taskid=task-33 status=8
2017-02-17 09:28:07,882-0200 INFO  Execute TASK_STATUS_CHANGE taskid=task-33 status=1
2017-02-17 09:28:07,883-0200 INFO  LateBindingScheduler jobs queued: 0
2017-02-17 09:28:07,900-0200 INFO  LateBindingScheduler jobs queued: 0
2017-02-17 09:28:07,900-0200 INFO  Execute TASK_STATUS_CHANGE taskid=task-33 status=2
2017-02-17 09:28:07,903-0200 INFO  Execute TASK_STATUS_CHANGE taskid=task-21 status=7
2017-02-17 09:28:07,904-0200 DEBUG swift JOB_END jobid=simulate-e67ya34n-0
2017-02-17 09:28:07,904-0200 DEBUG swift START jobid=simulate-a67ya34n-0
2017-02-17 09:28:07,904-0200 INFO  swift END_SUCCESS jobid=simulate-e67ya34n tr=simulate
2017-02-17 09:28:07,904-0200 DEBUG swift PROCEDURE_END line=3 thread=2-0-7-4-18-9-57-2 name=simulation
2017-02-17 09:28:07,904-0200 INFO  LateBindingScheduler jobs queued: 0
2017-02-17 09:28:07,905-0200 INFO  swift SUCCESS jobid=simulate-a67ya34n-0 - Success file found
2017-02-17 09:28:07,905-0200 DEBUG swift STAGING_OUT jobid=simulate-a67ya34n-0
2017-02-17 09:28:07,905-0200 INFO  swift START jobid=simulate-a67ya34n-0 - Staging out files
2017-02-17 09:28:07,905-0200 DEBUG swift stageouts: [file://localhost/output/sim_0.log, file://localhost/output/sim_0.out]
2017-02-17 09:28:07,905-0200 DEBUG swift FILE_STAGE_OUT_START srcname=sim_0.log srcdir=p5-run002/shared/output srchost=local destdir=output desthost=localhost provider=file jobid=simulate-a67ya34n-0
2017-02-17 09:28:07,905-0200 DEBUG swift FILE_STAGE_OUT_START srcname=sim_0.out srcdir=p5-run002/shared/output srchost=local destdir=output desthost=localhost provider=file jobid=simulate-a67ya34n-0
2017-02-17 09:28:07,906-0200 INFO  LateBindingScheduler jobs queued: 0
2017-02-17 09:28:07,907-0200 INFO  LateBindingScheduler jobs queued: 0
2017-02-17 09:28:07,907-0200 DEBUG swift CDM: file://localhost/output/sim_0.log : DEFAULT
2017-02-17 09:28:07,907-0200 DEBUG swift CDM: file://localhost/output/sim_0.out : DEFAULT
2017-02-17 09:28:07,912-0200 INFO  LateBindingScheduler jobs queued: 0
2017-02-17 09:28:07,912-0200 INFO  LateBindingScheduler jobs queued: 0
2017-02-17 09:28:07,915-0200 DEBUG swift FILE_STAGE_OUT_END srcname=sim_0.out srcdir=p5-run002/shared/output srchost=local destdir=output desthost=localhost provider=file
2017-02-17 09:28:07,915-0200 DEBUG swift FILE_STAGE_OUT_END srcname=sim_0.log srcdir=p5-run002/shared/output srchost=local destdir=output desthost=localhost provider=file
2017-02-17 09:28:07,917-0200 INFO  LateBindingScheduler jobs queued: 0
2017-02-17 09:28:07,917-0200 INFO  LateBindingScheduler jobs queued: 0
2017-02-17 09:28:07,918-0200 INFO  swift END jobid=simulate-a67ya34n-0 - Staging out finished
2017-02-17 09:28:07,921-0200 INFO  LateBindingScheduler jobs queued: 0
2017-02-17 09:28:07,921-0200 INFO  Execute TASK_STATUS_CHANGE taskid=task-45 status=7
2017-02-17 09:28:07,921-0200 DEBUG swift START jobid=simulate-c67ya34n-0
2017-02-17 09:28:07,922-0200 INFO  LateBindingScheduler jobs queued: 0
2017-02-17 09:28:07,922-0200 INFO  Execute TASK_STATUS_CHANGE taskid=task-29 status=7
2017-02-17 09:28:07,922-0200 INFO  LateBindingScheduler jobs queued: 0
2017-02-17 09:28:07,922-0200 DEBUG swift START jobid=simulate-567ya34n-0
2017-02-17 09:28:07,923-0200 INFO  swift SUCCESS jobid=simulate-c67ya34n-0 - Success file found
2017-02-17 09:28:07,923-0200 DEBUG swift STAGING_OUT jobid=simulate-c67ya34n-0
2017-02-17 09:28:07,923-0200 INFO  LateBindingScheduler jobs queued: 0
2017-02-17 09:28:07,923-0200 INFO  swift START jobid=simulate-c67ya34n-0 - Staging out files
2017-02-17 09:28:07,923-0200 DEBUG swift stageouts: [file://localhost/output/sim_6.out, file://localhost/output/sim_6.log]
2017-02-17 09:28:07,923-0200 INFO  swift SUCCESS jobid=simulate-567ya34n-0 - Success file found
2017-02-17 09:28:07,923-0200 INFO  LateBindingScheduler jobs queued: 0
2017-02-17 09:28:07,923-0200 DEBUG swift STAGING_OUT jobid=simulate-567ya34n-0
2017-02-17 09:28:07,923-0200 INFO  Execute TASK_STATUS_CHANGE taskid=task-52 status=7
2017-02-17 09:28:07,924-0200 INFO  swift START jobid=simulate-567ya34n-0 - Staging out files
2017-02-17 09:28:07,924-0200 DEBUG swift stageouts: [file://localhost/output/sim_2.log, file://localhost/output/sim_2.out]
2017-02-17 09:28:07,924-0200 DEBUG swift FILE_STAGE_OUT_START srcname=sim_6.out srcdir=p5-run002/shared/output srchost=local destdir=output desthost=localhost provider=file jobid=simulate-c67ya34n-0
2017-02-17 09:28:07,924-0200 DEBUG swift FILE_STAGE_OUT_START srcname=sim_6.log srcdir=p5-run002/shared/output srchost=local destdir=output desthost=localhost provider=file jobid=simulate-c67ya34n-0
2017-02-17 09:28:07,924-0200 INFO  LateBindingScheduler jobs queued: 2
2017-02-17 09:28:07,924-0200 DEBUG swift START jobid=simulate-667ya34n-0
2017-02-17 09:28:07,925-0200 DEBUG swift FILE_STAGE_OUT_START srcname=sim_2.log srcdir=p5-run002/shared/output srchost=local destdir=output desthost=localhost provider=file jobid=simulate-567ya34n-0
2017-02-17 09:28:07,925-0200 DEBUG swift FILE_STAGE_OUT_START srcname=sim_2.out srcdir=p5-run002/shared/output srchost=local destdir=output desthost=localhost provider=file jobid=simulate-567ya34n-0
2017-02-17 09:28:07,925-0200 DEBUG swift JOB_END jobid=simulate-a67ya34n-0
2017-02-17 09:28:07,925-0200 INFO  swift END_SUCCESS jobid=simulate-a67ya34n tr=simulate
2017-02-17 09:28:07,925-0200 DEBUG swift PROCEDURE_END line=3 thread=2-0-7-4-9-0-21-2 name=simulation
2017-02-17 09:28:07,926-0200 INFO  LateBindingScheduler jobs queued: 2
2017-02-17 09:28:07,926-0200 INFO  LateBindingScheduler jobs queued: 0
2017-02-17 09:28:07,927-0200 DEBUG swift CDM: file://localhost/output/sim_6.out : DEFAULT
2017-02-17 09:28:07,927-0200 INFO  LateBindingScheduler jobs queued: 0
2017-02-17 09:28:07,927-0200 DEBUG swift CDM: file://localhost/output/sim_6.log : DEFAULT
2017-02-17 09:28:07,927-0200 INFO  swift SUCCESS jobid=simulate-667ya34n-0 - Success file found
2017-02-17 09:28:07,927-0200 INFO  LateBindingScheduler jobs queued: 2
2017-02-17 09:28:07,927-0200 DEBUG swift STAGING_OUT jobid=simulate-667ya34n-0
2017-02-17 09:28:07,927-0200 INFO  swift START jobid=simulate-667ya34n-0 - Staging out files
2017-02-17 09:28:07,927-0200 DEBUG swift stageouts: [file://localhost/output/sim_8.log, file://localhost/output/sim_8.out]
2017-02-17 09:28:07,927-0200 DEBUG swift CDM: file://localhost/output/sim_2.out : DEFAULT
2017-02-17 09:28:07,927-0200 INFO  LateBindingScheduler jobs queued: 0
2017-02-17 09:28:07,928-0200 DEBUG swift FILE_STAGE_OUT_START srcname=sim_8.log srcdir=p5-run002/shared/output srchost=local destdir=output desthost=localhost provider=file jobid=simulate-667ya34n-0
2017-02-17 09:28:07,928-0200 DEBUG swift FILE_STAGE_OUT_START srcname=sim_8.out srcdir=p5-run002/shared/output srchost=local destdir=output desthost=localhost provider=file jobid=simulate-667ya34n-0
2017-02-17 09:28:07,928-0200 DEBUG swift CDM: file://localhost/output/sim_2.log : DEFAULT
2017-02-17 09:28:07,929-0200 INFO  LateBindingScheduler jobs queued: 0
2017-02-17 09:28:07,929-0200 DEBUG swift CDM: file://localhost/output/sim_8.log : DEFAULT
2017-02-17 09:28:07,929-0200 INFO  LateBindingScheduler jobs queued: 0
2017-02-17 09:28:07,929-0200 DEBUG swift CDM: file://localhost/output/sim_8.out : DEFAULT
2017-02-17 09:28:07,929-0200 INFO  LateBindingScheduler jobs queued: 1
2017-02-17 09:28:07,930-0200 DEBUG swift FILE_STAGE_OUT_END srcname=sim_6.out srcdir=p5-run002/shared/output srchost=local destdir=output desthost=localhost provider=file
2017-02-17 09:28:07,931-0200 INFO  LateBindingScheduler jobs queued: 1
2017-02-17 09:28:07,932-0200 INFO  LateBindingScheduler jobs queued: 1
2017-02-17 09:28:07,934-0200 DEBUG swift FILE_STAGE_OUT_END srcname=sim_2.out srcdir=p5-run002/shared/output srchost=local destdir=output desthost=localhost provider=file
2017-02-17 09:28:07,933-0200 INFO  LateBindingScheduler jobs queued: 1
2017-02-17 09:28:07,935-0200 DEBUG swift FILE_STAGE_OUT_END srcname=sim_8.log srcdir=p5-run002/shared/output srchost=local destdir=output desthost=localhost provider=file
2017-02-17 09:28:07,935-0200 INFO  LateBindingScheduler jobs queued: 1
2017-02-17 09:28:07,933-0200 INFO  LateBindingScheduler jobs queued: 1
2017-02-17 09:28:07,936-0200 INFO  LateBindingScheduler jobs queued: 0
2017-02-17 09:28:07,933-0200 INFO  LateBindingScheduler jobs queued: 1
2017-02-17 09:28:07,937-0200 DEBUG swift FILE_STAGE_OUT_END srcname=sim_6.log srcdir=p5-run002/shared/output srchost=local destdir=output desthost=localhost provider=file
2017-02-17 09:28:07,938-0200 DEBUG swift FILE_STAGE_OUT_END srcname=sim_2.log srcdir=p5-run002/shared/output srchost=local destdir=output desthost=localhost provider=file
2017-02-17 09:28:07,938-0200 INFO  LateBindingScheduler jobs queued: 0
2017-02-17 09:28:07,938-0200 INFO  LateBindingScheduler jobs queued: 0
2017-02-17 09:28:07,939-0200 INFO  swift END jobid=simulate-c67ya34n-0 - Staging out finished
2017-02-17 09:28:07,939-0200 INFO  LateBindingScheduler jobs queued: 0
2017-02-17 09:28:07,940-0200 INFO  swift END jobid=simulate-567ya34n-0 - Staging out finished
2017-02-17 09:28:07,940-0200 DEBUG swift FILE_STAGE_OUT_END srcname=sim_8.out srcdir=p5-run002/shared/output srchost=local destdir=output desthost=localhost provider=file
2017-02-17 09:28:07,941-0200 INFO  LateBindingScheduler jobs queued: 0
2017-02-17 09:28:07,941-0200 INFO  Execute TASK_STATUS_CHANGE taskid=task-25 status=7
2017-02-17 09:28:07,941-0200 INFO  LateBindingScheduler jobs queued: 0
2017-02-17 09:28:07,941-0200 INFO  LateBindingScheduler jobs queued: 0
2017-02-17 09:28:07,941-0200 INFO  Execute TASK_STATUS_CHANGE taskid=task-37 status=7
2017-02-17 09:28:07,942-0200 DEBUG swift START jobid=simulate-767ya34n-0
2017-02-17 09:28:07,942-0200 DEBUG swift START jobid=simulate-b67ya34n-0
2017-02-17 09:28:07,943-0200 DEBUG swift FOREACH_IT_END line=20 thread=2-0-7-4-16-7
2017-02-17 09:28:07,944-0200 INFO  swift END jobid=simulate-667ya34n-0 - Staging out finished
2017-02-17 09:28:07,945-0200 DEBUG swift FOREACH_IT_END line=20 thread=2-0-7-4-18-9
2017-02-17 09:28:07,946-0200 DEBUG swift FOREACH_IT_END line=20 thread=2-0-7-4-9-0
2017-02-17 09:28:07,947-0200 INFO  LateBindingScheduler jobs queued: 0
2017-02-17 09:28:07,948-0200 INFO  LateBindingScheduler jobs queued: 0
2017-02-17 09:28:07,948-0200 INFO  swift SUCCESS jobid=simulate-b67ya34n-0 - Success file found
2017-02-17 09:28:07,948-0200 INFO  swift SUCCESS jobid=simulate-767ya34n-0 - Success file found
2017-02-17 09:28:07,948-0200 DEBUG swift STAGING_OUT jobid=simulate-b67ya34n-0
2017-02-17 09:28:07,948-0200 DEBUG swift STAGING_OUT jobid=simulate-767ya34n-0
2017-02-17 09:28:07,948-0200 INFO  swift START jobid=simulate-b67ya34n-0 - Staging out files
2017-02-17 09:28:07,948-0200 INFO  swift START jobid=simulate-767ya34n-0 - Staging out files
2017-02-17 09:28:07,948-0200 DEBUG swift stageouts: [file://localhost/output/sim_4.out, file://localhost/output/sim_4.log]
2017-02-17 09:28:07,948-0200 DEBUG swift stageouts: [file://localhost/output/sim_1.out, file://localhost/output/sim_1.log]
2017-02-17 09:28:07,949-0200 DEBUG swift FILE_STAGE_OUT_START srcname=sim_1.out srcdir=p5-run002/shared/output srchost=local destdir=output desthost=localhost provider=file jobid=simulate-767ya34n-0
2017-02-17 09:28:07,949-0200 DEBUG swift FILE_STAGE_OUT_START srcname=sim_4.out srcdir=p5-run002/shared/output srchost=local destdir=output desthost=localhost provider=file jobid=simulate-b67ya34n-0
2017-02-17 09:28:07,949-0200 DEBUG swift FILE_STAGE_OUT_START srcname=sim_1.log srcdir=p5-run002/shared/output srchost=local destdir=output desthost=localhost provider=file jobid=simulate-767ya34n-0
2017-02-17 09:28:07,949-0200 DEBUG swift FILE_STAGE_OUT_START srcname=sim_4.log srcdir=p5-run002/shared/output srchost=local destdir=output desthost=localhost provider=file jobid=simulate-b67ya34n-0
2017-02-17 09:28:07,949-0200 INFO  LateBindingScheduler jobs queued: 1
2017-02-17 09:28:07,950-0200 INFO  LateBindingScheduler jobs queued: 1
2017-02-17 09:28:07,950-0200 INFO  LateBindingScheduler jobs queued: 1
2017-02-17 09:28:07,950-0200 DEBUG swift CDM: file://localhost/output/sim_1.out : DEFAULT
2017-02-17 09:28:07,950-0200 DEBUG swift CDM: file://localhost/output/sim_1.log : DEFAULT
2017-02-17 09:28:07,950-0200 DEBUG swift CDM: file://localhost/output/sim_4.out : DEFAULT
2017-02-17 09:28:07,951-0200 INFO  LateBindingScheduler jobs queued: 2
2017-02-17 09:28:07,951-0200 DEBUG swift CDM: file://localhost/output/sim_4.log : DEFAULT
2017-02-17 09:28:07,953-0200 INFO  LateBindingScheduler jobs queued: 3
2017-02-17 09:28:07,953-0200 DEBUG swift FILE_STAGE_OUT_END srcname=sim_1.out srcdir=p5-run002/shared/output srchost=local destdir=output desthost=localhost provider=file
2017-02-17 09:28:07,954-0200 INFO  LateBindingScheduler jobs queued: 2
2017-02-17 09:28:07,955-0200 INFO  LateBindingScheduler jobs queued: 2
2017-02-17 09:28:07,955-0200 DEBUG swift FILE_STAGE_OUT_END srcname=sim_1.log srcdir=p5-run002/shared/output srchost=local destdir=output desthost=localhost provider=file
2017-02-17 09:28:07,955-0200 INFO  LateBindingScheduler jobs queued: 1
2017-02-17 09:28:07,956-0200 INFO  LateBindingScheduler jobs queued: 1
2017-02-17 09:28:07,956-0200 INFO  LateBindingScheduler jobs queued: 0
2017-02-17 09:28:07,956-0200 DEBUG swift JOB_END jobid=simulate-c67ya34n-0
2017-02-17 09:28:07,956-0200 INFO  swift END_SUCCESS jobid=simulate-c67ya34n tr=simulate
2017-02-17 09:28:07,956-0200 DEBUG swift PROCEDURE_END line=3 thread=2-0-7-4-15-6-45-2 name=simulation
2017-02-17 09:28:07,957-0200 INFO  swift END jobid=simulate-767ya34n-0 - Staging out finished
2017-02-17 09:28:07,957-0200 DEBUG swift JOB_END jobid=simulate-667ya34n-0
2017-02-17 09:28:07,958-0200 INFO  swift END_SUCCESS jobid=simulate-667ya34n tr=simulate
2017-02-17 09:28:07,958-0200 DEBUG swift PROCEDURE_END line=3 thread=2-0-7-4-17-8-52-2 name=simulation
2017-02-17 09:28:07,959-0200 INFO  LateBindingScheduler jobs queued: 0
2017-02-17 09:28:07,960-0200 DEBUG swift JOB_END jobid=simulate-567ya34n-0
2017-02-17 09:28:07,960-0200 INFO  swift END_SUCCESS jobid=simulate-567ya34n tr=simulate
2017-02-17 09:28:07,960-0200 DEBUG swift PROCEDURE_END line=3 thread=2-0-7-4-11-2-29-2 name=simulation
2017-02-17 09:28:07,963-0200 INFO  LateBindingScheduler jobs queued: 0
2017-02-17 09:28:07,963-0200 INFO  Execute TASK_STATUS_CHANGE taskid=task-41 status=7
2017-02-17 09:28:07,964-0200 DEBUG swift START jobid=simulate-967ya34n-0
2017-02-17 09:28:07,964-0200 INFO  LateBindingScheduler jobs queued: 0
2017-02-17 09:28:07,965-0200 INFO  swift SUCCESS jobid=simulate-967ya34n-0 - Success file found
2017-02-17 09:28:07,965-0200 DEBUG swift STAGING_OUT jobid=simulate-967ya34n-0
2017-02-17 09:28:07,965-0200 INFO  LateBindingScheduler jobs queued: 0
2017-02-17 09:28:07,965-0200 INFO  swift START jobid=simulate-967ya34n-0 - Staging out files
2017-02-17 09:28:07,965-0200 DEBUG swift stageouts: [file://localhost/output/sim_5.out, file://localhost/output/sim_5.log]
2017-02-17 09:28:07,965-0200 DEBUG swift FILE_STAGE_OUT_END srcname=sim_4.out srcdir=p5-run002/shared/output srchost=local destdir=output desthost=localhost provider=file
2017-02-17 09:28:07,965-0200 DEBUG swift FILE_STAGE_OUT_START srcname=sim_5.out srcdir=p5-run002/shared/output srchost=local destdir=output desthost=localhost provider=file jobid=simulate-967ya34n-0
2017-02-17 09:28:07,966-0200 DEBUG swift FILE_STAGE_OUT_START srcname=sim_5.log srcdir=p5-run002/shared/output srchost=local destdir=output desthost=localhost provider=file jobid=simulate-967ya34n-0
2017-02-17 09:28:07,966-0200 INFO  LateBindingScheduler jobs queued: 0
2017-02-17 09:28:07,966-0200 INFO  LateBindingScheduler jobs queued: 0
2017-02-17 09:28:07,967-0200 DEBUG swift CDM: file://localhost/output/sim_5.out : DEFAULT
2017-02-17 09:28:07,967-0200 INFO  LateBindingScheduler jobs queued: 0
2017-02-17 09:28:07,967-0200 DEBUG swift CDM: file://localhost/output/sim_5.log : DEFAULT
2017-02-17 09:28:07,968-0200 INFO  LateBindingScheduler jobs queued: 0
2017-02-17 09:28:07,969-0200 DEBUG swift FILE_STAGE_OUT_END srcname=sim_4.log srcdir=p5-run002/shared/output srchost=local destdir=output desthost=localhost provider=file
2017-02-17 09:28:07,969-0200 INFO  LateBindingScheduler jobs queued: 0
2017-02-17 09:28:07,970-0200 DEBUG swift JOB_END jobid=simulate-767ya34n-0
2017-02-17 09:28:07,970-0200 INFO  swift END_SUCCESS jobid=simulate-767ya34n tr=simulate
2017-02-17 09:28:07,970-0200 DEBUG swift PROCEDURE_END line=3 thread=2-0-7-4-10-1-25-2 name=simulation
2017-02-17 09:28:07,972-0200 INFO  LateBindingScheduler jobs queued: 0
2017-02-17 09:28:07,973-0200 INFO  swift END jobid=simulate-b67ya34n-0 - Staging out finished
2017-02-17 09:28:07,975-0200 INFO  LateBindingScheduler jobs queued: 0
2017-02-17 09:28:07,976-0200 DEBUG swift JOB_END jobid=simulate-b67ya34n-0
2017-02-17 09:28:07,976-0200 INFO  swift END_SUCCESS jobid=simulate-b67ya34n tr=simulate
2017-02-17 09:28:07,976-0200 DEBUG swift PROCEDURE_END line=3 thread=2-0-7-4-13-4-37-2 name=simulation
2017-02-17 09:28:07,976-0200 INFO  LateBindingScheduler jobs queued: 0
2017-02-17 09:28:07,977-0200 DEBUG swift FILE_STAGE_OUT_END srcname=sim_5.out srcdir=p5-run002/shared/output srchost=local destdir=output desthost=localhost provider=file
2017-02-17 09:28:07,977-0200 INFO  LateBindingScheduler jobs queued: 0
2017-02-17 09:28:07,979-0200 INFO  LateBindingScheduler jobs queued: 0
2017-02-17 09:28:07,980-0200 DEBUG swift FILE_STAGE_OUT_END srcname=sim_5.log srcdir=p5-run002/shared/output srchost=local destdir=output desthost=localhost provider=file
2017-02-17 09:28:07,980-0200 INFO  LateBindingScheduler jobs queued: 0
2017-02-17 09:28:07,981-0200 INFO  swift END jobid=simulate-967ya34n-0 - Staging out finished
2017-02-17 09:28:07,982-0200 INFO  LateBindingScheduler jobs queued: 0
2017-02-17 09:28:07,983-0200 DEBUG swift JOB_END jobid=simulate-967ya34n-0
2017-02-17 09:28:07,983-0200 INFO  swift END_SUCCESS jobid=simulate-967ya34n tr=simulate
2017-02-17 09:28:07,983-0200 DEBUG swift PROCEDURE_END line=3 thread=2-0-7-4-14-5-41-2 name=simulation
2017-02-17 09:28:07,998-0200 DEBUG swift FOREACH_IT_END line=20 thread=2-0-7-4-13-4
2017-02-17 09:28:07,998-0200 DEBUG swift FOREACH_IT_END line=20 thread=2-0-7-4-10-1
2017-02-17 09:28:07,998-0200 DEBUG swift FOREACH_IT_END line=20 thread=2-0-7-4-15-6
2017-02-17 09:28:07,998-0200 DEBUG swift FOREACH_IT_END line=20 thread=2-0-7-4-17-8
2017-02-17 09:28:07,998-0200 DEBUG swift FOREACH_IT_END line=20 thread=2-0-7-4-11-2
2017-02-17 09:28:07,999-0200 DEBUG swift FOREACH_IT_END line=20 thread=2-0-7-4-14-5
2017-02-17 09:28:08,619-0200 INFO  RuntimeStats$ProgressTicker HeapMax: 954728448, CrtHeap: 121110528, UsedHeap: 10531528, JVMThreads: 39
2017-02-17 09:28:08,619-0200 INFO  RuntimeStats$ProgressTicker   Active:1  Finished successfully:9
2017-02-17 09:28:09,029-0200 INFO  LateBindingScheduler jobs queued: 0
2017-02-17 09:28:09,029-0200 INFO  Execute TASK_STATUS_CHANGE taskid=task-33 status=7
2017-02-17 09:28:09,029-0200 DEBUG swift START jobid=simulate-867ya34n-0
2017-02-17 09:28:09,030-0200 INFO  LateBindingScheduler jobs queued: 0
2017-02-17 09:28:09,030-0200 INFO  swift SUCCESS jobid=simulate-867ya34n-0 - Success file found
2017-02-17 09:28:09,030-0200 DEBUG swift STAGING_OUT jobid=simulate-867ya34n-0
2017-02-17 09:28:09,030-0200 INFO  swift START jobid=simulate-867ya34n-0 - Staging out files
2017-02-17 09:28:09,030-0200 DEBUG swift stageouts: [file://localhost/output/sim_3.out, file://localhost/output/sim_3.log]
2017-02-17 09:28:09,030-0200 DEBUG swift FILE_STAGE_OUT_START srcname=sim_3.out srcdir=p5-run002/shared/output srchost=local destdir=output desthost=localhost provider=file jobid=simulate-867ya34n-0
2017-02-17 09:28:09,031-0200 DEBUG swift FILE_STAGE_OUT_START srcname=sim_3.log srcdir=p5-run002/shared/output srchost=local destdir=output desthost=localhost provider=file jobid=simulate-867ya34n-0
2017-02-17 09:28:09,031-0200 INFO  LateBindingScheduler jobs queued: 0
2017-02-17 09:28:09,031-0200 DEBUG swift CDM: file://localhost/output/sim_3.out : DEFAULT
2017-02-17 09:28:09,031-0200 INFO  LateBindingScheduler jobs queued: 0
2017-02-17 09:28:09,031-0200 DEBUG swift CDM: file://localhost/output/sim_3.log : DEFAULT
2017-02-17 09:28:09,032-0200 INFO  LateBindingScheduler jobs queued: 0
2017-02-17 09:28:09,033-0200 DEBUG swift FILE_STAGE_OUT_END srcname=sim_3.log srcdir=p5-run002/shared/output srchost=local destdir=output desthost=localhost provider=file
2017-02-17 09:28:09,033-0200 INFO  LateBindingScheduler jobs queued: 0
2017-02-17 09:28:09,034-0200 INFO  LateBindingScheduler jobs queued: 0
2017-02-17 09:28:09,034-0200 DEBUG swift FILE_STAGE_OUT_END srcname=sim_3.out srcdir=p5-run002/shared/output srchost=local destdir=output desthost=localhost provider=file
2017-02-17 09:28:09,035-0200 INFO  LateBindingScheduler jobs queued: 0
2017-02-17 09:28:09,036-0200 INFO  swift END jobid=simulate-867ya34n-0 - Staging out finished
2017-02-17 09:28:09,037-0200 INFO  LateBindingScheduler jobs queued: 0
2017-02-17 09:28:09,038-0200 DEBUG swift JOB_END jobid=simulate-867ya34n-0
2017-02-17 09:28:09,038-0200 INFO  swift END_SUCCESS jobid=simulate-867ya34n tr=simulate
2017-02-17 09:28:09,038-0200 DEBUG swift PROCEDURE_END line=3 thread=2-0-7-4-12-3-33-2 name=simulation
2017-02-17 09:28:09,095-0200 DEBUG swift FOREACH_IT_END line=20 thread=2-0-7-4-12-3
2017-02-17 09:28:09,095-0200 DEBUG swift JOB_INIT jobid=stats-f67ya34n tr=stats
2017-02-17 09:28:09,095-0200 DEBUG swift JOB_SITE_SELECT jobid=stats-f67ya34n-0
2017-02-17 09:28:09,096-0200 DEBUG swift THREAD_ASSOCIATION jobid=stats-f67ya34n-0 host=local thread=2-0-8-5
2017-02-17 09:28:09,098-0200 INFO  swift START jobid=stats-f67ya34n-0 host=local - Initializing directory structure
2017-02-17 09:28:09,098-0200 INFO  swift START path=_concurrent/sims-18-2-0 dir=p5-run002/shared - Creating directory structure
2017-02-17 09:28:09,099-0200 INFO  LateBindingScheduler jobs queued: 0
2017-02-17 09:28:09,099-0200 INFO  swift END jobid=stats-f67ya34n-0 - Done initializing directory structure
2017-02-17 09:28:09,099-0200 INFO  swift START jobid=stats-f67ya34n-0 - Staging in files [file://localhost/_concurrent/sims-18-2-0/[8], file://localhost/_concurrent/sims-18-2-0/[7], file://localhost/_concurrent/sims-18-2-0/[5], file://localhost/_concurrent/sims-18-2-0/[3], file://localhost/_concurrent/sims-18-2-0/[4], file://localhost/_concurrent/sims-18-2-0/[9], file://localhost/_concurrent/sims-18-2-0/[2], file://localhost/_concurrent/sims-18-2-0/[0], file://localhost/_concurrent/sims-18-2-0/[1], file://localhost/_concurrent/sims-18-2-0/[6]]
2017-02-17 09:28:09,100-0200 INFO  LateBindingScheduler jobs queued: 4
2017-02-17 09:28:09,101-0200 INFO  LateBindingScheduler jobs queued: 1
2017-02-17 09:28:09,101-0200 DEBUG swift CDM: file://localhost/_concurrent/sims-18-2-0/[8] : DEFAULT
2017-02-17 09:28:09,101-0200 DEBUG swift FILE_STAGE_IN_START file=[8] srchost=localhost srcdir=_concurrent/sims-18-2-0 srcname=[8] desthost=local destdir=p5-run002/shared/_concurrent/sims-18-2-0 provider=file policy=DEFAULT
2017-02-17 09:28:09,101-0200 INFO  LateBindingScheduler jobs queued: 1
2017-02-17 09:28:09,101-0200 DEBUG swift CDM: file://localhost/_concurrent/sims-18-2-0/[5] : DEFAULT
2017-02-17 09:28:09,102-0200 INFO  LateBindingScheduler jobs queued: 2
2017-02-17 09:28:09,102-0200 DEBUG swift CDM: file://localhost/_concurrent/sims-18-2-0/[3] : DEFAULT
2017-02-17 09:28:09,102-0200 DEBUG swift FILE_STAGE_IN_START file=[3] srchost=localhost srcdir=_concurrent/sims-18-2-0 srcname=[3] desthost=local destdir=p5-run002/shared/_concurrent/sims-18-2-0 provider=file policy=DEFAULT
2017-02-17 09:28:09,102-0200 INFO  LateBindingScheduler jobs queued: 3
2017-02-17 09:28:09,102-0200 DEBUG swift CDM: file://localhost/_concurrent/sims-18-2-0/[4] : DEFAULT
2017-02-17 09:28:09,102-0200 DEBUG swift FILE_STAGE_IN_START file=[4] srchost=localhost srcdir=_concurrent/sims-18-2-0 srcname=[4] desthost=local destdir=p5-run002/shared/_concurrent/sims-18-2-0 provider=file policy=DEFAULT
2017-02-17 09:28:09,102-0200 INFO  LateBindingScheduler jobs queued: 4
2017-02-17 09:28:09,102-0200 DEBUG swift CDM: file://localhost/_concurrent/sims-18-2-0/[9] : DEFAULT
2017-02-17 09:28:09,103-0200 DEBUG swift FILE_STAGE_IN_START file=[9] srchost=localhost srcdir=_concurrent/sims-18-2-0 srcname=[9] desthost=local destdir=p5-run002/shared/_concurrent/sims-18-2-0 provider=file policy=DEFAULT
2017-02-17 09:28:09,103-0200 INFO  LateBindingScheduler jobs queued: 2
2017-02-17 09:28:09,102-0200 DEBUG swift FILE_STAGE_IN_START file=[5] srchost=localhost srcdir=_concurrent/sims-18-2-0 srcname=[5] desthost=local destdir=p5-run002/shared/_concurrent/sims-18-2-0 provider=file policy=DEFAULT
2017-02-17 09:28:09,103-0200 INFO  LateBindingScheduler jobs queued: 1
2017-02-17 09:28:09,103-0200 DEBUG swift CDM: file://localhost/_concurrent/sims-18-2-0/[2] : DEFAULT
2017-02-17 09:28:09,104-0200 DEBUG swift FILE_STAGE_IN_START file=[2] srchost=localhost srcdir=_concurrent/sims-18-2-0 srcname=[2] desthost=local destdir=p5-run002/shared/_concurrent/sims-18-2-0 provider=file policy=DEFAULT
2017-02-17 09:28:09,104-0200 INFO  LateBindingScheduler jobs queued: 2
2017-02-17 09:28:09,104-0200 DEBUG swift CDM: file://localhost/_concurrent/sims-18-2-0/[1] : DEFAULT
2017-02-17 09:28:09,104-0200 DEBUG swift FILE_STAGE_IN_START file=[1] srchost=localhost srcdir=_concurrent/sims-18-2-0 srcname=[1] desthost=local destdir=p5-run002/shared/_concurrent/sims-18-2-0 provider=file policy=DEFAULT
2017-02-17 09:28:09,104-0200 DEBUG swift CDM: file://localhost/_concurrent/sims-18-2-0/[6] : DEFAULT
2017-02-17 09:28:09,104-0200 INFO  LateBindingScheduler jobs queued: 3
2017-02-17 09:28:09,104-0200 DEBUG swift FILE_STAGE_IN_START file=[6] srchost=localhost srcdir=_concurrent/sims-18-2-0 srcname=[6] desthost=local destdir=p5-run002/shared/_concurrent/sims-18-2-0 provider=file policy=DEFAULT
2017-02-17 09:28:09,105-0200 DEBUG swift CDM: file://localhost/_concurrent/sims-18-2-0/[7] : DEFAULT
2017-02-17 09:28:09,105-0200 DEBUG swift FILE_STAGE_IN_START file=[7] srchost=localhost srcdir=_concurrent/sims-18-2-0 srcname=[7] desthost=local destdir=p5-run002/shared/_concurrent/sims-18-2-0 provider=file policy=DEFAULT
2017-02-17 09:28:09,105-0200 DEBUG swift CDM: file://localhost/_concurrent/sims-18-2-0/[0] : DEFAULT
2017-02-17 09:28:09,105-0200 DEBUG swift FILE_STAGE_IN_START file=[0] srchost=localhost srcdir=_concurrent/sims-18-2-0 srcname=[0] desthost=local destdir=p5-run002/shared/_concurrent/sims-18-2-0 provider=file policy=DEFAULT
2017-02-17 09:28:09,105-0200 INFO  LateBindingScheduler jobs queued: 6
2017-02-17 09:28:09,106-0200 DEBUG swift FILE_STAGE_IN_END file=[8] srchost=localhost srcdir=_concurrent/sims-18-2-0 srcname=[8] desthost=local destdir=p5-run002/shared/_concurrent/sims-18-2-0 provider=file
2017-02-17 09:28:09,106-0200 INFO  LateBindingScheduler jobs queued: 5
2017-02-17 09:28:09,107-0200 DEBUG swift FILE_STAGE_IN_END file=[4] srchost=localhost srcdir=_concurrent/sims-18-2-0 srcname=[4] desthost=local destdir=p5-run002/shared/_concurrent/sims-18-2-0 provider=file
2017-02-17 09:28:09,108-0200 INFO  LateBindingScheduler jobs queued: 4
2017-02-17 09:28:09,108-0200 INFO  LateBindingScheduler jobs queued: 4
2017-02-17 09:28:09,108-0200 DEBUG swift FILE_STAGE_IN_END file=[5] srchost=localhost srcdir=_concurrent/sims-18-2-0 srcname=[5] desthost=local destdir=p5-run002/shared/_concurrent/sims-18-2-0 provider=file
2017-02-17 09:28:09,108-0200 DEBUG swift FILE_STAGE_IN_END file=[1] srchost=localhost srcdir=_concurrent/sims-18-2-0 srcname=[1] desthost=local destdir=p5-run002/shared/_concurrent/sims-18-2-0 provider=file
2017-02-17 09:28:09,109-0200 INFO  LateBindingScheduler jobs queued: 2
2017-02-17 09:28:09,109-0200 DEBUG swift FILE_STAGE_IN_END file=[3] srchost=localhost srcdir=_concurrent/sims-18-2-0 srcname=[3] desthost=local destdir=p5-run002/shared/_concurrent/sims-18-2-0 provider=file
2017-02-17 09:28:09,110-0200 INFO  LateBindingScheduler jobs queued: 1
2017-02-17 09:28:09,110-0200 DEBUG swift FILE_STAGE_IN_END file=[0] srchost=localhost srcdir=_concurrent/sims-18-2-0 srcname=[0] desthost=local destdir=p5-run002/shared/_concurrent/sims-18-2-0 provider=file
2017-02-17 09:28:09,110-0200 INFO  LateBindingScheduler jobs queued: 0
2017-02-17 09:28:09,111-0200 INFO  LateBindingScheduler jobs queued: 0
2017-02-17 09:28:09,111-0200 DEBUG swift FILE_STAGE_IN_END file=[7] srchost=localhost srcdir=_concurrent/sims-18-2-0 srcname=[7] desthost=local destdir=p5-run002/shared/_concurrent/sims-18-2-0 provider=file
2017-02-17 09:28:09,111-0200 DEBUG swift FILE_STAGE_IN_END file=[2] srchost=localhost srcdir=_concurrent/sims-18-2-0 srcname=[2] desthost=local destdir=p5-run002/shared/_concurrent/sims-18-2-0 provider=file
2017-02-17 09:28:09,112-0200 INFO  LateBindingScheduler jobs queued: 0
2017-02-17 09:28:09,112-0200 INFO  LateBindingScheduler jobs queued: 0
2017-02-17 09:28:09,112-0200 DEBUG swift FILE_STAGE_IN_END file=[6] srchost=localhost srcdir=_concurrent/sims-18-2-0 srcname=[6] desthost=local destdir=p5-run002/shared/_concurrent/sims-18-2-0 provider=file
2017-02-17 09:28:09,112-0200 DEBUG swift FILE_STAGE_IN_END file=[9] srchost=localhost srcdir=_concurrent/sims-18-2-0 srcname=[9] desthost=local destdir=p5-run002/shared/_concurrent/sims-18-2-0 provider=file
2017-02-17 09:28:09,112-0200 INFO  swift END jobid=stats-f67ya34n-0 - Staging in finished
2017-02-17 09:28:09,113-0200 DEBUG swift JOB_START jobid=stats-f67ya34n-0 tr=stats arguments=[_concurrent/sims-18-2-0/[0] _concurrent/sims-18-2-0/[1] _concurrent/sims-18-2-0/[2] _concurrent/sims-18-2-0/[3] _concurrent/sims-18-2-0/[4] _concurrent/sims-18-2-0/[5] _concurrent/sims-18-2-0/[6] _concurrent/sims-18-2-0/[7] _concurrent/sims-18-2-0/[8] _concurrent/sims-18-2-0/[9]] tmpdir=p5-run002/jobs/s/stats-f67ya34n-0
2017-02-17 09:28:09,113-0200 INFO  Execute JOB_TASK jobid=stats-f67ya34n-0 taskid=task-8 exec=/bin/bash dir=p5-run002 args=shared/_swiftwrap stats-f67ya34n-0 -jobdir s -scratch  -e stats -out output/average.out -err output/average.log -i -d _concurrent/sims-18-2-0|output -if _concurrent/sims-18-2-0/[8]|_concurrent/sims-18-2-0/[7]|_concurrent/sims-18-2-0/[5]|_concurrent/sims-18-2-0/[3]|_concurrent/sims-18-2-0/[4]|_concurrent/sims-18-2-0/[9]|_concurrent/sims-18-2-0/[2]|_concurrent/sims-18-2-0/[0]|_concurrent/sims-18-2-0/[1]|_concurrent/sims-18-2-0/[6] -of output/average.log|output/average.out -cf  -cdmfile -status files -a _concurrent/sims-18-2-0/[0] _concurrent/sims-18-2-0/[1] _concurrent/sims-18-2-0/[2] _concurrent/sims-18-2-0/[3] _concurrent/sims-18-2-0/[4] _concurrent/sims-18-2-0/[5] _concurrent/sims-18-2-0/[6] _concurrent/sims-18-2-0/[7] _concurrent/sims-18-2-0/[8] _concurrent/sims-18-2-0/[9]
2017-02-17 09:28:09,114-0200 INFO  Execute TASK_STATUS_CHANGE taskid=task-8 status=8
2017-02-17 09:28:09,114-0200 INFO  Execute TASK_STATUS_CHANGE taskid=task-8 status=1
2017-02-17 09:28:09,114-0200 INFO  Execute TASK_STATUS_CHANGE taskid=task-8 status=2
2017-02-17 09:28:09,195-0200 INFO  LateBindingScheduler jobs queued: 0
2017-02-17 09:28:09,195-0200 INFO  Execute TASK_STATUS_CHANGE taskid=task-8 status=7
2017-02-17 09:28:09,195-0200 DEBUG swift START jobid=stats-f67ya34n-0
2017-02-17 09:28:09,196-0200 INFO  LateBindingScheduler jobs queued: 0
2017-02-17 09:28:09,197-0200 INFO  swift SUCCESS jobid=stats-f67ya34n-0 - Success file found
2017-02-17 09:28:09,197-0200 DEBUG swift STAGING_OUT jobid=stats-f67ya34n-0
2017-02-17 09:28:09,197-0200 INFO  swift START jobid=stats-f67ya34n-0 - Staging out files
2017-02-17 09:28:09,197-0200 DEBUG swift stageouts: [file://localhost/output/average.log, file://localhost/output/average.out]
2017-02-17 09:28:09,198-0200 DEBUG swift FILE_STAGE_OUT_START srcname=average.log srcdir=p5-run002/shared/output srchost=local destdir=output desthost=localhost provider=file jobid=stats-f67ya34n-0
2017-02-17 09:28:09,198-0200 DEBUG swift FILE_STAGE_OUT_START srcname=average.out srcdir=p5-run002/shared/output srchost=local destdir=output desthost=localhost provider=file jobid=stats-f67ya34n-0
2017-02-17 09:28:09,199-0200 INFO  LateBindingScheduler jobs queued: 1
2017-02-17 09:28:09,199-0200 DEBUG swift CDM: file://localhost/output/average.log : DEFAULT
2017-02-17 09:28:09,199-0200 INFO  LateBindingScheduler jobs queued: 0
2017-02-17 09:28:09,199-0200 DEBUG swift CDM: file://localhost/output/average.out : DEFAULT
2017-02-17 09:28:09,203-0200 INFO  LateBindingScheduler jobs queued: 0
2017-02-17 09:28:09,204-0200 DEBUG swift FILE_STAGE_OUT_END srcname=average.log srcdir=p5-run002/shared/output srchost=local destdir=output desthost=localhost provider=file
2017-02-17 09:28:09,204-0200 INFO  LateBindingScheduler jobs queued: 0
2017-02-17 09:28:09,204-0200 INFO  LateBindingScheduler jobs queued: 0
2017-02-17 09:28:09,205-0200 DEBUG swift FILE_STAGE_OUT_END srcname=average.out srcdir=p5-run002/shared/output srchost=local destdir=output desthost=localhost provider=file
2017-02-17 09:28:09,206-0200 INFO  LateBindingScheduler jobs queued: 0
2017-02-17 09:28:09,207-0200 INFO  swift END jobid=stats-f67ya34n-0 - Staging out finished
2017-02-17 09:28:09,208-0200 INFO  LateBindingScheduler jobs queued: 0
2017-02-17 09:28:09,209-0200 DEBUG swift JOB_END jobid=stats-f67ya34n-0
2017-02-17 09:28:09,209-0200 INFO  swift END_SUCCESS jobid=stats-f67ya34n tr=stats
2017-02-17 09:28:09,209-0200 DEBUG swift PROCEDURE_END line=8 thread=2-0-8-5 name=analyze
2017-02-17 09:28:09,209-0200 INFO  RuntimeStats$ProgressTicker HeapMax: 954728448, CrtHeap: 121110528, UsedHeap: 11859832, JVMThreads: 39
2017-02-17 09:28:09,209-0200 INFO  RuntimeStats$ProgressTicker   Finished successfully:11
2017-02-17 09:28:09,217-0200 DEBUG swift Starting cleanups
2017-02-17 09:28:09,217-0200 INFO  swift START cleanups=[[p5-run002, local]]
2017-02-17 09:28:09,217-0200 INFO  swift START dir=p5-run002 host=local
2017-02-17 09:28:09,217-0200 DEBUG swift cdmfile 
2017-02-17 09:28:09,218-0200 INFO  LateBindingScheduler jobs queued: 0
2017-02-17 09:28:09,218-0200 INFO  swift END dir=p5-run002 host=local
2017-02-17 09:28:09,218-0200 INFO  swift END cleanups=[[p5-run002, local]]
2017-02-17 09:28:09,218-0200 DEBUG swift Ending cleanups
2017-02-17 09:28:09,220-0200 INFO  Loader Swift finished with no errors
