2017-02-17 11:34:44,029-0200 INFO  Loader JAVA Oracle Corporation Java HotSpot(TM) 64-Bit Server VM 1.7.0_80
2017-02-17 11:34:44,032-0200 INFO  Loader VERSION Swift trunk git-rev: 18aec82244c5611381528bc361888c553570c66e heads/master 6574
2017-02-17 11:34:44,032-0200 INFO  Loader RUN_ID run004
2017-02-17 11:34:44,032-0200 INFO  Loader ARGUMENTS [-runid, run004, -logfile, /home/mondelli/Dropbox/Docker/swift_verao/uteis/tutorial/hello/run004/swift.log, hello.swift]
2017-02-17 11:34:44,032-0200 INFO  Loader MAX_HEAP 954728448
2017-02-17 11:34:44,032-0200 INFO  Loader GLOBUS_HOSTNAME mondelli-520U4C
2017-02-17 11:34:44,032-0200 INFO  Loader CWD /home/mondelli/Dropbox/Docker/swift_verao/uteis/tutorial/hello/.
2017-02-17 11:34:44,034-0200 DEBUG Loader SWIFT_CONFIGURATION 
[D] /home/mondelli/swift-k/dist/swift-svn/etc/swift.conf
[C] <Command Line>
{
	TCPPortRange: "50000, 50100"                               # [D] line 27
	alwaysTransferWrapperLog: true                             # [D] line 61
	executionRetries: 0                                        # [D] line 137
	fileOperationsThrottle: 8                                  # [D] line 121
	fileTransfersThrottle: 4                                   # [D] line 107
	hostJobSubmitThrottle: 2                                   # [D] line 95
	jobSubmitThrottle: 4                                       # [D] line 83
	keepSiteDir: false                                         # [D] line 131
	lazyErrors: true                                           # [D] line 41
	logProvenance: false                                       # [D] line 200
	maxForeachThreads: 16384                                   # [D] line 194
	replicationEnabled: false                                  # [D] line 146
	replicationLimit: 3                                        # [D] line 157
	replicationMinQueueTime: 60                                # [D] line 153
	site.local {
		app.ALL.executable: "*"                                   # [D] line 235
		execution.type: "local"                                   # [D] line 223
		filesystem.type: "local"                                  # [D] line 226
		initialParallelTasks: 8                                   # [D] line 230
		maxParallelTasks: 16                                      # [D] line 229
		workDirectory: "swiftwork"                                # [D] line 232
	}
	sites: [local]                                             # [D] line 239
	tracingEnabled: false                                      # [D] line 51
}

2017-02-17 11:34:44,035-0200 DEBUG textfiles BEGIN SWIFTSCRIPT:
app echo (string s) { 
   echo s; 
}

echo("hi");


2017-02-17 11:34:44,035-0200 DEBUG textfiles END SWIFTSCRIPT:
2017-02-17 11:34:44,035-0200 DEBUG Loader kmlversion is >9f6c1ed4-f975-4fb5-9fcf-7994f9fda617-no-provenance<
2017-02-17 11:34:44,035-0200 DEBUG Loader build version is >9f6c1ed4-f975-4fb5-9fcf-7994f9fda617-no-provenance<
2017-02-17 11:34:44,035-0200 DEBUG Loader Recompilation suppressed.
2017-02-17 11:34:44,832-0200 INFO  Loader RUN_START
2017-02-17 11:34:44,837-0200 INFO  SwiftExecutor swift.home = /home/mondelli/swift-k/dist/swift-svn
2017-02-17 11:34:44,876-0200 INFO  AbstractScheduler Setting resources to: {local=local}
2017-02-17 11:34:44,886-0200 INFO  GlobalSubmitQueue No global submit throttle set. Using default (1024)
2017-02-17 11:34:44,905-0200 INFO  LateBindingScheduler jobs queued: 0
2017-02-17 11:34:44,906-0200 INFO  LateBindingScheduler jobs queued: 0
2017-02-17 11:34:44,909-0200 INFO  LateBindingScheduler jobs queued: 0
2017-02-17 11:34:44,925-0200 INFO  RuntimeStats$ProgressTicker HeapMax: 954728448, CrtHeap: 121110528, UsedHeap: 25454760, JVMThreads: 16
2017-02-17 11:34:44,925-0200 DEBUG swift PROCEDURE line=1 thread=2-0 name=echo
2017-02-17 11:34:44,925-0200 INFO  RuntimeStats$ProgressTicker 
2017-02-17 11:34:44,925-0200 DEBUG swift JOB_INIT jobid=echo-txe0g34n tr=echo
2017-02-17 11:34:44,926-0200 DEBUG swift JOB_SITE_SELECT jobid=echo-txe0g34n-0
2017-02-17 11:34:44,931-0200 DEBUG swift THREAD_ASSOCIATION jobid=echo-txe0g34n-0 host=local thread=2-0
2017-02-17 11:34:44,932-0200 INFO  swift START host=local - Initializing shared directory
2017-02-17 11:34:44,933-0200 INFO  LateBindingScheduler jobs queued: 0
2017-02-17 11:34:44,945-0200 INFO  LateBindingScheduler jobs queued: 0
2017-02-17 11:34:44,947-0200 INFO  LateBindingScheduler jobs queued: 0
2017-02-17 11:34:44,948-0200 INFO  LateBindingScheduler jobs queued: 0
2017-02-17 11:34:44,950-0200 INFO  swift END host=local - Done initializing shared directory
2017-02-17 11:34:44,954-0200 INFO  swift START jobid=echo-txe0g34n-0 host=local - Initializing directory structure
2017-02-17 11:34:44,955-0200 INFO  swift END jobid=echo-txe0g34n-0 - Done initializing directory structure
2017-02-17 11:34:44,955-0200 INFO  swift START jobid=echo-txe0g34n-0 - Staging in files []
2017-02-17 11:34:44,956-0200 INFO  swift END jobid=echo-txe0g34n-0 - Staging in finished
2017-02-17 11:34:44,956-0200 DEBUG swift JOB_START jobid=echo-txe0g34n-0 tr=echo arguments=[hi] tmpdir=hello-run004/jobs/e/echo-txe0g34n-0
2017-02-17 11:34:44,962-0200 INFO  Execute JOB_TASK jobid=echo-txe0g34n-0 taskid=task-2 exec=/bin/bash dir=hello-run004 args=shared/_swiftwrap echo-txe0g34n-0 -jobdir e -scratch  -e echo -out stdout.txt -err stderr.txt -i -d  -if  -of  -cf  -cdmfile -status files -a hi
2017-02-17 11:34:44,970-0200 INFO  Execute TASK_STATUS_CHANGE taskid=task-2 status=8
2017-02-17 11:34:44,970-0200 INFO  Execute TASK_STATUS_CHANGE taskid=task-2 status=1
2017-02-17 11:34:44,976-0200 INFO  Execute TASK_STATUS_CHANGE taskid=task-2 status=2
2017-02-17 11:34:45,039-0200 INFO  LateBindingScheduler jobs queued: 0
2017-02-17 11:34:45,039-0200 INFO  Execute TASK_STATUS_CHANGE taskid=task-2 status=7
2017-02-17 11:34:45,040-0200 DEBUG swift START jobid=echo-txe0g34n-0
2017-02-17 11:34:45,041-0200 INFO  LateBindingScheduler jobs queued: 0
2017-02-17 11:34:45,041-0200 INFO  swift SUCCESS jobid=echo-txe0g34n-0 - Success file found
2017-02-17 11:34:45,041-0200 DEBUG swift STAGING_OUT jobid=echo-txe0g34n-0
2017-02-17 11:34:45,041-0200 INFO  swift START jobid=echo-txe0g34n-0 - Staging out files
2017-02-17 11:34:45,041-0200 DEBUG swift stageouts: []
2017-02-17 11:34:45,042-0200 INFO  swift END jobid=echo-txe0g34n-0 - Staging out finished
2017-02-17 11:34:45,043-0200 INFO  LateBindingScheduler jobs queued: 0
2017-02-17 11:34:45,044-0200 DEBUG swift JOB_END jobid=echo-txe0g34n-0
2017-02-17 11:34:45,044-0200 INFO  swift END_SUCCESS jobid=echo-txe0g34n tr=echo
2017-02-17 11:34:45,044-0200 DEBUG swift PROCEDURE_END line=1 thread=2-0 name=echo
2017-02-17 11:34:45,046-0200 INFO  RuntimeStats$ProgressTicker HeapMax: 954728448, CrtHeap: 121110528, UsedHeap: 28673160, JVMThreads: 23
2017-02-17 11:34:45,046-0200 INFO  RuntimeStats$ProgressTicker   Finished successfully:1
2017-02-17 11:34:45,059-0200 DEBUG swift Starting cleanups
2017-02-17 11:34:45,059-0200 INFO  swift START cleanups=[[hello-run004, local]]
2017-02-17 11:34:45,061-0200 INFO  swift START dir=hello-run004 host=local
2017-02-17 11:34:45,061-0200 DEBUG swift cdmfile 
2017-02-17 11:34:45,062-0200 INFO  LateBindingScheduler jobs queued: 0
2017-02-17 11:34:45,062-0200 INFO  swift END dir=hello-run004 host=local
2017-02-17 11:34:45,063-0200 INFO  swift END cleanups=[[hello-run004, local]]
2017-02-17 11:34:45,063-0200 DEBUG swift Ending cleanups
2017-02-17 11:34:45,066-0200 INFO  Loader Swift finished with no errors
