2017-02-17 09:25:51,513-0200 INFO  Loader JAVA Oracle Corporation Java HotSpot(TM) 64-Bit Server VM 1.7.0_80
2017-02-17 09:25:51,515-0200 INFO  Loader VERSION Swift trunk git-rev: 18aec82244c5611381528bc361888c553570c66e heads/master 6574
2017-02-17 09:25:51,515-0200 INFO  Loader RUN_ID run002
2017-02-17 09:25:51,515-0200 INFO  Loader ARGUMENTS [-runid, run002, -logfile, /home/mondelli/Dropbox/Docker/swift_verao/uteis/tutorial/hello/run002/swift.log, hello.swift]
2017-02-17 09:25:51,515-0200 INFO  Loader MAX_HEAP 954728448
2017-02-17 09:25:51,515-0200 INFO  Loader GLOBUS_HOSTNAME mondelli-520U4C
2017-02-17 09:25:51,515-0200 INFO  Loader CWD /home/mondelli/Dropbox/Docker/swift_verao/uteis/tutorial/hello/.
2017-02-17 09:25:51,517-0200 DEBUG Loader SWIFT_CONFIGURATION 
[D] /home/mondelli/swift-k/dist/swift-svn/etc/swift.conf
[C] <Command Line>
{
	TCPPortRange: "50000, 50100"                               # [D] line 27
	alwaysTransferWrapperLog: true                             # [D] line 61
	executionRetries: 0                                        # [D] line 137
	fileOperationsThrottle: 8                                  # [D] line 121
	fileTransfersThrottle: 4                                   # [D] line 107
	hostJobSubmitThrottle: 2                                   # [D] line 95
	jobSubmitThrottle: 4                                       # [D] line 83
	keepSiteDir: false                                         # [D] line 131
	lazyErrors: true                                           # [D] line 41
	logProvenance: false                                       # [D] line 200
	maxForeachThreads: 16384                                   # [D] line 194
	replicationEnabled: false                                  # [D] line 146
	replicationLimit: 3                                        # [D] line 157
	replicationMinQueueTime: 60                                # [D] line 153
	site.local {
		app.ALL.executable: "*"                                   # [D] line 235
		execution.type: "local"                                   # [D] line 223
		filesystem.type: "local"                                  # [D] line 226
		initialParallelTasks: 8                                   # [D] line 230
		maxParallelTasks: 16                                      # [D] line 229
		workDirectory: "swiftwork"                                # [D] line 232
	}
	sites: [local]                                             # [D] line 239
	tracingEnabled: false                                      # [D] line 51
}

2017-02-17 09:25:51,518-0200 DEBUG textfiles BEGIN SWIFTSCRIPT:
app echo (string s) { 
   echo s; 
}

echo("hi");


2017-02-17 09:25:51,518-0200 DEBUG textfiles END SWIFTSCRIPT:
2017-02-17 09:25:51,518-0200 DEBUG Loader kmlversion is >9f6c1ed4-f975-4fb5-9fcf-7994f9fda617-no-provenance<
2017-02-17 09:25:51,518-0200 DEBUG Loader build version is >9f6c1ed4-f975-4fb5-9fcf-7994f9fda617-no-provenance<
2017-02-17 09:25:51,518-0200 DEBUG Loader Recompilation suppressed.
2017-02-17 09:25:52,407-0200 INFO  Loader RUN_START
2017-02-17 09:25:52,411-0200 INFO  SwiftExecutor swift.home = /home/mondelli/swift-k/dist/swift-svn
2017-02-17 09:25:52,447-0200 INFO  AbstractScheduler Setting resources to: {local=local}
2017-02-17 09:25:52,459-0200 INFO  GlobalSubmitQueue No global submit throttle set. Using default (1024)
2017-02-17 09:25:52,479-0200 INFO  LateBindingScheduler jobs queued: 0
2017-02-17 09:25:52,480-0200 INFO  LateBindingScheduler jobs queued: 0
2017-02-17 09:25:52,482-0200 INFO  LateBindingScheduler jobs queued: 0
2017-02-17 09:25:52,493-0200 INFO  RuntimeStats$ProgressTicker HeapMax: 954728448, CrtHeap: 121110528, UsedHeap: 25667824, JVMThreads: 16
2017-02-17 09:25:52,493-0200 DEBUG swift PROCEDURE line=1 thread=2-0 name=echo
2017-02-17 09:25:52,493-0200 DEBUG swift JOB_INIT jobid=echo-up2ua34n tr=echo
2017-02-17 09:25:52,493-0200 INFO  RuntimeStats$ProgressTicker 
2017-02-17 09:25:52,493-0200 DEBUG swift JOB_SITE_SELECT jobid=echo-up2ua34n-0
2017-02-17 09:25:52,498-0200 DEBUG swift THREAD_ASSOCIATION jobid=echo-up2ua34n-0 host=local thread=2-0
2017-02-17 09:25:52,499-0200 INFO  swift START host=local - Initializing shared directory
2017-02-17 09:25:52,500-0200 INFO  LateBindingScheduler jobs queued: 0
2017-02-17 09:25:52,512-0200 INFO  LateBindingScheduler jobs queued: 0
2017-02-17 09:25:52,513-0200 INFO  LateBindingScheduler jobs queued: 0
2017-02-17 09:25:52,514-0200 INFO  LateBindingScheduler jobs queued: 0
2017-02-17 09:25:52,516-0200 INFO  swift END host=local - Done initializing shared directory
2017-02-17 09:25:52,520-0200 INFO  swift START jobid=echo-up2ua34n-0 host=local - Initializing directory structure
2017-02-17 09:25:52,521-0200 INFO  swift END jobid=echo-up2ua34n-0 - Done initializing directory structure
2017-02-17 09:25:52,521-0200 INFO  swift START jobid=echo-up2ua34n-0 - Staging in files []
2017-02-17 09:25:52,522-0200 INFO  swift END jobid=echo-up2ua34n-0 - Staging in finished
2017-02-17 09:25:52,522-0200 DEBUG swift JOB_START jobid=echo-up2ua34n-0 tr=echo arguments=[hi] tmpdir=hello-run002/jobs/e/echo-up2ua34n-0
2017-02-17 09:25:52,527-0200 INFO  Execute JOB_TASK jobid=echo-up2ua34n-0 taskid=task-2 exec=/bin/bash dir=hello-run002 args=shared/_swiftwrap echo-up2ua34n-0 -jobdir e -scratch  -e echo -out stdout.txt -err stderr.txt -i -d  -if  -of  -cf  -cdmfile -status files -a hi
2017-02-17 09:25:52,535-0200 INFO  Execute TASK_STATUS_CHANGE taskid=task-2 status=8
2017-02-17 09:25:52,536-0200 INFO  Execute TASK_STATUS_CHANGE taskid=task-2 status=1
2017-02-17 09:25:52,539-0200 INFO  Execute TASK_STATUS_CHANGE taskid=task-2 status=2
2017-02-17 09:25:52,603-0200 INFO  LateBindingScheduler jobs queued: 0
2017-02-17 09:25:52,603-0200 INFO  Execute TASK_STATUS_CHANGE taskid=task-2 status=7
2017-02-17 09:25:52,604-0200 DEBUG swift START jobid=echo-up2ua34n-0
2017-02-17 09:25:52,605-0200 INFO  LateBindingScheduler jobs queued: 0
2017-02-17 09:25:52,605-0200 INFO  swift SUCCESS jobid=echo-up2ua34n-0 - Success file found
2017-02-17 09:25:52,605-0200 DEBUG swift STAGING_OUT jobid=echo-up2ua34n-0
2017-02-17 09:25:52,605-0200 INFO  swift START jobid=echo-up2ua34n-0 - Staging out files
2017-02-17 09:25:52,606-0200 DEBUG swift stageouts: []
2017-02-17 09:25:52,606-0200 INFO  swift END jobid=echo-up2ua34n-0 - Staging out finished
2017-02-17 09:25:52,608-0200 INFO  LateBindingScheduler jobs queued: 0
2017-02-17 09:25:52,608-0200 DEBUG swift JOB_END jobid=echo-up2ua34n-0
2017-02-17 09:25:52,608-0200 INFO  swift END_SUCCESS jobid=echo-up2ua34n tr=echo
2017-02-17 09:25:52,609-0200 DEBUG swift PROCEDURE_END line=1 thread=2-0 name=echo
2017-02-17 09:25:52,610-0200 INFO  RuntimeStats$ProgressTicker HeapMax: 954728448, CrtHeap: 121110528, UsedHeap: 29827600, JVMThreads: 23
2017-02-17 09:25:52,611-0200 INFO  RuntimeStats$ProgressTicker   Finished successfully:1
2017-02-17 09:25:52,622-0200 DEBUG swift Starting cleanups
2017-02-17 09:25:52,622-0200 INFO  swift START cleanups=[[hello-run002, local]]
2017-02-17 09:25:52,624-0200 INFO  swift START dir=hello-run002 host=local
2017-02-17 09:25:52,624-0200 DEBUG swift cdmfile 
2017-02-17 09:25:52,625-0200 INFO  LateBindingScheduler jobs queued: 0
2017-02-17 09:25:52,625-0200 INFO  swift END dir=hello-run002 host=local
2017-02-17 09:25:52,625-0200 INFO  swift END cleanups=[[hello-run002, local]]
2017-02-17 09:25:52,625-0200 DEBUG swift Ending cleanups
2017-02-17 09:25:52,628-0200 INFO  Loader Swift finished with no errors
