2017-02-16 21:39:16,766-0200 INFO  Loader JAVA Oracle Corporation Java HotSpot(TM) 64-Bit Server VM 1.7.0_80
2017-02-16 21:39:16,768-0200 INFO  Loader VERSION Swift trunk git-rev: 18aec82244c5611381528bc361888c553570c66e heads/master 6574
2017-02-16 21:39:16,769-0200 INFO  Loader RUN_ID run001
2017-02-16 21:39:16,769-0200 INFO  Loader ARGUMENTS [-runid, run001, -logfile, /home/mondelli/Dropbox/Docker/swift_verao/uteis/tutorial/part04/run001/swift.log, p4.swift]
2017-02-16 21:39:16,769-0200 INFO  Loader MAX_HEAP 954728448
2017-02-16 21:39:16,769-0200 INFO  Loader GLOBUS_HOSTNAME mondelli-520U4C
2017-02-16 21:39:16,769-0200 INFO  Loader CWD /home/mondelli/Dropbox/Docker/swift_verao/uteis/tutorial/part04/.
2017-02-16 21:39:16,771-0200 DEBUG Loader SWIFT_CONFIGURATION 
[D] /home/mondelli/swift-k/dist/swift-svn/etc/swift.conf
[C] <Command Line>
{
	TCPPortRange: "50000, 50100"                               # [D] line 27
	alwaysTransferWrapperLog: true                             # [D] line 61
	executionRetries: 0                                        # [D] line 137
	fileOperationsThrottle: 8                                  # [D] line 121
	fileTransfersThrottle: 4                                   # [D] line 107
	hostJobSubmitThrottle: 2                                   # [D] line 95
	jobSubmitThrottle: 4                                       # [D] line 83
	keepSiteDir: false                                         # [D] line 131
	lazyErrors: true                                           # [D] line 41
	logProvenance: false                                       # [D] line 200
	maxForeachThreads: 16384                                   # [D] line 194
	replicationEnabled: false                                  # [D] line 146
	replicationLimit: 3                                        # [D] line 157
	replicationMinQueueTime: 60                                # [D] line 153
	site.local {
		app.ALL.executable: "*"                                   # [D] line 235
		execution.type: "local"                                   # [D] line 223
		filesystem.type: "local"                                  # [D] line 226
		initialParallelTasks: 8                                   # [D] line 230
		maxParallelTasks: 16                                      # [D] line 229
		workDirectory: "swiftwork"                                # [D] line 232
	}
	sites: [local]                                             # [D] line 239
	tracingEnabled: false                                      # [D] line 51
}

2017-02-16 21:39:16,772-0200 DEBUG textfiles BEGIN SWIFTSCRIPT:
type file;

app (file out, file log) simulation (int sim_steps, int sim_range, int sim_values)
{
  simulate "--timesteps" sim_steps "--range" sim_range "--nvalues" sim_values stdout=@out stderr=@log;
}

app (file out, file log) analyze (file s[])
{
  stats filenames(s) stdout=@out stderr=@log;
}

int nsim   = toInt(arg("nsim",   "10"));
int steps  = toInt(arg("steps",  "1"));
int range  = toInt(arg("range",  "100"));
int values = toInt(arg("values", "5"));

file sims[];

foreach i in [0:nsim-1] {
  file simout <single_file_mapper; file=strcat("output/sim_",i,".out")>;
  file simlog <single_file_mapper; file=strcat("output/sim_",i,".log")>;
  (simout,simlog) = simulation(steps,range,values);
  sims[i] = simout;
}

file stats_out<"output/average.out">;
file stats_log<"output/average.log">;
(stats_out, stats_log) = analyze(sims);


2017-02-16 21:39:16,772-0200 DEBUG textfiles END SWIFTSCRIPT:
2017-02-16 21:39:16,772-0200 INFO  Loader p4.swift: source file is new. Recompiling.
2017-02-16 21:39:17,145-0200 INFO  VariableScope Couldn't find local definition for i
2017-02-16 21:39:17,146-0200 INFO  VariableScope Couldn't find local definition for i
2017-02-16 21:39:17,927-0200 INFO  Loader RUN_START
2017-02-16 21:39:17,933-0200 INFO  SwiftExecutor swift.home = /home/mondelli/swift-k/dist/swift-svn
2017-02-16 21:39:17,975-0200 INFO  AbstractScheduler Setting resources to: {local=local}
2017-02-16 21:39:17,989-0200 INFO  GlobalSubmitQueue No global submit throttle set. Using default (1024)
2017-02-16 21:39:18,010-0200 INFO  LateBindingScheduler jobs queued: 0
2017-02-16 21:39:18,012-0200 INFO  LateBindingScheduler jobs queued: 0
2017-02-16 21:39:18,014-0200 INFO  LateBindingScheduler jobs queued: 0
2017-02-16 21:39:18,043-0200 INFO  RuntimeStats$ProgressTicker HeapMax: 954728448, CrtHeap: 121110528, UsedHeap: 5799600, JVMThreads: 16
2017-02-16 21:39:18,043-0200 INFO  RuntimeStats$ProgressTicker 
2017-02-16 21:39:18,048-0200 DEBUG swift PROCEDURE line=8 thread=2-0-8-5 name=analyze
2017-02-16 21:39:18,056-0200 DEBUG swift FOREACH_IT_START line=20 thread=2-0-7-4-9-0
2017-02-16 21:39:18,056-0200 DEBUG swift FOREACH_IT_START line=20 thread=2-0-7-4-10-1
2017-02-16 21:39:18,056-0200 DEBUG swift SCOPE thread=2-0-7-4-9-0
2017-02-16 21:39:18,057-0200 DEBUG swift FOREACH_IT_START line=20 thread=2-0-7-4-11-2
2017-02-16 21:39:18,057-0200 DEBUG swift SCOPE thread=2-0-7-4-11-2
2017-02-16 21:39:18,057-0200 DEBUG swift FOREACH_IT_START line=20 thread=2-0-7-4-12-3
2017-02-16 21:39:18,057-0200 DEBUG swift SCOPE thread=2-0-7-4-12-3
2017-02-16 21:39:18,057-0200 DEBUG swift FOREACH_IT_START line=20 thread=2-0-7-4-13-4
2017-02-16 21:39:18,057-0200 DEBUG swift SCOPE thread=2-0-7-4-13-4
2017-02-16 21:39:18,057-0200 DEBUG swift FOREACH_IT_START line=20 thread=2-0-7-4-14-5
2017-02-16 21:39:18,057-0200 DEBUG swift SCOPE thread=2-0-7-4-14-5
2017-02-16 21:39:18,057-0200 DEBUG swift FOREACH_IT_START line=20 thread=2-0-7-4-15-6
2017-02-16 21:39:18,057-0200 DEBUG swift SCOPE thread=2-0-7-4-15-6
2017-02-16 21:39:18,057-0200 DEBUG swift FOREACH_IT_START line=20 thread=2-0-7-4-16-7
2017-02-16 21:39:18,057-0200 DEBUG swift SCOPE thread=2-0-7-4-16-7
2017-02-16 21:39:18,056-0200 DEBUG swift SCOPE thread=2-0-7-4-10-1
2017-02-16 21:39:18,058-0200 DEBUG swift FOREACH_IT_START line=20 thread=2-0-7-4-17-8
2017-02-16 21:39:18,059-0200 DEBUG swift SCOPE thread=2-0-7-4-17-8
2017-02-16 21:39:18,059-0200 DEBUG swift PROCEDURE line=3 thread=2-0-7-4-11-2-25-2 name=simulation
2017-02-16 21:39:18,060-0200 DEBUG swift PROCEDURE line=3 thread=2-0-7-4-12-3-29-2 name=simulation
2017-02-16 21:39:18,061-0200 DEBUG swift PROCEDURE line=3 thread=2-0-7-4-13-4-33-2 name=simulation
2017-02-16 21:39:18,058-0200 DEBUG swift PROCEDURE line=3 thread=2-0-7-4-9-0-21-2 name=simulation
2017-02-16 21:39:18,058-0200 DEBUG swift FOREACH_IT_START line=20 thread=2-0-7-4-18-9
2017-02-16 21:39:18,063-0200 DEBUG swift SCOPE thread=2-0-7-4-18-9
2017-02-16 21:39:18,063-0200 DEBUG swift PROCEDURE line=3 thread=2-0-7-4-14-5-37-2 name=simulation
2017-02-16 21:39:18,064-0200 DEBUG swift PROCEDURE line=3 thread=2-0-7-4-15-6-41-2 name=simulation
2017-02-16 21:39:18,064-0200 DEBUG swift JOB_INIT jobid=simulate-m2alh24n tr=simulate
2017-02-16 21:39:18,065-0200 DEBUG swift JOB_SITE_SELECT jobid=simulate-m2alh24n-0
2017-02-16 21:39:18,065-0200 DEBUG swift PROCEDURE line=3 thread=2-0-7-4-16-7-45-2 name=simulation
2017-02-16 21:39:18,065-0200 DEBUG swift JOB_INIT jobid=simulate-n2alh24n tr=simulate
2017-02-16 21:39:18,065-0200 DEBUG swift JOB_SITE_SELECT jobid=simulate-n2alh24n-0
2017-02-16 21:39:18,065-0200 DEBUG swift JOB_INIT jobid=simulate-l2alh24n tr=simulate
2017-02-16 21:39:18,066-0200 DEBUG swift JOB_SITE_SELECT jobid=simulate-l2alh24n-0
2017-02-16 21:39:18,066-0200 DEBUG swift JOB_INIT jobid=simulate-o2alh24n tr=simulate
2017-02-16 21:39:18,066-0200 DEBUG swift JOB_SITE_SELECT jobid=simulate-o2alh24n-0
2017-02-16 21:39:18,067-0200 DEBUG swift JOB_INIT jobid=simulate-p2alh24n tr=simulate
2017-02-16 21:39:18,067-0200 DEBUG swift JOB_SITE_SELECT jobid=simulate-p2alh24n-0
2017-02-16 21:39:18,071-0200 DEBUG swift JOB_INIT jobid=simulate-q2alh24n tr=simulate
2017-02-16 21:39:18,071-0200 DEBUG swift PROCEDURE line=3 thread=2-0-7-4-10-1-49-2 name=simulation
2017-02-16 21:39:18,071-0200 DEBUG swift JOB_SITE_SELECT jobid=simulate-q2alh24n-0
2017-02-16 21:39:18,071-0200 DEBUG swift JOB_INIT jobid=simulate-r2alh24n tr=simulate
2017-02-16 21:39:18,071-0200 DEBUG swift JOB_SITE_SELECT jobid=simulate-r2alh24n-0
2017-02-16 21:39:18,072-0200 DEBUG swift PROCEDURE line=3 thread=2-0-7-4-17-8-53-2 name=simulation
2017-02-16 21:39:18,072-0200 DEBUG swift JOB_INIT jobid=simulate-s2alh24n tr=simulate
2017-02-16 21:39:18,072-0200 DEBUG swift PROCEDURE line=3 thread=2-0-7-4-18-9-57-2 name=simulation
2017-02-16 21:39:18,072-0200 DEBUG swift JOB_SITE_SELECT jobid=simulate-s2alh24n-0
2017-02-16 21:39:18,072-0200 DEBUG swift JOB_INIT jobid=simulate-t2alh24n tr=simulate
2017-02-16 21:39:18,072-0200 DEBUG swift THREAD_ASSOCIATION jobid=simulate-o2alh24n-0 host=local thread=2-0-7-4-15-6-41-2
2017-02-16 21:39:18,072-0200 DEBUG swift JOB_SITE_SELECT jobid=simulate-t2alh24n-0
2017-02-16 21:39:18,072-0200 DEBUG swift THREAD_ASSOCIATION jobid=simulate-q2alh24n-0 host=local thread=2-0-7-4-11-2-25-2
2017-02-16 21:39:18,072-0200 DEBUG swift THREAD_ASSOCIATION jobid=simulate-m2alh24n-0 host=local thread=2-0-7-4-14-5-37-2
2017-02-16 21:39:18,073-0200 DEBUG swift JOB_INIT jobid=simulate-u2alh24n tr=simulate
2017-02-16 21:39:18,073-0200 DEBUG swift JOB_SITE_SELECT jobid=simulate-u2alh24n-0
2017-02-16 21:39:18,073-0200 DEBUG swift THREAD_ASSOCIATION jobid=simulate-r2alh24n-0 host=local thread=2-0-7-4-10-1-49-2
2017-02-16 21:39:18,074-0200 DEBUG swift THREAD_ASSOCIATION jobid=simulate-s2alh24n-0 host=local thread=2-0-7-4-17-8-53-2
2017-02-16 21:39:18,074-0200 DEBUG swift THREAD_ASSOCIATION jobid=simulate-t2alh24n-0 host=local thread=2-0-7-4-18-9-57-2
2017-02-16 21:39:18,074-0200 DEBUG swift THREAD_ASSOCIATION jobid=simulate-u2alh24n-0 host=local thread=2-0-7-4-9-0-21-2
2017-02-16 21:39:18,075-0200 INFO  swift START host=local - Initializing shared directory
2017-02-16 21:39:18,075-0200 DEBUG swift THREAD_ASSOCIATION jobid=simulate-p2alh24n-0 host=local thread=2-0-7-4-12-3-29-2
2017-02-16 21:39:18,075-0200 DEBUG swift THREAD_ASSOCIATION jobid=simulate-n2alh24n-0 host=local thread=2-0-7-4-16-7-45-2
2017-02-16 21:39:18,076-0200 INFO  LateBindingScheduler jobs queued: 1
2017-02-16 21:39:18,087-0200 INFO  LateBindingScheduler jobs queued: 1
2017-02-16 21:39:18,088-0200 INFO  LateBindingScheduler jobs queued: 1
2017-02-16 21:39:18,089-0200 INFO  LateBindingScheduler jobs queued: 1
2017-02-16 21:39:18,090-0200 INFO  swift END host=local - Done initializing shared directory
2017-02-16 21:39:18,093-0200 INFO  swift START jobid=simulate-s2alh24n-0 host=local - Initializing directory structure
2017-02-16 21:39:18,093-0200 INFO  swift START path=output dir=p4-run001/shared - Creating directory structure
2017-02-16 21:39:18,093-0200 INFO  swift START jobid=simulate-m2alh24n-0 host=local - Initializing directory structure
2017-02-16 21:39:18,093-0200 INFO  swift START jobid=simulate-t2alh24n-0 host=local - Initializing directory structure
2017-02-16 21:39:18,094-0200 INFO  swift START jobid=simulate-q2alh24n-0 host=local - Initializing directory structure
2017-02-16 21:39:18,094-0200 INFO  swift START jobid=simulate-r2alh24n-0 host=local - Initializing directory structure
2017-02-16 21:39:18,095-0200 INFO  swift START jobid=simulate-p2alh24n-0 host=local - Initializing directory structure
2017-02-16 21:39:18,095-0200 INFO  LateBindingScheduler jobs queued: 1
2017-02-16 21:39:18,095-0200 INFO  swift START jobid=simulate-o2alh24n-0 host=local - Initializing directory structure
2017-02-16 21:39:18,097-0200 INFO  swift END jobid=simulate-s2alh24n-0 - Done initializing directory structure
2017-02-16 21:39:18,098-0200 INFO  swift START jobid=simulate-s2alh24n-0 - Staging in files []
2017-02-16 21:39:18,098-0200 INFO  swift END jobid=simulate-s2alh24n-0 - Staging in finished
2017-02-16 21:39:18,098-0200 DEBUG swift JOB_START jobid=simulate-s2alh24n-0 tr=simulate arguments=[--timesteps, 1, --range, 100, --nvalues, 5] tmpdir=p4-run001/jobs/s/simulate-s2alh24n-0
2017-02-16 21:39:18,099-0200 INFO  swift END jobid=simulate-m2alh24n-0 - Done initializing directory structure
2017-02-16 21:39:18,099-0200 INFO  swift START jobid=simulate-n2alh24n-0 host=local - Initializing directory structure
2017-02-16 21:39:18,100-0200 INFO  swift START jobid=simulate-m2alh24n-0 - Staging in files []
2017-02-16 21:39:18,100-0200 INFO  swift END jobid=simulate-n2alh24n-0 - Done initializing directory structure
2017-02-16 21:39:18,100-0200 INFO  swift END jobid=simulate-m2alh24n-0 - Staging in finished
2017-02-16 21:39:18,100-0200 INFO  swift START jobid=simulate-n2alh24n-0 - Staging in files []
2017-02-16 21:39:18,100-0200 INFO  swift END jobid=simulate-n2alh24n-0 - Staging in finished
2017-02-16 21:39:18,100-0200 DEBUG swift JOB_START jobid=simulate-m2alh24n-0 tr=simulate arguments=[--timesteps, 1, --range, 100, --nvalues, 5] tmpdir=p4-run001/jobs/s/simulate-m2alh24n-0
2017-02-16 21:39:18,100-0200 DEBUG swift JOB_START jobid=simulate-n2alh24n-0 tr=simulate arguments=[--timesteps, 1, --range, 100, --nvalues, 5] tmpdir=p4-run001/jobs/s/simulate-n2alh24n-0
2017-02-16 21:39:18,101-0200 INFO  swift START jobid=simulate-u2alh24n-0 host=local - Initializing directory structure
2017-02-16 21:39:18,101-0200 INFO  swift END jobid=simulate-u2alh24n-0 - Done initializing directory structure
2017-02-16 21:39:18,101-0200 INFO  swift START jobid=simulate-u2alh24n-0 - Staging in files []
2017-02-16 21:39:18,101-0200 INFO  swift END jobid=simulate-u2alh24n-0 - Staging in finished
2017-02-16 21:39:18,101-0200 DEBUG swift JOB_START jobid=simulate-u2alh24n-0 tr=simulate arguments=[--timesteps, 1, --range, 100, --nvalues, 5] tmpdir=p4-run001/jobs/s/simulate-u2alh24n-0
2017-02-16 21:39:18,102-0200 INFO  swift END jobid=simulate-t2alh24n-0 - Done initializing directory structure
2017-02-16 21:39:18,102-0200 INFO  swift START jobid=simulate-t2alh24n-0 - Staging in files []
2017-02-16 21:39:18,102-0200 INFO  swift END jobid=simulate-t2alh24n-0 - Staging in finished
2017-02-16 21:39:18,102-0200 DEBUG swift JOB_START jobid=simulate-t2alh24n-0 tr=simulate arguments=[--timesteps, 1, --range, 100, --nvalues, 5] tmpdir=p4-run001/jobs/s/simulate-t2alh24n-0
2017-02-16 21:39:18,103-0200 INFO  Execute JOB_TASK jobid=simulate-s2alh24n-0 taskid=task-53 exec=/bin/bash dir=p4-run001 args=shared/_swiftwrap simulate-s2alh24n-0 -jobdir s -scratch  -e simulate -out output/sim_8.out -err output/sim_8.log -i -d output -if  -of output/sim_8.log|output/sim_8.out -cf  -cdmfile -status files -a --timesteps 1 --range 100 --nvalues 5
2017-02-16 21:39:18,103-0200 INFO  Execute JOB_TASK jobid=simulate-t2alh24n-0 taskid=task-57 exec=/bin/bash dir=p4-run001 args=shared/_swiftwrap simulate-t2alh24n-0 -jobdir s -scratch  -e simulate -out output/sim_9.out -err output/sim_9.log -i -d output -if  -of output/sim_9.out|output/sim_9.log -cf  -cdmfile -status files -a --timesteps 1 --range 100 --nvalues 5
2017-02-16 21:39:18,104-0200 INFO  Execute JOB_TASK jobid=simulate-n2alh24n-0 taskid=task-45 exec=/bin/bash dir=p4-run001 args=shared/_swiftwrap simulate-n2alh24n-0 -jobdir s -scratch  -e simulate -out output/sim_7.out -err output/sim_7.log -i -d output -if  -of output/sim_7.out|output/sim_7.log -cf  -cdmfile -status files -a --timesteps 1 --range 100 --nvalues 5
2017-02-16 21:39:18,104-0200 INFO  Execute JOB_TASK jobid=simulate-m2alh24n-0 taskid=task-37 exec=/bin/bash dir=p4-run001 args=shared/_swiftwrap simulate-m2alh24n-0 -jobdir s -scratch  -e simulate -out output/sim_5.out -err output/sim_5.log -i -d output -if  -of output/sim_5.out|output/sim_5.log -cf  -cdmfile -status files -a --timesteps 1 --range 100 --nvalues 5
2017-02-16 21:39:18,104-0200 INFO  Execute JOB_TASK jobid=simulate-u2alh24n-0 taskid=task-21 exec=/bin/bash dir=p4-run001 args=shared/_swiftwrap simulate-u2alh24n-0 -jobdir s -scratch  -e simulate -out output/sim_0.out -err output/sim_0.log -i -d output -if  -of output/sim_0.log|output/sim_0.out -cf  -cdmfile -status files -a --timesteps 1 --range 100 --nvalues 5
2017-02-16 21:39:18,104-0200 INFO  swift END jobid=simulate-r2alh24n-0 - Done initializing directory structure
2017-02-16 21:39:18,104-0200 INFO  swift START jobid=simulate-r2alh24n-0 - Staging in files []
2017-02-16 21:39:18,104-0200 INFO  swift END jobid=simulate-r2alh24n-0 - Staging in finished
2017-02-16 21:39:18,104-0200 INFO  swift END jobid=simulate-p2alh24n-0 - Done initializing directory structure
2017-02-16 21:39:18,104-0200 INFO  swift START jobid=simulate-p2alh24n-0 - Staging in files []
2017-02-16 21:39:18,104-0200 DEBUG swift JOB_START jobid=simulate-r2alh24n-0 tr=simulate arguments=[--timesteps, 1, --range, 100, --nvalues, 5] tmpdir=p4-run001/jobs/s/simulate-r2alh24n-0
2017-02-16 21:39:18,104-0200 INFO  swift END jobid=simulate-p2alh24n-0 - Staging in finished
2017-02-16 21:39:18,104-0200 DEBUG swift JOB_START jobid=simulate-p2alh24n-0 tr=simulate arguments=[--timesteps, 1, --range, 100, --nvalues, 5] tmpdir=p4-run001/jobs/s/simulate-p2alh24n-0
2017-02-16 21:39:18,105-0200 INFO  Execute JOB_TASK jobid=simulate-r2alh24n-0 taskid=task-49 exec=/bin/bash dir=p4-run001 args=shared/_swiftwrap simulate-r2alh24n-0 -jobdir s -scratch  -e simulate -out output/sim_1.out -err output/sim_1.log -i -d output -if  -of output/sim_1.out|output/sim_1.log -cf  -cdmfile -status files -a --timesteps 1 --range 100 --nvalues 5
2017-02-16 21:39:18,105-0200 INFO  Execute JOB_TASK jobid=simulate-p2alh24n-0 taskid=task-29 exec=/bin/bash dir=p4-run001 args=shared/_swiftwrap simulate-p2alh24n-0 -jobdir s -scratch  -e simulate -out output/sim_3.out -err output/sim_3.log -i -d output -if  -of output/sim_3.out|output/sim_3.log -cf  -cdmfile -status files -a --timesteps 1 --range 100 --nvalues 5
2017-02-16 21:39:18,105-0200 INFO  swift END jobid=simulate-q2alh24n-0 - Done initializing directory structure
2017-02-16 21:39:18,105-0200 INFO  swift START jobid=simulate-q2alh24n-0 - Staging in files []
2017-02-16 21:39:18,105-0200 INFO  swift END jobid=simulate-q2alh24n-0 - Staging in finished
2017-02-16 21:39:18,105-0200 DEBUG swift JOB_START jobid=simulate-q2alh24n-0 tr=simulate arguments=[--timesteps, 1, --range, 100, --nvalues, 5] tmpdir=p4-run001/jobs/s/simulate-q2alh24n-0
2017-02-16 21:39:18,106-0200 INFO  swift END jobid=simulate-o2alh24n-0 - Done initializing directory structure
2017-02-16 21:39:18,106-0200 INFO  swift START jobid=simulate-o2alh24n-0 - Staging in files []
2017-02-16 21:39:18,106-0200 INFO  swift END jobid=simulate-o2alh24n-0 - Staging in finished
2017-02-16 21:39:18,106-0200 DEBUG swift JOB_START jobid=simulate-o2alh24n-0 tr=simulate arguments=[--timesteps, 1, --range, 100, --nvalues, 5] tmpdir=p4-run001/jobs/s/simulate-o2alh24n-0
2017-02-16 21:39:18,106-0200 INFO  Execute JOB_TASK jobid=simulate-o2alh24n-0 taskid=task-41 exec=/bin/bash dir=p4-run001 args=shared/_swiftwrap simulate-o2alh24n-0 -jobdir s -scratch  -e simulate -out output/sim_6.out -err output/sim_6.log -i -d output -if  -of output/sim_6.out|output/sim_6.log -cf  -cdmfile -status files -a --timesteps 1 --range 100 --nvalues 5
2017-02-16 21:39:18,106-0200 INFO  Execute JOB_TASK jobid=simulate-q2alh24n-0 taskid=task-25 exec=/bin/bash dir=p4-run001 args=shared/_swiftwrap simulate-q2alh24n-0 -jobdir s -scratch  -e simulate -out output/sim_2.out -err output/sim_2.log -i -d output -if  -of output/sim_2.log|output/sim_2.out -cf  -cdmfile -status files -a --timesteps 1 --range 100 --nvalues 5
2017-02-16 21:39:18,112-0200 INFO  Execute TASK_STATUS_CHANGE taskid=task-49 status=8
2017-02-16 21:39:18,112-0200 INFO  Execute TASK_STATUS_CHANGE taskid=task-53 status=8
2017-02-16 21:39:18,113-0200 INFO  Execute TASK_STATUS_CHANGE taskid=task-49 status=1
2017-02-16 21:39:18,113-0200 INFO  Execute TASK_STATUS_CHANGE taskid=task-41 status=8
2017-02-16 21:39:18,114-0200 INFO  Execute TASK_STATUS_CHANGE taskid=task-53 status=1
2017-02-16 21:39:18,114-0200 INFO  Execute TASK_STATUS_CHANGE taskid=task-25 status=8
2017-02-16 21:39:18,117-0200 INFO  Execute TASK_STATUS_CHANGE taskid=task-25 status=1
2017-02-16 21:39:18,117-0200 INFO  Execute TASK_STATUS_CHANGE taskid=task-29 status=8
2017-02-16 21:39:18,121-0200 INFO  Execute TASK_STATUS_CHANGE taskid=task-41 status=1
2017-02-16 21:39:18,121-0200 INFO  Execute TASK_STATUS_CHANGE taskid=task-21 status=8
2017-02-16 21:39:18,122-0200 INFO  Execute TASK_STATUS_CHANGE taskid=task-53 status=2
2017-02-16 21:39:18,125-0200 INFO  Execute TASK_STATUS_CHANGE taskid=task-49 status=2
2017-02-16 21:39:18,126-0200 INFO  Execute TASK_STATUS_CHANGE taskid=task-21 status=1
2017-02-16 21:39:18,126-0200 INFO  Execute TASK_STATUS_CHANGE taskid=task-37 status=8
2017-02-16 21:39:18,126-0200 INFO  Execute TASK_STATUS_CHANGE taskid=task-37 status=1
2017-02-16 21:39:18,127-0200 INFO  Execute TASK_STATUS_CHANGE taskid=task-45 status=8
2017-02-16 21:39:18,129-0200 INFO  Execute TASK_STATUS_CHANGE taskid=task-45 status=1
2017-02-16 21:39:18,129-0200 INFO  Execute TASK_STATUS_CHANGE taskid=task-57 status=8
2017-02-16 21:39:18,133-0200 INFO  Execute TASK_STATUS_CHANGE taskid=task-25 status=2
2017-02-16 21:39:18,139-0200 INFO  Execute TASK_STATUS_CHANGE taskid=task-37 status=2
2017-02-16 21:39:18,141-0200 INFO  Execute TASK_STATUS_CHANGE taskid=task-21 status=2
2017-02-16 21:39:18,142-0200 INFO  Execute TASK_STATUS_CHANGE taskid=task-45 status=2
2017-02-16 21:39:18,148-0200 INFO  Execute TASK_STATUS_CHANGE taskid=task-57 status=1
2017-02-16 21:39:18,150-0200 INFO  Execute TASK_STATUS_CHANGE taskid=task-41 status=2
2017-02-16 21:39:18,150-0200 INFO  Execute TASK_STATUS_CHANGE taskid=task-29 status=1
2017-02-16 21:39:18,157-0200 INFO  Execute TASK_STATUS_CHANGE taskid=task-57 status=2
2017-02-16 21:39:18,163-0200 INFO  Execute TASK_STATUS_CHANGE taskid=task-29 status=2
2017-02-16 21:39:19,045-0200 INFO  RuntimeStats$ProgressTicker HeapMax: 954728448, CrtHeap: 121110528, UsedHeap: 11406696, JVMThreads: 39
2017-02-16 21:39:19,045-0200 INFO  RuntimeStats$ProgressTicker   Selecting site:1  Active:9
2017-02-16 21:39:19,293-0200 INFO  LateBindingScheduler jobs queued: 1
2017-02-16 21:39:19,293-0200 INFO  Execute TASK_STATUS_CHANGE taskid=task-49 status=7
2017-02-16 21:39:19,294-0200 DEBUG swift START jobid=simulate-r2alh24n-0
2017-02-16 21:39:19,294-0200 INFO  LateBindingScheduler jobs queued: 1
2017-02-16 21:39:19,295-0200 INFO  swift SUCCESS jobid=simulate-r2alh24n-0 - Success file found
2017-02-16 21:39:19,295-0200 DEBUG swift STAGING_OUT jobid=simulate-r2alh24n-0
2017-02-16 21:39:19,295-0200 INFO  swift START jobid=simulate-r2alh24n-0 - Staging out files
2017-02-16 21:39:19,295-0200 DEBUG swift stageouts: [file://localhost/output/sim_1.out, file://localhost/output/sim_1.log]
2017-02-16 21:39:19,297-0200 DEBUG swift FILE_STAGE_OUT_START srcname=sim_1.out srcdir=p4-run001/shared/output srchost=local destdir=output desthost=localhost provider=file jobid=simulate-r2alh24n-0
2017-02-16 21:39:19,297-0200 DEBUG swift FILE_STAGE_OUT_START srcname=sim_1.log srcdir=p4-run001/shared/output srchost=local destdir=output desthost=localhost provider=file jobid=simulate-r2alh24n-0
2017-02-16 21:39:19,298-0200 INFO  LateBindingScheduler jobs queued: 1
2017-02-16 21:39:19,298-0200 INFO  LateBindingScheduler jobs queued: 1
2017-02-16 21:39:19,302-0200 DEBUG swift CDM: file://localhost/output/sim_1.log : DEFAULT
2017-02-16 21:39:19,303-0200 DEBUG swift CDM: file://localhost/output/sim_1.out : DEFAULT
2017-02-16 21:39:19,304-0200 INFO  LateBindingScheduler jobs queued: 1
2017-02-16 21:39:19,304-0200 INFO  Execute TASK_STATUS_CHANGE taskid=task-21 status=7
2017-02-16 21:39:19,305-0200 DEBUG swift START jobid=simulate-u2alh24n-0
2017-02-16 21:39:19,306-0200 INFO  LateBindingScheduler jobs queued: 1
2017-02-16 21:39:19,306-0200 INFO  swift SUCCESS jobid=simulate-u2alh24n-0 - Success file found
2017-02-16 21:39:19,306-0200 DEBUG swift STAGING_OUT jobid=simulate-u2alh24n-0
2017-02-16 21:39:19,306-0200 INFO  swift START jobid=simulate-u2alh24n-0 - Staging out files
2017-02-16 21:39:19,307-0200 DEBUG swift stageouts: [file://localhost/output/sim_0.log, file://localhost/output/sim_0.out]
2017-02-16 21:39:19,307-0200 DEBUG swift FILE_STAGE_OUT_START srcname=sim_0.log srcdir=p4-run001/shared/output srchost=local destdir=output desthost=localhost provider=file jobid=simulate-u2alh24n-0
2017-02-16 21:39:19,307-0200 DEBUG swift FILE_STAGE_OUT_START srcname=sim_0.out srcdir=p4-run001/shared/output srchost=local destdir=output desthost=localhost provider=file jobid=simulate-u2alh24n-0
2017-02-16 21:39:19,307-0200 INFO  LateBindingScheduler jobs queued: 1
2017-02-16 21:39:19,307-0200 INFO  LateBindingScheduler jobs queued: 1
2017-02-16 21:39:19,307-0200 DEBUG swift CDM: file://localhost/output/sim_0.out : DEFAULT
2017-02-16 21:39:19,308-0200 DEBUG swift CDM: file://localhost/output/sim_0.log : DEFAULT
2017-02-16 21:39:19,308-0200 INFO  LateBindingScheduler jobs queued: 3
2017-02-16 21:39:19,308-0200 DEBUG swift FILE_STAGE_OUT_END srcname=sim_1.log srcdir=p4-run001/shared/output srchost=local destdir=output desthost=localhost provider=file
2017-02-16 21:39:19,311-0200 INFO  LateBindingScheduler jobs queued: 1
2017-02-16 21:39:19,311-0200 INFO  LateBindingScheduler jobs queued: 1
2017-02-16 21:39:19,311-0200 DEBUG swift FILE_STAGE_OUT_END srcname=sim_1.out srcdir=p4-run001/shared/output srchost=local destdir=output desthost=localhost provider=file
2017-02-16 21:39:19,311-0200 INFO  LateBindingScheduler jobs queued: 1
2017-02-16 21:39:19,314-0200 INFO  LateBindingScheduler jobs queued: 1
2017-02-16 21:39:19,314-0200 DEBUG swift FILE_STAGE_OUT_END srcname=sim_0.log srcdir=p4-run001/shared/output srchost=local destdir=output desthost=localhost provider=file
2017-02-16 21:39:19,315-0200 INFO  LateBindingScheduler jobs queued: 1
2017-02-16 21:39:19,316-0200 INFO  swift END jobid=simulate-r2alh24n-0 - Staging out finished
2017-02-16 21:39:19,319-0200 INFO  LateBindingScheduler jobs queued: 1
2017-02-16 21:39:19,320-0200 INFO  Execute TASK_STATUS_CHANGE taskid=task-41 status=7
2017-02-16 21:39:19,320-0200 DEBUG swift START jobid=simulate-o2alh24n-0
2017-02-16 21:39:19,320-0200 INFO  LateBindingScheduler jobs queued: 1
2017-02-16 21:39:19,321-0200 INFO  LateBindingScheduler jobs queued: 1
2017-02-16 21:39:19,322-0200 INFO  swift SUCCESS jobid=simulate-o2alh24n-0 - Success file found
2017-02-16 21:39:19,322-0200 DEBUG swift STAGING_OUT jobid=simulate-o2alh24n-0
2017-02-16 21:39:19,322-0200 INFO  swift START jobid=simulate-o2alh24n-0 - Staging out files
2017-02-16 21:39:19,322-0200 DEBUG swift stageouts: [file://localhost/output/sim_6.out, file://localhost/output/sim_6.log]
2017-02-16 21:39:19,322-0200 DEBUG swift FILE_STAGE_OUT_END srcname=sim_0.out srcdir=p4-run001/shared/output srchost=local destdir=output desthost=localhost provider=file
2017-02-16 21:39:19,322-0200 DEBUG swift FILE_STAGE_OUT_START srcname=sim_6.out srcdir=p4-run001/shared/output srchost=local destdir=output desthost=localhost provider=file jobid=simulate-o2alh24n-0
2017-02-16 21:39:19,322-0200 DEBUG swift FILE_STAGE_OUT_START srcname=sim_6.log srcdir=p4-run001/shared/output srchost=local destdir=output desthost=localhost provider=file jobid=simulate-o2alh24n-0
2017-02-16 21:39:19,323-0200 INFO  LateBindingScheduler jobs queued: 1
2017-02-16 21:39:19,323-0200 INFO  LateBindingScheduler jobs queued: 1
2017-02-16 21:39:19,323-0200 DEBUG swift CDM: file://localhost/output/sim_6.out : DEFAULT
2017-02-16 21:39:19,324-0200 INFO  swift END jobid=simulate-u2alh24n-0 - Staging out finished
2017-02-16 21:39:19,324-0200 INFO  LateBindingScheduler jobs queued: 1
2017-02-16 21:39:19,325-0200 DEBUG swift CDM: file://localhost/output/sim_6.log : DEFAULT
2017-02-16 21:39:19,325-0200 INFO  LateBindingScheduler jobs queued: 2
2017-02-16 21:39:19,325-0200 INFO  LateBindingScheduler jobs queued: 2
2017-02-16 21:39:19,325-0200 INFO  LateBindingScheduler jobs queued: 2
2017-02-16 21:39:19,325-0200 INFO  Execute TASK_STATUS_CHANGE taskid=task-25 status=7
2017-02-16 21:39:19,327-0200 DEBUG swift JOB_END jobid=simulate-r2alh24n-0
2017-02-16 21:39:19,327-0200 DEBUG swift JOB_END jobid=simulate-u2alh24n-0
2017-02-16 21:39:19,328-0200 INFO  swift END_SUCCESS jobid=simulate-u2alh24n tr=simulate
2017-02-16 21:39:19,328-0200 DEBUG swift PROCEDURE_END line=3 thread=2-0-7-4-9-0-21-2 name=simulation
2017-02-16 21:39:19,328-0200 DEBUG swift START jobid=simulate-q2alh24n-0
2017-02-16 21:39:19,328-0200 INFO  swift END_SUCCESS jobid=simulate-r2alh24n tr=simulate
2017-02-16 21:39:19,328-0200 DEBUG swift PROCEDURE_END line=3 thread=2-0-7-4-10-1-49-2 name=simulation
2017-02-16 21:39:19,332-0200 DEBUG swift THREAD_ASSOCIATION jobid=simulate-l2alh24n-0 host=local thread=2-0-7-4-13-4-33-2
2017-02-16 21:39:19,333-0200 INFO  swift START jobid=simulate-l2alh24n-0 host=local - Initializing directory structure
2017-02-16 21:39:19,333-0200 INFO  swift END jobid=simulate-l2alh24n-0 - Done initializing directory structure
2017-02-16 21:39:19,333-0200 INFO  LateBindingScheduler jobs queued: 0
2017-02-16 21:39:19,333-0200 INFO  Execute TASK_STATUS_CHANGE taskid=task-53 status=7
2017-02-16 21:39:19,334-0200 INFO  swift START jobid=simulate-l2alh24n-0 - Staging in files []
2017-02-16 21:39:19,334-0200 INFO  swift END jobid=simulate-l2alh24n-0 - Staging in finished
2017-02-16 21:39:19,334-0200 DEBUG swift JOB_START jobid=simulate-l2alh24n-0 tr=simulate arguments=[--timesteps, 1, --range, 100, --nvalues, 5] tmpdir=p4-run001/jobs/s/simulate-l2alh24n-0
2017-02-16 21:39:19,334-0200 INFO  Execute JOB_TASK jobid=simulate-l2alh24n-0 taskid=task-33 exec=/bin/bash dir=p4-run001 args=shared/_swiftwrap simulate-l2alh24n-0 -jobdir s -scratch  -e simulate -out output/sim_4.out -err output/sim_4.log -i -d output -if  -of output/sim_4.out|output/sim_4.log -cf  -cdmfile -status files -a --timesteps 1 --range 100 --nvalues 5
2017-02-16 21:39:19,335-0200 DEBUG swift START jobid=simulate-s2alh24n-0
2017-02-16 21:39:19,335-0200 INFO  LateBindingScheduler jobs queued: 2
2017-02-16 21:39:19,336-0200 INFO  Execute TASK_STATUS_CHANGE taskid=task-33 status=8
2017-02-16 21:39:19,336-0200 INFO  swift SUCCESS jobid=simulate-q2alh24n-0 - Success file found
2017-02-16 21:39:19,336-0200 DEBUG swift STAGING_OUT jobid=simulate-q2alh24n-0
2017-02-16 21:39:19,336-0200 INFO  Execute TASK_STATUS_CHANGE taskid=task-33 status=1
2017-02-16 21:39:19,336-0200 INFO  swift START jobid=simulate-q2alh24n-0 - Staging out files
2017-02-16 21:39:19,336-0200 DEBUG swift stageouts: [file://localhost/output/sim_2.log, file://localhost/output/sim_2.out]
2017-02-16 21:39:19,336-0200 INFO  LateBindingScheduler jobs queued: 0
2017-02-16 21:39:19,336-0200 DEBUG swift FILE_STAGE_OUT_START srcname=sim_2.out srcdir=p4-run001/shared/output srchost=local destdir=output desthost=localhost provider=file jobid=simulate-q2alh24n-0
2017-02-16 21:39:19,336-0200 INFO  swift SUCCESS jobid=simulate-s2alh24n-0 - Success file found
2017-02-16 21:39:19,336-0200 DEBUG swift STAGING_OUT jobid=simulate-s2alh24n-0
2017-02-16 21:39:19,337-0200 INFO  swift START jobid=simulate-s2alh24n-0 - Staging out files
2017-02-16 21:39:19,337-0200 DEBUG swift stageouts: [file://localhost/output/sim_8.log, file://localhost/output/sim_8.out]
2017-02-16 21:39:19,337-0200 INFO  LateBindingScheduler jobs queued: 0
2017-02-16 21:39:19,337-0200 DEBUG swift FILE_STAGE_OUT_START srcname=sim_2.log srcdir=p4-run001/shared/output srchost=local destdir=output desthost=localhost provider=file jobid=simulate-q2alh24n-0
2017-02-16 21:39:19,337-0200 DEBUG swift FILE_STAGE_OUT_START srcname=sim_8.log srcdir=p4-run001/shared/output srchost=local destdir=output desthost=localhost provider=file jobid=simulate-s2alh24n-0
2017-02-16 21:39:19,337-0200 DEBUG swift FILE_STAGE_OUT_START srcname=sim_8.out srcdir=p4-run001/shared/output srchost=local destdir=output desthost=localhost provider=file jobid=simulate-s2alh24n-0
2017-02-16 21:39:19,337-0200 DEBUG swift CDM: file://localhost/output/sim_2.out : DEFAULT
2017-02-16 21:39:19,338-0200 INFO  LateBindingScheduler jobs queued: 0
2017-02-16 21:39:19,338-0200 INFO  LateBindingScheduler jobs queued: 0
2017-02-16 21:39:19,338-0200 DEBUG swift CDM: file://localhost/output/sim_8.log : DEFAULT
2017-02-16 21:39:19,338-0200 INFO  LateBindingScheduler jobs queued: 0
2017-02-16 21:39:19,338-0200 INFO  LateBindingScheduler jobs queued: 1
2017-02-16 21:39:19,338-0200 DEBUG swift CDM: file://localhost/output/sim_2.log : DEFAULT
2017-02-16 21:39:19,338-0200 DEBUG swift CDM: file://localhost/output/sim_8.out : DEFAULT
2017-02-16 21:39:19,338-0200 DEBUG swift FILE_STAGE_OUT_END srcname=sim_6.out srcdir=p4-run001/shared/output srchost=local destdir=output desthost=localhost provider=file
2017-02-16 21:39:19,342-0200 INFO  LateBindingScheduler jobs queued: 1
2017-02-16 21:39:19,342-0200 INFO  LateBindingScheduler jobs queued: 1
2017-02-16 21:39:19,343-0200 DEBUG swift FILE_STAGE_OUT_END srcname=sim_6.log srcdir=p4-run001/shared/output srchost=local destdir=output desthost=localhost provider=file
2017-02-16 21:39:19,345-0200 INFO  LateBindingScheduler jobs queued: 0
2017-02-16 21:39:19,346-0200 INFO  swift END jobid=simulate-o2alh24n-0 - Staging out finished
2017-02-16 21:39:19,347-0200 INFO  LateBindingScheduler jobs queued: 1
2017-02-16 21:39:19,347-0200 DEBUG swift FILE_STAGE_OUT_END srcname=sim_2.out srcdir=p4-run001/shared/output srchost=local destdir=output desthost=localhost provider=file
2017-02-16 21:39:19,347-0200 INFO  LateBindingScheduler jobs queued: 0
2017-02-16 21:39:19,349-0200 INFO  LateBindingScheduler jobs queued: 0
2017-02-16 21:39:19,350-0200 DEBUG swift FILE_STAGE_OUT_END srcname=sim_2.log srcdir=p4-run001/shared/output srchost=local destdir=output desthost=localhost provider=file
2017-02-16 21:39:19,350-0200 INFO  LateBindingScheduler jobs queued: 0
2017-02-16 21:39:19,351-0200 INFO  swift END jobid=simulate-q2alh24n-0 - Staging out finished
2017-02-16 21:39:19,352-0200 INFO  LateBindingScheduler jobs queued: 1
2017-02-16 21:39:19,352-0200 DEBUG swift FILE_STAGE_OUT_END srcname=sim_8.out srcdir=p4-run001/shared/output srchost=local destdir=output desthost=localhost provider=file
2017-02-16 21:39:19,352-0200 INFO  LateBindingScheduler jobs queued: 0
2017-02-16 21:39:19,354-0200 INFO  Execute TASK_STATUS_CHANGE taskid=task-33 status=2
2017-02-16 21:39:19,355-0200 INFO  LateBindingScheduler jobs queued: 0
2017-02-16 21:39:19,355-0200 INFO  LateBindingScheduler jobs queued: 0
2017-02-16 21:39:19,356-0200 DEBUG swift JOB_END jobid=simulate-o2alh24n-0
2017-02-16 21:39:19,356-0200 INFO  LateBindingScheduler jobs queued: 0
2017-02-16 21:39:19,356-0200 INFO  Execute TASK_STATUS_CHANGE taskid=task-45 status=7
2017-02-16 21:39:19,356-0200 INFO  swift END_SUCCESS jobid=simulate-o2alh24n tr=simulate
2017-02-16 21:39:19,356-0200 DEBUG swift PROCEDURE_END line=3 thread=2-0-7-4-15-6-41-2 name=simulation
2017-02-16 21:39:19,356-0200 DEBUG swift START jobid=simulate-n2alh24n-0
2017-02-16 21:39:19,357-0200 DEBUG swift JOB_END jobid=simulate-q2alh24n-0
2017-02-16 21:39:19,357-0200 INFO  swift END_SUCCESS jobid=simulate-q2alh24n tr=simulate
2017-02-16 21:39:19,357-0200 DEBUG swift PROCEDURE_END line=3 thread=2-0-7-4-11-2-25-2 name=simulation
2017-02-16 21:39:19,357-0200 INFO  LateBindingScheduler jobs queued: 0
2017-02-16 21:39:19,358-0200 INFO  swift SUCCESS jobid=simulate-n2alh24n-0 - Success file found
2017-02-16 21:39:19,358-0200 DEBUG swift STAGING_OUT jobid=simulate-n2alh24n-0
2017-02-16 21:39:19,358-0200 INFO  swift START jobid=simulate-n2alh24n-0 - Staging out files
2017-02-16 21:39:19,358-0200 DEBUG swift stageouts: [file://localhost/output/sim_7.out, file://localhost/output/sim_7.log]
2017-02-16 21:39:19,358-0200 INFO  LateBindingScheduler jobs queued: 0
2017-02-16 21:39:19,358-0200 DEBUG swift FILE_STAGE_OUT_START srcname=sim_7.out srcdir=p4-run001/shared/output srchost=local destdir=output desthost=localhost provider=file jobid=simulate-n2alh24n-0
2017-02-16 21:39:19,358-0200 DEBUG swift FILE_STAGE_OUT_START srcname=sim_7.log srcdir=p4-run001/shared/output srchost=local destdir=output desthost=localhost provider=file jobid=simulate-n2alh24n-0
2017-02-16 21:39:19,361-0200 DEBUG swift FILE_STAGE_OUT_END srcname=sim_8.log srcdir=p4-run001/shared/output srchost=local destdir=output desthost=localhost provider=file
2017-02-16 21:39:19,361-0200 INFO  LateBindingScheduler jobs queued: 0
2017-02-16 21:39:19,361-0200 INFO  LateBindingScheduler jobs queued: 0
2017-02-16 21:39:19,362-0200 INFO  LateBindingScheduler jobs queued: 0
2017-02-16 21:39:19,363-0200 INFO  swift END jobid=simulate-s2alh24n-0 - Staging out finished
2017-02-16 21:39:19,364-0200 DEBUG swift CDM: file://localhost/output/sim_7.out : DEFAULT
2017-02-16 21:39:19,365-0200 DEBUG swift CDM: file://localhost/output/sim_7.log : DEFAULT
2017-02-16 21:39:19,366-0200 DEBUG swift FOREACH_IT_END line=20 thread=2-0-7-4-10-1
2017-02-16 21:39:19,367-0200 DEBUG swift FOREACH_IT_END line=20 thread=2-0-7-4-9-0
2017-02-16 21:39:19,368-0200 INFO  LateBindingScheduler jobs queued: 0
2017-02-16 21:39:19,368-0200 DEBUG swift JOB_END jobid=simulate-s2alh24n-0
2017-02-16 21:39:19,368-0200 INFO  swift END_SUCCESS jobid=simulate-s2alh24n tr=simulate
2017-02-16 21:39:19,369-0200 DEBUG swift PROCEDURE_END line=3 thread=2-0-7-4-17-8-53-2 name=simulation
2017-02-16 21:39:19,370-0200 INFO  LateBindingScheduler jobs queued: 0
2017-02-16 21:39:19,370-0200 INFO  Execute TASK_STATUS_CHANGE taskid=task-37 status=7
2017-02-16 21:39:19,371-0200 DEBUG swift START jobid=simulate-m2alh24n-0
2017-02-16 21:39:19,371-0200 INFO  LateBindingScheduler jobs queued: 0
2017-02-16 21:39:19,372-0200 INFO  swift SUCCESS jobid=simulate-m2alh24n-0 - Success file found
2017-02-16 21:39:19,372-0200 DEBUG swift STAGING_OUT jobid=simulate-m2alh24n-0
2017-02-16 21:39:19,372-0200 INFO  swift START jobid=simulate-m2alh24n-0 - Staging out files
2017-02-16 21:39:19,372-0200 DEBUG swift stageouts: [file://localhost/output/sim_5.out, file://localhost/output/sim_5.log]
2017-02-16 21:39:19,372-0200 DEBUG swift FILE_STAGE_OUT_START srcname=sim_5.out srcdir=p4-run001/shared/output srchost=local destdir=output desthost=localhost provider=file jobid=simulate-m2alh24n-0
2017-02-16 21:39:19,372-0200 DEBUG swift FILE_STAGE_OUT_START srcname=sim_5.log srcdir=p4-run001/shared/output srchost=local destdir=output desthost=localhost provider=file jobid=simulate-m2alh24n-0
2017-02-16 21:39:19,371-0200 INFO  LateBindingScheduler jobs queued: 0
2017-02-16 21:39:19,372-0200 INFO  LateBindingScheduler jobs queued: 0
2017-02-16 21:39:19,373-0200 DEBUG swift CDM: file://localhost/output/sim_5.out : DEFAULT
2017-02-16 21:39:19,373-0200 INFO  LateBindingScheduler jobs queued: 0
2017-02-16 21:39:19,373-0200 DEBUG swift CDM: file://localhost/output/sim_5.log : DEFAULT
2017-02-16 21:39:19,373-0200 DEBUG swift FILE_STAGE_OUT_END srcname=sim_7.log srcdir=p4-run001/shared/output srchost=local destdir=output desthost=localhost provider=file
2017-02-16 21:39:19,374-0200 INFO  LateBindingScheduler jobs queued: 0
2017-02-16 21:39:19,374-0200 INFO  LateBindingScheduler jobs queued: 0
2017-02-16 21:39:19,374-0200 INFO  Execute TASK_STATUS_CHANGE taskid=task-57 status=7
2017-02-16 21:39:19,374-0200 DEBUG swift START jobid=simulate-t2alh24n-0
2017-02-16 21:39:19,375-0200 INFO  LateBindingScheduler jobs queued: 0
2017-02-16 21:39:19,375-0200 INFO  LateBindingScheduler jobs queued: 0
2017-02-16 21:39:19,375-0200 INFO  swift SUCCESS jobid=simulate-t2alh24n-0 - Success file found
2017-02-16 21:39:19,375-0200 DEBUG swift STAGING_OUT jobid=simulate-t2alh24n-0
2017-02-16 21:39:19,375-0200 DEBUG swift FILE_STAGE_OUT_END srcname=sim_7.out srcdir=p4-run001/shared/output srchost=local destdir=output desthost=localhost provider=file
2017-02-16 21:39:19,375-0200 INFO  swift START jobid=simulate-t2alh24n-0 - Staging out files
2017-02-16 21:39:19,375-0200 DEBUG swift stageouts: [file://localhost/output/sim_9.out, file://localhost/output/sim_9.log]
2017-02-16 21:39:19,375-0200 DEBUG swift FILE_STAGE_OUT_START srcname=sim_9.log srcdir=p4-run001/shared/output srchost=local destdir=output desthost=localhost provider=file jobid=simulate-t2alh24n-0
2017-02-16 21:39:19,376-0200 INFO  LateBindingScheduler jobs queued: 0
2017-02-16 21:39:19,376-0200 DEBUG swift FILE_STAGE_OUT_START srcname=sim_9.out srcdir=p4-run001/shared/output srchost=local destdir=output desthost=localhost provider=file jobid=simulate-t2alh24n-0
2017-02-16 21:39:19,376-0200 INFO  LateBindingScheduler jobs queued: 0
2017-02-16 21:39:19,376-0200 DEBUG swift CDM: file://localhost/output/sim_9.log : DEFAULT
2017-02-16 21:39:19,376-0200 INFO  LateBindingScheduler jobs queued: 1
2017-02-16 21:39:19,376-0200 INFO  swift END jobid=simulate-n2alh24n-0 - Staging out finished
2017-02-16 21:39:19,377-0200 DEBUG swift CDM: file://localhost/output/sim_9.out : DEFAULT
2017-02-16 21:39:19,378-0200 INFO  LateBindingScheduler jobs queued: 1
2017-02-16 21:39:19,379-0200 DEBUG swift FILE_STAGE_OUT_END srcname=sim_5.log srcdir=p4-run001/shared/output srchost=local destdir=output desthost=localhost provider=file
2017-02-16 21:39:19,379-0200 INFO  LateBindingScheduler jobs queued: 0
2017-02-16 21:39:19,380-0200 INFO  LateBindingScheduler jobs queued: 0
2017-02-16 21:39:19,380-0200 DEBUG swift FILE_STAGE_OUT_END srcname=sim_5.out srcdir=p4-run001/shared/output srchost=local destdir=output desthost=localhost provider=file
2017-02-16 21:39:19,381-0200 INFO  LateBindingScheduler jobs queued: 0
2017-02-16 21:39:19,382-0200 INFO  swift END jobid=simulate-m2alh24n-0 - Staging out finished
2017-02-16 21:39:19,388-0200 INFO  LateBindingScheduler jobs queued: 0
2017-02-16 21:39:19,388-0200 DEBUG swift JOB_END jobid=simulate-n2alh24n-0
2017-02-16 21:39:19,388-0200 INFO  swift END_SUCCESS jobid=simulate-n2alh24n tr=simulate
2017-02-16 21:39:19,388-0200 DEBUG swift PROCEDURE_END line=3 thread=2-0-7-4-16-7-45-2 name=simulation
2017-02-16 21:39:19,392-0200 INFO  LateBindingScheduler jobs queued: 0
2017-02-16 21:39:19,393-0200 DEBUG swift FILE_STAGE_OUT_END srcname=sim_9.out srcdir=p4-run001/shared/output srchost=local destdir=output desthost=localhost provider=file
2017-02-16 21:39:19,394-0200 INFO  LateBindingScheduler jobs queued: 0
2017-02-16 21:39:19,394-0200 INFO  LateBindingScheduler jobs queued: 0
2017-02-16 21:39:19,394-0200 INFO  Execute TASK_STATUS_CHANGE taskid=task-29 status=7
2017-02-16 21:39:19,394-0200 DEBUG swift START jobid=simulate-p2alh24n-0
2017-02-16 21:39:19,395-0200 INFO  LateBindingScheduler jobs queued: 0
2017-02-16 21:39:19,395-0200 INFO  swift SUCCESS jobid=simulate-p2alh24n-0 - Success file found
2017-02-16 21:39:19,395-0200 DEBUG swift STAGING_OUT jobid=simulate-p2alh24n-0
2017-02-16 21:39:19,395-0200 INFO  swift START jobid=simulate-p2alh24n-0 - Staging out files
2017-02-16 21:39:19,395-0200 DEBUG swift stageouts: [file://localhost/output/sim_3.out, file://localhost/output/sim_3.log]
2017-02-16 21:39:19,396-0200 DEBUG swift FILE_STAGE_OUT_START srcname=sim_3.out srcdir=p4-run001/shared/output srchost=local destdir=output desthost=localhost provider=file jobid=simulate-p2alh24n-0
2017-02-16 21:39:19,396-0200 DEBUG swift FILE_STAGE_OUT_START srcname=sim_3.log srcdir=p4-run001/shared/output srchost=local destdir=output desthost=localhost provider=file jobid=simulate-p2alh24n-0
2017-02-16 21:39:19,397-0200 INFO  LateBindingScheduler jobs queued: 0
2017-02-16 21:39:19,397-0200 INFO  LateBindingScheduler jobs queued: 0
2017-02-16 21:39:19,397-0200 DEBUG swift CDM: file://localhost/output/sim_3.out : DEFAULT
2017-02-16 21:39:19,397-0200 DEBUG swift CDM: file://localhost/output/sim_3.log : DEFAULT
2017-02-16 21:39:19,398-0200 DEBUG swift FOREACH_IT_END line=20 thread=2-0-7-4-17-8
2017-02-16 21:39:19,399-0200 DEBUG swift FOREACH_IT_END line=20 thread=2-0-7-4-11-2
2017-02-16 21:39:19,399-0200 DEBUG swift FOREACH_IT_END line=20 thread=2-0-7-4-15-6
2017-02-16 21:39:19,399-0200 INFO  LateBindingScheduler jobs queued: 0
2017-02-16 21:39:19,400-0200 DEBUG swift JOB_END jobid=simulate-m2alh24n-0
2017-02-16 21:39:19,400-0200 INFO  swift END_SUCCESS jobid=simulate-m2alh24n tr=simulate
2017-02-16 21:39:19,400-0200 DEBUG swift PROCEDURE_END line=3 thread=2-0-7-4-14-5-37-2 name=simulation
2017-02-16 21:39:19,401-0200 INFO  LateBindingScheduler jobs queued: 0
2017-02-16 21:39:19,401-0200 INFO  LateBindingScheduler jobs queued: 0
2017-02-16 21:39:19,402-0200 DEBUG swift FILE_STAGE_OUT_END srcname=sim_3.log srcdir=p4-run001/shared/output srchost=local destdir=output desthost=localhost provider=file
2017-02-16 21:39:19,402-0200 DEBUG swift FILE_STAGE_OUT_END srcname=sim_9.log srcdir=p4-run001/shared/output srchost=local destdir=output desthost=localhost provider=file
2017-02-16 21:39:19,402-0200 INFO  LateBindingScheduler jobs queued: 1
2017-02-16 21:39:19,403-0200 INFO  LateBindingScheduler jobs queued: 0
2017-02-16 21:39:19,403-0200 INFO  swift END jobid=simulate-t2alh24n-0 - Staging out finished
2017-02-16 21:39:19,404-0200 INFO  LateBindingScheduler jobs queued: 1
2017-02-16 21:39:19,405-0200 DEBUG swift FILE_STAGE_OUT_END srcname=sim_3.out srcdir=p4-run001/shared/output srchost=local destdir=output desthost=localhost provider=file
2017-02-16 21:39:19,405-0200 INFO  LateBindingScheduler jobs queued: 0
2017-02-16 21:39:19,405-0200 DEBUG swift JOB_END jobid=simulate-t2alh24n-0
2017-02-16 21:39:19,405-0200 INFO  LateBindingScheduler jobs queued: 0
2017-02-16 21:39:19,405-0200 INFO  swift END_SUCCESS jobid=simulate-t2alh24n tr=simulate
2017-02-16 21:39:19,405-0200 DEBUG swift PROCEDURE_END line=3 thread=2-0-7-4-18-9-57-2 name=simulation
2017-02-16 21:39:19,406-0200 INFO  swift END jobid=simulate-p2alh24n-0 - Staging out finished
2017-02-16 21:39:19,408-0200 INFO  LateBindingScheduler jobs queued: 0
2017-02-16 21:39:19,409-0200 DEBUG swift JOB_END jobid=simulate-p2alh24n-0
2017-02-16 21:39:19,409-0200 INFO  swift END_SUCCESS jobid=simulate-p2alh24n tr=simulate
2017-02-16 21:39:19,409-0200 DEBUG swift PROCEDURE_END line=3 thread=2-0-7-4-12-3-29-2 name=simulation
2017-02-16 21:39:19,431-0200 DEBUG swift FOREACH_IT_END line=20 thread=2-0-7-4-18-9
2017-02-16 21:39:19,431-0200 DEBUG swift FOREACH_IT_END line=20 thread=2-0-7-4-16-7
2017-02-16 21:39:19,432-0200 DEBUG swift FOREACH_IT_END line=20 thread=2-0-7-4-14-5
2017-02-16 21:39:19,432-0200 DEBUG swift FOREACH_IT_END line=20 thread=2-0-7-4-12-3
2017-02-16 21:39:20,045-0200 INFO  RuntimeStats$ProgressTicker HeapMax: 954728448, CrtHeap: 121110528, UsedHeap: 17928616, JVMThreads: 39
2017-02-16 21:39:20,046-0200 INFO  RuntimeStats$ProgressTicker   Active:1  Finished successfully:9
2017-02-16 21:39:20,462-0200 INFO  LateBindingScheduler jobs queued: 0
2017-02-16 21:39:20,462-0200 INFO  Execute TASK_STATUS_CHANGE taskid=task-33 status=7
2017-02-16 21:39:20,463-0200 DEBUG swift START jobid=simulate-l2alh24n-0
2017-02-16 21:39:20,463-0200 INFO  LateBindingScheduler jobs queued: 0
2017-02-16 21:39:20,464-0200 INFO  swift SUCCESS jobid=simulate-l2alh24n-0 - Success file found
2017-02-16 21:39:20,464-0200 DEBUG swift STAGING_OUT jobid=simulate-l2alh24n-0
2017-02-16 21:39:20,464-0200 INFO  swift START jobid=simulate-l2alh24n-0 - Staging out files
2017-02-16 21:39:20,464-0200 DEBUG swift stageouts: [file://localhost/output/sim_4.out, file://localhost/output/sim_4.log]
2017-02-16 21:39:20,464-0200 DEBUG swift FILE_STAGE_OUT_START srcname=sim_4.out srcdir=p4-run001/shared/output srchost=local destdir=output desthost=localhost provider=file jobid=simulate-l2alh24n-0
2017-02-16 21:39:20,465-0200 DEBUG swift FILE_STAGE_OUT_START srcname=sim_4.log srcdir=p4-run001/shared/output srchost=local destdir=output desthost=localhost provider=file jobid=simulate-l2alh24n-0
2017-02-16 21:39:20,465-0200 INFO  LateBindingScheduler jobs queued: 1
2017-02-16 21:39:20,466-0200 INFO  LateBindingScheduler jobs queued: 0
2017-02-16 21:39:20,466-0200 DEBUG swift CDM: file://localhost/output/sim_4.out : DEFAULT
2017-02-16 21:39:20,467-0200 DEBUG swift CDM: file://localhost/output/sim_4.log : DEFAULT
2017-02-16 21:39:20,468-0200 INFO  LateBindingScheduler jobs queued: 0
2017-02-16 21:39:20,468-0200 INFO  LateBindingScheduler jobs queued: 0
2017-02-16 21:39:20,469-0200 DEBUG swift FILE_STAGE_OUT_END srcname=sim_4.out srcdir=p4-run001/shared/output srchost=local destdir=output desthost=localhost provider=file
2017-02-16 21:39:20,469-0200 DEBUG swift FILE_STAGE_OUT_END srcname=sim_4.log srcdir=p4-run001/shared/output srchost=local destdir=output desthost=localhost provider=file
2017-02-16 21:39:20,469-0200 INFO  LateBindingScheduler jobs queued: 0
2017-02-16 21:39:20,470-0200 INFO  LateBindingScheduler jobs queued: 0
2017-02-16 21:39:20,471-0200 INFO  swift END jobid=simulate-l2alh24n-0 - Staging out finished
2017-02-16 21:39:20,473-0200 INFO  LateBindingScheduler jobs queued: 0
2017-02-16 21:39:20,474-0200 DEBUG swift JOB_END jobid=simulate-l2alh24n-0
2017-02-16 21:39:20,474-0200 INFO  swift END_SUCCESS jobid=simulate-l2alh24n tr=simulate
2017-02-16 21:39:20,474-0200 DEBUG swift PROCEDURE_END line=3 thread=2-0-7-4-13-4-33-2 name=simulation
2017-02-16 21:39:20,501-0200 DEBUG swift FOREACH_IT_END line=20 thread=2-0-7-4-13-4
2017-02-16 21:39:20,501-0200 DEBUG swift JOB_INIT jobid=stats-v2alh24n tr=stats
2017-02-16 21:39:20,501-0200 DEBUG swift JOB_SITE_SELECT jobid=stats-v2alh24n-0
2017-02-16 21:39:20,502-0200 DEBUG swift THREAD_ASSOCIATION jobid=stats-v2alh24n-0 host=local thread=2-0-8-5
2017-02-16 21:39:20,504-0200 INFO  swift START jobid=stats-v2alh24n-0 host=local - Initializing directory structure
2017-02-16 21:39:20,504-0200 INFO  swift START path=_concurrent/sims-18-2-0 dir=p4-run001/shared - Creating directory structure
2017-02-16 21:39:20,505-0200 INFO  LateBindingScheduler jobs queued: 0
2017-02-16 21:39:20,506-0200 INFO  swift END jobid=stats-v2alh24n-0 - Done initializing directory structure
2017-02-16 21:39:20,506-0200 INFO  swift START jobid=stats-v2alh24n-0 - Staging in files [file://localhost/_concurrent/sims-18-2-0/[8], file://localhost/_concurrent/sims-18-2-0/[7], file://localhost/_concurrent/sims-18-2-0/[5], file://localhost/_concurrent/sims-18-2-0/[3], file://localhost/_concurrent/sims-18-2-0/[4], file://localhost/_concurrent/sims-18-2-0/[9], file://localhost/_concurrent/sims-18-2-0/[2], file://localhost/_concurrent/sims-18-2-0/[0], file://localhost/_concurrent/sims-18-2-0/[1], file://localhost/_concurrent/sims-18-2-0/[6]]
2017-02-16 21:39:20,509-0200 INFO  LateBindingScheduler jobs queued: 2
2017-02-16 21:39:20,509-0200 INFO  LateBindingScheduler jobs queued: 1
2017-02-16 21:39:20,510-0200 DEBUG swift CDM: file://localhost/_concurrent/sims-18-2-0/[8] : DEFAULT
2017-02-16 21:39:20,510-0200 DEBUG swift FILE_STAGE_IN_START file=[8] srchost=localhost srcdir=_concurrent/sims-18-2-0 srcname=[8] desthost=local destdir=p4-run001/shared/_concurrent/sims-18-2-0 provider=file policy=DEFAULT
2017-02-16 21:39:20,510-0200 DEBUG swift CDM: file://localhost/_concurrent/sims-18-2-0/[7] : DEFAULT
2017-02-16 21:39:20,510-0200 DEBUG swift FILE_STAGE_IN_START file=[7] srchost=localhost srcdir=_concurrent/sims-18-2-0 srcname=[7] desthost=local destdir=p4-run001/shared/_concurrent/sims-18-2-0 provider=file policy=DEFAULT
2017-02-16 21:39:20,512-0200 INFO  LateBindingScheduler jobs queued: 0
2017-02-16 21:39:20,512-0200 INFO  LateBindingScheduler jobs queued: 0
2017-02-16 21:39:20,513-0200 DEBUG swift CDM: file://localhost/_concurrent/sims-18-2-0/[3] : DEFAULT
2017-02-16 21:39:20,513-0200 DEBUG swift FILE_STAGE_IN_START file=[3] srchost=localhost srcdir=_concurrent/sims-18-2-0 srcname=[3] desthost=local destdir=p4-run001/shared/_concurrent/sims-18-2-0 provider=file policy=DEFAULT
2017-02-16 21:39:20,514-0200 DEBUG swift CDM: file://localhost/_concurrent/sims-18-2-0/[5] : DEFAULT
2017-02-16 21:39:20,514-0200 DEBUG swift FILE_STAGE_IN_START file=[5] srchost=localhost srcdir=_concurrent/sims-18-2-0 srcname=[5] desthost=local destdir=p4-run001/shared/_concurrent/sims-18-2-0 provider=file policy=DEFAULT
2017-02-16 21:39:20,515-0200 INFO  LateBindingScheduler jobs queued: 0
2017-02-16 21:39:20,518-0200 INFO  LateBindingScheduler jobs queued: 0
2017-02-16 21:39:20,518-0200 DEBUG swift CDM: file://localhost/_concurrent/sims-18-2-0/[9] : DEFAULT
2017-02-16 21:39:20,518-0200 DEBUG swift CDM: file://localhost/_concurrent/sims-18-2-0/[4] : DEFAULT
2017-02-16 21:39:20,518-0200 INFO  LateBindingScheduler jobs queued: 0
2017-02-16 21:39:20,519-0200 DEBUG swift FILE_STAGE_IN_START file=[9] srchost=localhost srcdir=_concurrent/sims-18-2-0 srcname=[9] desthost=local destdir=p4-run001/shared/_concurrent/sims-18-2-0 provider=file policy=DEFAULT
2017-02-16 21:39:20,519-0200 DEBUG swift FILE_STAGE_IN_START file=[4] srchost=localhost srcdir=_concurrent/sims-18-2-0 srcname=[4] desthost=local destdir=p4-run001/shared/_concurrent/sims-18-2-0 provider=file policy=DEFAULT
2017-02-16 21:39:20,519-0200 DEBUG swift CDM: file://localhost/_concurrent/sims-18-2-0/[2] : DEFAULT
2017-02-16 21:39:20,519-0200 INFO  LateBindingScheduler jobs queued: 2
2017-02-16 21:39:20,520-0200 INFO  LateBindingScheduler jobs queued: 2
2017-02-16 21:39:20,520-0200 DEBUG swift FILE_STAGE_IN_START file=[2] srchost=localhost srcdir=_concurrent/sims-18-2-0 srcname=[2] desthost=local destdir=p4-run001/shared/_concurrent/sims-18-2-0 provider=file policy=DEFAULT
2017-02-16 21:39:20,520-0200 DEBUG swift CDM: file://localhost/_concurrent/sims-18-2-0/[0] : DEFAULT
2017-02-16 21:39:20,520-0200 DEBUG swift CDM: file://localhost/_concurrent/sims-18-2-0/[1] : DEFAULT
2017-02-16 21:39:20,521-0200 INFO  LateBindingScheduler jobs queued: 3
2017-02-16 21:39:20,523-0200 DEBUG swift FILE_STAGE_IN_START file=[1] srchost=localhost srcdir=_concurrent/sims-18-2-0 srcname=[1] desthost=local destdir=p4-run001/shared/_concurrent/sims-18-2-0 provider=file policy=DEFAULT
2017-02-16 21:39:20,521-0200 DEBUG swift FILE_STAGE_IN_START file=[0] srchost=localhost srcdir=_concurrent/sims-18-2-0 srcname=[0] desthost=local destdir=p4-run001/shared/_concurrent/sims-18-2-0 provider=file policy=DEFAULT
2017-02-16 21:39:20,527-0200 DEBUG swift CDM: file://localhost/_concurrent/sims-18-2-0/[6] : DEFAULT
2017-02-16 21:39:20,528-0200 DEBUG swift FILE_STAGE_IN_START file=[6] srchost=localhost srcdir=_concurrent/sims-18-2-0 srcname=[6] desthost=local destdir=p4-run001/shared/_concurrent/sims-18-2-0 provider=file policy=DEFAULT
2017-02-16 21:39:20,528-0200 INFO  LateBindingScheduler jobs queued: 6
2017-02-16 21:39:20,530-0200 INFO  LateBindingScheduler jobs queued: 6
2017-02-16 21:39:20,533-0200 INFO  LateBindingScheduler jobs queued: 5
2017-02-16 21:39:20,538-0200 INFO  LateBindingScheduler jobs queued: 4
2017-02-16 21:39:20,538-0200 DEBUG swift FILE_STAGE_IN_END file=[7] srchost=localhost srcdir=_concurrent/sims-18-2-0 srcname=[7] desthost=local destdir=p4-run001/shared/_concurrent/sims-18-2-0 provider=file
2017-02-16 21:39:20,538-0200 DEBUG swift FILE_STAGE_IN_END file=[8] srchost=localhost srcdir=_concurrent/sims-18-2-0 srcname=[8] desthost=local destdir=p4-run001/shared/_concurrent/sims-18-2-0 provider=file
2017-02-16 21:39:20,539-0200 INFO  LateBindingScheduler jobs queued: 3
2017-02-16 21:39:20,543-0200 DEBUG swift FILE_STAGE_IN_END file=[3] srchost=localhost srcdir=_concurrent/sims-18-2-0 srcname=[3] desthost=local destdir=p4-run001/shared/_concurrent/sims-18-2-0 provider=file
2017-02-16 21:39:20,543-0200 DEBUG swift FILE_STAGE_IN_END file=[5] srchost=localhost srcdir=_concurrent/sims-18-2-0 srcname=[5] desthost=local destdir=p4-run001/shared/_concurrent/sims-18-2-0 provider=file
2017-02-16 21:39:20,543-0200 INFO  LateBindingScheduler jobs queued: 1
2017-02-16 21:39:20,545-0200 DEBUG swift FILE_STAGE_IN_END file=[9] srchost=localhost srcdir=_concurrent/sims-18-2-0 srcname=[9] desthost=local destdir=p4-run001/shared/_concurrent/sims-18-2-0 provider=file
2017-02-16 21:39:20,543-0200 INFO  LateBindingScheduler jobs queued: 1
2017-02-16 21:39:20,548-0200 INFO  LateBindingScheduler jobs queued: 0
2017-02-16 21:39:20,547-0200 DEBUG swift FILE_STAGE_IN_END file=[4] srchost=localhost srcdir=_concurrent/sims-18-2-0 srcname=[4] desthost=local destdir=p4-run001/shared/_concurrent/sims-18-2-0 provider=file
2017-02-16 21:39:20,546-0200 INFO  LateBindingScheduler jobs queued: 0
2017-02-16 21:39:20,550-0200 DEBUG swift FILE_STAGE_IN_END file=[2] srchost=localhost srcdir=_concurrent/sims-18-2-0 srcname=[2] desthost=local destdir=p4-run001/shared/_concurrent/sims-18-2-0 provider=file
2017-02-16 21:39:20,553-0200 DEBUG swift FILE_STAGE_IN_END file=[0] srchost=localhost srcdir=_concurrent/sims-18-2-0 srcname=[0] desthost=local destdir=p4-run001/shared/_concurrent/sims-18-2-0 provider=file
2017-02-16 21:39:20,553-0200 DEBUG swift FILE_STAGE_IN_END file=[1] srchost=localhost srcdir=_concurrent/sims-18-2-0 srcname=[1] desthost=local destdir=p4-run001/shared/_concurrent/sims-18-2-0 provider=file
2017-02-16 21:39:20,553-0200 INFO  LateBindingScheduler jobs queued: 0
2017-02-16 21:39:20,554-0200 DEBUG swift FILE_STAGE_IN_END file=[6] srchost=localhost srcdir=_concurrent/sims-18-2-0 srcname=[6] desthost=local destdir=p4-run001/shared/_concurrent/sims-18-2-0 provider=file
2017-02-16 21:39:20,555-0200 INFO  swift END jobid=stats-v2alh24n-0 - Staging in finished
2017-02-16 21:39:20,556-0200 DEBUG swift JOB_START jobid=stats-v2alh24n-0 tr=stats arguments=[_concurrent/sims-18-2-0/[0] _concurrent/sims-18-2-0/[1] _concurrent/sims-18-2-0/[2] _concurrent/sims-18-2-0/[3] _concurrent/sims-18-2-0/[4] _concurrent/sims-18-2-0/[5] _concurrent/sims-18-2-0/[6] _concurrent/sims-18-2-0/[7] _concurrent/sims-18-2-0/[8] _concurrent/sims-18-2-0/[9]] tmpdir=p4-run001/jobs/s/stats-v2alh24n-0
2017-02-16 21:39:20,557-0200 INFO  Execute JOB_TASK jobid=stats-v2alh24n-0 taskid=task-8 exec=/bin/bash dir=p4-run001 args=shared/_swiftwrap stats-v2alh24n-0 -jobdir s -scratch  -e stats -out output/average.out -err output/average.log -i -d _concurrent/sims-18-2-0|output -if _concurrent/sims-18-2-0/[8]|_concurrent/sims-18-2-0/[7]|_concurrent/sims-18-2-0/[5]|_concurrent/sims-18-2-0/[3]|_concurrent/sims-18-2-0/[4]|_concurrent/sims-18-2-0/[9]|_concurrent/sims-18-2-0/[2]|_concurrent/sims-18-2-0/[0]|_concurrent/sims-18-2-0/[1]|_concurrent/sims-18-2-0/[6] -of output/average.log|output/average.out -cf  -cdmfile -status files -a _concurrent/sims-18-2-0/[0] _concurrent/sims-18-2-0/[1] _concurrent/sims-18-2-0/[2] _concurrent/sims-18-2-0/[3] _concurrent/sims-18-2-0/[4] _concurrent/sims-18-2-0/[5] _concurrent/sims-18-2-0/[6] _concurrent/sims-18-2-0/[7] _concurrent/sims-18-2-0/[8] _concurrent/sims-18-2-0/[9]
2017-02-16 21:39:20,560-0200 INFO  Execute TASK_STATUS_CHANGE taskid=task-8 status=8
2017-02-16 21:39:20,560-0200 INFO  Execute TASK_STATUS_CHANGE taskid=task-8 status=1
2017-02-16 21:39:20,563-0200 INFO  Execute TASK_STATUS_CHANGE taskid=task-8 status=2
2017-02-16 21:39:20,644-0200 INFO  LateBindingScheduler jobs queued: 0
2017-02-16 21:39:20,644-0200 INFO  Execute TASK_STATUS_CHANGE taskid=task-8 status=7
2017-02-16 21:39:20,644-0200 DEBUG swift START jobid=stats-v2alh24n-0
2017-02-16 21:39:20,645-0200 INFO  LateBindingScheduler jobs queued: 0
2017-02-16 21:39:20,646-0200 INFO  swift SUCCESS jobid=stats-v2alh24n-0 - Success file found
2017-02-16 21:39:20,646-0200 DEBUG swift STAGING_OUT jobid=stats-v2alh24n-0
2017-02-16 21:39:20,646-0200 INFO  swift START jobid=stats-v2alh24n-0 - Staging out files
2017-02-16 21:39:20,646-0200 DEBUG swift stageouts: [file://localhost/output/average.log, file://localhost/output/average.out]
2017-02-16 21:39:20,646-0200 DEBUG swift FILE_STAGE_OUT_START srcname=average.log srcdir=p4-run001/shared/output srchost=local destdir=output desthost=localhost provider=file jobid=stats-v2alh24n-0
2017-02-16 21:39:20,646-0200 DEBUG swift FILE_STAGE_OUT_START srcname=average.out srcdir=p4-run001/shared/output srchost=local destdir=output desthost=localhost provider=file jobid=stats-v2alh24n-0
2017-02-16 21:39:20,647-0200 INFO  LateBindingScheduler jobs queued: 0
2017-02-16 21:39:20,647-0200 DEBUG swift CDM: file://localhost/output/average.log : DEFAULT
2017-02-16 21:39:20,647-0200 INFO  LateBindingScheduler jobs queued: 0
2017-02-16 21:39:20,648-0200 DEBUG swift CDM: file://localhost/output/average.out : DEFAULT
2017-02-16 21:39:20,652-0200 INFO  LateBindingScheduler jobs queued: 0
2017-02-16 21:39:20,652-0200 DEBUG swift FILE_STAGE_OUT_END srcname=average.log srcdir=p4-run001/shared/output srchost=local destdir=output desthost=localhost provider=file
2017-02-16 21:39:20,653-0200 INFO  LateBindingScheduler jobs queued: 0
2017-02-16 21:39:20,653-0200 DEBUG swift FILE_STAGE_OUT_END srcname=average.out srcdir=p4-run001/shared/output srchost=local destdir=output desthost=localhost provider=file
2017-02-16 21:39:20,653-0200 INFO  LateBindingScheduler jobs queued: 1
2017-02-16 21:39:20,654-0200 INFO  LateBindingScheduler jobs queued: 0
2017-02-16 21:39:20,656-0200 INFO  swift END jobid=stats-v2alh24n-0 - Staging out finished
2017-02-16 21:39:20,658-0200 INFO  LateBindingScheduler jobs queued: 0
2017-02-16 21:39:20,659-0200 DEBUG swift JOB_END jobid=stats-v2alh24n-0
2017-02-16 21:39:20,659-0200 INFO  swift END_SUCCESS jobid=stats-v2alh24n tr=stats
2017-02-16 21:39:20,659-0200 DEBUG swift PROCEDURE_END line=8 thread=2-0-8-5 name=analyze
2017-02-16 21:39:20,659-0200 INFO  RuntimeStats$ProgressTicker HeapMax: 954728448, CrtHeap: 121110528, UsedHeap: 21201584, JVMThreads: 39
2017-02-16 21:39:20,659-0200 INFO  RuntimeStats$ProgressTicker   Finished successfully:11
2017-02-16 21:39:20,668-0200 DEBUG swift Starting cleanups
2017-02-16 21:39:20,668-0200 INFO  swift START cleanups=[[p4-run001, local]]
2017-02-16 21:39:20,668-0200 INFO  swift START dir=p4-run001 host=local
2017-02-16 21:39:20,668-0200 DEBUG swift cdmfile 
2017-02-16 21:39:20,670-0200 INFO  LateBindingScheduler jobs queued: 0
2017-02-16 21:39:20,671-0200 INFO  swift END dir=p4-run001 host=local
2017-02-16 21:39:20,672-0200 INFO  swift END cleanups=[[p4-run001, local]]
2017-02-16 21:39:20,672-0200 DEBUG swift Ending cleanups
2017-02-16 21:39:20,676-0200 INFO  Loader Swift finished with no errors
