2017-02-16 21:38:49,802-0200 INFO  Loader JAVA Oracle Corporation Java HotSpot(TM) 64-Bit Server VM 1.7.0_80
2017-02-16 21:38:49,805-0200 INFO  Loader VERSION Swift trunk git-rev: 18aec82244c5611381528bc361888c553570c66e heads/master 6574
2017-02-16 21:38:49,805-0200 INFO  Loader RUN_ID run001
2017-02-16 21:38:49,805-0200 INFO  Loader ARGUMENTS [-runid, run001, -logfile, /home/mondelli/Dropbox/Docker/swift_verao/uteis/tutorial/part03/run001/swift.log, p3.swift]
2017-02-16 21:38:49,805-0200 INFO  Loader MAX_HEAP 954728448
2017-02-16 21:38:49,805-0200 INFO  Loader GLOBUS_HOSTNAME mondelli-520U4C
2017-02-16 21:38:49,805-0200 INFO  Loader CWD /home/mondelli/Dropbox/Docker/swift_verao/uteis/tutorial/part03/.
2017-02-16 21:38:49,806-0200 DEBUG Loader SWIFT_CONFIGURATION 
[D] /home/mondelli/swift-k/dist/swift-svn/etc/swift.conf
[C] <Command Line>
{
	TCPPortRange: "50000, 50100"                               # [D] line 27
	alwaysTransferWrapperLog: true                             # [D] line 61
	executionRetries: 0                                        # [D] line 137
	fileOperationsThrottle: 8                                  # [D] line 121
	fileTransfersThrottle: 4                                   # [D] line 107
	hostJobSubmitThrottle: 2                                   # [D] line 95
	jobSubmitThrottle: 4                                       # [D] line 83
	keepSiteDir: false                                         # [D] line 131
	lazyErrors: true                                           # [D] line 41
	logProvenance: false                                       # [D] line 200
	maxForeachThreads: 16384                                   # [D] line 194
	replicationEnabled: false                                  # [D] line 146
	replicationLimit: 3                                        # [D] line 157
	replicationMinQueueTime: 60                                # [D] line 153
	site.local {
		app.ALL.executable: "*"                                   # [D] line 235
		execution.type: "local"                                   # [D] line 223
		filesystem.type: "local"                                  # [D] line 226
		initialParallelTasks: 8                                   # [D] line 230
		maxParallelTasks: 16                                      # [D] line 229
		workDirectory: "swiftwork"                                # [D] line 232
	}
	sites: [local]                                             # [D] line 239
	tracingEnabled: false                                      # [D] line 51
}

2017-02-16 21:38:49,807-0200 DEBUG textfiles BEGIN SWIFTSCRIPT:
type file;

app (file o) simulation (int sim_steps, int sim_range, int sim_values)
{
  simulate "--timesteps" sim_steps "--range" sim_range "--nvalues" sim_values stdout=filename(o);
}

app (file o) analyze (file s[])
{
  stats filenames(s) stdout=filename(o);
}

int nsim   = toInt(arg("nsim","10"));
int steps  = toInt(arg("steps","1"));
int range  = toInt(arg("range","100"));
int values = toInt(arg("values","5"));

file sims[];

foreach i in [0:nsim-1] {
  file simout <single_file_mapper; file=strcat("output/sim_",i,".out")>;
  simout = simulation(steps,range,values);
  sims[i] = simout;
}

file stats<"output/average.out">;
stats = analyze(sims);


2017-02-16 21:38:49,807-0200 DEBUG textfiles END SWIFTSCRIPT:
2017-02-16 21:38:49,807-0200 INFO  Loader p3.swift: source file is new. Recompiling.
2017-02-16 21:38:50,200-0200 INFO  VariableScope Couldn't find local definition for i
2017-02-16 21:38:50,961-0200 INFO  Loader RUN_START
2017-02-16 21:38:50,967-0200 INFO  SwiftExecutor swift.home = /home/mondelli/swift-k/dist/swift-svn
2017-02-16 21:38:51,005-0200 INFO  AbstractScheduler Setting resources to: {local=local}
2017-02-16 21:38:51,014-0200 INFO  GlobalSubmitQueue No global submit throttle set. Using default (1024)
2017-02-16 21:38:51,033-0200 INFO  LateBindingScheduler jobs queued: 0
2017-02-16 21:38:51,034-0200 INFO  LateBindingScheduler jobs queued: 0
2017-02-16 21:38:51,035-0200 INFO  LateBindingScheduler jobs queued: 0
2017-02-16 21:38:51,051-0200 INFO  RuntimeStats$ProgressTicker HeapMax: 954728448, CrtHeap: 121110528, UsedHeap: 36525744, JVMThreads: 16
2017-02-16 21:38:51,054-0200 INFO  RuntimeStats$ProgressTicker 
2017-02-16 21:38:51,054-0200 DEBUG swift PROCEDURE line=8 thread=2-0-8-5 name=analyze
2017-02-16 21:38:51,075-0200 DEBUG swift FOREACH_IT_START line=20 thread=2-0-7-4-9-0
2017-02-16 21:38:51,075-0200 DEBUG swift FOREACH_IT_START line=20 thread=2-0-7-4-10-1
2017-02-16 21:38:51,075-0200 DEBUG swift SCOPE thread=2-0-7-4-10-1
2017-02-16 21:38:51,075-0200 DEBUG swift FOREACH_IT_START line=20 thread=2-0-7-4-11-2
2017-02-16 21:38:51,075-0200 DEBUG swift FOREACH_IT_START line=20 thread=2-0-7-4-12-3
2017-02-16 21:38:51,075-0200 DEBUG swift SCOPE thread=2-0-7-4-12-3
2017-02-16 21:38:51,076-0200 DEBUG swift PROCEDURE line=3 thread=2-0-7-4-12-3-14-1 name=simulation
2017-02-16 21:38:51,075-0200 DEBUG swift SCOPE thread=2-0-7-4-9-0
2017-02-16 21:38:51,077-0200 DEBUG swift PROCEDURE line=3 thread=2-0-7-4-10-1-17-1 name=simulation
2017-02-16 21:38:51,075-0200 DEBUG swift SCOPE thread=2-0-7-4-11-2
2017-02-16 21:38:51,077-0200 DEBUG swift PROCEDURE line=3 thread=2-0-7-4-9-0-20-1 name=simulation
2017-02-16 21:38:51,078-0200 DEBUG swift FOREACH_IT_START line=20 thread=2-0-7-4-22-4
2017-02-16 21:38:51,081-0200 DEBUG swift SCOPE thread=2-0-7-4-22-4
2017-02-16 21:38:51,082-0200 DEBUG swift FOREACH_IT_START line=20 thread=2-0-7-4-29-8
2017-02-16 21:38:51,082-0200 DEBUG swift SCOPE thread=2-0-7-4-29-8
2017-02-16 21:38:51,081-0200 DEBUG swift JOB_INIT jobid=simulate-k2nkh24n tr=simulate
2017-02-16 21:38:51,080-0200 DEBUG swift JOB_INIT jobid=simulate-i2nkh24n tr=simulate
2017-02-16 21:38:51,080-0200 DEBUG swift JOB_INIT jobid=simulate-j2nkh24n tr=simulate
2017-02-16 21:38:51,083-0200 DEBUG swift JOB_SITE_SELECT jobid=simulate-i2nkh24n-0
2017-02-16 21:38:51,083-0200 DEBUG swift JOB_SITE_SELECT jobid=simulate-j2nkh24n-0
2017-02-16 21:38:51,079-0200 DEBUG swift FOREACH_IT_START line=20 thread=2-0-7-4-25-7
2017-02-16 21:38:51,079-0200 DEBUG swift PROCEDURE line=3 thread=2-0-7-4-11-2-27-1 name=simulation
2017-02-16 21:38:51,078-0200 DEBUG swift FOREACH_IT_START line=20 thread=2-0-7-4-24-6
2017-02-16 21:38:51,084-0200 DEBUG swift SCOPE thread=2-0-7-4-24-6
2017-02-16 21:38:51,084-0200 DEBUG swift JOB_INIT jobid=simulate-l2nkh24n tr=simulate
2017-02-16 21:38:51,085-0200 DEBUG swift FOREACH_IT_START line=20 thread=2-0-7-4-30-9
2017-02-16 21:38:51,085-0200 DEBUG swift SCOPE thread=2-0-7-4-30-9
2017-02-16 21:38:51,085-0200 DEBUG swift JOB_SITE_SELECT jobid=simulate-k2nkh24n-0
2017-02-16 21:38:51,085-0200 DEBUG swift PROCEDURE line=3 thread=2-0-7-4-22-4-32-1 name=simulation
2017-02-16 21:38:51,085-0200 DEBUG swift JOB_INIT jobid=simulate-m2nkh24n tr=simulate
2017-02-16 21:38:51,085-0200 DEBUG swift JOB_SITE_SELECT jobid=simulate-m2nkh24n-0
2017-02-16 21:38:51,085-0200 DEBUG swift PROCEDURE line=3 thread=2-0-7-4-29-8-35-1 name=simulation
2017-02-16 21:38:51,086-0200 DEBUG swift JOB_INIT jobid=simulate-n2nkh24n tr=simulate
2017-02-16 21:38:51,086-0200 DEBUG swift JOB_SITE_SELECT jobid=simulate-n2nkh24n-0
2017-02-16 21:38:51,078-0200 DEBUG swift FOREACH_IT_START line=20 thread=2-0-7-4-23-5
2017-02-16 21:38:51,086-0200 DEBUG swift SCOPE thread=2-0-7-4-23-5
2017-02-16 21:38:51,085-0200 DEBUG swift JOB_SITE_SELECT jobid=simulate-l2nkh24n-0
2017-02-16 21:38:51,086-0200 DEBUG swift PROCEDURE line=3 thread=2-0-7-4-24-6-38-1 name=simulation
2017-02-16 21:38:51,087-0200 DEBUG swift JOB_INIT jobid=simulate-o2nkh24n tr=simulate
2017-02-16 21:38:51,087-0200 DEBUG swift JOB_SITE_SELECT jobid=simulate-o2nkh24n-0
2017-02-16 21:38:51,084-0200 DEBUG swift SCOPE thread=2-0-7-4-25-7
2017-02-16 21:38:51,088-0200 DEBUG swift PROCEDURE line=3 thread=2-0-7-4-30-9-41-1 name=simulation
2017-02-16 21:38:51,088-0200 DEBUG swift JOB_INIT jobid=simulate-p2nkh24n tr=simulate
2017-02-16 21:38:51,088-0200 DEBUG swift PROCEDURE line=3 thread=2-0-7-4-23-5-44-1 name=simulation
2017-02-16 21:38:51,088-0200 DEBUG swift JOB_INIT jobid=simulate-q2nkh24n tr=simulate
2017-02-16 21:38:51,088-0200 DEBUG swift PROCEDURE line=3 thread=2-0-7-4-25-7-47-1 name=simulation
2017-02-16 21:38:51,088-0200 DEBUG swift JOB_SITE_SELECT jobid=simulate-q2nkh24n-0
2017-02-16 21:38:51,089-0200 DEBUG swift JOB_INIT jobid=simulate-r2nkh24n tr=simulate
2017-02-16 21:38:51,089-0200 DEBUG swift JOB_SITE_SELECT jobid=simulate-r2nkh24n-0
2017-02-16 21:38:51,089-0200 DEBUG swift THREAD_ASSOCIATION jobid=simulate-l2nkh24n-0 host=local thread=2-0-7-4-11-2-27-1
2017-02-16 21:38:51,089-0200 DEBUG swift JOB_SITE_SELECT jobid=simulate-p2nkh24n-0
2017-02-16 21:38:51,089-0200 DEBUG swift THREAD_ASSOCIATION jobid=simulate-o2nkh24n-0 host=local thread=2-0-7-4-24-6-38-1
2017-02-16 21:38:51,090-0200 DEBUG swift THREAD_ASSOCIATION jobid=simulate-r2nkh24n-0 host=local thread=2-0-7-4-25-7-47-1
2017-02-16 21:38:51,090-0200 DEBUG swift THREAD_ASSOCIATION jobid=simulate-q2nkh24n-0 host=local thread=2-0-7-4-23-5-44-1
2017-02-16 21:38:51,090-0200 DEBUG swift THREAD_ASSOCIATION jobid=simulate-k2nkh24n-0 host=local thread=2-0-7-4-9-0-20-1
2017-02-16 21:38:51,091-0200 DEBUG swift THREAD_ASSOCIATION jobid=simulate-p2nkh24n-0 host=local thread=2-0-7-4-30-9-41-1
2017-02-16 21:38:51,091-0200 INFO  swift START host=local - Initializing shared directory
2017-02-16 21:38:51,091-0200 DEBUG swift THREAD_ASSOCIATION jobid=simulate-i2nkh24n-0 host=local thread=2-0-7-4-12-3-14-1
2017-02-16 21:38:51,091-0200 DEBUG swift THREAD_ASSOCIATION jobid=simulate-m2nkh24n-0 host=local thread=2-0-7-4-22-4-32-1
2017-02-16 21:38:51,091-0200 DEBUG swift THREAD_ASSOCIATION jobid=simulate-n2nkh24n-0 host=local thread=2-0-7-4-29-8-35-1
2017-02-16 21:38:51,092-0200 INFO  LateBindingScheduler jobs queued: 1
2017-02-16 21:38:51,103-0200 INFO  LateBindingScheduler jobs queued: 1
2017-02-16 21:38:51,105-0200 INFO  LateBindingScheduler jobs queued: 1
2017-02-16 21:38:51,106-0200 INFO  LateBindingScheduler jobs queued: 1
2017-02-16 21:38:51,108-0200 INFO  swift END host=local - Done initializing shared directory
2017-02-16 21:38:51,111-0200 INFO  swift START jobid=simulate-i2nkh24n-0 host=local - Initializing directory structure
2017-02-16 21:38:51,111-0200 INFO  swift START jobid=simulate-m2nkh24n-0 host=local - Initializing directory structure
2017-02-16 21:38:51,111-0200 INFO  swift START path=output dir=p3-run001/shared - Creating directory structure
2017-02-16 21:38:51,112-0200 INFO  swift START jobid=simulate-k2nkh24n-0 host=local - Initializing directory structure
2017-02-16 21:38:51,112-0200 INFO  swift START jobid=simulate-n2nkh24n-0 host=local - Initializing directory structure
2017-02-16 21:38:51,113-0200 INFO  swift START jobid=simulate-o2nkh24n-0 host=local - Initializing directory structure
2017-02-16 21:38:51,113-0200 INFO  swift START jobid=simulate-l2nkh24n-0 host=local - Initializing directory structure
2017-02-16 21:38:51,113-0200 INFO  swift START jobid=simulate-q2nkh24n-0 host=local - Initializing directory structure
2017-02-16 21:38:51,114-0200 INFO  swift START jobid=simulate-r2nkh24n-0 host=local - Initializing directory structure
2017-02-16 21:38:51,115-0200 INFO  LateBindingScheduler jobs queued: 1
2017-02-16 21:38:51,116-0200 INFO  swift START jobid=simulate-p2nkh24n-0 host=local - Initializing directory structure
2017-02-16 21:38:51,117-0200 INFO  swift END jobid=simulate-i2nkh24n-0 - Done initializing directory structure
2017-02-16 21:38:51,117-0200 INFO  swift START jobid=simulate-i2nkh24n-0 - Staging in files []
2017-02-16 21:38:51,117-0200 INFO  swift END jobid=simulate-o2nkh24n-0 - Done initializing directory structure
2017-02-16 21:38:51,117-0200 INFO  swift END jobid=simulate-n2nkh24n-0 - Done initializing directory structure
2017-02-16 21:38:51,117-0200 INFO  swift START jobid=simulate-o2nkh24n-0 - Staging in files []
2017-02-16 21:38:51,117-0200 INFO  swift START jobid=simulate-n2nkh24n-0 - Staging in files []
2017-02-16 21:38:51,117-0200 INFO  swift END jobid=simulate-o2nkh24n-0 - Staging in finished
2017-02-16 21:38:51,117-0200 INFO  swift END jobid=simulate-n2nkh24n-0 - Staging in finished
2017-02-16 21:38:51,117-0200 DEBUG swift JOB_START jobid=simulate-o2nkh24n-0 tr=simulate arguments=[--timesteps, 1, --range, 100, --nvalues, 5] tmpdir=p3-run001/jobs/s/simulate-o2nkh24n-0
2017-02-16 21:38:51,117-0200 DEBUG swift JOB_START jobid=simulate-n2nkh24n-0 tr=simulate arguments=[--timesteps, 1, --range, 100, --nvalues, 5] tmpdir=p3-run001/jobs/s/simulate-n2nkh24n-0
2017-02-16 21:38:51,118-0200 INFO  swift END jobid=simulate-m2nkh24n-0 - Done initializing directory structure
2017-02-16 21:38:51,118-0200 INFO  swift START jobid=simulate-m2nkh24n-0 - Staging in files []
2017-02-16 21:38:51,118-0200 INFO  swift END jobid=simulate-m2nkh24n-0 - Staging in finished
2017-02-16 21:38:51,118-0200 DEBUG swift JOB_START jobid=simulate-m2nkh24n-0 tr=simulate arguments=[--timesteps, 1, --range, 100, --nvalues, 5] tmpdir=p3-run001/jobs/s/simulate-m2nkh24n-0
2017-02-16 21:38:51,118-0200 INFO  swift END jobid=simulate-p2nkh24n-0 - Done initializing directory structure
2017-02-16 21:38:51,118-0200 INFO  swift START jobid=simulate-p2nkh24n-0 - Staging in files []
2017-02-16 21:38:51,118-0200 INFO  swift END jobid=simulate-p2nkh24n-0 - Staging in finished
2017-02-16 21:38:51,118-0200 DEBUG swift JOB_START jobid=simulate-p2nkh24n-0 tr=simulate arguments=[--timesteps, 1, --range, 100, --nvalues, 5] tmpdir=p3-run001/jobs/s/simulate-p2nkh24n-0
2017-02-16 21:38:51,119-0200 INFO  swift END jobid=simulate-l2nkh24n-0 - Done initializing directory structure
2017-02-16 21:38:51,121-0200 INFO  swift START jobid=simulate-l2nkh24n-0 - Staging in files []
2017-02-16 21:38:51,121-0200 INFO  swift END jobid=simulate-l2nkh24n-0 - Staging in finished
2017-02-16 21:38:51,121-0200 DEBUG swift JOB_START jobid=simulate-l2nkh24n-0 tr=simulate arguments=[--timesteps, 1, --range, 100, --nvalues, 5] tmpdir=p3-run001/jobs/s/simulate-l2nkh24n-0
2017-02-16 21:38:51,121-0200 INFO  swift END jobid=simulate-q2nkh24n-0 - Done initializing directory structure
2017-02-16 21:38:51,121-0200 INFO  swift START jobid=simulate-q2nkh24n-0 - Staging in files []
2017-02-16 21:38:51,121-0200 INFO  swift END jobid=simulate-q2nkh24n-0 - Staging in finished
2017-02-16 21:38:51,121-0200 DEBUG swift JOB_START jobid=simulate-q2nkh24n-0 tr=simulate arguments=[--timesteps, 1, --range, 100, --nvalues, 5] tmpdir=p3-run001/jobs/s/simulate-q2nkh24n-0
2017-02-16 21:38:51,121-0200 INFO  swift END jobid=simulate-k2nkh24n-0 - Done initializing directory structure
2017-02-16 21:38:51,122-0200 INFO  swift START jobid=simulate-k2nkh24n-0 - Staging in files []
2017-02-16 21:38:51,122-0200 INFO  swift END jobid=simulate-k2nkh24n-0 - Staging in finished
2017-02-16 21:38:51,122-0200 DEBUG swift JOB_START jobid=simulate-k2nkh24n-0 tr=simulate arguments=[--timesteps, 1, --range, 100, --nvalues, 5] tmpdir=p3-run001/jobs/s/simulate-k2nkh24n-0
2017-02-16 21:38:51,122-0200 INFO  swift END jobid=simulate-i2nkh24n-0 - Staging in finished
2017-02-16 21:38:51,122-0200 DEBUG swift JOB_START jobid=simulate-i2nkh24n-0 tr=simulate arguments=[--timesteps, 1, --range, 100, --nvalues, 5] tmpdir=p3-run001/jobs/s/simulate-i2nkh24n-0
2017-02-16 21:38:51,123-0200 INFO  Execute JOB_TASK jobid=simulate-n2nkh24n-0 taskid=task-35 exec=/bin/bash dir=p3-run001 args=shared/_swiftwrap simulate-n2nkh24n-0 -jobdir s -scratch  -e simulate -out output/sim_8.out -err stderr.txt -i -d output -if  -of output/sim_8.out -cf  -cdmfile -status files -a --timesteps 1 --range 100 --nvalues 5
2017-02-16 21:38:51,123-0200 INFO  Execute JOB_TASK jobid=simulate-m2nkh24n-0 taskid=task-32 exec=/bin/bash dir=p3-run001 args=shared/_swiftwrap simulate-m2nkh24n-0 -jobdir s -scratch  -e simulate -out output/sim_4.out -err stderr.txt -i -d output -if  -of output/sim_4.out -cf  -cdmfile -status files -a --timesteps 1 --range 100 --nvalues 5
2017-02-16 21:38:51,123-0200 INFO  Execute JOB_TASK jobid=simulate-i2nkh24n-0 taskid=task-14 exec=/bin/bash dir=p3-run001 args=shared/_swiftwrap simulate-i2nkh24n-0 -jobdir s -scratch  -e simulate -out output/sim_3.out -err stderr.txt -i -d output -if  -of output/sim_3.out -cf  -cdmfile -status files -a --timesteps 1 --range 100 --nvalues 5
2017-02-16 21:38:51,123-0200 INFO  Execute JOB_TASK jobid=simulate-q2nkh24n-0 taskid=task-44 exec=/bin/bash dir=p3-run001 args=shared/_swiftwrap simulate-q2nkh24n-0 -jobdir s -scratch  -e simulate -out output/sim_5.out -err stderr.txt -i -d output -if  -of output/sim_5.out -cf  -cdmfile -status files -a --timesteps 1 --range 100 --nvalues 5
2017-02-16 21:38:51,123-0200 INFO  Execute JOB_TASK jobid=simulate-k2nkh24n-0 taskid=task-20 exec=/bin/bash dir=p3-run001 args=shared/_swiftwrap simulate-k2nkh24n-0 -jobdir s -scratch  -e simulate -out output/sim_0.out -err stderr.txt -i -d output -if  -of output/sim_0.out -cf  -cdmfile -status files -a --timesteps 1 --range 100 --nvalues 5
2017-02-16 21:38:51,123-0200 INFO  Execute JOB_TASK jobid=simulate-p2nkh24n-0 taskid=task-41 exec=/bin/bash dir=p3-run001 args=shared/_swiftwrap simulate-p2nkh24n-0 -jobdir s -scratch  -e simulate -out output/sim_9.out -err stderr.txt -i -d output -if  -of output/sim_9.out -cf  -cdmfile -status files -a --timesteps 1 --range 100 --nvalues 5
2017-02-16 21:38:51,123-0200 INFO  Execute JOB_TASK jobid=simulate-l2nkh24n-0 taskid=task-27 exec=/bin/bash dir=p3-run001 args=shared/_swiftwrap simulate-l2nkh24n-0 -jobdir s -scratch  -e simulate -out output/sim_2.out -err stderr.txt -i -d output -if  -of output/sim_2.out -cf  -cdmfile -status files -a --timesteps 1 --range 100 --nvalues 5
2017-02-16 21:38:51,124-0200 INFO  swift END jobid=simulate-r2nkh24n-0 - Done initializing directory structure
2017-02-16 21:38:51,124-0200 INFO  swift START jobid=simulate-r2nkh24n-0 - Staging in files []
2017-02-16 21:38:51,124-0200 INFO  swift END jobid=simulate-r2nkh24n-0 - Staging in finished
2017-02-16 21:38:51,124-0200 DEBUG swift JOB_START jobid=simulate-r2nkh24n-0 tr=simulate arguments=[--timesteps, 1, --range, 100, --nvalues, 5] tmpdir=p3-run001/jobs/s/simulate-r2nkh24n-0
2017-02-16 21:38:51,125-0200 INFO  Execute JOB_TASK jobid=simulate-r2nkh24n-0 taskid=task-47 exec=/bin/bash dir=p3-run001 args=shared/_swiftwrap simulate-r2nkh24n-0 -jobdir s -scratch  -e simulate -out output/sim_7.out -err stderr.txt -i -d output -if  -of output/sim_7.out -cf  -cdmfile -status files -a --timesteps 1 --range 100 --nvalues 5
2017-02-16 21:38:51,125-0200 INFO  Execute JOB_TASK jobid=simulate-o2nkh24n-0 taskid=task-38 exec=/bin/bash dir=p3-run001 args=shared/_swiftwrap simulate-o2nkh24n-0 -jobdir s -scratch  -e simulate -out output/sim_6.out -err stderr.txt -i -d output -if  -of output/sim_6.out -cf  -cdmfile -status files -a --timesteps 1 --range 100 --nvalues 5
2017-02-16 21:38:51,131-0200 INFO  Execute TASK_STATUS_CHANGE taskid=task-44 status=8
2017-02-16 21:38:51,131-0200 INFO  Execute TASK_STATUS_CHANGE taskid=task-35 status=8
2017-02-16 21:38:51,131-0200 INFO  Execute TASK_STATUS_CHANGE taskid=task-35 status=1
2017-02-16 21:38:51,131-0200 INFO  Execute TASK_STATUS_CHANGE taskid=task-44 status=1
2017-02-16 21:38:51,131-0200 INFO  Execute TASK_STATUS_CHANGE taskid=task-47 status=8
2017-02-16 21:38:51,131-0200 INFO  Execute TASK_STATUS_CHANGE taskid=task-14 status=8
2017-02-16 21:38:51,132-0200 INFO  Execute TASK_STATUS_CHANGE taskid=task-47 status=1
2017-02-16 21:38:51,132-0200 INFO  Execute TASK_STATUS_CHANGE taskid=task-38 status=8
2017-02-16 21:38:51,132-0200 INFO  Execute TASK_STATUS_CHANGE taskid=task-14 status=1
2017-02-16 21:38:51,132-0200 INFO  Execute TASK_STATUS_CHANGE taskid=task-41 status=8
2017-02-16 21:38:51,133-0200 INFO  Execute TASK_STATUS_CHANGE taskid=task-41 status=1
2017-02-16 21:38:51,133-0200 INFO  Execute TASK_STATUS_CHANGE taskid=task-32 status=8
2017-02-16 21:38:51,133-0200 INFO  Execute TASK_STATUS_CHANGE taskid=task-32 status=1
2017-02-16 21:38:51,133-0200 INFO  Execute TASK_STATUS_CHANGE taskid=task-20 status=8
2017-02-16 21:38:51,133-0200 INFO  Execute TASK_STATUS_CHANGE taskid=task-20 status=1
2017-02-16 21:38:51,134-0200 INFO  Execute TASK_STATUS_CHANGE taskid=task-27 status=8
2017-02-16 21:38:51,134-0200 INFO  Execute TASK_STATUS_CHANGE taskid=task-38 status=1
2017-02-16 21:38:51,139-0200 INFO  Execute TASK_STATUS_CHANGE taskid=task-27 status=1
2017-02-16 21:38:51,139-0200 INFO  Execute TASK_STATUS_CHANGE taskid=task-20 status=2
2017-02-16 21:38:51,146-0200 INFO  Execute TASK_STATUS_CHANGE taskid=task-32 status=2
2017-02-16 21:38:51,149-0200 INFO  Execute TASK_STATUS_CHANGE taskid=task-27 status=2
2017-02-16 21:38:51,160-0200 INFO  Execute TASK_STATUS_CHANGE taskid=task-44 status=2
2017-02-16 21:38:51,177-0200 INFO  Execute TASK_STATUS_CHANGE taskid=task-41 status=2
2017-02-16 21:38:51,191-0200 INFO  Execute TASK_STATUS_CHANGE taskid=task-47 status=2
2017-02-16 21:38:51,196-0200 INFO  Execute TASK_STATUS_CHANGE taskid=task-14 status=2
2017-02-16 21:38:51,201-0200 INFO  Execute TASK_STATUS_CHANGE taskid=task-35 status=2
2017-02-16 21:38:51,216-0200 INFO  Execute TASK_STATUS_CHANGE taskid=task-38 status=2
2017-02-16 21:38:52,055-0200 INFO  RuntimeStats$ProgressTicker HeapMax: 954728448, CrtHeap: 121110528, UsedHeap: 11006336, JVMThreads: 39
2017-02-16 21:38:52,056-0200 INFO  RuntimeStats$ProgressTicker   Selecting site:1  Active:9
2017-02-16 21:38:52,301-0200 INFO  LateBindingScheduler jobs queued: 1
2017-02-16 21:38:52,301-0200 INFO  Execute TASK_STATUS_CHANGE taskid=task-35 status=7
2017-02-16 21:38:52,302-0200 DEBUG swift START jobid=simulate-n2nkh24n-0
2017-02-16 21:38:52,303-0200 INFO  LateBindingScheduler jobs queued: 1
2017-02-16 21:38:52,304-0200 INFO  swift SUCCESS jobid=simulate-n2nkh24n-0 - Success file found
2017-02-16 21:38:52,304-0200 DEBUG swift STAGING_OUT jobid=simulate-n2nkh24n-0
2017-02-16 21:38:52,304-0200 INFO  swift START jobid=simulate-n2nkh24n-0 - Staging out files
2017-02-16 21:38:52,304-0200 DEBUG swift stageouts: [file://localhost/output/sim_8.out]
2017-02-16 21:38:52,306-0200 DEBUG swift FILE_STAGE_OUT_START srcname=sim_8.out srcdir=p3-run001/shared/output srchost=local destdir=output desthost=localhost provider=file jobid=simulate-n2nkh24n-0
2017-02-16 21:38:52,307-0200 INFO  LateBindingScheduler jobs queued: 1
2017-02-16 21:38:52,311-0200 DEBUG swift CDM: file://localhost/output/sim_8.out : DEFAULT
2017-02-16 21:38:52,316-0200 INFO  LateBindingScheduler jobs queued: 1
2017-02-16 21:38:52,317-0200 DEBUG swift FILE_STAGE_OUT_END srcname=sim_8.out srcdir=p3-run001/shared/output srchost=local destdir=output desthost=localhost provider=file
2017-02-16 21:38:52,319-0200 INFO  LateBindingScheduler jobs queued: 1
2017-02-16 21:38:52,323-0200 INFO  swift END jobid=simulate-n2nkh24n-0 - Staging out finished
2017-02-16 21:38:52,328-0200 INFO  LateBindingScheduler jobs queued: 1
2017-02-16 21:38:52,329-0200 DEBUG swift JOB_END jobid=simulate-n2nkh24n-0
2017-02-16 21:38:52,329-0200 INFO  swift END_SUCCESS jobid=simulate-n2nkh24n tr=simulate
2017-02-16 21:38:52,329-0200 DEBUG swift PROCEDURE_END line=3 thread=2-0-7-4-29-8-35-1 name=simulation
2017-02-16 21:38:52,343-0200 INFO  LateBindingScheduler jobs queued: 1
2017-02-16 21:38:52,343-0200 INFO  Execute TASK_STATUS_CHANGE taskid=task-47 status=7
2017-02-16 21:38:52,343-0200 DEBUG swift START jobid=simulate-r2nkh24n-0
2017-02-16 21:38:52,344-0200 INFO  LateBindingScheduler jobs queued: 1
2017-02-16 21:38:52,344-0200 INFO  swift SUCCESS jobid=simulate-r2nkh24n-0 - Success file found
2017-02-16 21:38:52,344-0200 DEBUG swift STAGING_OUT jobid=simulate-r2nkh24n-0
2017-02-16 21:38:52,344-0200 INFO  swift START jobid=simulate-r2nkh24n-0 - Staging out files
2017-02-16 21:38:52,344-0200 DEBUG swift stageouts: [file://localhost/output/sim_7.out]
2017-02-16 21:38:52,345-0200 DEBUG swift FILE_STAGE_OUT_START srcname=sim_7.out srcdir=p3-run001/shared/output srchost=local destdir=output desthost=localhost provider=file jobid=simulate-r2nkh24n-0
2017-02-16 21:38:52,346-0200 INFO  LateBindingScheduler jobs queued: 1
2017-02-16 21:38:52,346-0200 DEBUG swift CDM: file://localhost/output/sim_7.out : DEFAULT
2017-02-16 21:38:52,351-0200 INFO  LateBindingScheduler jobs queued: 1
2017-02-16 21:38:52,352-0200 DEBUG swift FILE_STAGE_OUT_END srcname=sim_7.out srcdir=p3-run001/shared/output srchost=local destdir=output desthost=localhost provider=file
2017-02-16 21:38:52,352-0200 INFO  LateBindingScheduler jobs queued: 1
2017-02-16 21:38:52,353-0200 INFO  swift END jobid=simulate-r2nkh24n-0 - Staging out finished
2017-02-16 21:38:52,355-0200 INFO  LateBindingScheduler jobs queued: 1
2017-02-16 21:38:52,355-0200 DEBUG swift THREAD_ASSOCIATION jobid=simulate-j2nkh24n-0 host=local thread=2-0-7-4-10-1-17-1
2017-02-16 21:38:52,356-0200 DEBUG swift JOB_END jobid=simulate-r2nkh24n-0
2017-02-16 21:38:52,356-0200 INFO  swift END_SUCCESS jobid=simulate-r2nkh24n tr=simulate
2017-02-16 21:38:52,356-0200 DEBUG swift PROCEDURE_END line=3 thread=2-0-7-4-25-7-47-1 name=simulation
2017-02-16 21:38:52,356-0200 INFO  swift START jobid=simulate-j2nkh24n-0 host=local - Initializing directory structure
2017-02-16 21:38:52,356-0200 INFO  swift END jobid=simulate-j2nkh24n-0 - Done initializing directory structure
2017-02-16 21:38:52,356-0200 INFO  swift START jobid=simulate-j2nkh24n-0 - Staging in files []
2017-02-16 21:38:52,356-0200 INFO  swift END jobid=simulate-j2nkh24n-0 - Staging in finished
2017-02-16 21:38:52,356-0200 DEBUG swift JOB_START jobid=simulate-j2nkh24n-0 tr=simulate arguments=[--timesteps, 1, --range, 100, --nvalues, 5] tmpdir=p3-run001/jobs/s/simulate-j2nkh24n-0
2017-02-16 21:38:52,357-0200 INFO  LateBindingScheduler jobs queued: 0
2017-02-16 21:38:52,357-0200 INFO  Execute TASK_STATUS_CHANGE taskid=task-14 status=7
2017-02-16 21:38:52,357-0200 DEBUG swift START jobid=simulate-i2nkh24n-0
2017-02-16 21:38:52,357-0200 INFO  LateBindingScheduler jobs queued: 0
2017-02-16 21:38:52,357-0200 INFO  Execute TASK_STATUS_CHANGE taskid=task-32 status=7
2017-02-16 21:38:52,357-0200 INFO  Execute JOB_TASK jobid=simulate-j2nkh24n-0 taskid=task-17 exec=/bin/bash dir=p3-run001 args=shared/_swiftwrap simulate-j2nkh24n-0 -jobdir s -scratch  -e simulate -out output/sim_1.out -err stderr.txt -i -d output -if  -of output/sim_1.out -cf  -cdmfile -status files -a --timesteps 1 --range 100 --nvalues 5
2017-02-16 21:38:52,358-0200 INFO  LateBindingScheduler jobs queued: 1
2017-02-16 21:38:52,358-0200 INFO  Execute TASK_STATUS_CHANGE taskid=task-17 status=8
2017-02-16 21:38:52,358-0200 INFO  swift SUCCESS jobid=simulate-i2nkh24n-0 - Success file found
2017-02-16 21:38:52,358-0200 DEBUG swift START jobid=simulate-m2nkh24n-0
2017-02-16 21:38:52,358-0200 DEBUG swift STAGING_OUT jobid=simulate-i2nkh24n-0
2017-02-16 21:38:52,358-0200 INFO  swift START jobid=simulate-i2nkh24n-0 - Staging out files
2017-02-16 21:38:52,358-0200 DEBUG swift stageouts: [file://localhost/output/sim_3.out]
2017-02-16 21:38:52,358-0200 DEBUG swift FILE_STAGE_OUT_START srcname=sim_3.out srcdir=p3-run001/shared/output srchost=local destdir=output desthost=localhost provider=file jobid=simulate-i2nkh24n-0
2017-02-16 21:38:52,358-0200 INFO  LateBindingScheduler jobs queued: 0
2017-02-16 21:38:52,359-0200 INFO  swift SUCCESS jobid=simulate-m2nkh24n-0 - Success file found
2017-02-16 21:38:52,359-0200 INFO  LateBindingScheduler jobs queued: 0
2017-02-16 21:38:52,359-0200 DEBUG swift STAGING_OUT jobid=simulate-m2nkh24n-0
2017-02-16 21:38:52,359-0200 INFO  swift START jobid=simulate-m2nkh24n-0 - Staging out files
2017-02-16 21:38:52,359-0200 DEBUG swift stageouts: [file://localhost/output/sim_4.out]
2017-02-16 21:38:52,359-0200 DEBUG swift CDM: file://localhost/output/sim_3.out : DEFAULT
2017-02-16 21:38:52,359-0200 DEBUG swift FILE_STAGE_OUT_START srcname=sim_4.out srcdir=p3-run001/shared/output srchost=local destdir=output desthost=localhost provider=file jobid=simulate-m2nkh24n-0
2017-02-16 21:38:52,359-0200 INFO  LateBindingScheduler jobs queued: 0
2017-02-16 21:38:52,360-0200 DEBUG swift CDM: file://localhost/output/sim_4.out : DEFAULT
2017-02-16 21:38:52,363-0200 INFO  Execute TASK_STATUS_CHANGE taskid=task-17 status=1
2017-02-16 21:38:52,365-0200 DEBUG swift FOREACH_IT_END line=20 thread=2-0-7-4-29-8
2017-02-16 21:38:52,365-0200 INFO  LateBindingScheduler jobs queued: 0
2017-02-16 21:38:52,365-0200 INFO  Execute TASK_STATUS_CHANGE taskid=task-27 status=7
2017-02-16 21:38:52,366-0200 DEBUG swift START jobid=simulate-l2nkh24n-0
2017-02-16 21:38:52,370-0200 INFO  LateBindingScheduler jobs queued: 0
2017-02-16 21:38:52,370-0200 INFO  LateBindingScheduler jobs queued: 0
2017-02-16 21:38:52,370-0200 INFO  swift SUCCESS jobid=simulate-l2nkh24n-0 - Success file found
2017-02-16 21:38:52,371-0200 DEBUG swift STAGING_OUT jobid=simulate-l2nkh24n-0
2017-02-16 21:38:52,371-0200 INFO  swift START jobid=simulate-l2nkh24n-0 - Staging out files
2017-02-16 21:38:52,371-0200 DEBUG swift stageouts: [file://localhost/output/sim_2.out]
2017-02-16 21:38:52,371-0200 DEBUG swift FILE_STAGE_OUT_END srcname=sim_3.out srcdir=p3-run001/shared/output srchost=local destdir=output desthost=localhost provider=file
2017-02-16 21:38:52,371-0200 INFO  Execute TASK_STATUS_CHANGE taskid=task-17 status=2
2017-02-16 21:38:52,372-0200 INFO  LateBindingScheduler jobs queued: 0
2017-02-16 21:38:52,372-0200 DEBUG swift FILE_STAGE_OUT_START srcname=sim_2.out srcdir=p3-run001/shared/output srchost=local destdir=output desthost=localhost provider=file jobid=simulate-l2nkh24n-0
2017-02-16 21:38:52,372-0200 INFO  swift END jobid=simulate-i2nkh24n-0 - Staging out finished
2017-02-16 21:38:52,373-0200 INFO  LateBindingScheduler jobs queued: 1
2017-02-16 21:38:52,373-0200 DEBUG swift CDM: file://localhost/output/sim_2.out : DEFAULT
2017-02-16 21:38:52,375-0200 INFO  LateBindingScheduler jobs queued: 0
2017-02-16 21:38:52,375-0200 DEBUG swift FILE_STAGE_OUT_END srcname=sim_4.out srcdir=p3-run001/shared/output srchost=local destdir=output desthost=localhost provider=file
2017-02-16 21:38:52,376-0200 INFO  LateBindingScheduler jobs queued: 0
2017-02-16 21:38:52,376-0200 INFO  LateBindingScheduler jobs queued: 0
2017-02-16 21:38:52,376-0200 INFO  Execute TASK_STATUS_CHANGE taskid=task-20 status=7
2017-02-16 21:38:52,376-0200 INFO  LateBindingScheduler jobs queued: 0
2017-02-16 21:38:52,376-0200 INFO  Execute TASK_STATUS_CHANGE taskid=task-44 status=7
2017-02-16 21:38:52,377-0200 DEBUG swift START jobid=simulate-k2nkh24n-0
2017-02-16 21:38:52,377-0200 DEBUG swift START jobid=simulate-q2nkh24n-0
2017-02-16 21:38:52,377-0200 INFO  swift END jobid=simulate-m2nkh24n-0 - Staging out finished
2017-02-16 21:38:52,378-0200 INFO  LateBindingScheduler jobs queued: 0
2017-02-16 21:38:52,379-0200 INFO  LateBindingScheduler jobs queued: 0
2017-02-16 21:38:52,379-0200 INFO  swift SUCCESS jobid=simulate-q2nkh24n-0 - Success file found
2017-02-16 21:38:52,379-0200 DEBUG swift STAGING_OUT jobid=simulate-q2nkh24n-0
2017-02-16 21:38:52,379-0200 INFO  swift START jobid=simulate-q2nkh24n-0 - Staging out files
2017-02-16 21:38:52,379-0200 DEBUG swift stageouts: [file://localhost/output/sim_5.out]
2017-02-16 21:38:52,380-0200 DEBUG swift FILE_STAGE_OUT_START srcname=sim_5.out srcdir=p3-run001/shared/output srchost=local destdir=output desthost=localhost provider=file jobid=simulate-q2nkh24n-0
2017-02-16 21:38:52,380-0200 INFO  swift SUCCESS jobid=simulate-k2nkh24n-0 - Success file found
2017-02-16 21:38:52,380-0200 DEBUG swift STAGING_OUT jobid=simulate-k2nkh24n-0
2017-02-16 21:38:52,380-0200 INFO  LateBindingScheduler jobs queued: 0
2017-02-16 21:38:52,380-0200 INFO  swift START jobid=simulate-k2nkh24n-0 - Staging out files
2017-02-16 21:38:52,380-0200 DEBUG swift stageouts: [file://localhost/output/sim_0.out]
2017-02-16 21:38:52,380-0200 DEBUG swift CDM: file://localhost/output/sim_5.out : DEFAULT
2017-02-16 21:38:52,380-0200 DEBUG swift FILE_STAGE_OUT_START srcname=sim_0.out srcdir=p3-run001/shared/output srchost=local destdir=output desthost=localhost provider=file jobid=simulate-k2nkh24n-0
2017-02-16 21:38:52,381-0200 INFO  LateBindingScheduler jobs queued: 0
2017-02-16 21:38:52,381-0200 DEBUG swift CDM: file://localhost/output/sim_0.out : DEFAULT
2017-02-16 21:38:52,381-0200 INFO  LateBindingScheduler jobs queued: 1
2017-02-16 21:38:52,382-0200 DEBUG swift JOB_END jobid=simulate-m2nkh24n-0
2017-02-16 21:38:52,382-0200 INFO  swift END_SUCCESS jobid=simulate-m2nkh24n tr=simulate
2017-02-16 21:38:52,382-0200 DEBUG swift PROCEDURE_END line=3 thread=2-0-7-4-22-4-32-1 name=simulation
2017-02-16 21:38:52,383-0200 INFO  LateBindingScheduler jobs queued: 0
2017-02-16 21:38:52,383-0200 INFO  LateBindingScheduler jobs queued: 0
2017-02-16 21:38:52,384-0200 INFO  LateBindingScheduler jobs queued: 0
2017-02-16 21:38:52,384-0200 DEBUG swift FILE_STAGE_OUT_END srcname=sim_5.out srcdir=p3-run001/shared/output srchost=local destdir=output desthost=localhost provider=file
2017-02-16 21:38:52,384-0200 DEBUG swift JOB_END jobid=simulate-i2nkh24n-0
2017-02-16 21:38:52,384-0200 INFO  swift END_SUCCESS jobid=simulate-i2nkh24n tr=simulate
2017-02-16 21:38:52,384-0200 DEBUG swift PROCEDURE_END line=3 thread=2-0-7-4-12-3-14-1 name=simulation
2017-02-16 21:38:52,385-0200 INFO  LateBindingScheduler jobs queued: 0
2017-02-16 21:38:52,385-0200 DEBUG swift FOREACH_IT_END line=20 thread=2-0-7-4-25-7
2017-02-16 21:38:52,385-0200 DEBUG swift FILE_STAGE_OUT_END srcname=sim_0.out srcdir=p3-run001/shared/output srchost=local destdir=output desthost=localhost provider=file
2017-02-16 21:38:52,385-0200 INFO  swift END jobid=simulate-q2nkh24n-0 - Staging out finished
2017-02-16 21:38:52,387-0200 INFO  LateBindingScheduler jobs queued: 0
2017-02-16 21:38:52,387-0200 INFO  swift END jobid=simulate-k2nkh24n-0 - Staging out finished
2017-02-16 21:38:52,388-0200 INFO  LateBindingScheduler jobs queued: 0
2017-02-16 21:38:52,388-0200 DEBUG swift FILE_STAGE_OUT_END srcname=sim_2.out srcdir=p3-run001/shared/output srchost=local destdir=output desthost=localhost provider=file
2017-02-16 21:38:52,388-0200 INFO  LateBindingScheduler jobs queued: 0
2017-02-16 21:38:52,389-0200 INFO  LateBindingScheduler jobs queued: 0
2017-02-16 21:38:52,389-0200 INFO  LateBindingScheduler jobs queued: 0
2017-02-16 21:38:52,389-0200 DEBUG swift JOB_END jobid=simulate-q2nkh24n-0
2017-02-16 21:38:52,389-0200 INFO  swift END jobid=simulate-l2nkh24n-0 - Staging out finished
2017-02-16 21:38:52,389-0200 INFO  Execute TASK_STATUS_CHANGE taskid=task-38 status=7
2017-02-16 21:38:52,389-0200 INFO  swift END_SUCCESS jobid=simulate-q2nkh24n tr=simulate
2017-02-16 21:38:52,389-0200 DEBUG swift PROCEDURE_END line=3 thread=2-0-7-4-23-5-44-1 name=simulation
2017-02-16 21:38:52,389-0200 DEBUG swift START jobid=simulate-o2nkh24n-0
2017-02-16 21:38:52,395-0200 INFO  LateBindingScheduler jobs queued: 0
2017-02-16 21:38:52,395-0200 INFO  Execute TASK_STATUS_CHANGE taskid=task-41 status=7
2017-02-16 21:38:52,396-0200 DEBUG swift START jobid=simulate-p2nkh24n-0
2017-02-16 21:38:52,400-0200 INFO  LateBindingScheduler jobs queued: 0
2017-02-16 21:38:52,400-0200 INFO  LateBindingScheduler jobs queued: 0
2017-02-16 21:38:52,400-0200 INFO  swift SUCCESS jobid=simulate-o2nkh24n-0 - Success file found
2017-02-16 21:38:52,400-0200 DEBUG swift STAGING_OUT jobid=simulate-o2nkh24n-0
2017-02-16 21:38:52,400-0200 INFO  swift START jobid=simulate-o2nkh24n-0 - Staging out files
2017-02-16 21:38:52,400-0200 DEBUG swift stageouts: [file://localhost/output/sim_6.out]
2017-02-16 21:38:52,401-0200 INFO  swift SUCCESS jobid=simulate-p2nkh24n-0 - Success file found
2017-02-16 21:38:52,401-0200 DEBUG swift STAGING_OUT jobid=simulate-p2nkh24n-0
2017-02-16 21:38:52,401-0200 INFO  swift START jobid=simulate-p2nkh24n-0 - Staging out files
2017-02-16 21:38:52,401-0200 DEBUG swift FILE_STAGE_OUT_START srcname=sim_6.out srcdir=p3-run001/shared/output srchost=local destdir=output desthost=localhost provider=file jobid=simulate-o2nkh24n-0
2017-02-16 21:38:52,401-0200 DEBUG swift stageouts: [file://localhost/output/sim_9.out]
2017-02-16 21:38:52,401-0200 INFO  LateBindingScheduler jobs queued: 1
2017-02-16 21:38:52,401-0200 DEBUG swift FILE_STAGE_OUT_START srcname=sim_9.out srcdir=p3-run001/shared/output srchost=local destdir=output desthost=localhost provider=file jobid=simulate-p2nkh24n-0
2017-02-16 21:38:52,401-0200 DEBUG swift JOB_END jobid=simulate-l2nkh24n-0
2017-02-16 21:38:52,402-0200 INFO  swift END_SUCCESS jobid=simulate-l2nkh24n tr=simulate
2017-02-16 21:38:52,402-0200 DEBUG swift PROCEDURE_END line=3 thread=2-0-7-4-11-2-27-1 name=simulation
2017-02-16 21:38:52,402-0200 INFO  LateBindingScheduler jobs queued: 0
2017-02-16 21:38:52,402-0200 INFO  LateBindingScheduler jobs queued: 0
2017-02-16 21:38:52,403-0200 DEBUG swift CDM: file://localhost/output/sim_6.out : DEFAULT
2017-02-16 21:38:52,403-0200 DEBUG swift CDM: file://localhost/output/sim_9.out : DEFAULT
2017-02-16 21:38:52,403-0200 INFO  LateBindingScheduler jobs queued: 2
2017-02-16 21:38:52,404-0200 DEBUG swift JOB_END jobid=simulate-k2nkh24n-0
2017-02-16 21:38:52,404-0200 INFO  swift END_SUCCESS jobid=simulate-k2nkh24n tr=simulate
2017-02-16 21:38:52,404-0200 DEBUG swift PROCEDURE_END line=3 thread=2-0-7-4-9-0-20-1 name=simulation
2017-02-16 21:38:52,405-0200 INFO  LateBindingScheduler jobs queued: 0
2017-02-16 21:38:52,406-0200 DEBUG swift FILE_STAGE_OUT_END srcname=sim_9.out srcdir=p3-run001/shared/output srchost=local destdir=output desthost=localhost provider=file
2017-02-16 21:38:52,406-0200 INFO  LateBindingScheduler jobs queued: 0
2017-02-16 21:38:52,407-0200 INFO  LateBindingScheduler jobs queued: 0
2017-02-16 21:38:52,407-0200 INFO  swift END jobid=simulate-p2nkh24n-0 - Staging out finished
2017-02-16 21:38:52,407-0200 DEBUG swift FILE_STAGE_OUT_END srcname=sim_6.out srcdir=p3-run001/shared/output srchost=local destdir=output desthost=localhost provider=file
2017-02-16 21:38:52,408-0200 INFO  LateBindingScheduler jobs queued: 0
2017-02-16 21:38:52,408-0200 INFO  swift END jobid=simulate-o2nkh24n-0 - Staging out finished
2017-02-16 21:38:52,411-0200 DEBUG swift FOREACH_IT_END line=20 thread=2-0-7-4-12-3
2017-02-16 21:38:52,411-0200 DEBUG swift FOREACH_IT_END line=20 thread=2-0-7-4-23-5
2017-02-16 21:38:52,411-0200 DEBUG swift FOREACH_IT_END line=20 thread=2-0-7-4-22-4
2017-02-16 21:38:52,411-0200 DEBUG swift FOREACH_IT_END line=20 thread=2-0-7-4-9-0
2017-02-16 21:38:52,411-0200 DEBUG swift FOREACH_IT_END line=20 thread=2-0-7-4-11-2
2017-02-16 21:38:52,416-0200 INFO  LateBindingScheduler jobs queued: 0
2017-02-16 21:38:52,416-0200 INFO  LateBindingScheduler jobs queued: 0
2017-02-16 21:38:52,416-0200 DEBUG swift JOB_END jobid=simulate-o2nkh24n-0
2017-02-16 21:38:52,417-0200 INFO  swift END_SUCCESS jobid=simulate-o2nkh24n tr=simulate
2017-02-16 21:38:52,417-0200 DEBUG swift PROCEDURE_END line=3 thread=2-0-7-4-24-6-38-1 name=simulation
2017-02-16 21:38:52,417-0200 DEBUG swift JOB_END jobid=simulate-p2nkh24n-0
2017-02-16 21:38:52,417-0200 INFO  swift END_SUCCESS jobid=simulate-p2nkh24n tr=simulate
2017-02-16 21:38:52,417-0200 DEBUG swift PROCEDURE_END line=3 thread=2-0-7-4-30-9-41-1 name=simulation
2017-02-16 21:38:52,450-0200 DEBUG swift FOREACH_IT_END line=20 thread=2-0-7-4-24-6
2017-02-16 21:38:52,451-0200 DEBUG swift FOREACH_IT_END line=20 thread=2-0-7-4-30-9
2017-02-16 21:38:53,056-0200 INFO  RuntimeStats$ProgressTicker HeapMax: 954728448, CrtHeap: 121110528, UsedHeap: 15706336, JVMThreads: 39
2017-02-16 21:38:53,057-0200 INFO  RuntimeStats$ProgressTicker   Active:1  Finished successfully:9
2017-02-16 21:38:53,480-0200 INFO  LateBindingScheduler jobs queued: 0
2017-02-16 21:38:53,480-0200 INFO  Execute TASK_STATUS_CHANGE taskid=task-17 status=7
2017-02-16 21:38:53,480-0200 DEBUG swift START jobid=simulate-j2nkh24n-0
2017-02-16 21:38:53,481-0200 INFO  LateBindingScheduler jobs queued: 0
2017-02-16 21:38:53,481-0200 INFO  swift SUCCESS jobid=simulate-j2nkh24n-0 - Success file found
2017-02-16 21:38:53,481-0200 DEBUG swift STAGING_OUT jobid=simulate-j2nkh24n-0
2017-02-16 21:38:53,481-0200 INFO  swift START jobid=simulate-j2nkh24n-0 - Staging out files
2017-02-16 21:38:53,481-0200 DEBUG swift stageouts: [file://localhost/output/sim_1.out]
2017-02-16 21:38:53,482-0200 DEBUG swift FILE_STAGE_OUT_START srcname=sim_1.out srcdir=p3-run001/shared/output srchost=local destdir=output desthost=localhost provider=file jobid=simulate-j2nkh24n-0
2017-02-16 21:38:53,482-0200 INFO  LateBindingScheduler jobs queued: 0
2017-02-16 21:38:53,483-0200 DEBUG swift CDM: file://localhost/output/sim_1.out : DEFAULT
2017-02-16 21:38:53,485-0200 INFO  LateBindingScheduler jobs queued: 0
2017-02-16 21:38:53,485-0200 DEBUG swift FILE_STAGE_OUT_END srcname=sim_1.out srcdir=p3-run001/shared/output srchost=local destdir=output desthost=localhost provider=file
2017-02-16 21:38:53,486-0200 INFO  LateBindingScheduler jobs queued: 0
2017-02-16 21:38:53,487-0200 INFO  swift END jobid=simulate-j2nkh24n-0 - Staging out finished
2017-02-16 21:38:53,489-0200 INFO  LateBindingScheduler jobs queued: 0
2017-02-16 21:38:53,492-0200 DEBUG swift JOB_END jobid=simulate-j2nkh24n-0
2017-02-16 21:38:53,492-0200 INFO  swift END_SUCCESS jobid=simulate-j2nkh24n tr=simulate
2017-02-16 21:38:53,492-0200 DEBUG swift PROCEDURE_END line=3 thread=2-0-7-4-10-1-17-1 name=simulation
2017-02-16 21:38:53,515-0200 DEBUG swift FOREACH_IT_END line=20 thread=2-0-7-4-10-1
2017-02-16 21:38:53,515-0200 DEBUG swift JOB_INIT jobid=stats-s2nkh24n tr=stats
2017-02-16 21:38:53,515-0200 DEBUG swift JOB_SITE_SELECT jobid=stats-s2nkh24n-0
2017-02-16 21:38:53,516-0200 DEBUG swift THREAD_ASSOCIATION jobid=stats-s2nkh24n-0 host=local thread=2-0-8-5
2017-02-16 21:38:53,518-0200 INFO  swift START jobid=stats-s2nkh24n-0 host=local - Initializing directory structure
2017-02-16 21:38:53,518-0200 INFO  swift START path=_concurrent/sims-18-2-0 dir=p3-run001/shared - Creating directory structure
2017-02-16 21:38:53,519-0200 INFO  LateBindingScheduler jobs queued: 0
2017-02-16 21:38:53,520-0200 INFO  swift END jobid=stats-s2nkh24n-0 - Done initializing directory structure
2017-02-16 21:38:53,520-0200 INFO  swift START jobid=stats-s2nkh24n-0 - Staging in files [file://localhost/_concurrent/sims-18-2-0/[8], file://localhost/_concurrent/sims-18-2-0/[7], file://localhost/_concurrent/sims-18-2-0/[5], file://localhost/_concurrent/sims-18-2-0/[3], file://localhost/_concurrent/sims-18-2-0/[4], file://localhost/_concurrent/sims-18-2-0/[9], file://localhost/_concurrent/sims-18-2-0/[2], file://localhost/_concurrent/sims-18-2-0/[0], file://localhost/_concurrent/sims-18-2-0/[1], file://localhost/_concurrent/sims-18-2-0/[6]]
2017-02-16 21:38:53,522-0200 INFO  LateBindingScheduler jobs queued: 6
2017-02-16 21:38:53,522-0200 DEBUG swift CDM: file://localhost/_concurrent/sims-18-2-0/[8] : DEFAULT
2017-02-16 21:38:53,523-0200 DEBUG swift FILE_STAGE_IN_START file=[8] srchost=localhost srcdir=_concurrent/sims-18-2-0 srcname=[8] desthost=local destdir=p3-run001/shared/_concurrent/sims-18-2-0 provider=file policy=DEFAULT
2017-02-16 21:38:53,523-0200 INFO  LateBindingScheduler jobs queued: 1
2017-02-16 21:38:53,524-0200 INFO  LateBindingScheduler jobs queued: 0
2017-02-16 21:38:53,524-0200 INFO  LateBindingScheduler jobs queued: 0
2017-02-16 21:38:53,524-0200 DEBUG swift CDM: file://localhost/_concurrent/sims-18-2-0/[7] : DEFAULT
2017-02-16 21:38:53,524-0200 DEBUG swift FILE_STAGE_IN_START file=[7] srchost=localhost srcdir=_concurrent/sims-18-2-0 srcname=[7] desthost=local destdir=p3-run001/shared/_concurrent/sims-18-2-0 provider=file policy=DEFAULT
2017-02-16 21:38:53,525-0200 DEBUG swift CDM: file://localhost/_concurrent/sims-18-2-0/[5] : DEFAULT
2017-02-16 21:38:53,525-0200 INFO  LateBindingScheduler jobs queued: 0
2017-02-16 21:38:53,525-0200 INFO  LateBindingScheduler jobs queued: 0
2017-02-16 21:38:53,526-0200 DEBUG swift FILE_STAGE_IN_START file=[5] srchost=localhost srcdir=_concurrent/sims-18-2-0 srcname=[5] desthost=local destdir=p3-run001/shared/_concurrent/sims-18-2-0 provider=file policy=DEFAULT
2017-02-16 21:38:53,526-0200 DEBUG swift CDM: file://localhost/_concurrent/sims-18-2-0/[3] : DEFAULT
2017-02-16 21:38:53,526-0200 DEBUG swift CDM: file://localhost/_concurrent/sims-18-2-0/[4] : DEFAULT
2017-02-16 21:38:53,526-0200 DEBUG swift FILE_STAGE_IN_START file=[3] srchost=localhost srcdir=_concurrent/sims-18-2-0 srcname=[3] desthost=local destdir=p3-run001/shared/_concurrent/sims-18-2-0 provider=file policy=DEFAULT
2017-02-16 21:38:53,526-0200 DEBUG swift FILE_STAGE_IN_START file=[4] srchost=localhost srcdir=_concurrent/sims-18-2-0 srcname=[4] desthost=local destdir=p3-run001/shared/_concurrent/sims-18-2-0 provider=file policy=DEFAULT
2017-02-16 21:38:53,526-0200 DEBUG swift CDM: file://localhost/_concurrent/sims-18-2-0/[9] : DEFAULT
2017-02-16 21:38:53,526-0200 DEBUG swift FILE_STAGE_IN_START file=[9] srchost=localhost srcdir=_concurrent/sims-18-2-0 srcname=[9] desthost=local destdir=p3-run001/shared/_concurrent/sims-18-2-0 provider=file policy=DEFAULT
2017-02-16 21:38:53,527-0200 INFO  LateBindingScheduler jobs queued: 2
2017-02-16 21:38:53,527-0200 INFO  LateBindingScheduler jobs queued: 2
2017-02-16 21:38:53,528-0200 DEBUG swift CDM: file://localhost/_concurrent/sims-18-2-0/[2] : DEFAULT
2017-02-16 21:38:53,528-0200 DEBUG swift FILE_STAGE_IN_START file=[2] srchost=localhost srcdir=_concurrent/sims-18-2-0 srcname=[2] desthost=local destdir=p3-run001/shared/_concurrent/sims-18-2-0 provider=file policy=DEFAULT
2017-02-16 21:38:53,528-0200 INFO  LateBindingScheduler jobs queued: 2
2017-02-16 21:38:53,529-0200 DEBUG swift CDM: file://localhost/_concurrent/sims-18-2-0/[1] : DEFAULT
2017-02-16 21:38:53,530-0200 DEBUG swift FILE_STAGE_IN_START file=[1] srchost=localhost srcdir=_concurrent/sims-18-2-0 srcname=[1] desthost=local destdir=p3-run001/shared/_concurrent/sims-18-2-0 provider=file policy=DEFAULT
2017-02-16 21:38:53,530-0200 DEBUG swift CDM: file://localhost/_concurrent/sims-18-2-0/[0] : DEFAULT
2017-02-16 21:38:53,530-0200 DEBUG swift FILE_STAGE_IN_START file=[0] srchost=localhost srcdir=_concurrent/sims-18-2-0 srcname=[0] desthost=local destdir=p3-run001/shared/_concurrent/sims-18-2-0 provider=file policy=DEFAULT
2017-02-16 21:38:53,530-0200 INFO  LateBindingScheduler jobs queued: 5
2017-02-16 21:38:53,540-0200 DEBUG swift CDM: file://localhost/_concurrent/sims-18-2-0/[6] : DEFAULT
2017-02-16 21:38:53,540-0200 DEBUG swift FILE_STAGE_IN_START file=[6] srchost=localhost srcdir=_concurrent/sims-18-2-0 srcname=[6] desthost=local destdir=p3-run001/shared/_concurrent/sims-18-2-0 provider=file policy=DEFAULT
2017-02-16 21:38:53,540-0200 INFO  LateBindingScheduler jobs queued: 6
2017-02-16 21:38:53,541-0200 INFO  LateBindingScheduler jobs queued: 6
2017-02-16 21:38:53,541-0200 INFO  LateBindingScheduler jobs queued: 6
2017-02-16 21:38:53,542-0200 DEBUG swift FILE_STAGE_IN_END file=[3] srchost=localhost srcdir=_concurrent/sims-18-2-0 srcname=[3] desthost=local destdir=p3-run001/shared/_concurrent/sims-18-2-0 provider=file
2017-02-16 21:38:53,541-0200 INFO  LateBindingScheduler jobs queued: 6
2017-02-16 21:38:53,544-0200 DEBUG swift FILE_STAGE_IN_END file=[5] srchost=localhost srcdir=_concurrent/sims-18-2-0 srcname=[5] desthost=local destdir=p3-run001/shared/_concurrent/sims-18-2-0 provider=file
2017-02-16 21:38:53,548-0200 DEBUG swift FILE_STAGE_IN_END file=[7] srchost=localhost srcdir=_concurrent/sims-18-2-0 srcname=[7] desthost=local destdir=p3-run001/shared/_concurrent/sims-18-2-0 provider=file
2017-02-16 21:38:53,548-0200 INFO  LateBindingScheduler jobs queued: 2
2017-02-16 21:38:53,550-0200 DEBUG swift FILE_STAGE_IN_END file=[8] srchost=localhost srcdir=_concurrent/sims-18-2-0 srcname=[8] desthost=local destdir=p3-run001/shared/_concurrent/sims-18-2-0 provider=file
2017-02-16 21:38:53,549-0200 INFO  LateBindingScheduler jobs queued: 2
2017-02-16 21:38:53,548-0200 INFO  LateBindingScheduler jobs queued: 2
2017-02-16 21:38:53,558-0200 DEBUG swift FILE_STAGE_IN_END file=[4] srchost=localhost srcdir=_concurrent/sims-18-2-0 srcname=[4] desthost=local destdir=p3-run001/shared/_concurrent/sims-18-2-0 provider=file
2017-02-16 21:38:53,557-0200 INFO  LateBindingScheduler jobs queued: 1
2017-02-16 21:38:53,558-0200 DEBUG swift FILE_STAGE_IN_END file=[2] srchost=localhost srcdir=_concurrent/sims-18-2-0 srcname=[2] desthost=local destdir=p3-run001/shared/_concurrent/sims-18-2-0 provider=file
2017-02-16 21:38:53,559-0200 DEBUG swift FILE_STAGE_IN_END file=[9] srchost=localhost srcdir=_concurrent/sims-18-2-0 srcname=[9] desthost=local destdir=p3-run001/shared/_concurrent/sims-18-2-0 provider=file
2017-02-16 21:38:53,559-0200 DEBUG swift FILE_STAGE_IN_END file=[1] srchost=localhost srcdir=_concurrent/sims-18-2-0 srcname=[1] desthost=local destdir=p3-run001/shared/_concurrent/sims-18-2-0 provider=file
2017-02-16 21:38:53,559-0200 INFO  LateBindingScheduler jobs queued: 0
2017-02-16 21:38:53,560-0200 INFO  LateBindingScheduler jobs queued: 0
2017-02-16 21:38:53,560-0200 DEBUG swift FILE_STAGE_IN_END file=[0] srchost=localhost srcdir=_concurrent/sims-18-2-0 srcname=[0] desthost=local destdir=p3-run001/shared/_concurrent/sims-18-2-0 provider=file
2017-02-16 21:38:53,560-0200 DEBUG swift FILE_STAGE_IN_END file=[6] srchost=localhost srcdir=_concurrent/sims-18-2-0 srcname=[6] desthost=local destdir=p3-run001/shared/_concurrent/sims-18-2-0 provider=file
2017-02-16 21:38:53,561-0200 INFO  swift END jobid=stats-s2nkh24n-0 - Staging in finished
2017-02-16 21:38:53,561-0200 DEBUG swift JOB_START jobid=stats-s2nkh24n-0 tr=stats arguments=[_concurrent/sims-18-2-0/[0] _concurrent/sims-18-2-0/[1] _concurrent/sims-18-2-0/[2] _concurrent/sims-18-2-0/[3] _concurrent/sims-18-2-0/[4] _concurrent/sims-18-2-0/[5] _concurrent/sims-18-2-0/[6] _concurrent/sims-18-2-0/[7] _concurrent/sims-18-2-0/[8] _concurrent/sims-18-2-0/[9]] tmpdir=p3-run001/jobs/s/stats-s2nkh24n-0
2017-02-16 21:38:53,562-0200 INFO  Execute JOB_TASK jobid=stats-s2nkh24n-0 taskid=task-8 exec=/bin/bash dir=p3-run001 args=shared/_swiftwrap stats-s2nkh24n-0 -jobdir s -scratch  -e stats -out output/average.out -err stderr.txt -i -d _concurrent/sims-18-2-0|output -if _concurrent/sims-18-2-0/[8]|_concurrent/sims-18-2-0/[7]|_concurrent/sims-18-2-0/[5]|_concurrent/sims-18-2-0/[3]|_concurrent/sims-18-2-0/[4]|_concurrent/sims-18-2-0/[9]|_concurrent/sims-18-2-0/[2]|_concurrent/sims-18-2-0/[0]|_concurrent/sims-18-2-0/[1]|_concurrent/sims-18-2-0/[6] -of output/average.out -cf  -cdmfile -status files -a _concurrent/sims-18-2-0/[0] _concurrent/sims-18-2-0/[1] _concurrent/sims-18-2-0/[2] _concurrent/sims-18-2-0/[3] _concurrent/sims-18-2-0/[4] _concurrent/sims-18-2-0/[5] _concurrent/sims-18-2-0/[6] _concurrent/sims-18-2-0/[7] _concurrent/sims-18-2-0/[8] _concurrent/sims-18-2-0/[9]
2017-02-16 21:38:53,562-0200 INFO  Execute TASK_STATUS_CHANGE taskid=task-8 status=8
2017-02-16 21:38:53,562-0200 INFO  Execute TASK_STATUS_CHANGE taskid=task-8 status=1
2017-02-16 21:38:53,563-0200 INFO  Execute TASK_STATUS_CHANGE taskid=task-8 status=2
2017-02-16 21:38:53,664-0200 INFO  LateBindingScheduler jobs queued: 0
2017-02-16 21:38:53,664-0200 INFO  Execute TASK_STATUS_CHANGE taskid=task-8 status=7
2017-02-16 21:38:53,664-0200 DEBUG swift START jobid=stats-s2nkh24n-0
2017-02-16 21:38:53,665-0200 INFO  LateBindingScheduler jobs queued: 0
2017-02-16 21:38:53,665-0200 INFO  swift SUCCESS jobid=stats-s2nkh24n-0 - Success file found
2017-02-16 21:38:53,666-0200 DEBUG swift STAGING_OUT jobid=stats-s2nkh24n-0
2017-02-16 21:38:53,666-0200 INFO  swift START jobid=stats-s2nkh24n-0 - Staging out files
2017-02-16 21:38:53,666-0200 DEBUG swift stageouts: [file://localhost/output/average.out]
2017-02-16 21:38:53,666-0200 DEBUG swift FILE_STAGE_OUT_START srcname=average.out srcdir=p3-run001/shared/output srchost=local destdir=output desthost=localhost provider=file jobid=stats-s2nkh24n-0
2017-02-16 21:38:53,666-0200 INFO  LateBindingScheduler jobs queued: 0
2017-02-16 21:38:53,667-0200 DEBUG swift CDM: file://localhost/output/average.out : DEFAULT
2017-02-16 21:38:53,668-0200 INFO  LateBindingScheduler jobs queued: 0
2017-02-16 21:38:53,668-0200 DEBUG swift FILE_STAGE_OUT_END srcname=average.out srcdir=p3-run001/shared/output srchost=local destdir=output desthost=localhost provider=file
2017-02-16 21:38:53,669-0200 INFO  LateBindingScheduler jobs queued: 0
2017-02-16 21:38:53,670-0200 INFO  swift END jobid=stats-s2nkh24n-0 - Staging out finished
2017-02-16 21:38:53,671-0200 INFO  LateBindingScheduler jobs queued: 0
2017-02-16 21:38:53,672-0200 DEBUG swift JOB_END jobid=stats-s2nkh24n-0
2017-02-16 21:38:53,672-0200 INFO  swift END_SUCCESS jobid=stats-s2nkh24n tr=stats
2017-02-16 21:38:53,672-0200 DEBUG swift PROCEDURE_END line=8 thread=2-0-8-5 name=analyze
2017-02-16 21:38:53,672-0200 INFO  RuntimeStats$ProgressTicker HeapMax: 954728448, CrtHeap: 121110528, UsedHeap: 17800976, JVMThreads: 39
2017-02-16 21:38:53,672-0200 INFO  RuntimeStats$ProgressTicker   Finished successfully:11
2017-02-16 21:38:53,681-0200 DEBUG swift Starting cleanups
2017-02-16 21:38:53,681-0200 INFO  swift START cleanups=[[p3-run001, local]]
2017-02-16 21:38:53,681-0200 INFO  swift START dir=p3-run001 host=local
2017-02-16 21:38:53,681-0200 DEBUG swift cdmfile 
2017-02-16 21:38:53,682-0200 INFO  LateBindingScheduler jobs queued: 0
2017-02-16 21:38:53,684-0200 INFO  swift END dir=p3-run001 host=local
2017-02-16 21:38:53,685-0200 INFO  swift END cleanups=[[p3-run001, local]]
2017-02-16 21:38:53,685-0200 DEBUG swift Ending cleanups
2017-02-16 21:38:53,689-0200 INFO  Loader Swift finished with no errors
