2017-02-16 21:39:36,627-0200 INFO  Loader JAVA Oracle Corporation Java HotSpot(TM) 64-Bit Server VM 1.7.0_80
2017-02-16 21:39:36,629-0200 INFO  Loader VERSION Swift trunk git-rev: 18aec82244c5611381528bc361888c553570c66e heads/master 6574
2017-02-16 21:39:36,629-0200 INFO  Loader RUN_ID run001
2017-02-16 21:39:36,629-0200 INFO  Loader ARGUMENTS [-runid, run001, -logfile, /home/mondelli/Dropbox/Docker/swift_verao/uteis/tutorial/part05/run001/swift.log, p5.swift]
2017-02-16 21:39:36,629-0200 INFO  Loader MAX_HEAP 954728448
2017-02-16 21:39:36,629-0200 INFO  Loader GLOBUS_HOSTNAME mondelli-520U4C
2017-02-16 21:39:36,629-0200 INFO  Loader CWD /home/mondelli/Dropbox/Docker/swift_verao/uteis/tutorial/part05/.
2017-02-16 21:39:36,630-0200 DEBUG Loader SWIFT_CONFIGURATION 
[D] /home/mondelli/swift-k/dist/swift-svn/etc/swift.conf
[C] <Command Line>
{
	TCPPortRange: "50000, 50100"                               # [D] line 27
	alwaysTransferWrapperLog: true                             # [D] line 61
	executionRetries: 0                                        # [D] line 137
	fileOperationsThrottle: 8                                  # [D] line 121
	fileTransfersThrottle: 4                                   # [D] line 107
	hostJobSubmitThrottle: 2                                   # [D] line 95
	jobSubmitThrottle: 4                                       # [D] line 83
	keepSiteDir: false                                         # [D] line 131
	lazyErrors: true                                           # [D] line 41
	logProvenance: false                                       # [D] line 200
	maxForeachThreads: 16384                                   # [D] line 194
	replicationEnabled: false                                  # [D] line 146
	replicationLimit: 3                                        # [D] line 157
	replicationMinQueueTime: 60                                # [D] line 153
	site.local {
		app.ALL.executable: "*"                                   # [D] line 235
		execution.type: "local"                                   # [D] line 223
		filesystem.type: "local"                                  # [D] line 226
		initialParallelTasks: 8                                   # [D] line 230
		maxParallelTasks: 16                                      # [D] line 229
		workDirectory: "swiftwork"                                # [D] line 232
	}
	sites: [local]                                             # [D] line 239
	tracingEnabled: false                                      # [D] line 51
}

2017-02-16 21:39:36,631-0200 DEBUG textfiles BEGIN SWIFTSCRIPT:
type file;

app (file out, file log) simulation (int sim_steps, int sim_range, int sim_values)
{
  simulate "--timesteps" sim_steps "--range" sim_range "--nvalues" sim_values stdout=@out stderr=@log;
}

app (file out, file log) analyze (file s[])
{
  stats filenames(s) stdout=@out stderr=@log;
}

int nsim   = toInt(arg("nsim",   "10"));
int steps  = toInt(arg("steps",  "1"));
int range  = toInt(arg("range",  "100"));
int values = toInt(arg("values", "5"));

file sims[];

foreach i in [0:nsim-1] {
  file simout <single_file_mapper; file=strcat("output/sim_",i,".out")>;
  file simlog <single_file_mapper; file=strcat("output/sim_",i,".log")>;
  (simout,simlog) = simulation(steps,range,values);
  sims[i] = simout;
}

file stats_out<"output/average.out">;
file stats_log<"output/average.log">;
(stats_out, stats_log) = analyze(sims);


2017-02-16 21:39:36,631-0200 DEBUG textfiles END SWIFTSCRIPT:
2017-02-16 21:39:36,631-0200 INFO  Loader p5.swift: source file is new. Recompiling.
2017-02-16 21:39:36,995-0200 INFO  VariableScope Couldn't find local definition for i
2017-02-16 21:39:36,996-0200 INFO  VariableScope Couldn't find local definition for i
2017-02-16 21:39:37,794-0200 INFO  Loader RUN_START
2017-02-16 21:39:37,799-0200 INFO  SwiftExecutor swift.home = /home/mondelli/swift-k/dist/swift-svn
2017-02-16 21:39:37,839-0200 INFO  AbstractScheduler Setting resources to: {local=local}
2017-02-16 21:39:37,851-0200 INFO  GlobalSubmitQueue No global submit throttle set. Using default (1024)
2017-02-16 21:39:37,871-0200 INFO  LateBindingScheduler jobs queued: 0
2017-02-16 21:39:37,874-0200 INFO  LateBindingScheduler jobs queued: 0
2017-02-16 21:39:37,875-0200 INFO  LateBindingScheduler jobs queued: 0
2017-02-16 21:39:37,903-0200 INFO  RuntimeStats$ProgressTicker HeapMax: 954728448, CrtHeap: 121110528, UsedHeap: 5627264, JVMThreads: 16
2017-02-16 21:39:37,904-0200 INFO  RuntimeStats$ProgressTicker 
2017-02-16 21:39:37,907-0200 DEBUG swift PROCEDURE line=8 thread=2-0-8-5 name=analyze
2017-02-16 21:39:37,916-0200 DEBUG swift FOREACH_IT_START line=20 thread=2-0-7-4-10-1
2017-02-16 21:39:37,916-0200 DEBUG swift SCOPE thread=2-0-7-4-10-1
2017-02-16 21:39:37,916-0200 DEBUG swift FOREACH_IT_START line=20 thread=2-0-7-4-11-2
2017-02-16 21:39:37,916-0200 DEBUG swift SCOPE thread=2-0-7-4-11-2
2017-02-16 21:39:37,916-0200 DEBUG swift FOREACH_IT_START line=20 thread=2-0-7-4-12-3
2017-02-16 21:39:37,916-0200 DEBUG swift FOREACH_IT_START line=20 thread=2-0-7-4-13-4
2017-02-16 21:39:37,916-0200 DEBUG swift SCOPE thread=2-0-7-4-12-3
2017-02-16 21:39:37,916-0200 DEBUG swift FOREACH_IT_START line=20 thread=2-0-7-4-14-5
2017-02-16 21:39:37,916-0200 DEBUG swift SCOPE thread=2-0-7-4-14-5
2017-02-16 21:39:37,916-0200 DEBUG swift FOREACH_IT_START line=20 thread=2-0-7-4-15-6
2017-02-16 21:39:37,916-0200 DEBUG swift SCOPE thread=2-0-7-4-15-6
2017-02-16 21:39:37,916-0200 DEBUG swift FOREACH_IT_START line=20 thread=2-0-7-4-16-7
2017-02-16 21:39:37,916-0200 DEBUG swift SCOPE thread=2-0-7-4-16-7
2017-02-16 21:39:37,916-0200 DEBUG swift FOREACH_IT_START line=20 thread=2-0-7-4-17-8
2017-02-16 21:39:37,916-0200 DEBUG swift SCOPE thread=2-0-7-4-17-8
2017-02-16 21:39:37,917-0200 DEBUG swift FOREACH_IT_START line=20 thread=2-0-7-4-18-9
2017-02-16 21:39:37,917-0200 DEBUG swift SCOPE thread=2-0-7-4-18-9
2017-02-16 21:39:37,916-0200 DEBUG swift SCOPE thread=2-0-7-4-13-4
2017-02-16 21:39:37,917-0200 DEBUG swift PROCEDURE line=3 thread=2-0-7-4-11-2-23-2 name=simulation
2017-02-16 21:39:37,919-0200 DEBUG swift JOB_INIT jobid=simulate-kaqlh24n tr=simulate
2017-02-16 21:39:37,920-0200 DEBUG swift PROCEDURE line=3 thread=2-0-7-4-10-1-24-2 name=simulation
2017-02-16 21:39:37,920-0200 DEBUG swift JOB_INIT jobid=simulate-laqlh24n tr=simulate
2017-02-16 21:39:37,921-0200 DEBUG swift JOB_SITE_SELECT jobid=simulate-laqlh24n-0
2017-02-16 21:39:37,921-0200 DEBUG swift PROCEDURE line=3 thread=2-0-7-4-12-3-29-2 name=simulation
2017-02-16 21:39:37,921-0200 DEBUG swift JOB_INIT jobid=simulate-maqlh24n tr=simulate
2017-02-16 21:39:37,921-0200 DEBUG swift JOB_SITE_SELECT jobid=simulate-maqlh24n-0
2017-02-16 21:39:37,922-0200 DEBUG swift PROCEDURE line=3 thread=2-0-7-4-14-5-33-2 name=simulation
2017-02-16 21:39:37,922-0200 DEBUG swift JOB_INIT jobid=simulate-naqlh24n tr=simulate
2017-02-16 21:39:37,922-0200 DEBUG swift JOB_SITE_SELECT jobid=simulate-naqlh24n-0
2017-02-16 21:39:37,923-0200 DEBUG swift PROCEDURE line=3 thread=2-0-7-4-15-6-37-2 name=simulation
2017-02-16 21:39:37,923-0200 DEBUG swift JOB_INIT jobid=simulate-oaqlh24n tr=simulate
2017-02-16 21:39:37,923-0200 DEBUG swift JOB_SITE_SELECT jobid=simulate-oaqlh24n-0
2017-02-16 21:39:37,923-0200 DEBUG swift PROCEDURE line=3 thread=2-0-7-4-16-7-41-2 name=simulation
2017-02-16 21:39:37,923-0200 DEBUG swift JOB_INIT jobid=simulate-paqlh24n tr=simulate
2017-02-16 21:39:37,923-0200 DEBUG swift JOB_SITE_SELECT jobid=simulate-paqlh24n-0
2017-02-16 21:39:37,924-0200 DEBUG swift PROCEDURE line=3 thread=2-0-7-4-17-8-45-2 name=simulation
2017-02-16 21:39:37,925-0200 DEBUG swift JOB_INIT jobid=simulate-qaqlh24n tr=simulate
2017-02-16 21:39:37,925-0200 DEBUG swift FOREACH_IT_START line=20 thread=2-0-7-4-9-0
2017-02-16 21:39:37,925-0200 DEBUG swift SCOPE thread=2-0-7-4-9-0
2017-02-16 21:39:37,925-0200 DEBUG swift JOB_SITE_SELECT jobid=simulate-qaqlh24n-0
2017-02-16 21:39:37,925-0200 DEBUG swift PROCEDURE line=3 thread=2-0-7-4-18-9-49-2 name=simulation
2017-02-16 21:39:37,925-0200 DEBUG swift JOB_INIT jobid=simulate-raqlh24n tr=simulate
2017-02-16 21:39:37,925-0200 DEBUG swift PROCEDURE line=3 thread=2-0-7-4-13-4-53-2 name=simulation
2017-02-16 21:39:37,926-0200 DEBUG swift JOB_SITE_SELECT jobid=simulate-raqlh24n-0
2017-02-16 21:39:37,926-0200 DEBUG swift JOB_INIT jobid=simulate-saqlh24n tr=simulate
2017-02-16 21:39:37,926-0200 DEBUG swift JOB_SITE_SELECT jobid=simulate-saqlh24n-0
2017-02-16 21:39:37,926-0200 DEBUG swift PROCEDURE line=3 thread=2-0-7-4-9-0-57-2 name=simulation
2017-02-16 21:39:37,926-0200 DEBUG swift JOB_INIT jobid=simulate-taqlh24n tr=simulate
2017-02-16 21:39:37,926-0200 DEBUG swift JOB_SITE_SELECT jobid=simulate-taqlh24n-0
2017-02-16 21:39:37,926-0200 DEBUG swift JOB_SITE_SELECT jobid=simulate-kaqlh24n-0
2017-02-16 21:39:37,926-0200 DEBUG swift THREAD_ASSOCIATION jobid=simulate-maqlh24n-0 host=local thread=2-0-7-4-12-3-29-2
2017-02-16 21:39:37,926-0200 DEBUG swift THREAD_ASSOCIATION jobid=simulate-qaqlh24n-0 host=local thread=2-0-7-4-17-8-45-2
2017-02-16 21:39:37,927-0200 DEBUG swift THREAD_ASSOCIATION jobid=simulate-raqlh24n-0 host=local thread=2-0-7-4-18-9-49-2
2017-02-16 21:39:37,927-0200 INFO  swift START host=local - Initializing shared directory
2017-02-16 21:39:37,928-0200 DEBUG swift THREAD_ASSOCIATION jobid=simulate-laqlh24n-0 host=local thread=2-0-7-4-10-1-24-2
2017-02-16 21:39:37,928-0200 DEBUG swift THREAD_ASSOCIATION jobid=simulate-oaqlh24n-0 host=local thread=2-0-7-4-15-6-37-2
2017-02-16 21:39:37,928-0200 DEBUG swift THREAD_ASSOCIATION jobid=simulate-taqlh24n-0 host=local thread=2-0-7-4-9-0-57-2
2017-02-16 21:39:37,928-0200 DEBUG swift THREAD_ASSOCIATION jobid=simulate-naqlh24n-0 host=local thread=2-0-7-4-14-5-33-2
2017-02-16 21:39:37,929-0200 DEBUG swift THREAD_ASSOCIATION jobid=simulate-kaqlh24n-0 host=local thread=2-0-7-4-11-2-23-2
2017-02-16 21:39:37,927-0200 DEBUG swift THREAD_ASSOCIATION jobid=simulate-saqlh24n-0 host=local thread=2-0-7-4-13-4-53-2
2017-02-16 21:39:37,931-0200 INFO  LateBindingScheduler jobs queued: 1
2017-02-16 21:39:37,940-0200 INFO  LateBindingScheduler jobs queued: 1
2017-02-16 21:39:37,941-0200 INFO  LateBindingScheduler jobs queued: 1
2017-02-16 21:39:37,942-0200 INFO  LateBindingScheduler jobs queued: 1
2017-02-16 21:39:37,944-0200 INFO  swift END host=local - Done initializing shared directory
2017-02-16 21:39:37,946-0200 INFO  swift START jobid=simulate-raqlh24n-0 host=local - Initializing directory structure
2017-02-16 21:39:37,947-0200 INFO  swift START jobid=simulate-laqlh24n-0 host=local - Initializing directory structure
2017-02-16 21:39:37,947-0200 INFO  swift START jobid=simulate-taqlh24n-0 host=local - Initializing directory structure
2017-02-16 21:39:37,947-0200 INFO  swift START path=output dir=p5-run001/shared - Creating directory structure
2017-02-16 21:39:37,948-0200 INFO  swift START jobid=simulate-naqlh24n-0 host=local - Initializing directory structure
2017-02-16 21:39:37,948-0200 INFO  swift START jobid=simulate-maqlh24n-0 host=local - Initializing directory structure
2017-02-16 21:39:37,948-0200 INFO  LateBindingScheduler jobs queued: 1
2017-02-16 21:39:37,948-0200 INFO  swift START jobid=simulate-kaqlh24n-0 host=local - Initializing directory structure
2017-02-16 21:39:37,949-0200 INFO  swift START jobid=simulate-qaqlh24n-0 host=local - Initializing directory structure
2017-02-16 21:39:37,949-0200 INFO  swift END jobid=simulate-raqlh24n-0 - Done initializing directory structure
2017-02-16 21:39:37,949-0200 INFO  swift END jobid=simulate-qaqlh24n-0 - Done initializing directory structure
2017-02-16 21:39:37,949-0200 INFO  swift START jobid=simulate-raqlh24n-0 - Staging in files []
2017-02-16 21:39:37,949-0200 INFO  swift START jobid=simulate-qaqlh24n-0 - Staging in files []
2017-02-16 21:39:37,949-0200 INFO  swift END jobid=simulate-qaqlh24n-0 - Staging in finished
2017-02-16 21:39:37,949-0200 INFO  swift END jobid=simulate-raqlh24n-0 - Staging in finished
2017-02-16 21:39:37,949-0200 DEBUG swift JOB_START jobid=simulate-qaqlh24n-0 tr=simulate arguments=[--timesteps, 1, --range, 100, --nvalues, 5] tmpdir=p5-run001/jobs/s/simulate-qaqlh24n-0
2017-02-16 21:39:37,949-0200 DEBUG swift JOB_START jobid=simulate-raqlh24n-0 tr=simulate arguments=[--timesteps, 1, --range, 100, --nvalues, 5] tmpdir=p5-run001/jobs/s/simulate-raqlh24n-0
2017-02-16 21:39:37,950-0200 INFO  swift END jobid=simulate-laqlh24n-0 - Done initializing directory structure
2017-02-16 21:39:37,950-0200 INFO  swift START jobid=simulate-laqlh24n-0 - Staging in files []
2017-02-16 21:39:37,950-0200 INFO  swift END jobid=simulate-laqlh24n-0 - Staging in finished
2017-02-16 21:39:37,950-0200 DEBUG swift JOB_START jobid=simulate-laqlh24n-0 tr=simulate arguments=[--timesteps, 1, --range, 100, --nvalues, 5] tmpdir=p5-run001/jobs/s/simulate-laqlh24n-0
2017-02-16 21:39:37,951-0200 INFO  swift END jobid=simulate-naqlh24n-0 - Done initializing directory structure
2017-02-16 21:39:37,951-0200 INFO  swift START jobid=simulate-naqlh24n-0 - Staging in files []
2017-02-16 21:39:37,951-0200 INFO  swift END jobid=simulate-naqlh24n-0 - Staging in finished
2017-02-16 21:39:37,952-0200 DEBUG swift JOB_START jobid=simulate-naqlh24n-0 tr=simulate arguments=[--timesteps, 1, --range, 100, --nvalues, 5] tmpdir=p5-run001/jobs/s/simulate-naqlh24n-0
2017-02-16 21:39:37,952-0200 INFO  swift END jobid=simulate-taqlh24n-0 - Done initializing directory structure
2017-02-16 21:39:37,952-0200 INFO  swift START jobid=simulate-taqlh24n-0 - Staging in files []
2017-02-16 21:39:37,952-0200 INFO  swift END jobid=simulate-taqlh24n-0 - Staging in finished
2017-02-16 21:39:37,952-0200 DEBUG swift JOB_START jobid=simulate-taqlh24n-0 tr=simulate arguments=[--timesteps, 1, --range, 100, --nvalues, 5] tmpdir=p5-run001/jobs/s/simulate-taqlh24n-0
2017-02-16 21:39:37,953-0200 INFO  swift END jobid=simulate-maqlh24n-0 - Done initializing directory structure
2017-02-16 21:39:37,953-0200 INFO  swift START jobid=simulate-maqlh24n-0 - Staging in files []
2017-02-16 21:39:37,953-0200 INFO  swift END jobid=simulate-maqlh24n-0 - Staging in finished
2017-02-16 21:39:37,953-0200 DEBUG swift JOB_START jobid=simulate-maqlh24n-0 tr=simulate arguments=[--timesteps, 1, --range, 100, --nvalues, 5] tmpdir=p5-run001/jobs/s/simulate-maqlh24n-0
2017-02-16 21:39:37,955-0200 INFO  Execute JOB_TASK jobid=simulate-maqlh24n-0 taskid=task-29 exec=/bin/bash dir=p5-run001 args=shared/_swiftwrap simulate-maqlh24n-0 -jobdir s -scratch  -e simulate -out output/sim_3.out -err output/sim_3.log -i -d output -if  -of output/sim_3.out|output/sim_3.log -cf  -cdmfile -status files -a --timesteps 1 --range 100 --nvalues 5
2017-02-16 21:39:37,955-0200 INFO  Execute JOB_TASK jobid=simulate-qaqlh24n-0 taskid=task-45 exec=/bin/bash dir=p5-run001 args=shared/_swiftwrap simulate-qaqlh24n-0 -jobdir s -scratch  -e simulate -out output/sim_8.out -err output/sim_8.log -i -d output -if  -of output/sim_8.log|output/sim_8.out -cf  -cdmfile -status files -a --timesteps 1 --range 100 --nvalues 5
2017-02-16 21:39:37,955-0200 INFO  Execute JOB_TASK jobid=simulate-taqlh24n-0 taskid=task-57 exec=/bin/bash dir=p5-run001 args=shared/_swiftwrap simulate-taqlh24n-0 -jobdir s -scratch  -e simulate -out output/sim_0.out -err output/sim_0.log -i -d output -if  -of output/sim_0.log|output/sim_0.out -cf  -cdmfile -status files -a --timesteps 1 --range 100 --nvalues 5
2017-02-16 21:39:37,955-0200 INFO  Execute JOB_TASK jobid=simulate-laqlh24n-0 taskid=task-24 exec=/bin/bash dir=p5-run001 args=shared/_swiftwrap simulate-laqlh24n-0 -jobdir s -scratch  -e simulate -out output/sim_1.out -err output/sim_1.log -i -d output -if  -of output/sim_1.out|output/sim_1.log -cf  -cdmfile -status files -a --timesteps 1 --range 100 --nvalues 5
2017-02-16 21:39:37,956-0200 INFO  Execute JOB_TASK jobid=simulate-raqlh24n-0 taskid=task-49 exec=/bin/bash dir=p5-run001 args=shared/_swiftwrap simulate-raqlh24n-0 -jobdir s -scratch  -e simulate -out output/sim_9.out -err output/sim_9.log -i -d output -if  -of output/sim_9.out|output/sim_9.log -cf  -cdmfile -status files -a --timesteps 1 --range 100 --nvalues 5
2017-02-16 21:39:37,956-0200 INFO  Execute JOB_TASK jobid=simulate-naqlh24n-0 taskid=task-33 exec=/bin/bash dir=p5-run001 args=shared/_swiftwrap simulate-naqlh24n-0 -jobdir s -scratch  -e simulate -out output/sim_5.out -err output/sim_5.log -i -d output -if  -of output/sim_5.out|output/sim_5.log -cf  -cdmfile -status files -a --timesteps 1 --range 100 --nvalues 5
2017-02-16 21:39:37,957-0200 INFO  swift END jobid=simulate-kaqlh24n-0 - Done initializing directory structure
2017-02-16 21:39:37,957-0200 INFO  swift START jobid=simulate-kaqlh24n-0 - Staging in files []
2017-02-16 21:39:37,957-0200 INFO  swift END jobid=simulate-kaqlh24n-0 - Staging in finished
2017-02-16 21:39:37,957-0200 DEBUG swift JOB_START jobid=simulate-kaqlh24n-0 tr=simulate arguments=[--timesteps, 1, --range, 100, --nvalues, 5] tmpdir=p5-run001/jobs/s/simulate-kaqlh24n-0
2017-02-16 21:39:37,957-0200 INFO  Execute JOB_TASK jobid=simulate-kaqlh24n-0 taskid=task-23 exec=/bin/bash dir=p5-run001 args=shared/_swiftwrap simulate-kaqlh24n-0 -jobdir s -scratch  -e simulate -out output/sim_2.out -err output/sim_2.log -i -d output -if  -of output/sim_2.log|output/sim_2.out -cf  -cdmfile -status files -a --timesteps 1 --range 100 --nvalues 5
2017-02-16 21:39:37,959-0200 INFO  swift START jobid=simulate-saqlh24n-0 host=local - Initializing directory structure
2017-02-16 21:39:37,959-0200 INFO  swift END jobid=simulate-saqlh24n-0 - Done initializing directory structure
2017-02-16 21:39:37,960-0200 INFO  swift START jobid=simulate-saqlh24n-0 - Staging in files []
2017-02-16 21:39:37,960-0200 INFO  swift END jobid=simulate-saqlh24n-0 - Staging in finished
2017-02-16 21:39:37,960-0200 DEBUG swift JOB_START jobid=simulate-saqlh24n-0 tr=simulate arguments=[--timesteps, 1, --range, 100, --nvalues, 5] tmpdir=p5-run001/jobs/s/simulate-saqlh24n-0
2017-02-16 21:39:37,960-0200 INFO  swift START jobid=simulate-oaqlh24n-0 host=local - Initializing directory structure
2017-02-16 21:39:37,960-0200 INFO  swift END jobid=simulate-oaqlh24n-0 - Done initializing directory structure
2017-02-16 21:39:37,960-0200 INFO  swift START jobid=simulate-oaqlh24n-0 - Staging in files []
2017-02-16 21:39:37,960-0200 INFO  swift END jobid=simulate-oaqlh24n-0 - Staging in finished
2017-02-16 21:39:37,960-0200 DEBUG swift JOB_START jobid=simulate-oaqlh24n-0 tr=simulate arguments=[--timesteps, 1, --range, 100, --nvalues, 5] tmpdir=p5-run001/jobs/s/simulate-oaqlh24n-0
2017-02-16 21:39:37,960-0200 INFO  Execute JOB_TASK jobid=simulate-saqlh24n-0 taskid=task-53 exec=/bin/bash dir=p5-run001 args=shared/_swiftwrap simulate-saqlh24n-0 -jobdir s -scratch  -e simulate -out output/sim_4.out -err output/sim_4.log -i -d output -if  -of output/sim_4.out|output/sim_4.log -cf  -cdmfile -status files -a --timesteps 1 --range 100 --nvalues 5
2017-02-16 21:39:37,960-0200 INFO  Execute JOB_TASK jobid=simulate-oaqlh24n-0 taskid=task-37 exec=/bin/bash dir=p5-run001 args=shared/_swiftwrap simulate-oaqlh24n-0 -jobdir s -scratch  -e simulate -out output/sim_6.out -err output/sim_6.log -i -d output -if  -of output/sim_6.out|output/sim_6.log -cf  -cdmfile -status files -a --timesteps 1 --range 100 --nvalues 5
2017-02-16 21:39:37,964-0200 INFO  Execute TASK_STATUS_CHANGE taskid=task-29 status=8
2017-02-16 21:39:37,964-0200 INFO  Execute TASK_STATUS_CHANGE taskid=task-33 status=8
2017-02-16 21:39:37,964-0200 INFO  Execute TASK_STATUS_CHANGE taskid=task-33 status=1
2017-02-16 21:39:37,965-0200 INFO  Execute TASK_STATUS_CHANGE taskid=task-23 status=8
2017-02-16 21:39:37,967-0200 INFO  Execute TASK_STATUS_CHANGE taskid=task-29 status=1
2017-02-16 21:39:37,967-0200 INFO  Execute TASK_STATUS_CHANGE taskid=task-57 status=8
2017-02-16 21:39:37,967-0200 INFO  Execute TASK_STATUS_CHANGE taskid=task-23 status=1
2017-02-16 21:39:37,967-0200 INFO  Execute TASK_STATUS_CHANGE taskid=task-49 status=8
2017-02-16 21:39:37,969-0200 INFO  Execute TASK_STATUS_CHANGE taskid=task-57 status=1
2017-02-16 21:39:37,969-0200 INFO  Execute TASK_STATUS_CHANGE taskid=task-24 status=8
2017-02-16 21:39:37,970-0200 INFO  Execute TASK_STATUS_CHANGE taskid=task-24 status=1
2017-02-16 21:39:37,970-0200 INFO  Execute TASK_STATUS_CHANGE taskid=task-45 status=8
2017-02-16 21:39:37,972-0200 INFO  Execute TASK_STATUS_CHANGE taskid=task-45 status=1
2017-02-16 21:39:37,972-0200 INFO  Execute TASK_STATUS_CHANGE taskid=task-53 status=8
2017-02-16 21:39:37,978-0200 INFO  Execute TASK_STATUS_CHANGE taskid=task-33 status=2
2017-02-16 21:39:37,980-0200 INFO  Execute TASK_STATUS_CHANGE taskid=task-57 status=2
2017-02-16 21:39:37,981-0200 INFO  Execute TASK_STATUS_CHANGE taskid=task-29 status=2
2017-02-16 21:39:37,983-0200 INFO  Execute TASK_STATUS_CHANGE taskid=task-24 status=2
2017-02-16 21:39:37,987-0200 INFO  Execute TASK_STATUS_CHANGE taskid=task-49 status=1
2017-02-16 21:39:37,987-0200 INFO  Execute TASK_STATUS_CHANGE taskid=task-37 status=8
2017-02-16 21:39:37,993-0200 INFO  Execute TASK_STATUS_CHANGE taskid=task-45 status=2
2017-02-16 21:39:38,005-0200 INFO  Execute TASK_STATUS_CHANGE taskid=task-23 status=2
2017-02-16 21:39:38,007-0200 INFO  Execute TASK_STATUS_CHANGE taskid=task-49 status=2
2017-02-16 21:39:38,015-0200 INFO  Execute TASK_STATUS_CHANGE taskid=task-37 status=1
2017-02-16 21:39:38,034-0200 INFO  Execute TASK_STATUS_CHANGE taskid=task-53 status=1
2017-02-16 21:39:38,040-0200 INFO  Execute TASK_STATUS_CHANGE taskid=task-37 status=2
2017-02-16 21:39:38,054-0200 INFO  Execute TASK_STATUS_CHANGE taskid=task-53 status=2
2017-02-16 21:39:38,905-0200 INFO  RuntimeStats$ProgressTicker HeapMax: 954728448, CrtHeap: 121110528, UsedHeap: 11257992, JVMThreads: 39
2017-02-16 21:39:38,906-0200 INFO  RuntimeStats$ProgressTicker   Selecting site:1  Active:9
2017-02-16 21:39:39,159-0200 INFO  LateBindingScheduler jobs queued: 1
2017-02-16 21:39:39,159-0200 INFO  Execute TASK_STATUS_CHANGE taskid=task-23 status=7
2017-02-16 21:39:39,159-0200 DEBUG swift START jobid=simulate-kaqlh24n-0
2017-02-16 21:39:39,160-0200 INFO  LateBindingScheduler jobs queued: 1
2017-02-16 21:39:39,160-0200 INFO  swift SUCCESS jobid=simulate-kaqlh24n-0 - Success file found
2017-02-16 21:39:39,160-0200 DEBUG swift STAGING_OUT jobid=simulate-kaqlh24n-0
2017-02-16 21:39:39,160-0200 INFO  swift START jobid=simulate-kaqlh24n-0 - Staging out files
2017-02-16 21:39:39,160-0200 DEBUG swift stageouts: [file://localhost/output/sim_2.log, file://localhost/output/sim_2.out]
2017-02-16 21:39:39,162-0200 DEBUG swift FILE_STAGE_OUT_START srcname=sim_2.log srcdir=p5-run001/shared/output srchost=local destdir=output desthost=localhost provider=file jobid=simulate-kaqlh24n-0
2017-02-16 21:39:39,162-0200 DEBUG swift FILE_STAGE_OUT_START srcname=sim_2.out srcdir=p5-run001/shared/output srchost=local destdir=output desthost=localhost provider=file jobid=simulate-kaqlh24n-0
2017-02-16 21:39:39,164-0200 INFO  LateBindingScheduler jobs queued: 1
2017-02-16 21:39:39,164-0200 INFO  LateBindingScheduler jobs queued: 1
2017-02-16 21:39:39,167-0200 INFO  LateBindingScheduler jobs queued: 1
2017-02-16 21:39:39,167-0200 INFO  Execute TASK_STATUS_CHANGE taskid=task-45 status=7
2017-02-16 21:39:39,168-0200 DEBUG swift START jobid=simulate-qaqlh24n-0
2017-02-16 21:39:39,168-0200 INFO  LateBindingScheduler jobs queued: 1
2017-02-16 21:39:39,169-0200 INFO  swift SUCCESS jobid=simulate-qaqlh24n-0 - Success file found
2017-02-16 21:39:39,169-0200 DEBUG swift CDM: file://localhost/output/sim_2.out : DEFAULT
2017-02-16 21:39:39,169-0200 DEBUG swift STAGING_OUT jobid=simulate-qaqlh24n-0
2017-02-16 21:39:39,169-0200 INFO  swift START jobid=simulate-qaqlh24n-0 - Staging out files
2017-02-16 21:39:39,169-0200 DEBUG swift stageouts: [file://localhost/output/sim_8.log, file://localhost/output/sim_8.out]
2017-02-16 21:39:39,169-0200 DEBUG swift FILE_STAGE_OUT_START srcname=sim_8.log srcdir=p5-run001/shared/output srchost=local destdir=output desthost=localhost provider=file jobid=simulate-qaqlh24n-0
2017-02-16 21:39:39,169-0200 DEBUG swift FILE_STAGE_OUT_START srcname=sim_8.out srcdir=p5-run001/shared/output srchost=local destdir=output desthost=localhost provider=file jobid=simulate-qaqlh24n-0
2017-02-16 21:39:39,169-0200 DEBUG swift CDM: file://localhost/output/sim_2.log : DEFAULT
2017-02-16 21:39:39,170-0200 INFO  LateBindingScheduler jobs queued: 1
2017-02-16 21:39:39,170-0200 INFO  LateBindingScheduler jobs queued: 1
2017-02-16 21:39:39,170-0200 DEBUG swift CDM: file://localhost/output/sim_8.out : DEFAULT
2017-02-16 21:39:39,170-0200 DEBUG swift CDM: file://localhost/output/sim_8.log : DEFAULT
2017-02-16 21:39:39,175-0200 INFO  LateBindingScheduler jobs queued: 1
2017-02-16 21:39:39,175-0200 INFO  LateBindingScheduler jobs queued: 1
2017-02-16 21:39:39,176-0200 DEBUG swift FILE_STAGE_OUT_END srcname=sim_8.out srcdir=p5-run001/shared/output srchost=local destdir=output desthost=localhost provider=file
2017-02-16 21:39:39,176-0200 DEBUG swift FILE_STAGE_OUT_END srcname=sim_2.out srcdir=p5-run001/shared/output srchost=local destdir=output desthost=localhost provider=file
2017-02-16 21:39:39,177-0200 INFO  LateBindingScheduler jobs queued: 3
2017-02-16 21:39:39,177-0200 INFO  Execute TASK_STATUS_CHANGE taskid=task-49 status=7
2017-02-16 21:39:39,177-0200 DEBUG swift START jobid=simulate-raqlh24n-0
2017-02-16 21:39:39,181-0200 INFO  LateBindingScheduler jobs queued: 1
2017-02-16 21:39:39,181-0200 INFO  LateBindingScheduler jobs queued: 1
2017-02-16 21:39:39,183-0200 INFO  LateBindingScheduler jobs queued: 1
2017-02-16 21:39:39,183-0200 INFO  swift SUCCESS jobid=simulate-raqlh24n-0 - Success file found
2017-02-16 21:39:39,183-0200 DEBUG swift STAGING_OUT jobid=simulate-raqlh24n-0
2017-02-16 21:39:39,183-0200 INFO  swift START jobid=simulate-raqlh24n-0 - Staging out files
2017-02-16 21:39:39,183-0200 DEBUG swift stageouts: [file://localhost/output/sim_9.out, file://localhost/output/sim_9.log]
2017-02-16 21:39:39,183-0200 DEBUG swift FILE_STAGE_OUT_START srcname=sim_9.out srcdir=p5-run001/shared/output srchost=local destdir=output desthost=localhost provider=file jobid=simulate-raqlh24n-0
2017-02-16 21:39:39,184-0200 DEBUG swift FILE_STAGE_OUT_START srcname=sim_9.log srcdir=p5-run001/shared/output srchost=local destdir=output desthost=localhost provider=file jobid=simulate-raqlh24n-0
2017-02-16 21:39:39,184-0200 INFO  LateBindingScheduler jobs queued: 1
2017-02-16 21:39:39,184-0200 DEBUG swift CDM: file://localhost/output/sim_9.out : DEFAULT
2017-02-16 21:39:39,184-0200 INFO  LateBindingScheduler jobs queued: 1
2017-02-16 21:39:39,184-0200 DEBUG swift CDM: file://localhost/output/sim_9.log : DEFAULT
2017-02-16 21:39:39,185-0200 INFO  LateBindingScheduler jobs queued: 1
2017-02-16 21:39:39,186-0200 DEBUG swift FILE_STAGE_OUT_END srcname=sim_8.log srcdir=p5-run001/shared/output srchost=local destdir=output desthost=localhost provider=file
2017-02-16 21:39:39,187-0200 INFO  LateBindingScheduler jobs queued: 1
2017-02-16 21:39:39,188-0200 INFO  LateBindingScheduler jobs queued: 1
2017-02-16 21:39:39,188-0200 DEBUG swift FILE_STAGE_OUT_END srcname=sim_2.log srcdir=p5-run001/shared/output srchost=local destdir=output desthost=localhost provider=file
2017-02-16 21:39:39,188-0200 INFO  LateBindingScheduler jobs queued: 1
2017-02-16 21:39:39,191-0200 INFO  swift END jobid=simulate-qaqlh24n-0 - Staging out finished
2017-02-16 21:39:39,191-0200 INFO  LateBindingScheduler jobs queued: 1
2017-02-16 21:39:39,191-0200 INFO  Execute TASK_STATUS_CHANGE taskid=task-29 status=7
2017-02-16 21:39:39,191-0200 INFO  swift END jobid=simulate-kaqlh24n-0 - Staging out finished
2017-02-16 21:39:39,191-0200 DEBUG swift START jobid=simulate-maqlh24n-0
2017-02-16 21:39:39,195-0200 INFO  LateBindingScheduler jobs queued: 1
2017-02-16 21:39:39,195-0200 INFO  Execute TASK_STATUS_CHANGE taskid=task-24 status=7
2017-02-16 21:39:39,196-0200 DEBUG swift START jobid=simulate-laqlh24n-0
2017-02-16 21:39:39,196-0200 INFO  LateBindingScheduler jobs queued: 1
2017-02-16 21:39:39,199-0200 DEBUG swift FILE_STAGE_OUT_END srcname=sim_9.log srcdir=p5-run001/shared/output srchost=local destdir=output desthost=localhost provider=file
2017-02-16 21:39:39,200-0200 INFO  LateBindingScheduler jobs queued: 1
2017-02-16 21:39:39,200-0200 INFO  LateBindingScheduler jobs queued: 1
2017-02-16 21:39:39,200-0200 INFO  Execute TASK_STATUS_CHANGE taskid=task-37 status=7
2017-02-16 21:39:39,201-0200 DEBUG swift START jobid=simulate-oaqlh24n-0
2017-02-16 21:39:39,201-0200 DEBUG swift JOB_END jobid=simulate-qaqlh24n-0
2017-02-16 21:39:39,202-0200 INFO  swift END_SUCCESS jobid=simulate-qaqlh24n tr=simulate
2017-02-16 21:39:39,202-0200 DEBUG swift PROCEDURE_END line=3 thread=2-0-7-4-17-8-45-2 name=simulation
2017-02-16 21:39:39,208-0200 INFO  LateBindingScheduler jobs queued: 1
2017-02-16 21:39:39,208-0200 INFO  Execute TASK_STATUS_CHANGE taskid=task-33 status=7
2017-02-16 21:39:39,209-0200 DEBUG swift THREAD_ASSOCIATION jobid=simulate-paqlh24n-0 host=local thread=2-0-7-4-16-7-41-2
2017-02-16 21:39:39,209-0200 DEBUG swift START jobid=simulate-naqlh24n-0
2017-02-16 21:39:39,209-0200 INFO  swift START jobid=simulate-paqlh24n-0 host=local - Initializing directory structure
2017-02-16 21:39:39,209-0200 INFO  swift END jobid=simulate-paqlh24n-0 - Done initializing directory structure
2017-02-16 21:39:39,209-0200 INFO  swift START jobid=simulate-paqlh24n-0 - Staging in files []
2017-02-16 21:39:39,209-0200 INFO  swift END jobid=simulate-paqlh24n-0 - Staging in finished
2017-02-16 21:39:39,209-0200 DEBUG swift JOB_START jobid=simulate-paqlh24n-0 tr=simulate arguments=[--timesteps, 1, --range, 100, --nvalues, 5] tmpdir=p5-run001/jobs/s/simulate-paqlh24n-0
2017-02-16 21:39:39,210-0200 INFO  Execute JOB_TASK jobid=simulate-paqlh24n-0 taskid=task-41 exec=/bin/bash dir=p5-run001 args=shared/_swiftwrap simulate-paqlh24n-0 -jobdir s -scratch  -e simulate -out output/sim_7.out -err output/sim_7.log -i -d output -if  -of output/sim_7.out|output/sim_7.log -cf  -cdmfile -status files -a --timesteps 1 --range 100 --nvalues 5
2017-02-16 21:39:39,210-0200 INFO  LateBindingScheduler jobs queued: 0
2017-02-16 21:39:39,210-0200 INFO  LateBindingScheduler jobs queued: 0
2017-02-16 21:39:39,211-0200 INFO  LateBindingScheduler jobs queued: 0
2017-02-16 21:39:39,211-0200 INFO  LateBindingScheduler jobs queued: 0
2017-02-16 21:39:39,211-0200 INFO  LateBindingScheduler jobs queued: 0
2017-02-16 21:39:39,211-0200 INFO  swift SUCCESS jobid=simulate-maqlh24n-0 - Success file found
2017-02-16 21:39:39,211-0200 INFO  Execute TASK_STATUS_CHANGE taskid=task-41 status=8
2017-02-16 21:39:39,211-0200 INFO  swift SUCCESS jobid=simulate-laqlh24n-0 - Success file found
2017-02-16 21:39:39,211-0200 DEBUG swift STAGING_OUT jobid=simulate-laqlh24n-0
2017-02-16 21:39:39,211-0200 INFO  LateBindingScheduler jobs queued: 0
2017-02-16 21:39:39,211-0200 INFO  swift START jobid=simulate-laqlh24n-0 - Staging out files
2017-02-16 21:39:39,211-0200 INFO  Execute TASK_STATUS_CHANGE taskid=task-57 status=7
2017-02-16 21:39:39,211-0200 DEBUG swift stageouts: [file://localhost/output/sim_1.out, file://localhost/output/sim_1.log]
2017-02-16 21:39:39,212-0200 INFO  swift SUCCESS jobid=simulate-oaqlh24n-0 - Success file found
2017-02-16 21:39:39,212-0200 DEBUG swift STAGING_OUT jobid=simulate-oaqlh24n-0
2017-02-16 21:39:39,212-0200 INFO  swift START jobid=simulate-oaqlh24n-0 - Staging out files
2017-02-16 21:39:39,212-0200 DEBUG swift stageouts: [file://localhost/output/sim_6.out, file://localhost/output/sim_6.log]
2017-02-16 21:39:39,212-0200 DEBUG swift START jobid=simulate-taqlh24n-0
2017-02-16 21:39:39,212-0200 INFO  LateBindingScheduler jobs queued: 0
2017-02-16 21:39:39,212-0200 DEBUG swift FILE_STAGE_OUT_START srcname=sim_1.out srcdir=p5-run001/shared/output srchost=local destdir=output desthost=localhost provider=file jobid=simulate-laqlh24n-0
2017-02-16 21:39:39,212-0200 DEBUG swift FILE_STAGE_OUT_START srcname=sim_1.log srcdir=p5-run001/shared/output srchost=local destdir=output desthost=localhost provider=file jobid=simulate-laqlh24n-0
2017-02-16 21:39:39,212-0200 DEBUG swift FILE_STAGE_OUT_START srcname=sim_6.out srcdir=p5-run001/shared/output srchost=local destdir=output desthost=localhost provider=file jobid=simulate-oaqlh24n-0
2017-02-16 21:39:39,212-0200 DEBUG swift FILE_STAGE_OUT_START srcname=sim_6.log srcdir=p5-run001/shared/output srchost=local destdir=output desthost=localhost provider=file jobid=simulate-oaqlh24n-0
2017-02-16 21:39:39,212-0200 INFO  swift SUCCESS jobid=simulate-naqlh24n-0 - Success file found
2017-02-16 21:39:39,212-0200 DEBUG swift STAGING_OUT jobid=simulate-naqlh24n-0
2017-02-16 21:39:39,212-0200 INFO  swift START jobid=simulate-naqlh24n-0 - Staging out files
2017-02-16 21:39:39,212-0200 DEBUG swift stageouts: [file://localhost/output/sim_5.out, file://localhost/output/sim_5.log]
2017-02-16 21:39:39,213-0200 INFO  LateBindingScheduler jobs queued: 1
2017-02-16 21:39:39,213-0200 DEBUG swift FILE_STAGE_OUT_START srcname=sim_5.out srcdir=p5-run001/shared/output srchost=local destdir=output desthost=localhost provider=file jobid=simulate-naqlh24n-0
2017-02-16 21:39:39,213-0200 INFO  LateBindingScheduler jobs queued: 1
2017-02-16 21:39:39,213-0200 DEBUG swift FILE_STAGE_OUT_START srcname=sim_5.log srcdir=p5-run001/shared/output srchost=local destdir=output desthost=localhost provider=file jobid=simulate-naqlh24n-0
2017-02-16 21:39:39,213-0200 INFO  LateBindingScheduler jobs queued: 3
2017-02-16 21:39:39,213-0200 DEBUG swift CDM: file://localhost/output/sim_1.out : DEFAULT
2017-02-16 21:39:39,213-0200 INFO  swift SUCCESS jobid=simulate-taqlh24n-0 - Success file found
2017-02-16 21:39:39,213-0200 DEBUG swift STAGING_OUT jobid=simulate-taqlh24n-0
2017-02-16 21:39:39,213-0200 DEBUG swift CDM: file://localhost/output/sim_1.log : DEFAULT
2017-02-16 21:39:39,213-0200 INFO  swift START jobid=simulate-taqlh24n-0 - Staging out files
2017-02-16 21:39:39,213-0200 INFO  LateBindingScheduler jobs queued: 4
2017-02-16 21:39:39,213-0200 DEBUG swift stageouts: [file://localhost/output/sim_0.log, file://localhost/output/sim_0.out]
2017-02-16 21:39:39,213-0200 DEBUG swift CDM: file://localhost/output/sim_6.out : DEFAULT
2017-02-16 21:39:39,214-0200 DEBUG swift FILE_STAGE_OUT_START srcname=sim_0.log srcdir=p5-run001/shared/output srchost=local destdir=output desthost=localhost provider=file jobid=simulate-taqlh24n-0
2017-02-16 21:39:39,214-0200 DEBUG swift FILE_STAGE_OUT_START srcname=sim_0.out srcdir=p5-run001/shared/output srchost=local destdir=output desthost=localhost provider=file jobid=simulate-taqlh24n-0
2017-02-16 21:39:39,214-0200 INFO  LateBindingScheduler jobs queued: 0
2017-02-16 21:39:39,214-0200 INFO  LateBindingScheduler jobs queued: 0
2017-02-16 21:39:39,214-0200 DEBUG swift STAGING_OUT jobid=simulate-maqlh24n-0
2017-02-16 21:39:39,214-0200 DEBUG swift FILE_STAGE_OUT_END srcname=sim_9.out srcdir=p5-run001/shared/output srchost=local destdir=output desthost=localhost provider=file
2017-02-16 21:39:39,214-0200 INFO  swift START jobid=simulate-maqlh24n-0 - Staging out files
2017-02-16 21:39:39,214-0200 DEBUG swift stageouts: [file://localhost/output/sim_3.out, file://localhost/output/sim_3.log]
2017-02-16 21:39:39,214-0200 DEBUG swift CDM: file://localhost/output/sim_6.log : DEFAULT
2017-02-16 21:39:39,215-0200 INFO  LateBindingScheduler jobs queued: 1
2017-02-16 21:39:39,215-0200 DEBUG swift FILE_STAGE_OUT_START srcname=sim_3.out srcdir=p5-run001/shared/output srchost=local destdir=output desthost=localhost provider=file jobid=simulate-maqlh24n-0
2017-02-16 21:39:39,215-0200 DEBUG swift FILE_STAGE_OUT_START srcname=sim_3.log srcdir=p5-run001/shared/output srchost=local destdir=output desthost=localhost provider=file jobid=simulate-maqlh24n-0
2017-02-16 21:39:39,215-0200 DEBUG swift CDM: file://localhost/output/sim_5.out : DEFAULT
2017-02-16 21:39:39,215-0200 INFO  LateBindingScheduler jobs queued: 4
2017-02-16 21:39:39,215-0200 DEBUG swift CDM: file://localhost/output/sim_5.log : DEFAULT
2017-02-16 21:39:39,211-0200 INFO  Execute TASK_STATUS_CHANGE taskid=task-41 status=1
2017-02-16 21:39:39,212-0200 DEBUG swift JOB_END jobid=simulate-kaqlh24n-0
2017-02-16 21:39:39,215-0200 INFO  swift END_SUCCESS jobid=simulate-kaqlh24n tr=simulate
2017-02-16 21:39:39,215-0200 DEBUG swift PROCEDURE_END line=3 thread=2-0-7-4-11-2-23-2 name=simulation
2017-02-16 21:39:39,216-0200 INFO  LateBindingScheduler jobs queued: 2
2017-02-16 21:39:39,216-0200 DEBUG swift CDM: file://localhost/output/sim_0.log : DEFAULT
2017-02-16 21:39:39,216-0200 INFO  LateBindingScheduler jobs queued: 2
2017-02-16 21:39:39,217-0200 INFO  LateBindingScheduler jobs queued: 2
2017-02-16 21:39:39,217-0200 DEBUG swift FILE_STAGE_OUT_END srcname=sim_1.out srcdir=p5-run001/shared/output srchost=local destdir=output desthost=localhost provider=file
2017-02-16 21:39:39,217-0200 DEBUG swift CDM: file://localhost/output/sim_0.out : DEFAULT
2017-02-16 21:39:39,217-0200 INFO  LateBindingScheduler jobs queued: 4
2017-02-16 21:39:39,217-0200 INFO  LateBindingScheduler jobs queued: 4
2017-02-16 21:39:39,217-0200 INFO  LateBindingScheduler jobs queued: 4
2017-02-16 21:39:39,218-0200 DEBUG swift CDM: file://localhost/output/sim_3.out : DEFAULT
2017-02-16 21:39:39,218-0200 INFO  LateBindingScheduler jobs queued: 3
2017-02-16 21:39:39,218-0200 DEBUG swift CDM: file://localhost/output/sim_3.log : DEFAULT
2017-02-16 21:39:39,218-0200 INFO  LateBindingScheduler jobs queued: 5
2017-02-16 21:39:39,218-0200 DEBUG swift FILE_STAGE_OUT_END srcname=sim_6.log srcdir=p5-run001/shared/output srchost=local destdir=output desthost=localhost provider=file
2017-02-16 21:39:39,219-0200 INFO  LateBindingScheduler jobs queued: 6
2017-02-16 21:39:39,219-0200 INFO  swift END jobid=simulate-raqlh24n-0 - Staging out finished
2017-02-16 21:39:39,219-0200 DEBUG swift FILE_STAGE_OUT_END srcname=sim_5.out srcdir=p5-run001/shared/output srchost=local destdir=output desthost=localhost provider=file
2017-02-16 21:39:39,220-0200 INFO  LateBindingScheduler jobs queued: 4
2017-02-16 21:39:39,220-0200 INFO  LateBindingScheduler jobs queued: 4
2017-02-16 21:39:39,220-0200 INFO  LateBindingScheduler jobs queued: 4
2017-02-16 21:39:39,221-0200 DEBUG swift FILE_STAGE_OUT_END srcname=sim_6.out srcdir=p5-run001/shared/output srchost=local destdir=output desthost=localhost provider=file
2017-02-16 21:39:39,221-0200 INFO  LateBindingScheduler jobs queued: 3
2017-02-16 21:39:39,222-0200 INFO  LateBindingScheduler jobs queued: 3
2017-02-16 21:39:39,222-0200 INFO  swift END jobid=simulate-oaqlh24n-0 - Staging out finished
2017-02-16 21:39:39,222-0200 DEBUG swift FILE_STAGE_OUT_END srcname=sim_5.log srcdir=p5-run001/shared/output srchost=local destdir=output desthost=localhost provider=file
2017-02-16 21:39:39,223-0200 INFO  LateBindingScheduler jobs queued: 3
2017-02-16 21:39:39,223-0200 INFO  LateBindingScheduler jobs queued: 3
2017-02-16 21:39:39,223-0200 INFO  LateBindingScheduler jobs queued: 3
2017-02-16 21:39:39,224-0200 DEBUG swift FILE_STAGE_OUT_END srcname=sim_0.out srcdir=p5-run001/shared/output srchost=local destdir=output desthost=localhost provider=file
2017-02-16 21:39:39,224-0200 DEBUG swift FILE_STAGE_OUT_END srcname=sim_0.log srcdir=p5-run001/shared/output srchost=local destdir=output desthost=localhost provider=file
2017-02-16 21:39:39,224-0200 INFO  LateBindingScheduler jobs queued: 2
2017-02-16 21:39:39,224-0200 INFO  swift END jobid=simulate-naqlh24n-0 - Staging out finished
2017-02-16 21:39:39,225-0200 INFO  LateBindingScheduler jobs queued: 2
2017-02-16 21:39:39,225-0200 INFO  LateBindingScheduler jobs queued: 2
2017-02-16 21:39:39,225-0200 INFO  swift END jobid=simulate-taqlh24n-0 - Staging out finished
2017-02-16 21:39:39,226-0200 DEBUG swift FILE_STAGE_OUT_END srcname=sim_3.log srcdir=p5-run001/shared/output srchost=local destdir=output desthost=localhost provider=file
2017-02-16 21:39:39,226-0200 INFO  LateBindingScheduler jobs queued: 2
2017-02-16 21:39:39,226-0200 DEBUG swift FILE_STAGE_OUT_END srcname=sim_3.out srcdir=p5-run001/shared/output srchost=local destdir=output desthost=localhost provider=file
2017-02-16 21:39:39,227-0200 INFO  LateBindingScheduler jobs queued: 1
2017-02-16 21:39:39,227-0200 INFO  LateBindingScheduler jobs queued: 1
2017-02-16 21:39:39,228-0200 INFO  swift END jobid=simulate-maqlh24n-0 - Staging out finished
2017-02-16 21:39:39,229-0200 INFO  LateBindingScheduler jobs queued: 2
2017-02-16 21:39:39,230-0200 DEBUG swift JOB_END jobid=simulate-raqlh24n-0
2017-02-16 21:39:39,230-0200 INFO  swift END_SUCCESS jobid=simulate-raqlh24n tr=simulate
2017-02-16 21:39:39,230-0200 DEBUG swift PROCEDURE_END line=3 thread=2-0-7-4-18-9-49-2 name=simulation
2017-02-16 21:39:39,232-0200 INFO  LateBindingScheduler jobs queued: 1
2017-02-16 21:39:39,232-0200 INFO  LateBindingScheduler jobs queued: 1
2017-02-16 21:39:39,233-0200 DEBUG swift JOB_END jobid=simulate-naqlh24n-0
2017-02-16 21:39:39,233-0200 DEBUG swift JOB_END jobid=simulate-oaqlh24n-0
2017-02-16 21:39:39,233-0200 INFO  swift END_SUCCESS jobid=simulate-oaqlh24n tr=simulate
2017-02-16 21:39:39,233-0200 DEBUG swift PROCEDURE_END line=3 thread=2-0-7-4-15-6-37-2 name=simulation
2017-02-16 21:39:39,233-0200 INFO  swift END_SUCCESS jobid=simulate-naqlh24n tr=simulate
2017-02-16 21:39:39,233-0200 DEBUG swift PROCEDURE_END line=3 thread=2-0-7-4-14-5-33-2 name=simulation
2017-02-16 21:39:39,235-0200 INFO  LateBindingScheduler jobs queued: 0
2017-02-16 21:39:39,236-0200 INFO  LateBindingScheduler jobs queued: 0
2017-02-16 21:39:39,236-0200 DEBUG swift JOB_END jobid=simulate-taqlh24n-0
2017-02-16 21:39:39,236-0200 DEBUG swift JOB_END jobid=simulate-maqlh24n-0
2017-02-16 21:39:39,236-0200 INFO  swift END_SUCCESS jobid=simulate-taqlh24n tr=simulate
2017-02-16 21:39:39,236-0200 DEBUG swift PROCEDURE_END line=3 thread=2-0-7-4-9-0-57-2 name=simulation
2017-02-16 21:39:39,236-0200 INFO  swift END_SUCCESS jobid=simulate-maqlh24n tr=simulate
2017-02-16 21:39:39,236-0200 DEBUG swift PROCEDURE_END line=3 thread=2-0-7-4-12-3-29-2 name=simulation
2017-02-16 21:39:39,241-0200 INFO  LateBindingScheduler jobs queued: 0
2017-02-16 21:39:39,242-0200 DEBUG swift FILE_STAGE_OUT_END srcname=sim_1.log srcdir=p5-run001/shared/output srchost=local destdir=output desthost=localhost provider=file
2017-02-16 21:39:39,243-0200 INFO  LateBindingScheduler jobs queued: 0
2017-02-16 21:39:39,244-0200 INFO  swift END jobid=simulate-laqlh24n-0 - Staging out finished
2017-02-16 21:39:39,251-0200 INFO  Execute TASK_STATUS_CHANGE taskid=task-41 status=2
2017-02-16 21:39:39,252-0200 INFO  LateBindingScheduler jobs queued: 0
2017-02-16 21:39:39,252-0200 DEBUG swift JOB_END jobid=simulate-laqlh24n-0
2017-02-16 21:39:39,253-0200 INFO  swift END_SUCCESS jobid=simulate-laqlh24n tr=simulate
2017-02-16 21:39:39,253-0200 DEBUG swift PROCEDURE_END line=3 thread=2-0-7-4-10-1-24-2 name=simulation
2017-02-16 21:39:39,259-0200 DEBUG swift FOREACH_IT_END line=20 thread=2-0-7-4-17-8
2017-02-16 21:39:39,259-0200 DEBUG swift FOREACH_IT_END line=20 thread=2-0-7-4-14-5
2017-02-16 21:39:39,259-0200 DEBUG swift FOREACH_IT_END line=20 thread=2-0-7-4-18-9
2017-02-16 21:39:39,259-0200 DEBUG swift FOREACH_IT_END line=20 thread=2-0-7-4-10-1
2017-02-16 21:39:39,260-0200 DEBUG swift FOREACH_IT_END line=20 thread=2-0-7-4-11-2
2017-02-16 21:39:39,260-0200 DEBUG swift FOREACH_IT_END line=20 thread=2-0-7-4-12-3
2017-02-16 21:39:39,260-0200 DEBUG swift FOREACH_IT_END line=20 thread=2-0-7-4-15-6
2017-02-16 21:39:39,260-0200 DEBUG swift FOREACH_IT_END line=20 thread=2-0-7-4-9-0
2017-02-16 21:39:39,265-0200 INFO  LateBindingScheduler jobs queued: 0
2017-02-16 21:39:39,265-0200 INFO  Execute TASK_STATUS_CHANGE taskid=task-53 status=7
2017-02-16 21:39:39,265-0200 DEBUG swift START jobid=simulate-saqlh24n-0
2017-02-16 21:39:39,266-0200 INFO  LateBindingScheduler jobs queued: 0
2017-02-16 21:39:39,266-0200 INFO  swift SUCCESS jobid=simulate-saqlh24n-0 - Success file found
2017-02-16 21:39:39,266-0200 DEBUG swift STAGING_OUT jobid=simulate-saqlh24n-0
2017-02-16 21:39:39,266-0200 INFO  swift START jobid=simulate-saqlh24n-0 - Staging out files
2017-02-16 21:39:39,267-0200 DEBUG swift stageouts: [file://localhost/output/sim_4.out, file://localhost/output/sim_4.log]
2017-02-16 21:39:39,267-0200 DEBUG swift FILE_STAGE_OUT_START srcname=sim_4.out srcdir=p5-run001/shared/output srchost=local destdir=output desthost=localhost provider=file jobid=simulate-saqlh24n-0
2017-02-16 21:39:39,267-0200 DEBUG swift FILE_STAGE_OUT_START srcname=sim_4.log srcdir=p5-run001/shared/output srchost=local destdir=output desthost=localhost provider=file jobid=simulate-saqlh24n-0
2017-02-16 21:39:39,267-0200 INFO  LateBindingScheduler jobs queued: 1
2017-02-16 21:39:39,267-0200 DEBUG swift CDM: file://localhost/output/sim_4.out : DEFAULT
2017-02-16 21:39:39,268-0200 INFO  LateBindingScheduler jobs queued: 1
2017-02-16 21:39:39,268-0200 DEBUG swift CDM: file://localhost/output/sim_4.log : DEFAULT
2017-02-16 21:39:39,269-0200 INFO  LateBindingScheduler jobs queued: 0
2017-02-16 21:39:39,270-0200 DEBUG swift FILE_STAGE_OUT_END srcname=sim_4.out srcdir=p5-run001/shared/output srchost=local destdir=output desthost=localhost provider=file
2017-02-16 21:39:39,270-0200 INFO  LateBindingScheduler jobs queued: 0
2017-02-16 21:39:39,270-0200 INFO  LateBindingScheduler jobs queued: 0
2017-02-16 21:39:39,271-0200 DEBUG swift FILE_STAGE_OUT_END srcname=sim_4.log srcdir=p5-run001/shared/output srchost=local destdir=output desthost=localhost provider=file
2017-02-16 21:39:39,271-0200 INFO  LateBindingScheduler jobs queued: 0
2017-02-16 21:39:39,272-0200 INFO  swift END jobid=simulate-saqlh24n-0 - Staging out finished
2017-02-16 21:39:39,273-0200 INFO  LateBindingScheduler jobs queued: 0
2017-02-16 21:39:39,274-0200 DEBUG swift JOB_END jobid=simulate-saqlh24n-0
2017-02-16 21:39:39,274-0200 INFO  swift END_SUCCESS jobid=simulate-saqlh24n tr=simulate
2017-02-16 21:39:39,274-0200 DEBUG swift PROCEDURE_END line=3 thread=2-0-7-4-13-4-53-2 name=simulation
2017-02-16 21:39:39,289-0200 DEBUG swift FOREACH_IT_END line=20 thread=2-0-7-4-13-4
2017-02-16 21:39:39,906-0200 INFO  RuntimeStats$ProgressTicker HeapMax: 954728448, CrtHeap: 121110528, UsedHeap: 17977616, JVMThreads: 39
2017-02-16 21:39:39,906-0200 INFO  RuntimeStats$ProgressTicker   Active:1  Finished successfully:9
2017-02-16 21:39:40,319-0200 INFO  LateBindingScheduler jobs queued: 0
2017-02-16 21:39:40,319-0200 INFO  Execute TASK_STATUS_CHANGE taskid=task-41 status=7
2017-02-16 21:39:40,319-0200 DEBUG swift START jobid=simulate-paqlh24n-0
2017-02-16 21:39:40,320-0200 INFO  LateBindingScheduler jobs queued: 0
2017-02-16 21:39:40,321-0200 INFO  swift SUCCESS jobid=simulate-paqlh24n-0 - Success file found
2017-02-16 21:39:40,321-0200 DEBUG swift STAGING_OUT jobid=simulate-paqlh24n-0
2017-02-16 21:39:40,321-0200 INFO  swift START jobid=simulate-paqlh24n-0 - Staging out files
2017-02-16 21:39:40,321-0200 DEBUG swift stageouts: [file://localhost/output/sim_7.out, file://localhost/output/sim_7.log]
2017-02-16 21:39:40,321-0200 DEBUG swift FILE_STAGE_OUT_START srcname=sim_7.out srcdir=p5-run001/shared/output srchost=local destdir=output desthost=localhost provider=file jobid=simulate-paqlh24n-0
2017-02-16 21:39:40,322-0200 DEBUG swift FILE_STAGE_OUT_START srcname=sim_7.log srcdir=p5-run001/shared/output srchost=local destdir=output desthost=localhost provider=file jobid=simulate-paqlh24n-0
2017-02-16 21:39:40,323-0200 INFO  LateBindingScheduler jobs queued: 0
2017-02-16 21:39:40,323-0200 INFO  LateBindingScheduler jobs queued: 0
2017-02-16 21:39:40,323-0200 DEBUG swift CDM: file://localhost/output/sim_7.out : DEFAULT
2017-02-16 21:39:40,323-0200 DEBUG swift CDM: file://localhost/output/sim_7.log : DEFAULT
2017-02-16 21:39:40,326-0200 INFO  LateBindingScheduler jobs queued: 0
2017-02-16 21:39:40,327-0200 DEBUG swift FILE_STAGE_OUT_END srcname=sim_7.out srcdir=p5-run001/shared/output srchost=local destdir=output desthost=localhost provider=file
2017-02-16 21:39:40,327-0200 INFO  LateBindingScheduler jobs queued: 0
2017-02-16 21:39:40,328-0200 INFO  LateBindingScheduler jobs queued: 0
2017-02-16 21:39:40,328-0200 DEBUG swift FILE_STAGE_OUT_END srcname=sim_7.log srcdir=p5-run001/shared/output srchost=local destdir=output desthost=localhost provider=file
2017-02-16 21:39:40,328-0200 INFO  LateBindingScheduler jobs queued: 0
2017-02-16 21:39:40,329-0200 INFO  swift END jobid=simulate-paqlh24n-0 - Staging out finished
2017-02-16 21:39:40,330-0200 INFO  LateBindingScheduler jobs queued: 0
2017-02-16 21:39:40,331-0200 DEBUG swift JOB_END jobid=simulate-paqlh24n-0
2017-02-16 21:39:40,331-0200 INFO  swift END_SUCCESS jobid=simulate-paqlh24n tr=simulate
2017-02-16 21:39:40,331-0200 DEBUG swift PROCEDURE_END line=3 thread=2-0-7-4-16-7-41-2 name=simulation
2017-02-16 21:39:40,351-0200 DEBUG swift FOREACH_IT_END line=20 thread=2-0-7-4-16-7
2017-02-16 21:39:40,351-0200 DEBUG swift JOB_INIT jobid=stats-uaqlh24n tr=stats
2017-02-16 21:39:40,351-0200 DEBUG swift JOB_SITE_SELECT jobid=stats-uaqlh24n-0
2017-02-16 21:39:40,352-0200 DEBUG swift THREAD_ASSOCIATION jobid=stats-uaqlh24n-0 host=local thread=2-0-8-5
2017-02-16 21:39:40,354-0200 INFO  swift START jobid=stats-uaqlh24n-0 host=local - Initializing directory structure
2017-02-16 21:39:40,354-0200 INFO  swift START path=_concurrent/sims-18-2-0 dir=p5-run001/shared - Creating directory structure
2017-02-16 21:39:40,355-0200 INFO  LateBindingScheduler jobs queued: 0
2017-02-16 21:39:40,356-0200 INFO  swift END jobid=stats-uaqlh24n-0 - Done initializing directory structure
2017-02-16 21:39:40,356-0200 INFO  swift START jobid=stats-uaqlh24n-0 - Staging in files [file://localhost/_concurrent/sims-18-2-0/[8], file://localhost/_concurrent/sims-18-2-0/[7], file://localhost/_concurrent/sims-18-2-0/[5], file://localhost/_concurrent/sims-18-2-0/[3], file://localhost/_concurrent/sims-18-2-0/[4], file://localhost/_concurrent/sims-18-2-0/[9], file://localhost/_concurrent/sims-18-2-0/[2], file://localhost/_concurrent/sims-18-2-0/[0], file://localhost/_concurrent/sims-18-2-0/[1], file://localhost/_concurrent/sims-18-2-0/[6]]
2017-02-16 21:39:40,358-0200 INFO  LateBindingScheduler jobs queued: 4
2017-02-16 21:39:40,358-0200 INFO  LateBindingScheduler jobs queued: 1
2017-02-16 21:39:40,359-0200 INFO  LateBindingScheduler jobs queued: 0
2017-02-16 21:39:40,359-0200 INFO  LateBindingScheduler jobs queued: 0
2017-02-16 21:39:40,360-0200 DEBUG swift CDM: file://localhost/_concurrent/sims-18-2-0/[7] : DEFAULT
2017-02-16 21:39:40,360-0200 INFO  LateBindingScheduler jobs queued: 0
2017-02-16 21:39:40,360-0200 DEBUG swift CDM: file://localhost/_concurrent/sims-18-2-0/[3] : DEFAULT
2017-02-16 21:39:40,361-0200 DEBUG swift CDM: file://localhost/_concurrent/sims-18-2-0/[8] : DEFAULT
2017-02-16 21:39:40,361-0200 DEBUG swift CDM: file://localhost/_concurrent/sims-18-2-0/[4] : DEFAULT
2017-02-16 21:39:40,361-0200 DEBUG swift FILE_STAGE_IN_START file=[7] srchost=localhost srcdir=_concurrent/sims-18-2-0 srcname=[7] desthost=local destdir=p5-run001/shared/_concurrent/sims-18-2-0 provider=file policy=DEFAULT
2017-02-16 21:39:40,361-0200 DEBUG swift FILE_STAGE_IN_START file=[4] srchost=localhost srcdir=_concurrent/sims-18-2-0 srcname=[4] desthost=local destdir=p5-run001/shared/_concurrent/sims-18-2-0 provider=file policy=DEFAULT
2017-02-16 21:39:40,361-0200 INFO  LateBindingScheduler jobs queued: 2
2017-02-16 21:39:40,362-0200 DEBUG swift CDM: file://localhost/_concurrent/sims-18-2-0/[5] : DEFAULT
2017-02-16 21:39:40,362-0200 DEBUG swift CDM: file://localhost/_concurrent/sims-18-2-0/[9] : DEFAULT
2017-02-16 21:39:40,362-0200 INFO  LateBindingScheduler jobs queued: 0
2017-02-16 21:39:40,362-0200 INFO  LateBindingScheduler jobs queued: 0
2017-02-16 21:39:40,363-0200 DEBUG swift FILE_STAGE_IN_START file=[8] srchost=localhost srcdir=_concurrent/sims-18-2-0 srcname=[8] desthost=local destdir=p5-run001/shared/_concurrent/sims-18-2-0 provider=file policy=DEFAULT
2017-02-16 21:39:40,364-0200 DEBUG swift FILE_STAGE_IN_START file=[3] srchost=localhost srcdir=_concurrent/sims-18-2-0 srcname=[3] desthost=local destdir=p5-run001/shared/_concurrent/sims-18-2-0 provider=file policy=DEFAULT
2017-02-16 21:39:40,364-0200 DEBUG swift FILE_STAGE_IN_START file=[9] srchost=localhost srcdir=_concurrent/sims-18-2-0 srcname=[9] desthost=local destdir=p5-run001/shared/_concurrent/sims-18-2-0 provider=file policy=DEFAULT
2017-02-16 21:39:40,365-0200 DEBUG swift FILE_STAGE_IN_START file=[5] srchost=localhost srcdir=_concurrent/sims-18-2-0 srcname=[5] desthost=local destdir=p5-run001/shared/_concurrent/sims-18-2-0 provider=file policy=DEFAULT
2017-02-16 21:39:40,368-0200 DEBUG swift CDM: file://localhost/_concurrent/sims-18-2-0/[1] : DEFAULT
2017-02-16 21:39:40,369-0200 DEBUG swift CDM: file://localhost/_concurrent/sims-18-2-0/[2] : DEFAULT
2017-02-16 21:39:40,369-0200 DEBUG swift FILE_STAGE_IN_START file=[1] srchost=localhost srcdir=_concurrent/sims-18-2-0 srcname=[1] desthost=local destdir=p5-run001/shared/_concurrent/sims-18-2-0 provider=file policy=DEFAULT
2017-02-16 21:39:40,369-0200 DEBUG swift FILE_STAGE_IN_START file=[2] srchost=localhost srcdir=_concurrent/sims-18-2-0 srcname=[2] desthost=local destdir=p5-run001/shared/_concurrent/sims-18-2-0 provider=file policy=DEFAULT
2017-02-16 21:39:40,370-0200 INFO  LateBindingScheduler jobs queued: 4
2017-02-16 21:39:40,370-0200 INFO  LateBindingScheduler jobs queued: 4
2017-02-16 21:39:40,370-0200 DEBUG swift CDM: file://localhost/_concurrent/sims-18-2-0/[6] : DEFAULT
2017-02-16 21:39:40,370-0200 DEBUG swift FILE_STAGE_IN_START file=[6] srchost=localhost srcdir=_concurrent/sims-18-2-0 srcname=[6] desthost=local destdir=p5-run001/shared/_concurrent/sims-18-2-0 provider=file policy=DEFAULT
2017-02-16 21:39:40,371-0200 DEBUG swift CDM: file://localhost/_concurrent/sims-18-2-0/[0] : DEFAULT
2017-02-16 21:39:40,372-0200 INFO  LateBindingScheduler jobs queued: 5
2017-02-16 21:39:40,372-0200 DEBUG swift FILE_STAGE_IN_START file=[0] srchost=localhost srcdir=_concurrent/sims-18-2-0 srcname=[0] desthost=local destdir=p5-run001/shared/_concurrent/sims-18-2-0 provider=file policy=DEFAULT
2017-02-16 21:39:40,381-0200 INFO  LateBindingScheduler jobs queued: 5
2017-02-16 21:39:40,382-0200 DEBUG swift FILE_STAGE_IN_END file=[4] srchost=localhost srcdir=_concurrent/sims-18-2-0 srcname=[4] desthost=local destdir=p5-run001/shared/_concurrent/sims-18-2-0 provider=file
2017-02-16 21:39:40,382-0200 INFO  LateBindingScheduler jobs queued: 5
2017-02-16 21:39:40,383-0200 INFO  LateBindingScheduler jobs queued: 4
2017-02-16 21:39:40,384-0200 DEBUG swift FILE_STAGE_IN_END file=[3] srchost=localhost srcdir=_concurrent/sims-18-2-0 srcname=[3] desthost=local destdir=p5-run001/shared/_concurrent/sims-18-2-0 provider=file
2017-02-16 21:39:40,384-0200 DEBUG swift FILE_STAGE_IN_END file=[8] srchost=localhost srcdir=_concurrent/sims-18-2-0 srcname=[8] desthost=local destdir=p5-run001/shared/_concurrent/sims-18-2-0 provider=file
2017-02-16 21:39:40,384-0200 INFO  LateBindingScheduler jobs queued: 2
2017-02-16 21:39:40,385-0200 DEBUG swift FILE_STAGE_IN_END file=[7] srchost=localhost srcdir=_concurrent/sims-18-2-0 srcname=[7] desthost=local destdir=p5-run001/shared/_concurrent/sims-18-2-0 provider=file
2017-02-16 21:39:40,392-0200 INFO  LateBindingScheduler jobs queued: 2
2017-02-16 21:39:40,392-0200 INFO  LateBindingScheduler jobs queued: 1
2017-02-16 21:39:40,394-0200 DEBUG swift FILE_STAGE_IN_END file=[9] srchost=localhost srcdir=_concurrent/sims-18-2-0 srcname=[9] desthost=local destdir=p5-run001/shared/_concurrent/sims-18-2-0 provider=file
2017-02-16 21:39:40,394-0200 INFO  LateBindingScheduler jobs queued: 0
2017-02-16 21:39:40,394-0200 DEBUG swift FILE_STAGE_IN_END file=[1] srchost=localhost srcdir=_concurrent/sims-18-2-0 srcname=[1] desthost=local destdir=p5-run001/shared/_concurrent/sims-18-2-0 provider=file
2017-02-16 21:39:40,400-0200 INFO  LateBindingScheduler jobs queued: 0
2017-02-16 21:39:40,401-0200 DEBUG swift FILE_STAGE_IN_END file=[2] srchost=localhost srcdir=_concurrent/sims-18-2-0 srcname=[2] desthost=local destdir=p5-run001/shared/_concurrent/sims-18-2-0 provider=file
2017-02-16 21:39:40,399-0200 INFO  LateBindingScheduler jobs queued: 0
2017-02-16 21:39:40,401-0200 DEBUG swift FILE_STAGE_IN_END file=[5] srchost=localhost srcdir=_concurrent/sims-18-2-0 srcname=[5] desthost=local destdir=p5-run001/shared/_concurrent/sims-18-2-0 provider=file
2017-02-16 21:39:40,402-0200 DEBUG swift FILE_STAGE_IN_END file=[0] srchost=localhost srcdir=_concurrent/sims-18-2-0 srcname=[0] desthost=local destdir=p5-run001/shared/_concurrent/sims-18-2-0 provider=file
2017-02-16 21:39:40,402-0200 DEBUG swift FILE_STAGE_IN_END file=[6] srchost=localhost srcdir=_concurrent/sims-18-2-0 srcname=[6] desthost=local destdir=p5-run001/shared/_concurrent/sims-18-2-0 provider=file
2017-02-16 21:39:40,405-0200 INFO  swift END jobid=stats-uaqlh24n-0 - Staging in finished
2017-02-16 21:39:40,406-0200 DEBUG swift JOB_START jobid=stats-uaqlh24n-0 tr=stats arguments=[_concurrent/sims-18-2-0/[0] _concurrent/sims-18-2-0/[1] _concurrent/sims-18-2-0/[2] _concurrent/sims-18-2-0/[3] _concurrent/sims-18-2-0/[4] _concurrent/sims-18-2-0/[5] _concurrent/sims-18-2-0/[6] _concurrent/sims-18-2-0/[7] _concurrent/sims-18-2-0/[8] _concurrent/sims-18-2-0/[9]] tmpdir=p5-run001/jobs/s/stats-uaqlh24n-0
2017-02-16 21:39:40,406-0200 INFO  Execute JOB_TASK jobid=stats-uaqlh24n-0 taskid=task-8 exec=/bin/bash dir=p5-run001 args=shared/_swiftwrap stats-uaqlh24n-0 -jobdir s -scratch  -e stats -out output/average.out -err output/average.log -i -d _concurrent/sims-18-2-0|output -if _concurrent/sims-18-2-0/[8]|_concurrent/sims-18-2-0/[7]|_concurrent/sims-18-2-0/[5]|_concurrent/sims-18-2-0/[3]|_concurrent/sims-18-2-0/[4]|_concurrent/sims-18-2-0/[9]|_concurrent/sims-18-2-0/[2]|_concurrent/sims-18-2-0/[0]|_concurrent/sims-18-2-0/[1]|_concurrent/sims-18-2-0/[6] -of output/average.log|output/average.out -cf  -cdmfile -status files -a _concurrent/sims-18-2-0/[0] _concurrent/sims-18-2-0/[1] _concurrent/sims-18-2-0/[2] _concurrent/sims-18-2-0/[3] _concurrent/sims-18-2-0/[4] _concurrent/sims-18-2-0/[5] _concurrent/sims-18-2-0/[6] _concurrent/sims-18-2-0/[7] _concurrent/sims-18-2-0/[8] _concurrent/sims-18-2-0/[9]
2017-02-16 21:39:40,407-0200 INFO  Execute TASK_STATUS_CHANGE taskid=task-8 status=8
2017-02-16 21:39:40,407-0200 INFO  Execute TASK_STATUS_CHANGE taskid=task-8 status=1
2017-02-16 21:39:40,407-0200 INFO  Execute TASK_STATUS_CHANGE taskid=task-8 status=2
2017-02-16 21:39:40,489-0200 INFO  LateBindingScheduler jobs queued: 0
2017-02-16 21:39:40,489-0200 INFO  Execute TASK_STATUS_CHANGE taskid=task-8 status=7
2017-02-16 21:39:40,489-0200 DEBUG swift START jobid=stats-uaqlh24n-0
2017-02-16 21:39:40,490-0200 INFO  LateBindingScheduler jobs queued: 0
2017-02-16 21:39:40,491-0200 INFO  swift SUCCESS jobid=stats-uaqlh24n-0 - Success file found
2017-02-16 21:39:40,491-0200 DEBUG swift STAGING_OUT jobid=stats-uaqlh24n-0
2017-02-16 21:39:40,491-0200 INFO  swift START jobid=stats-uaqlh24n-0 - Staging out files
2017-02-16 21:39:40,491-0200 DEBUG swift stageouts: [file://localhost/output/average.log, file://localhost/output/average.out]
2017-02-16 21:39:40,492-0200 DEBUG swift FILE_STAGE_OUT_START srcname=average.log srcdir=p5-run001/shared/output srchost=local destdir=output desthost=localhost provider=file jobid=stats-uaqlh24n-0
2017-02-16 21:39:40,492-0200 DEBUG swift FILE_STAGE_OUT_START srcname=average.out srcdir=p5-run001/shared/output srchost=local destdir=output desthost=localhost provider=file jobid=stats-uaqlh24n-0
2017-02-16 21:39:40,494-0200 INFO  LateBindingScheduler jobs queued: 0
2017-02-16 21:39:40,494-0200 INFO  LateBindingScheduler jobs queued: 0
2017-02-16 21:39:40,494-0200 DEBUG swift CDM: file://localhost/output/average.log : DEFAULT
2017-02-16 21:39:40,494-0200 DEBUG swift CDM: file://localhost/output/average.out : DEFAULT
2017-02-16 21:39:40,502-0200 INFO  LateBindingScheduler jobs queued: 0
2017-02-16 21:39:40,502-0200 INFO  LateBindingScheduler jobs queued: 0
2017-02-16 21:39:40,502-0200 DEBUG swift FILE_STAGE_OUT_END srcname=average.log srcdir=p5-run001/shared/output srchost=local destdir=output desthost=localhost provider=file
2017-02-16 21:39:40,502-0200 DEBUG swift FILE_STAGE_OUT_END srcname=average.out srcdir=p5-run001/shared/output srchost=local destdir=output desthost=localhost provider=file
2017-02-16 21:39:40,503-0200 INFO  LateBindingScheduler jobs queued: 0
2017-02-16 21:39:40,503-0200 INFO  LateBindingScheduler jobs queued: 0
2017-02-16 21:39:40,504-0200 INFO  swift END jobid=stats-uaqlh24n-0 - Staging out finished
2017-02-16 21:39:40,505-0200 INFO  LateBindingScheduler jobs queued: 0
2017-02-16 21:39:40,506-0200 DEBUG swift JOB_END jobid=stats-uaqlh24n-0
2017-02-16 21:39:40,506-0200 INFO  swift END_SUCCESS jobid=stats-uaqlh24n tr=stats
2017-02-16 21:39:40,506-0200 DEBUG swift PROCEDURE_END line=8 thread=2-0-8-5 name=analyze
2017-02-16 21:39:40,506-0200 INFO  RuntimeStats$ProgressTicker HeapMax: 954728448, CrtHeap: 121110528, UsedHeap: 21052264, JVMThreads: 39
2017-02-16 21:39:40,507-0200 INFO  RuntimeStats$ProgressTicker   Finished successfully:11
2017-02-16 21:39:40,514-0200 DEBUG swift Starting cleanups
2017-02-16 21:39:40,514-0200 INFO  swift START cleanups=[[p5-run001, local]]
2017-02-16 21:39:40,514-0200 INFO  swift START dir=p5-run001 host=local
2017-02-16 21:39:40,514-0200 DEBUG swift cdmfile 
2017-02-16 21:39:40,515-0200 INFO  LateBindingScheduler jobs queued: 0
2017-02-16 21:39:40,515-0200 INFO  swift END dir=p5-run001 host=local
2017-02-16 21:39:40,516-0200 INFO  swift END cleanups=[[p5-run001, local]]
2017-02-16 21:39:40,516-0200 DEBUG swift Ending cleanups
2017-02-16 21:39:40,519-0200 INFO  Loader Swift finished with no errors
