2017-02-17 11:49:09,718-0200 INFO  Loader JAVA Oracle Corporation Java HotSpot(TM) 64-Bit Server VM 1.7.0_80
2017-02-17 11:49:09,721-0200 INFO  Loader VERSION Swift trunk git-rev: 18aec82244c5611381528bc361888c553570c66e heads/master 6574
2017-02-17 11:49:09,721-0200 INFO  Loader RUN_ID run003
2017-02-17 11:49:09,721-0200 INFO  Loader ARGUMENTS [-runid, run003, -logfile, /home/mondelli/Dropbox/Docker/swift_verao/uteis/tutorial/part04/run003/swift.log, p4.swift]
2017-02-17 11:49:09,721-0200 INFO  Loader MAX_HEAP 954728448
2017-02-17 11:49:09,721-0200 INFO  Loader GLOBUS_HOSTNAME mondelli-520U4C
2017-02-17 11:49:09,721-0200 INFO  Loader CWD /home/mondelli/Dropbox/Docker/swift_verao/uteis/tutorial/part04/.
2017-02-17 11:49:09,723-0200 DEBUG Loader SWIFT_CONFIGURATION 
[D] /home/mondelli/swift-k/dist/swift-svn/etc/swift.conf
[C] <Command Line>
{
	TCPPortRange: "50000, 50100"                               # [D] line 27
	alwaysTransferWrapperLog: true                             # [D] line 61
	executionRetries: 0                                        # [D] line 137
	fileOperationsThrottle: 8                                  # [D] line 121
	fileTransfersThrottle: 4                                   # [D] line 107
	hostJobSubmitThrottle: 2                                   # [D] line 95
	jobSubmitThrottle: 4                                       # [D] line 83
	keepSiteDir: false                                         # [D] line 131
	lazyErrors: true                                           # [D] line 41
	logProvenance: false                                       # [D] line 200
	maxForeachThreads: 16384                                   # [D] line 194
	replicationEnabled: false                                  # [D] line 146
	replicationLimit: 3                                        # [D] line 157
	replicationMinQueueTime: 60                                # [D] line 153
	site.local {
		app.ALL.executable: "*"                                   # [D] line 235
		execution.type: "local"                                   # [D] line 223
		filesystem.type: "local"                                  # [D] line 226
		initialParallelTasks: 8                                   # [D] line 230
		maxParallelTasks: 16                                      # [D] line 229
		workDirectory: "swiftwork"                                # [D] line 232
	}
	sites: [local]                                             # [D] line 239
	tracingEnabled: false                                      # [D] line 51
}

2017-02-17 11:49:09,724-0200 DEBUG textfiles BEGIN SWIFTSCRIPT:
type file;

app (file out, file log) simulation (int sim_steps, int sim_range, int sim_values)
{
  simulate "--timesteps" sim_steps "--range" sim_range "--nvalues" sim_values stdout=@out stderr=@log;
}

app (file out, file log) analyze (file s[])
{
  stats filenames(s) stdout=@out stderr=@log;
}

int nsim   = toInt(arg("nsim",   "10"));
int steps  = toInt(arg("steps",  "1"));
int range  = toInt(arg("range",  "100"));
int values = toInt(arg("values", "5"));

file sims[];

foreach i in [0:nsim-1] {
  file simout <single_file_mapper; file=strcat("output/sim_",i,".out")>;
  file simlog <single_file_mapper; file=strcat("output/sim_",i,".log")>;
  (simout,simlog) = simulation(steps,range,values);
  sims[i] = simout;
}

file stats_out<"output/average.out">;
file stats_log<"output/average.log">;
(stats_out, stats_log) = analyze(sims);


2017-02-17 11:49:09,724-0200 DEBUG textfiles END SWIFTSCRIPT:
2017-02-17 11:49:09,724-0200 DEBUG Loader kmlversion is >9f6c1ed4-f975-4fb5-9fcf-7994f9fda617-no-provenance<
2017-02-17 11:49:09,724-0200 DEBUG Loader build version is >9f6c1ed4-f975-4fb5-9fcf-7994f9fda617-no-provenance<
2017-02-17 11:49:09,724-0200 DEBUG Loader Recompilation suppressed.
2017-02-17 11:49:10,661-0200 INFO  Loader RUN_START
2017-02-17 11:49:10,665-0200 INFO  SwiftExecutor swift.home = /home/mondelli/swift-k/dist/swift-svn
2017-02-17 11:49:10,708-0200 INFO  AbstractScheduler Setting resources to: {local=local}
2017-02-17 11:49:10,718-0200 INFO  GlobalSubmitQueue No global submit throttle set. Using default (1024)
2017-02-17 11:49:10,739-0200 INFO  LateBindingScheduler jobs queued: 0
2017-02-17 11:49:10,741-0200 INFO  LateBindingScheduler jobs queued: 0
2017-02-17 11:49:10,742-0200 INFO  LateBindingScheduler jobs queued: 0
2017-02-17 11:49:10,782-0200 INFO  RuntimeStats$ProgressTicker HeapMax: 954728448, CrtHeap: 121110528, UsedHeap: 28469688, JVMThreads: 16
2017-02-17 11:49:10,783-0200 INFO  RuntimeStats$ProgressTicker 
2017-02-17 11:49:10,786-0200 DEBUG swift PROCEDURE line=8 thread=2-0-8-5 name=analyze
2017-02-17 11:49:10,794-0200 DEBUG swift FOREACH_IT_START line=20 thread=2-0-7-4-9-0
2017-02-17 11:49:10,794-0200 DEBUG swift SCOPE thread=2-0-7-4-9-0
2017-02-17 11:49:10,795-0200 DEBUG swift PROCEDURE line=3 thread=2-0-7-4-9-0-12-2 name=simulation
2017-02-17 11:49:10,796-0200 DEBUG swift FOREACH_IT_START line=20 thread=2-0-7-4-14-1
2017-02-17 11:49:10,796-0200 DEBUG swift SCOPE thread=2-0-7-4-14-1
2017-02-17 11:49:10,797-0200 DEBUG swift FOREACH_IT_START line=20 thread=2-0-7-4-15-2
2017-02-17 11:49:10,797-0200 DEBUG swift SCOPE thread=2-0-7-4-15-2
2017-02-17 11:49:10,797-0200 DEBUG swift FOREACH_IT_START line=20 thread=2-0-7-4-16-3
2017-02-17 11:49:10,797-0200 DEBUG swift SCOPE thread=2-0-7-4-16-3
2017-02-17 11:49:10,797-0200 DEBUG swift FOREACH_IT_START line=20 thread=2-0-7-4-17-4
2017-02-17 11:49:10,797-0200 DEBUG swift SCOPE thread=2-0-7-4-17-4
2017-02-17 11:49:10,798-0200 DEBUG swift FOREACH_IT_START line=20 thread=2-0-7-4-18-5
2017-02-17 11:49:10,798-0200 DEBUG swift SCOPE thread=2-0-7-4-18-5
2017-02-17 11:49:10,798-0200 DEBUG swift FOREACH_IT_START line=20 thread=2-0-7-4-19-6
2017-02-17 11:49:10,798-0200 DEBUG swift SCOPE thread=2-0-7-4-19-6
2017-02-17 11:49:10,798-0200 DEBUG swift JOB_INIT jobid=simulate-cnlkg34n tr=simulate
2017-02-17 11:49:10,799-0200 DEBUG swift FOREACH_IT_START line=20 thread=2-0-7-4-20-7
2017-02-17 11:49:10,799-0200 DEBUG swift SCOPE thread=2-0-7-4-20-7
2017-02-17 11:49:10,799-0200 DEBUG swift FOREACH_IT_START line=20 thread=2-0-7-4-21-8
2017-02-17 11:49:10,799-0200 DEBUG swift SCOPE thread=2-0-7-4-21-8
2017-02-17 11:49:10,799-0200 DEBUG swift JOB_SITE_SELECT jobid=simulate-cnlkg34n-0
2017-02-17 11:49:10,799-0200 DEBUG swift FOREACH_IT_START line=20 thread=2-0-7-4-22-9
2017-02-17 11:49:10,799-0200 DEBUG swift SCOPE thread=2-0-7-4-22-9
2017-02-17 11:49:10,800-0200 DEBUG swift PROCEDURE line=3 thread=2-0-7-4-15-2-25-2 name=simulation
2017-02-17 11:49:10,800-0200 DEBUG swift JOB_INIT jobid=simulate-dnlkg34n tr=simulate
2017-02-17 11:49:10,800-0200 DEBUG swift JOB_SITE_SELECT jobid=simulate-dnlkg34n-0
2017-02-17 11:49:10,801-0200 DEBUG swift PROCEDURE line=3 thread=2-0-7-4-16-3-29-2 name=simulation
2017-02-17 11:49:10,801-0200 DEBUG swift JOB_INIT jobid=simulate-enlkg34n tr=simulate
2017-02-17 11:49:10,801-0200 DEBUG swift JOB_SITE_SELECT jobid=simulate-enlkg34n-0
2017-02-17 11:49:10,803-0200 DEBUG swift PROCEDURE line=3 thread=2-0-7-4-14-1-33-2 name=simulation
2017-02-17 11:49:10,803-0200 DEBUG swift JOB_INIT jobid=simulate-fnlkg34n tr=simulate
2017-02-17 11:49:10,803-0200 DEBUG swift JOB_SITE_SELECT jobid=simulate-fnlkg34n-0
2017-02-17 11:49:10,803-0200 DEBUG swift PROCEDURE line=3 thread=2-0-7-4-17-4-37-2 name=simulation
2017-02-17 11:49:10,804-0200 DEBUG swift JOB_INIT jobid=simulate-gnlkg34n tr=simulate
2017-02-17 11:49:10,804-0200 DEBUG swift JOB_SITE_SELECT jobid=simulate-gnlkg34n-0
2017-02-17 11:49:10,805-0200 DEBUG swift PROCEDURE line=3 thread=2-0-7-4-18-5-41-2 name=simulation
2017-02-17 11:49:10,805-0200 DEBUG swift JOB_INIT jobid=simulate-hnlkg34n tr=simulate
2017-02-17 11:49:10,805-0200 DEBUG swift PROCEDURE line=3 thread=2-0-7-4-19-6-45-2 name=simulation
2017-02-17 11:49:10,805-0200 DEBUG swift JOB_INIT jobid=simulate-inlkg34n tr=simulate
2017-02-17 11:49:10,805-0200 DEBUG swift JOB_SITE_SELECT jobid=simulate-inlkg34n-0
2017-02-17 11:49:10,806-0200 DEBUG swift JOB_SITE_SELECT jobid=simulate-hnlkg34n-0
2017-02-17 11:49:10,806-0200 DEBUG swift PROCEDURE line=3 thread=2-0-7-4-21-8-49-2 name=simulation
2017-02-17 11:49:10,806-0200 DEBUG swift JOB_INIT jobid=simulate-jnlkg34n tr=simulate
2017-02-17 11:49:10,808-0200 DEBUG swift JOB_SITE_SELECT jobid=simulate-jnlkg34n-0
2017-02-17 11:49:10,806-0200 DEBUG swift PROCEDURE line=3 thread=2-0-7-4-22-9-53-2 name=simulation
2017-02-17 11:49:10,808-0200 DEBUG swift JOB_INIT jobid=simulate-knlkg34n tr=simulate
2017-02-17 11:49:10,808-0200 DEBUG swift JOB_SITE_SELECT jobid=simulate-knlkg34n-0
2017-02-17 11:49:10,808-0200 DEBUG swift THREAD_ASSOCIATION jobid=simulate-hnlkg34n-0 host=local thread=2-0-7-4-18-5-41-2
2017-02-17 11:49:10,808-0200 DEBUG swift THREAD_ASSOCIATION jobid=simulate-inlkg34n-0 host=local thread=2-0-7-4-19-6-45-2
2017-02-17 11:49:10,809-0200 DEBUG swift THREAD_ASSOCIATION jobid=simulate-jnlkg34n-0 host=local thread=2-0-7-4-21-8-49-2
2017-02-17 11:49:10,810-0200 INFO  swift START host=local - Initializing shared directory
2017-02-17 11:49:10,807-0200 DEBUG swift THREAD_ASSOCIATION jobid=simulate-cnlkg34n-0 host=local thread=2-0-7-4-9-0-12-2
2017-02-17 11:49:10,810-0200 DEBUG swift THREAD_ASSOCIATION jobid=simulate-knlkg34n-0 host=local thread=2-0-7-4-22-9-53-2
2017-02-17 11:49:10,810-0200 DEBUG swift THREAD_ASSOCIATION jobid=simulate-gnlkg34n-0 host=local thread=2-0-7-4-17-4-37-2
2017-02-17 11:49:10,807-0200 DEBUG swift THREAD_ASSOCIATION jobid=simulate-fnlkg34n-0 host=local thread=2-0-7-4-14-1-33-2
2017-02-17 11:49:10,807-0200 DEBUG swift PROCEDURE line=3 thread=2-0-7-4-20-7-57-2 name=simulation
2017-02-17 11:49:10,811-0200 DEBUG swift JOB_INIT jobid=simulate-lnlkg34n tr=simulate
2017-02-17 11:49:10,811-0200 DEBUG swift JOB_SITE_SELECT jobid=simulate-lnlkg34n-0
2017-02-17 11:49:10,809-0200 DEBUG swift THREAD_ASSOCIATION jobid=simulate-enlkg34n-0 host=local thread=2-0-7-4-16-3-29-2
2017-02-17 11:49:10,808-0200 DEBUG swift THREAD_ASSOCIATION jobid=simulate-dnlkg34n-0 host=local thread=2-0-7-4-15-2-25-2
2017-02-17 11:49:10,813-0200 INFO  LateBindingScheduler jobs queued: 1
2017-02-17 11:49:10,825-0200 INFO  LateBindingScheduler jobs queued: 1
2017-02-17 11:49:10,825-0200 INFO  LateBindingScheduler jobs queued: 1
2017-02-17 11:49:10,826-0200 INFO  LateBindingScheduler jobs queued: 1
2017-02-17 11:49:10,827-0200 INFO  swift END host=local - Done initializing shared directory
2017-02-17 11:49:10,829-0200 INFO  swift START jobid=simulate-cnlkg34n-0 host=local - Initializing directory structure
2017-02-17 11:49:10,829-0200 INFO  swift START jobid=simulate-knlkg34n-0 host=local - Initializing directory structure
2017-02-17 11:49:10,830-0200 INFO  swift START jobid=simulate-gnlkg34n-0 host=local - Initializing directory structure
2017-02-17 11:49:10,830-0200 INFO  swift START jobid=simulate-jnlkg34n-0 host=local - Initializing directory structure
2017-02-17 11:49:10,830-0200 INFO  swift START jobid=simulate-fnlkg34n-0 host=local - Initializing directory structure
2017-02-17 11:49:10,831-0200 INFO  swift START jobid=simulate-enlkg34n-0 host=local - Initializing directory structure
2017-02-17 11:49:10,829-0200 INFO  swift START jobid=simulate-hnlkg34n-0 host=local - Initializing directory structure
2017-02-17 11:49:10,829-0200 INFO  swift START path=output dir=p4-run003/shared - Creating directory structure
2017-02-17 11:49:10,831-0200 INFO  swift START jobid=simulate-dnlkg34n-0 host=local - Initializing directory structure
2017-02-17 11:49:10,832-0200 INFO  swift START jobid=simulate-inlkg34n-0 host=local - Initializing directory structure
2017-02-17 11:49:10,832-0200 INFO  LateBindingScheduler jobs queued: 1
2017-02-17 11:49:10,833-0200 INFO  swift END jobid=simulate-cnlkg34n-0 - Done initializing directory structure
2017-02-17 11:49:10,833-0200 INFO  swift END jobid=simulate-knlkg34n-0 - Done initializing directory structure
2017-02-17 11:49:10,833-0200 INFO  swift START jobid=simulate-cnlkg34n-0 - Staging in files []
2017-02-17 11:49:10,833-0200 INFO  swift START jobid=simulate-knlkg34n-0 - Staging in files []
2017-02-17 11:49:10,833-0200 INFO  swift END jobid=simulate-knlkg34n-0 - Staging in finished
2017-02-17 11:49:10,833-0200 INFO  swift END jobid=simulate-cnlkg34n-0 - Staging in finished
2017-02-17 11:49:10,833-0200 DEBUG swift JOB_START jobid=simulate-knlkg34n-0 tr=simulate arguments=[--timesteps, 1, --range, 100, --nvalues, 5] tmpdir=p4-run003/jobs/s/simulate-knlkg34n-0
2017-02-17 11:49:10,833-0200 DEBUG swift JOB_START jobid=simulate-cnlkg34n-0 tr=simulate arguments=[--timesteps, 1, --range, 100, --nvalues, 5] tmpdir=p4-run003/jobs/s/simulate-cnlkg34n-0
2017-02-17 11:49:10,834-0200 INFO  swift END jobid=simulate-gnlkg34n-0 - Done initializing directory structure
2017-02-17 11:49:10,834-0200 INFO  swift START jobid=simulate-gnlkg34n-0 - Staging in files []
2017-02-17 11:49:10,834-0200 INFO  swift END jobid=simulate-gnlkg34n-0 - Staging in finished
2017-02-17 11:49:10,834-0200 DEBUG swift JOB_START jobid=simulate-gnlkg34n-0 tr=simulate arguments=[--timesteps, 1, --range, 100, --nvalues, 5] tmpdir=p4-run003/jobs/s/simulate-gnlkg34n-0
2017-02-17 11:49:10,835-0200 INFO  swift END jobid=simulate-fnlkg34n-0 - Done initializing directory structure
2017-02-17 11:49:10,835-0200 INFO  swift START jobid=simulate-fnlkg34n-0 - Staging in files []
2017-02-17 11:49:10,835-0200 INFO  swift END jobid=simulate-fnlkg34n-0 - Staging in finished
2017-02-17 11:49:10,835-0200 INFO  swift END jobid=simulate-hnlkg34n-0 - Done initializing directory structure
2017-02-17 11:49:10,835-0200 DEBUG swift JOB_START jobid=simulate-fnlkg34n-0 tr=simulate arguments=[--timesteps, 1, --range, 100, --nvalues, 5] tmpdir=p4-run003/jobs/s/simulate-fnlkg34n-0
2017-02-17 11:49:10,835-0200 INFO  swift START jobid=simulate-hnlkg34n-0 - Staging in files []
2017-02-17 11:49:10,835-0200 INFO  swift END jobid=simulate-hnlkg34n-0 - Staging in finished
2017-02-17 11:49:10,835-0200 DEBUG swift JOB_START jobid=simulate-hnlkg34n-0 tr=simulate arguments=[--timesteps, 1, --range, 100, --nvalues, 5] tmpdir=p4-run003/jobs/s/simulate-hnlkg34n-0
2017-02-17 11:49:10,835-0200 INFO  swift END jobid=simulate-jnlkg34n-0 - Done initializing directory structure
2017-02-17 11:49:10,836-0200 INFO  swift START jobid=simulate-jnlkg34n-0 - Staging in files []
2017-02-17 11:49:10,836-0200 INFO  swift END jobid=simulate-jnlkg34n-0 - Staging in finished
2017-02-17 11:49:10,836-0200 INFO  swift END jobid=simulate-dnlkg34n-0 - Done initializing directory structure
2017-02-17 11:49:10,836-0200 DEBUG swift JOB_START jobid=simulate-jnlkg34n-0 tr=simulate arguments=[--timesteps, 1, --range, 100, --nvalues, 5] tmpdir=p4-run003/jobs/s/simulate-jnlkg34n-0
2017-02-17 11:49:10,836-0200 INFO  swift START jobid=simulate-dnlkg34n-0 - Staging in files []
2017-02-17 11:49:10,836-0200 INFO  swift END jobid=simulate-dnlkg34n-0 - Staging in finished
2017-02-17 11:49:10,836-0200 DEBUG swift JOB_START jobid=simulate-dnlkg34n-0 tr=simulate arguments=[--timesteps, 1, --range, 100, --nvalues, 5] tmpdir=p4-run003/jobs/s/simulate-dnlkg34n-0
2017-02-17 11:49:10,837-0200 INFO  swift END jobid=simulate-enlkg34n-0 - Done initializing directory structure
2017-02-17 11:49:10,837-0200 INFO  swift START jobid=simulate-enlkg34n-0 - Staging in files []
2017-02-17 11:49:10,837-0200 INFO  swift END jobid=simulate-enlkg34n-0 - Staging in finished
2017-02-17 11:49:10,837-0200 DEBUG swift JOB_START jobid=simulate-enlkg34n-0 tr=simulate arguments=[--timesteps, 1, --range, 100, --nvalues, 5] tmpdir=p4-run003/jobs/s/simulate-enlkg34n-0
2017-02-17 11:49:10,839-0200 INFO  Execute JOB_TASK jobid=simulate-fnlkg34n-0 taskid=task-33 exec=/bin/bash dir=p4-run003 args=shared/_swiftwrap simulate-fnlkg34n-0 -jobdir s -scratch  -e simulate -out output/sim_1.out -err output/sim_1.log -i -d output -if  -of output/sim_1.out|output/sim_1.log -cf  -cdmfile -status files -a --timesteps 1 --range 100 --nvalues 5
2017-02-17 11:49:10,839-0200 INFO  Execute JOB_TASK jobid=simulate-dnlkg34n-0 taskid=task-25 exec=/bin/bash dir=p4-run003 args=shared/_swiftwrap simulate-dnlkg34n-0 -jobdir s -scratch  -e simulate -out output/sim_2.out -err output/sim_2.log -i -d output -if  -of output/sim_2.log|output/sim_2.out -cf  -cdmfile -status files -a --timesteps 1 --range 100 --nvalues 5
2017-02-17 11:49:10,839-0200 INFO  Execute JOB_TASK jobid=simulate-gnlkg34n-0 taskid=task-37 exec=/bin/bash dir=p4-run003 args=shared/_swiftwrap simulate-gnlkg34n-0 -jobdir s -scratch  -e simulate -out output/sim_4.out -err output/sim_4.log -i -d output -if  -of output/sim_4.out|output/sim_4.log -cf  -cdmfile -status files -a --timesteps 1 --range 100 --nvalues 5
2017-02-17 11:49:10,839-0200 INFO  Execute JOB_TASK jobid=simulate-enlkg34n-0 taskid=task-29 exec=/bin/bash dir=p4-run003 args=shared/_swiftwrap simulate-enlkg34n-0 -jobdir s -scratch  -e simulate -out output/sim_3.out -err output/sim_3.log -i -d output -if  -of output/sim_3.out|output/sim_3.log -cf  -cdmfile -status files -a --timesteps 1 --range 100 --nvalues 5
2017-02-17 11:49:10,839-0200 INFO  Execute JOB_TASK jobid=simulate-knlkg34n-0 taskid=task-53 exec=/bin/bash dir=p4-run003 args=shared/_swiftwrap simulate-knlkg34n-0 -jobdir s -scratch  -e simulate -out output/sim_9.out -err output/sim_9.log -i -d output -if  -of output/sim_9.out|output/sim_9.log -cf  -cdmfile -status files -a --timesteps 1 --range 100 --nvalues 5
2017-02-17 11:49:10,839-0200 INFO  Execute JOB_TASK jobid=simulate-hnlkg34n-0 taskid=task-41 exec=/bin/bash dir=p4-run003 args=shared/_swiftwrap simulate-hnlkg34n-0 -jobdir s -scratch  -e simulate -out output/sim_5.out -err output/sim_5.log -i -d output -if  -of output/sim_5.out|output/sim_5.log -cf  -cdmfile -status files -a --timesteps 1 --range 100 --nvalues 5
2017-02-17 11:49:10,839-0200 INFO  Execute JOB_TASK jobid=simulate-cnlkg34n-0 taskid=task-12 exec=/bin/bash dir=p4-run003 args=shared/_swiftwrap simulate-cnlkg34n-0 -jobdir s -scratch  -e simulate -out output/sim_0.out -err output/sim_0.log -i -d output -if  -of output/sim_0.log|output/sim_0.out -cf  -cdmfile -status files -a --timesteps 1 --range 100 --nvalues 5
2017-02-17 11:49:10,839-0200 INFO  Execute JOB_TASK jobid=simulate-jnlkg34n-0 taskid=task-49 exec=/bin/bash dir=p4-run003 args=shared/_swiftwrap simulate-jnlkg34n-0 -jobdir s -scratch  -e simulate -out output/sim_8.out -err output/sim_8.log -i -d output -if  -of output/sim_8.log|output/sim_8.out -cf  -cdmfile -status files -a --timesteps 1 --range 100 --nvalues 5
2017-02-17 11:49:10,840-0200 INFO  swift END jobid=simulate-inlkg34n-0 - Done initializing directory structure
2017-02-17 11:49:10,840-0200 INFO  swift START jobid=simulate-inlkg34n-0 - Staging in files []
2017-02-17 11:49:10,840-0200 INFO  swift END jobid=simulate-inlkg34n-0 - Staging in finished
2017-02-17 11:49:10,841-0200 DEBUG swift JOB_START jobid=simulate-inlkg34n-0 tr=simulate arguments=[--timesteps, 1, --range, 100, --nvalues, 5] tmpdir=p4-run003/jobs/s/simulate-inlkg34n-0
2017-02-17 11:49:10,841-0200 INFO  Execute JOB_TASK jobid=simulate-inlkg34n-0 taskid=task-45 exec=/bin/bash dir=p4-run003 args=shared/_swiftwrap simulate-inlkg34n-0 -jobdir s -scratch  -e simulate -out output/sim_6.out -err output/sim_6.log -i -d output -if  -of output/sim_6.out|output/sim_6.log -cf  -cdmfile -status files -a --timesteps 1 --range 100 --nvalues 5
2017-02-17 11:49:10,847-0200 INFO  Execute TASK_STATUS_CHANGE taskid=task-37 status=8
2017-02-17 11:49:10,847-0200 INFO  Execute TASK_STATUS_CHANGE taskid=task-29 status=8
2017-02-17 11:49:10,847-0200 INFO  Execute TASK_STATUS_CHANGE taskid=task-37 status=1
2017-02-17 11:49:10,847-0200 INFO  Execute TASK_STATUS_CHANGE taskid=task-33 status=8
2017-02-17 11:49:10,849-0200 INFO  Execute TASK_STATUS_CHANGE taskid=task-29 status=1
2017-02-17 11:49:10,849-0200 INFO  Execute TASK_STATUS_CHANGE taskid=task-49 status=8
2017-02-17 11:49:10,851-0200 INFO  Execute TASK_STATUS_CHANGE taskid=task-33 status=1
2017-02-17 11:49:10,852-0200 INFO  Execute TASK_STATUS_CHANGE taskid=task-45 status=8
2017-02-17 11:49:10,852-0200 INFO  Execute TASK_STATUS_CHANGE taskid=task-37 status=2
2017-02-17 11:49:10,855-0200 INFO  Execute TASK_STATUS_CHANGE taskid=task-45 status=1
2017-02-17 11:49:10,855-0200 INFO  Execute TASK_STATUS_CHANGE taskid=task-25 status=8
2017-02-17 11:49:10,855-0200 INFO  Execute TASK_STATUS_CHANGE taskid=task-49 status=1
2017-02-17 11:49:10,855-0200 INFO  Execute TASK_STATUS_CHANGE taskid=task-53 status=8
2017-02-17 11:49:10,856-0200 INFO  Execute TASK_STATUS_CHANGE taskid=task-25 status=1
2017-02-17 11:49:10,856-0200 INFO  Execute TASK_STATUS_CHANGE taskid=task-41 status=8
2017-02-17 11:49:10,856-0200 INFO  Execute TASK_STATUS_CHANGE taskid=task-41 status=1
2017-02-17 11:49:10,856-0200 INFO  Execute TASK_STATUS_CHANGE taskid=task-12 status=8
2017-02-17 11:49:10,881-0200 INFO  Execute TASK_STATUS_CHANGE taskid=task-45 status=2
2017-02-17 11:49:10,883-0200 INFO  Execute TASK_STATUS_CHANGE taskid=task-49 status=2
2017-02-17 11:49:10,884-0200 INFO  Execute TASK_STATUS_CHANGE taskid=task-41 status=2
2017-02-17 11:49:10,897-0200 INFO  Execute TASK_STATUS_CHANGE taskid=task-12 status=1
2017-02-17 11:49:10,902-0200 INFO  Execute TASK_STATUS_CHANGE taskid=task-53 status=1
2017-02-17 11:49:10,906-0200 INFO  Execute TASK_STATUS_CHANGE taskid=task-29 status=2
2017-02-17 11:49:10,916-0200 INFO  Execute TASK_STATUS_CHANGE taskid=task-33 status=2
2017-02-17 11:49:10,926-0200 INFO  Execute TASK_STATUS_CHANGE taskid=task-25 status=2
2017-02-17 11:49:10,936-0200 INFO  Execute TASK_STATUS_CHANGE taskid=task-53 status=2
2017-02-17 11:49:10,940-0200 INFO  Execute TASK_STATUS_CHANGE taskid=task-12 status=2
2017-02-17 11:49:11,784-0200 INFO  RuntimeStats$ProgressTicker HeapMax: 954728448, CrtHeap: 121110528, UsedHeap: 34908744, JVMThreads: 39
2017-02-17 11:49:11,784-0200 INFO  RuntimeStats$ProgressTicker   Selecting site:1  Active:9
2017-02-17 11:49:11,999-0200 INFO  LateBindingScheduler jobs queued: 1
2017-02-17 11:49:11,999-0200 INFO  Execute TASK_STATUS_CHANGE taskid=task-29 status=7
2017-02-17 11:49:12,000-0200 DEBUG swift START jobid=simulate-enlkg34n-0
2017-02-17 11:49:12,001-0200 INFO  LateBindingScheduler jobs queued: 1
2017-02-17 11:49:12,001-0200 INFO  swift SUCCESS jobid=simulate-enlkg34n-0 - Success file found
2017-02-17 11:49:12,001-0200 DEBUG swift STAGING_OUT jobid=simulate-enlkg34n-0
2017-02-17 11:49:12,001-0200 INFO  swift START jobid=simulate-enlkg34n-0 - Staging out files
2017-02-17 11:49:12,001-0200 DEBUG swift stageouts: [file://localhost/output/sim_3.out, file://localhost/output/sim_3.log]
2017-02-17 11:49:12,004-0200 DEBUG swift FILE_STAGE_OUT_START srcname=sim_3.out srcdir=p4-run003/shared/output srchost=local destdir=output desthost=localhost provider=file jobid=simulate-enlkg34n-0
2017-02-17 11:49:12,004-0200 DEBUG swift FILE_STAGE_OUT_START srcname=sim_3.log srcdir=p4-run003/shared/output srchost=local destdir=output desthost=localhost provider=file jobid=simulate-enlkg34n-0
2017-02-17 11:49:12,004-0200 INFO  LateBindingScheduler jobs queued: 1
2017-02-17 11:49:12,004-0200 INFO  LateBindingScheduler jobs queued: 1
2017-02-17 11:49:12,009-0200 DEBUG swift CDM: file://localhost/output/sim_3.log : DEFAULT
2017-02-17 11:49:12,009-0200 DEBUG swift CDM: file://localhost/output/sim_3.out : DEFAULT
2017-02-17 11:49:12,011-0200 INFO  LateBindingScheduler jobs queued: 1
2017-02-17 11:49:12,012-0200 DEBUG swift FILE_STAGE_OUT_END srcname=sim_3.out srcdir=p4-run003/shared/output srchost=local destdir=output desthost=localhost provider=file
2017-02-17 11:49:12,014-0200 INFO  LateBindingScheduler jobs queued: 1
2017-02-17 11:49:12,015-0200 INFO  LateBindingScheduler jobs queued: 1
2017-02-17 11:49:12,015-0200 DEBUG swift FILE_STAGE_OUT_END srcname=sim_3.log srcdir=p4-run003/shared/output srchost=local destdir=output desthost=localhost provider=file
2017-02-17 11:49:12,016-0200 INFO  LateBindingScheduler jobs queued: 1
2017-02-17 11:49:12,020-0200 INFO  swift END jobid=simulate-enlkg34n-0 - Staging out finished
2017-02-17 11:49:12,023-0200 INFO  LateBindingScheduler jobs queued: 1
2017-02-17 11:49:12,024-0200 DEBUG swift JOB_END jobid=simulate-enlkg34n-0
2017-02-17 11:49:12,024-0200 INFO  swift END_SUCCESS jobid=simulate-enlkg34n tr=simulate
2017-02-17 11:49:12,024-0200 DEBUG swift PROCEDURE_END line=3 thread=2-0-7-4-16-3-29-2 name=simulation
2017-02-17 11:49:12,025-0200 INFO  LateBindingScheduler jobs queued: 1
2017-02-17 11:49:12,025-0200 INFO  Execute TASK_STATUS_CHANGE taskid=task-41 status=7
2017-02-17 11:49:12,026-0200 DEBUG swift START jobid=simulate-hnlkg34n-0
2017-02-17 11:49:12,026-0200 INFO  LateBindingScheduler jobs queued: 1
2017-02-17 11:49:12,027-0200 INFO  swift SUCCESS jobid=simulate-hnlkg34n-0 - Success file found
2017-02-17 11:49:12,027-0200 DEBUG swift STAGING_OUT jobid=simulate-hnlkg34n-0
2017-02-17 11:49:12,027-0200 INFO  swift START jobid=simulate-hnlkg34n-0 - Staging out files
2017-02-17 11:49:12,027-0200 DEBUG swift stageouts: [file://localhost/output/sim_5.out, file://localhost/output/sim_5.log]
2017-02-17 11:49:12,027-0200 DEBUG swift FILE_STAGE_OUT_START srcname=sim_5.out srcdir=p4-run003/shared/output srchost=local destdir=output desthost=localhost provider=file jobid=simulate-hnlkg34n-0
2017-02-17 11:49:12,028-0200 DEBUG swift FILE_STAGE_OUT_START srcname=sim_5.log srcdir=p4-run003/shared/output srchost=local destdir=output desthost=localhost provider=file jobid=simulate-hnlkg34n-0
2017-02-17 11:49:12,030-0200 INFO  LateBindingScheduler jobs queued: 1
2017-02-17 11:49:12,030-0200 INFO  LateBindingScheduler jobs queued: 1
2017-02-17 11:49:12,030-0200 DEBUG swift CDM: file://localhost/output/sim_5.out : DEFAULT
2017-02-17 11:49:12,031-0200 DEBUG swift CDM: file://localhost/output/sim_5.log : DEFAULT
2017-02-17 11:49:12,034-0200 INFO  LateBindingScheduler jobs queued: 1
2017-02-17 11:49:12,034-0200 DEBUG swift FILE_STAGE_OUT_END srcname=sim_5.log srcdir=p4-run003/shared/output srchost=local destdir=output desthost=localhost provider=file
2017-02-17 11:49:12,035-0200 INFO  LateBindingScheduler jobs queued: 1
2017-02-17 11:49:12,053-0200 INFO  LateBindingScheduler jobs queued: 1
2017-02-17 11:49:12,053-0200 DEBUG swift FILE_STAGE_OUT_END srcname=sim_5.out srcdir=p4-run003/shared/output srchost=local destdir=output desthost=localhost provider=file
2017-02-17 11:49:12,054-0200 INFO  LateBindingScheduler jobs queued: 2
2017-02-17 11:49:12,054-0200 INFO  Execute TASK_STATUS_CHANGE taskid=task-37 status=7
2017-02-17 11:49:12,054-0200 INFO  LateBindingScheduler jobs queued: 0
2017-02-17 11:49:12,055-0200 DEBUG swift START jobid=simulate-gnlkg34n-0
2017-02-17 11:49:12,055-0200 DEBUG swift THREAD_ASSOCIATION jobid=simulate-lnlkg34n-0 host=local thread=2-0-7-4-20-7-57-2
2017-02-17 11:49:12,056-0200 INFO  swift START jobid=simulate-lnlkg34n-0 host=local - Initializing directory structure
2017-02-17 11:49:12,056-0200 INFO  swift END jobid=simulate-lnlkg34n-0 - Done initializing directory structure
2017-02-17 11:49:12,056-0200 INFO  swift START jobid=simulate-lnlkg34n-0 - Staging in files []
2017-02-17 11:49:12,056-0200 INFO  swift END jobid=simulate-lnlkg34n-0 - Staging in finished
2017-02-17 11:49:12,056-0200 INFO  swift END jobid=simulate-hnlkg34n-0 - Staging out finished
2017-02-17 11:49:12,056-0200 DEBUG swift JOB_START jobid=simulate-lnlkg34n-0 tr=simulate arguments=[--timesteps, 1, --range, 100, --nvalues, 5] tmpdir=p4-run003/jobs/s/simulate-lnlkg34n-0
2017-02-17 11:49:12,057-0200 INFO  Execute JOB_TASK jobid=simulate-lnlkg34n-0 taskid=task-57 exec=/bin/bash dir=p4-run003 args=shared/_swiftwrap simulate-lnlkg34n-0 -jobdir s -scratch  -e simulate -out output/sim_7.out -err output/sim_7.log -i -d output -if  -of output/sim_7.out|output/sim_7.log -cf  -cdmfile -status files -a --timesteps 1 --range 100 --nvalues 5
2017-02-17 11:49:12,056-0200 INFO  LateBindingScheduler jobs queued: 0
2017-02-17 11:49:12,057-0200 INFO  Execute TASK_STATUS_CHANGE taskid=task-57 status=8
2017-02-17 11:49:12,057-0200 INFO  Execute TASK_STATUS_CHANGE taskid=task-57 status=1
2017-02-17 11:49:12,057-0200 INFO  swift SUCCESS jobid=simulate-gnlkg34n-0 - Success file found
2017-02-17 11:49:12,057-0200 DEBUG swift STAGING_OUT jobid=simulate-gnlkg34n-0
2017-02-17 11:49:12,057-0200 INFO  swift START jobid=simulate-gnlkg34n-0 - Staging out files
2017-02-17 11:49:12,057-0200 DEBUG swift stageouts: [file://localhost/output/sim_4.out, file://localhost/output/sim_4.log]
2017-02-17 11:49:12,058-0200 INFO  LateBindingScheduler jobs queued: 0
2017-02-17 11:49:12,058-0200 DEBUG swift FILE_STAGE_OUT_START srcname=sim_4.out srcdir=p4-run003/shared/output srchost=local destdir=output desthost=localhost provider=file jobid=simulate-gnlkg34n-0
2017-02-17 11:49:12,058-0200 DEBUG swift FILE_STAGE_OUT_START srcname=sim_4.log srcdir=p4-run003/shared/output srchost=local destdir=output desthost=localhost provider=file jobid=simulate-gnlkg34n-0
2017-02-17 11:49:12,058-0200 INFO  LateBindingScheduler jobs queued: 1
2017-02-17 11:49:12,058-0200 DEBUG swift JOB_END jobid=simulate-hnlkg34n-0
2017-02-17 11:49:12,058-0200 INFO  swift END_SUCCESS jobid=simulate-hnlkg34n tr=simulate
2017-02-17 11:49:12,059-0200 DEBUG swift PROCEDURE_END line=3 thread=2-0-7-4-18-5-41-2 name=simulation
2017-02-17 11:49:12,059-0200 DEBUG swift CDM: file://localhost/output/sim_4.out : DEFAULT
2017-02-17 11:49:12,059-0200 INFO  LateBindingScheduler jobs queued: 0
2017-02-17 11:49:12,060-0200 DEBUG swift CDM: file://localhost/output/sim_4.log : DEFAULT
2017-02-17 11:49:12,060-0200 DEBUG swift FOREACH_IT_END line=20 thread=2-0-7-4-16-3
2017-02-17 11:49:12,062-0200 INFO  LateBindingScheduler jobs queued: 0
2017-02-17 11:49:12,062-0200 DEBUG swift FILE_STAGE_OUT_END srcname=sim_4.log srcdir=p4-run003/shared/output srchost=local destdir=output desthost=localhost provider=file
2017-02-17 11:49:12,063-0200 INFO  LateBindingScheduler jobs queued: 0
2017-02-17 11:49:12,063-0200 INFO  Execute TASK_STATUS_CHANGE taskid=task-57 status=2
2017-02-17 11:49:12,066-0200 INFO  LateBindingScheduler jobs queued: 0
2017-02-17 11:49:12,066-0200 DEBUG swift FILE_STAGE_OUT_END srcname=sim_4.out srcdir=p4-run003/shared/output srchost=local destdir=output desthost=localhost provider=file
2017-02-17 11:49:12,067-0200 INFO  LateBindingScheduler jobs queued: 0
2017-02-17 11:49:12,068-0200 INFO  swift END jobid=simulate-gnlkg34n-0 - Staging out finished
2017-02-17 11:49:12,069-0200 INFO  LateBindingScheduler jobs queued: 0
2017-02-17 11:49:12,070-0200 DEBUG swift JOB_END jobid=simulate-gnlkg34n-0
2017-02-17 11:49:12,070-0200 INFO  swift END_SUCCESS jobid=simulate-gnlkg34n tr=simulate
2017-02-17 11:49:12,070-0200 DEBUG swift PROCEDURE_END line=3 thread=2-0-7-4-17-4-37-2 name=simulation
2017-02-17 11:49:12,070-0200 INFO  LateBindingScheduler jobs queued: 0
2017-02-17 11:49:12,070-0200 INFO  Execute TASK_STATUS_CHANGE taskid=task-12 status=7
2017-02-17 11:49:12,070-0200 INFO  LateBindingScheduler jobs queued: 0
2017-02-17 11:49:12,070-0200 INFO  Execute TASK_STATUS_CHANGE taskid=task-33 status=7
2017-02-17 11:49:12,071-0200 DEBUG swift START jobid=simulate-cnlkg34n-0
2017-02-17 11:49:12,071-0200 DEBUG swift START jobid=simulate-fnlkg34n-0
2017-02-17 11:49:12,071-0200 INFO  LateBindingScheduler jobs queued: 0
2017-02-17 11:49:12,071-0200 INFO  Execute TASK_STATUS_CHANGE taskid=task-49 status=7
2017-02-17 11:49:12,072-0200 INFO  LateBindingScheduler jobs queued: 0
2017-02-17 11:49:12,072-0200 DEBUG swift START jobid=simulate-jnlkg34n-0
2017-02-17 11:49:12,072-0200 INFO  LateBindingScheduler jobs queued: 0
2017-02-17 11:49:12,072-0200 INFO  swift SUCCESS jobid=simulate-fnlkg34n-0 - Success file found
2017-02-17 11:49:12,072-0200 INFO  LateBindingScheduler jobs queued: 0
2017-02-17 11:49:12,072-0200 DEBUG swift STAGING_OUT jobid=simulate-fnlkg34n-0
2017-02-17 11:49:12,072-0200 INFO  swift START jobid=simulate-fnlkg34n-0 - Staging out files
2017-02-17 11:49:12,072-0200 DEBUG swift stageouts: [file://localhost/output/sim_1.out, file://localhost/output/sim_1.log]
2017-02-17 11:49:12,073-0200 INFO  swift SUCCESS jobid=simulate-cnlkg34n-0 - Success file found
2017-02-17 11:49:12,073-0200 DEBUG swift STAGING_OUT jobid=simulate-cnlkg34n-0
2017-02-17 11:49:12,073-0200 INFO  swift START jobid=simulate-cnlkg34n-0 - Staging out files
2017-02-17 11:49:12,073-0200 DEBUG swift stageouts: [file://localhost/output/sim_0.log, file://localhost/output/sim_0.out]
2017-02-17 11:49:12,073-0200 INFO  swift SUCCESS jobid=simulate-jnlkg34n-0 - Success file found
2017-02-17 11:49:12,073-0200 DEBUG swift STAGING_OUT jobid=simulate-jnlkg34n-0
2017-02-17 11:49:12,073-0200 INFO  swift START jobid=simulate-jnlkg34n-0 - Staging out files
2017-02-17 11:49:12,073-0200 DEBUG swift stageouts: [file://localhost/output/sim_8.log, file://localhost/output/sim_8.out]
2017-02-17 11:49:12,074-0200 DEBUG swift FILE_STAGE_OUT_START srcname=sim_1.out srcdir=p4-run003/shared/output srchost=local destdir=output desthost=localhost provider=file jobid=simulate-fnlkg34n-0
2017-02-17 11:49:12,074-0200 DEBUG swift FILE_STAGE_OUT_START srcname=sim_1.log srcdir=p4-run003/shared/output srchost=local destdir=output desthost=localhost provider=file jobid=simulate-fnlkg34n-0
2017-02-17 11:49:12,074-0200 DEBUG swift FILE_STAGE_OUT_START srcname=sim_0.log srcdir=p4-run003/shared/output srchost=local destdir=output desthost=localhost provider=file jobid=simulate-cnlkg34n-0
2017-02-17 11:49:12,074-0200 INFO  LateBindingScheduler jobs queued: 0
2017-02-17 11:49:12,074-0200 INFO  LateBindingScheduler jobs queued: 1
2017-02-17 11:49:12,074-0200 DEBUG swift FILE_STAGE_OUT_START srcname=sim_0.out srcdir=p4-run003/shared/output srchost=local destdir=output desthost=localhost provider=file jobid=simulate-cnlkg34n-0
2017-02-17 11:49:12,075-0200 DEBUG swift FILE_STAGE_OUT_START srcname=sim_8.log srcdir=p4-run003/shared/output srchost=local destdir=output desthost=localhost provider=file jobid=simulate-jnlkg34n-0
2017-02-17 11:49:12,075-0200 DEBUG swift FILE_STAGE_OUT_START srcname=sim_8.out srcdir=p4-run003/shared/output srchost=local destdir=output desthost=localhost provider=file jobid=simulate-jnlkg34n-0
2017-02-17 11:49:12,075-0200 DEBUG swift CDM: file://localhost/output/sim_1.out : DEFAULT
2017-02-17 11:49:12,075-0200 INFO  LateBindingScheduler jobs queued: 2
2017-02-17 11:49:12,075-0200 INFO  Execute TASK_STATUS_CHANGE taskid=task-45 status=7
2017-02-17 11:49:12,075-0200 INFO  LateBindingScheduler jobs queued: 3
2017-02-17 11:49:12,075-0200 DEBUG swift CDM: file://localhost/output/sim_1.log : DEFAULT
2017-02-17 11:49:12,075-0200 INFO  LateBindingScheduler jobs queued: 3
2017-02-17 11:49:12,076-0200 INFO  Execute TASK_STATUS_CHANGE taskid=task-25 status=7
2017-02-17 11:49:12,076-0200 DEBUG swift START jobid=simulate-dnlkg34n-0
2017-02-17 11:49:12,075-0200 DEBUG swift START jobid=simulate-inlkg34n-0
2017-02-17 11:49:12,075-0200 DEBUG swift CDM: file://localhost/output/sim_0.log : DEFAULT
2017-02-17 11:49:12,075-0200 INFO  LateBindingScheduler jobs queued: 4
2017-02-17 11:49:12,076-0200 DEBUG swift CDM: file://localhost/output/sim_0.out : DEFAULT
2017-02-17 11:49:12,077-0200 INFO  LateBindingScheduler jobs queued: 6
2017-02-17 11:49:12,077-0200 INFO  LateBindingScheduler jobs queued: 3
2017-02-17 11:49:12,077-0200 DEBUG swift CDM: file://localhost/output/sim_8.log : DEFAULT
2017-02-17 11:49:12,077-0200 DEBUG swift CDM: file://localhost/output/sim_8.out : DEFAULT
2017-02-17 11:49:12,078-0200 INFO  LateBindingScheduler jobs queued: 2
2017-02-17 11:49:12,078-0200 INFO  LateBindingScheduler jobs queued: 2
2017-02-17 11:49:12,078-0200 INFO  LateBindingScheduler jobs queued: 2
2017-02-17 11:49:12,079-0200 INFO  swift SUCCESS jobid=simulate-dnlkg34n-0 - Success file found
2017-02-17 11:49:12,079-0200 DEBUG swift STAGING_OUT jobid=simulate-dnlkg34n-0
2017-02-17 11:49:12,079-0200 INFO  swift SUCCESS jobid=simulate-inlkg34n-0 - Success file found
2017-02-17 11:49:12,079-0200 DEBUG swift STAGING_OUT jobid=simulate-inlkg34n-0
2017-02-17 11:49:12,079-0200 INFO  swift START jobid=simulate-dnlkg34n-0 - Staging out files
2017-02-17 11:49:12,079-0200 DEBUG swift stageouts: [file://localhost/output/sim_2.log, file://localhost/output/sim_2.out]
2017-02-17 11:49:12,079-0200 DEBUG swift FILE_STAGE_OUT_END srcname=sim_1.out srcdir=p4-run003/shared/output srchost=local destdir=output desthost=localhost provider=file
2017-02-17 11:49:12,080-0200 DEBUG swift FILE_STAGE_OUT_START srcname=sim_2.log srcdir=p4-run003/shared/output srchost=local destdir=output desthost=localhost provider=file jobid=simulate-dnlkg34n-0
2017-02-17 11:49:12,080-0200 INFO  LateBindingScheduler jobs queued: 1
2017-02-17 11:49:12,080-0200 INFO  LateBindingScheduler jobs queued: 1
2017-02-17 11:49:12,079-0200 INFO  swift START jobid=simulate-inlkg34n-0 - Staging out files
2017-02-17 11:49:12,080-0200 DEBUG swift FILE_STAGE_OUT_START srcname=sim_2.out srcdir=p4-run003/shared/output srchost=local destdir=output desthost=localhost provider=file jobid=simulate-dnlkg34n-0
2017-02-17 11:49:12,080-0200 DEBUG swift stageouts: [file://localhost/output/sim_6.out, file://localhost/output/sim_6.log]
2017-02-17 11:49:12,081-0200 DEBUG swift CDM: file://localhost/output/sim_2.log : DEFAULT
2017-02-17 11:49:12,081-0200 DEBUG swift FILE_STAGE_OUT_START srcname=sim_6.out srcdir=p4-run003/shared/output srchost=local destdir=output desthost=localhost provider=file jobid=simulate-inlkg34n-0
2017-02-17 11:49:12,081-0200 DEBUG swift FILE_STAGE_OUT_START srcname=sim_6.log srcdir=p4-run003/shared/output srchost=local destdir=output desthost=localhost provider=file jobid=simulate-inlkg34n-0
2017-02-17 11:49:12,081-0200 INFO  LateBindingScheduler jobs queued: 2
2017-02-17 11:49:12,082-0200 INFO  LateBindingScheduler jobs queued: 2
2017-02-17 11:49:12,082-0200 INFO  LateBindingScheduler jobs queued: 2
2017-02-17 11:49:12,082-0200 DEBUG swift CDM: file://localhost/output/sim_2.out : DEFAULT
2017-02-17 11:49:12,082-0200 DEBUG swift CDM: file://localhost/output/sim_6.out : DEFAULT
2017-02-17 11:49:12,083-0200 DEBUG swift CDM: file://localhost/output/sim_6.log : DEFAULT
2017-02-17 11:49:12,084-0200 INFO  LateBindingScheduler jobs queued: 5
2017-02-17 11:49:12,085-0200 INFO  LateBindingScheduler jobs queued: 5
2017-02-17 11:49:12,085-0200 DEBUG swift FILE_STAGE_OUT_END srcname=sim_1.log srcdir=p4-run003/shared/output srchost=local destdir=output desthost=localhost provider=file
2017-02-17 11:49:12,086-0200 DEBUG swift FILE_STAGE_OUT_END srcname=sim_0.out srcdir=p4-run003/shared/output srchost=local destdir=output desthost=localhost provider=file
2017-02-17 11:49:12,087-0200 INFO  LateBindingScheduler jobs queued: 3
2017-02-17 11:49:12,087-0200 INFO  LateBindingScheduler jobs queued: 3
2017-02-17 11:49:12,087-0200 INFO  LateBindingScheduler jobs queued: 3
2017-02-17 11:49:12,088-0200 DEBUG swift FILE_STAGE_OUT_END srcname=sim_8.out srcdir=p4-run003/shared/output srchost=local destdir=output desthost=localhost provider=file
2017-02-17 11:49:12,088-0200 INFO  LateBindingScheduler jobs queued: 2
2017-02-17 11:49:12,088-0200 DEBUG swift FILE_STAGE_OUT_END srcname=sim_8.log srcdir=p4-run003/shared/output srchost=local destdir=output desthost=localhost provider=file
2017-02-17 11:49:12,088-0200 INFO  swift END jobid=simulate-fnlkg34n-0 - Staging out finished
2017-02-17 11:49:12,090-0200 INFO  LateBindingScheduler jobs queued: 2
2017-02-17 11:49:12,090-0200 INFO  Execute TASK_STATUS_CHANGE taskid=task-53 status=7
2017-02-17 11:49:12,091-0200 DEBUG swift START jobid=simulate-knlkg34n-0
2017-02-17 11:49:12,093-0200 INFO  LateBindingScheduler jobs queued: 2
2017-02-17 11:49:12,093-0200 INFO  LateBindingScheduler jobs queued: 2
2017-02-17 11:49:12,094-0200 INFO  LateBindingScheduler jobs queued: 2
2017-02-17 11:49:12,094-0200 DEBUG swift FILE_STAGE_OUT_END srcname=sim_2.log srcdir=p4-run003/shared/output srchost=local destdir=output desthost=localhost provider=file
2017-02-17 11:49:12,094-0200 INFO  LateBindingScheduler jobs queued: 3
2017-02-17 11:49:12,095-0200 INFO  swift SUCCESS jobid=simulate-knlkg34n-0 - Success file found
2017-02-17 11:49:12,095-0200 DEBUG swift STAGING_OUT jobid=simulate-knlkg34n-0
2017-02-17 11:49:12,095-0200 INFO  swift START jobid=simulate-knlkg34n-0 - Staging out files
2017-02-17 11:49:12,095-0200 INFO  swift END jobid=simulate-jnlkg34n-0 - Staging out finished
2017-02-17 11:49:12,096-0200 DEBUG swift stageouts: [file://localhost/output/sim_9.out, file://localhost/output/sim_9.log]
2017-02-17 11:49:12,096-0200 DEBUG swift FILE_STAGE_OUT_START srcname=sim_9.out srcdir=p4-run003/shared/output srchost=local destdir=output desthost=localhost provider=file jobid=simulate-knlkg34n-0
2017-02-17 11:49:12,096-0200 DEBUG swift FILE_STAGE_OUT_START srcname=sim_9.log srcdir=p4-run003/shared/output srchost=local destdir=output desthost=localhost provider=file jobid=simulate-knlkg34n-0
2017-02-17 11:49:12,097-0200 INFO  LateBindingScheduler jobs queued: 2
2017-02-17 11:49:12,097-0200 INFO  LateBindingScheduler jobs queued: 2
2017-02-17 11:49:12,097-0200 DEBUG swift FILE_STAGE_OUT_END srcname=sim_6.out srcdir=p4-run003/shared/output srchost=local destdir=output desthost=localhost provider=file
2017-02-17 11:49:12,098-0200 INFO  LateBindingScheduler jobs queued: 1
2017-02-17 11:49:12,098-0200 DEBUG swift CDM: file://localhost/output/sim_9.log : DEFAULT
2017-02-17 11:49:12,098-0200 INFO  LateBindingScheduler jobs queued: 2
2017-02-17 11:49:12,098-0200 INFO  LateBindingScheduler jobs queued: 2
2017-02-17 11:49:12,099-0200 DEBUG swift CDM: file://localhost/output/sim_9.out : DEFAULT
2017-02-17 11:49:12,099-0200 INFO  LateBindingScheduler jobs queued: 3
2017-02-17 11:49:12,099-0200 DEBUG swift FILE_STAGE_OUT_END srcname=sim_2.out srcdir=p4-run003/shared/output srchost=local destdir=output desthost=localhost provider=file
2017-02-17 11:49:12,100-0200 INFO  LateBindingScheduler jobs queued: 2
2017-02-17 11:49:12,101-0200 INFO  swift END jobid=simulate-dnlkg34n-0 - Staging out finished
2017-02-17 11:49:12,101-0200 INFO  LateBindingScheduler jobs queued: 3
2017-02-17 11:49:12,101-0200 DEBUG swift FILE_STAGE_OUT_END srcname=sim_0.log srcdir=p4-run003/shared/output srchost=local destdir=output desthost=localhost provider=file
2017-02-17 11:49:12,103-0200 INFO  LateBindingScheduler jobs queued: 2
2017-02-17 11:49:12,104-0200 INFO  LateBindingScheduler jobs queued: 2
2017-02-17 11:49:12,104-0200 INFO  LateBindingScheduler jobs queued: 1
2017-02-17 11:49:12,104-0200 INFO  swift END jobid=simulate-cnlkg34n-0 - Staging out finished
2017-02-17 11:49:12,105-0200 DEBUG swift FILE_STAGE_OUT_END srcname=sim_6.log srcdir=p4-run003/shared/output srchost=local destdir=output desthost=localhost provider=file
2017-02-17 11:49:12,105-0200 DEBUG swift JOB_END jobid=simulate-fnlkg34n-0
2017-02-17 11:49:12,105-0200 INFO  swift END_SUCCESS jobid=simulate-fnlkg34n tr=simulate
2017-02-17 11:49:12,105-0200 INFO  LateBindingScheduler jobs queued: 1
2017-02-17 11:49:12,105-0200 DEBUG swift PROCEDURE_END line=3 thread=2-0-7-4-14-1-33-2 name=simulation
2017-02-17 11:49:12,105-0200 INFO  LateBindingScheduler jobs queued: 1
2017-02-17 11:49:12,105-0200 DEBUG swift FILE_STAGE_OUT_END srcname=sim_9.out srcdir=p4-run003/shared/output srchost=local destdir=output desthost=localhost provider=file
2017-02-17 11:49:12,106-0200 INFO  swift END jobid=simulate-inlkg34n-0 - Staging out finished
2017-02-17 11:49:12,106-0200 INFO  LateBindingScheduler jobs queued: 0
2017-02-17 11:49:12,107-0200 INFO  LateBindingScheduler jobs queued: 1
2017-02-17 11:49:12,107-0200 DEBUG swift FILE_STAGE_OUT_END srcname=sim_9.log srcdir=p4-run003/shared/output srchost=local destdir=output desthost=localhost provider=file
2017-02-17 11:49:12,108-0200 INFO  LateBindingScheduler jobs queued: 0
2017-02-17 11:49:12,109-0200 INFO  swift END jobid=simulate-knlkg34n-0 - Staging out finished
2017-02-17 11:49:12,109-0200 INFO  LateBindingScheduler jobs queued: 0
2017-02-17 11:49:12,109-0200 DEBUG swift JOB_END jobid=simulate-cnlkg34n-0
2017-02-17 11:49:12,110-0200 INFO  swift END_SUCCESS jobid=simulate-cnlkg34n tr=simulate
2017-02-17 11:49:12,110-0200 INFO  LateBindingScheduler jobs queued: 0
2017-02-17 11:49:12,110-0200 DEBUG swift PROCEDURE_END line=3 thread=2-0-7-4-9-0-12-2 name=simulation
2017-02-17 11:49:12,110-0200 DEBUG swift JOB_END jobid=simulate-dnlkg34n-0
2017-02-17 11:49:12,110-0200 INFO  swift END_SUCCESS jobid=simulate-dnlkg34n tr=simulate
2017-02-17 11:49:12,110-0200 DEBUG swift PROCEDURE_END line=3 thread=2-0-7-4-15-2-25-2 name=simulation
2017-02-17 11:49:12,112-0200 INFO  LateBindingScheduler jobs queued: 0
2017-02-17 11:49:12,112-0200 INFO  LateBindingScheduler jobs queued: 0
2017-02-17 11:49:12,113-0200 DEBUG swift JOB_END jobid=simulate-jnlkg34n-0
2017-02-17 11:49:12,113-0200 INFO  swift END_SUCCESS jobid=simulate-jnlkg34n tr=simulate
2017-02-17 11:49:12,113-0200 DEBUG swift PROCEDURE_END line=3 thread=2-0-7-4-21-8-49-2 name=simulation
2017-02-17 11:49:12,113-0200 DEBUG swift JOB_END jobid=simulate-inlkg34n-0
2017-02-17 11:49:12,113-0200 INFO  swift END_SUCCESS jobid=simulate-inlkg34n tr=simulate
2017-02-17 11:49:12,113-0200 DEBUG swift PROCEDURE_END line=3 thread=2-0-7-4-19-6-45-2 name=simulation
2017-02-17 11:49:12,115-0200 INFO  LateBindingScheduler jobs queued: 0
2017-02-17 11:49:12,115-0200 DEBUG swift JOB_END jobid=simulate-knlkg34n-0
2017-02-17 11:49:12,115-0200 INFO  swift END_SUCCESS jobid=simulate-knlkg34n tr=simulate
2017-02-17 11:49:12,115-0200 DEBUG swift PROCEDURE_END line=3 thread=2-0-7-4-22-9-53-2 name=simulation
2017-02-17 11:49:12,127-0200 DEBUG swift FOREACH_IT_END line=20 thread=2-0-7-4-19-6
2017-02-17 11:49:12,127-0200 DEBUG swift FOREACH_IT_END line=20 thread=2-0-7-4-21-8
2017-02-17 11:49:12,127-0200 DEBUG swift FOREACH_IT_END line=20 thread=2-0-7-4-17-4
2017-02-17 11:49:12,127-0200 DEBUG swift FOREACH_IT_END line=20 thread=2-0-7-4-14-1
2017-02-17 11:49:12,127-0200 DEBUG swift FOREACH_IT_END line=20 thread=2-0-7-4-22-9
2017-02-17 11:49:12,127-0200 DEBUG swift FOREACH_IT_END line=20 thread=2-0-7-4-15-2
2017-02-17 11:49:12,127-0200 DEBUG swift FOREACH_IT_END line=20 thread=2-0-7-4-9-0
2017-02-17 11:49:12,127-0200 DEBUG swift FOREACH_IT_END line=20 thread=2-0-7-4-18-5
2017-02-17 11:49:12,785-0200 INFO  RuntimeStats$ProgressTicker HeapMax: 954728448, CrtHeap: 121110528, UsedHeap: 10535944, JVMThreads: 39
2017-02-17 11:49:12,786-0200 INFO  RuntimeStats$ProgressTicker   Active:1  Finished successfully:9
2017-02-17 11:49:13,192-0200 INFO  LateBindingScheduler jobs queued: 0
2017-02-17 11:49:13,192-0200 INFO  Execute TASK_STATUS_CHANGE taskid=task-57 status=7
2017-02-17 11:49:13,192-0200 DEBUG swift START jobid=simulate-lnlkg34n-0
2017-02-17 11:49:13,193-0200 INFO  LateBindingScheduler jobs queued: 0
2017-02-17 11:49:13,193-0200 INFO  swift SUCCESS jobid=simulate-lnlkg34n-0 - Success file found
2017-02-17 11:49:13,193-0200 DEBUG swift STAGING_OUT jobid=simulate-lnlkg34n-0
2017-02-17 11:49:13,193-0200 INFO  swift START jobid=simulate-lnlkg34n-0 - Staging out files
2017-02-17 11:49:13,193-0200 DEBUG swift stageouts: [file://localhost/output/sim_7.out, file://localhost/output/sim_7.log]
2017-02-17 11:49:13,194-0200 DEBUG swift FILE_STAGE_OUT_START srcname=sim_7.out srcdir=p4-run003/shared/output srchost=local destdir=output desthost=localhost provider=file jobid=simulate-lnlkg34n-0
2017-02-17 11:49:13,194-0200 DEBUG swift FILE_STAGE_OUT_START srcname=sim_7.log srcdir=p4-run003/shared/output srchost=local destdir=output desthost=localhost provider=file jobid=simulate-lnlkg34n-0
2017-02-17 11:49:13,194-0200 INFO  LateBindingScheduler jobs queued: 0
2017-02-17 11:49:13,194-0200 INFO  LateBindingScheduler jobs queued: 0
2017-02-17 11:49:13,195-0200 DEBUG swift CDM: file://localhost/output/sim_7.log : DEFAULT
2017-02-17 11:49:13,195-0200 DEBUG swift CDM: file://localhost/output/sim_7.out : DEFAULT
2017-02-17 11:49:13,196-0200 INFO  LateBindingScheduler jobs queued: 0
2017-02-17 11:49:13,196-0200 INFO  LateBindingScheduler jobs queued: 0
2017-02-17 11:49:13,196-0200 DEBUG swift FILE_STAGE_OUT_END srcname=sim_7.out srcdir=p4-run003/shared/output srchost=local destdir=output desthost=localhost provider=file
2017-02-17 11:49:13,197-0200 INFO  LateBindingScheduler jobs queued: 0
2017-02-17 11:49:13,197-0200 DEBUG swift FILE_STAGE_OUT_END srcname=sim_7.log srcdir=p4-run003/shared/output srchost=local destdir=output desthost=localhost provider=file
2017-02-17 11:49:13,198-0200 INFO  LateBindingScheduler jobs queued: 0
2017-02-17 11:49:13,198-0200 INFO  swift END jobid=simulate-lnlkg34n-0 - Staging out finished
2017-02-17 11:49:13,199-0200 INFO  LateBindingScheduler jobs queued: 0
2017-02-17 11:49:13,200-0200 DEBUG swift JOB_END jobid=simulate-lnlkg34n-0
2017-02-17 11:49:13,200-0200 INFO  swift END_SUCCESS jobid=simulate-lnlkg34n tr=simulate
2017-02-17 11:49:13,200-0200 DEBUG swift PROCEDURE_END line=3 thread=2-0-7-4-20-7-57-2 name=simulation
2017-02-17 11:49:13,215-0200 DEBUG swift FOREACH_IT_END line=20 thread=2-0-7-4-20-7
2017-02-17 11:49:13,215-0200 DEBUG swift JOB_INIT jobid=stats-mnlkg34n tr=stats
2017-02-17 11:49:13,215-0200 DEBUG swift JOB_SITE_SELECT jobid=stats-mnlkg34n-0
2017-02-17 11:49:13,216-0200 DEBUG swift THREAD_ASSOCIATION jobid=stats-mnlkg34n-0 host=local thread=2-0-8-5
2017-02-17 11:49:13,218-0200 INFO  swift START jobid=stats-mnlkg34n-0 host=local - Initializing directory structure
2017-02-17 11:49:13,218-0200 INFO  swift START path=_concurrent/sims-18-2-0 dir=p4-run003/shared - Creating directory structure
2017-02-17 11:49:13,219-0200 INFO  LateBindingScheduler jobs queued: 0
2017-02-17 11:49:13,219-0200 INFO  swift END jobid=stats-mnlkg34n-0 - Done initializing directory structure
2017-02-17 11:49:13,219-0200 INFO  swift START jobid=stats-mnlkg34n-0 - Staging in files [file://localhost/_concurrent/sims-18-2-0/[8], file://localhost/_concurrent/sims-18-2-0/[7], file://localhost/_concurrent/sims-18-2-0/[5], file://localhost/_concurrent/sims-18-2-0/[3], file://localhost/_concurrent/sims-18-2-0/[4], file://localhost/_concurrent/sims-18-2-0/[9], file://localhost/_concurrent/sims-18-2-0/[2], file://localhost/_concurrent/sims-18-2-0/[0], file://localhost/_concurrent/sims-18-2-0/[1], file://localhost/_concurrent/sims-18-2-0/[6]]
2017-02-17 11:49:13,220-0200 INFO  LateBindingScheduler jobs queued: 4
2017-02-17 11:49:13,221-0200 DEBUG swift CDM: file://localhost/_concurrent/sims-18-2-0/[8] : DEFAULT
2017-02-17 11:49:13,221-0200 INFO  LateBindingScheduler jobs queued: 1
2017-02-17 11:49:13,221-0200 DEBUG swift FILE_STAGE_IN_START file=[8] srchost=localhost srcdir=_concurrent/sims-18-2-0 srcname=[8] desthost=local destdir=p4-run003/shared/_concurrent/sims-18-2-0 provider=file policy=DEFAULT
2017-02-17 11:49:13,221-0200 INFO  LateBindingScheduler jobs queued: 2
2017-02-17 11:49:13,221-0200 DEBUG swift CDM: file://localhost/_concurrent/sims-18-2-0/[7] : DEFAULT
2017-02-17 11:49:13,222-0200 DEBUG swift FILE_STAGE_IN_START file=[7] srchost=localhost srcdir=_concurrent/sims-18-2-0 srcname=[7] desthost=local destdir=p4-run003/shared/_concurrent/sims-18-2-0 provider=file policy=DEFAULT
2017-02-17 11:49:13,222-0200 INFO  LateBindingScheduler jobs queued: 3
2017-02-17 11:49:13,222-0200 DEBUG swift CDM: file://localhost/_concurrent/sims-18-2-0/[5] : DEFAULT
2017-02-17 11:49:13,222-0200 DEBUG swift FILE_STAGE_IN_START file=[5] srchost=localhost srcdir=_concurrent/sims-18-2-0 srcname=[5] desthost=local destdir=p4-run003/shared/_concurrent/sims-18-2-0 provider=file policy=DEFAULT
2017-02-17 11:49:13,222-0200 INFO  LateBindingScheduler jobs queued: 3
2017-02-17 11:49:13,222-0200 DEBUG swift CDM: file://localhost/_concurrent/sims-18-2-0/[3] : DEFAULT
2017-02-17 11:49:13,222-0200 DEBUG swift CDM: file://localhost/_concurrent/sims-18-2-0/[4] : DEFAULT
2017-02-17 11:49:13,222-0200 DEBUG swift FILE_STAGE_IN_START file=[4] srchost=localhost srcdir=_concurrent/sims-18-2-0 srcname=[4] desthost=local destdir=p4-run003/shared/_concurrent/sims-18-2-0 provider=file policy=DEFAULT
2017-02-17 11:49:13,222-0200 DEBUG swift FILE_STAGE_IN_START file=[3] srchost=localhost srcdir=_concurrent/sims-18-2-0 srcname=[3] desthost=local destdir=p4-run003/shared/_concurrent/sims-18-2-0 provider=file policy=DEFAULT
2017-02-17 11:49:13,222-0200 INFO  LateBindingScheduler jobs queued: 5
2017-02-17 11:49:13,223-0200 DEBUG swift CDM: file://localhost/_concurrent/sims-18-2-0/[9] : DEFAULT
2017-02-17 11:49:13,223-0200 DEBUG swift FILE_STAGE_IN_START file=[9] srchost=localhost srcdir=_concurrent/sims-18-2-0 srcname=[9] desthost=local destdir=p4-run003/shared/_concurrent/sims-18-2-0 provider=file policy=DEFAULT
2017-02-17 11:49:13,224-0200 INFO  LateBindingScheduler jobs queued: 2
2017-02-17 11:49:13,224-0200 INFO  LateBindingScheduler jobs queued: 2
2017-02-17 11:49:13,224-0200 DEBUG swift CDM: file://localhost/_concurrent/sims-18-2-0/[0] : DEFAULT
2017-02-17 11:49:13,224-0200 DEBUG swift FILE_STAGE_IN_START file=[0] srchost=localhost srcdir=_concurrent/sims-18-2-0 srcname=[0] desthost=local destdir=p4-run003/shared/_concurrent/sims-18-2-0 provider=file policy=DEFAULT
2017-02-17 11:49:13,224-0200 INFO  LateBindingScheduler jobs queued: 3
2017-02-17 11:49:13,224-0200 INFO  LateBindingScheduler jobs queued: 3
2017-02-17 11:49:13,224-0200 DEBUG swift CDM: file://localhost/_concurrent/sims-18-2-0/[2] : DEFAULT
2017-02-17 11:49:13,225-0200 DEBUG swift FILE_STAGE_IN_START file=[2] srchost=localhost srcdir=_concurrent/sims-18-2-0 srcname=[2] desthost=local destdir=p4-run003/shared/_concurrent/sims-18-2-0 provider=file policy=DEFAULT
2017-02-17 11:49:13,225-0200 DEBUG swift CDM: file://localhost/_concurrent/sims-18-2-0/[1] : DEFAULT
2017-02-17 11:49:13,225-0200 DEBUG swift FILE_STAGE_IN_START file=[1] srchost=localhost srcdir=_concurrent/sims-18-2-0 srcname=[1] desthost=local destdir=p4-run003/shared/_concurrent/sims-18-2-0 provider=file policy=DEFAULT
2017-02-17 11:49:13,225-0200 DEBUG swift CDM: file://localhost/_concurrent/sims-18-2-0/[6] : DEFAULT
2017-02-17 11:49:13,225-0200 DEBUG swift FILE_STAGE_IN_START file=[6] srchost=localhost srcdir=_concurrent/sims-18-2-0 srcname=[6] desthost=local destdir=p4-run003/shared/_concurrent/sims-18-2-0 provider=file policy=DEFAULT
2017-02-17 11:49:13,227-0200 INFO  LateBindingScheduler jobs queued: 6
2017-02-17 11:49:13,228-0200 DEBUG swift FILE_STAGE_IN_END file=[8] srchost=localhost srcdir=_concurrent/sims-18-2-0 srcname=[8] desthost=local destdir=p4-run003/shared/_concurrent/sims-18-2-0 provider=file
2017-02-17 11:49:13,232-0200 INFO  LateBindingScheduler jobs queued: 5
2017-02-17 11:49:13,232-0200 INFO  LateBindingScheduler jobs queued: 4
2017-02-17 11:49:13,232-0200 DEBUG swift FILE_STAGE_IN_END file=[5] srchost=localhost srcdir=_concurrent/sims-18-2-0 srcname=[5] desthost=local destdir=p4-run003/shared/_concurrent/sims-18-2-0 provider=file
2017-02-17 11:49:13,233-0200 DEBUG swift FILE_STAGE_IN_END file=[7] srchost=localhost srcdir=_concurrent/sims-18-2-0 srcname=[7] desthost=local destdir=p4-run003/shared/_concurrent/sims-18-2-0 provider=file
2017-02-17 11:49:13,233-0200 INFO  LateBindingScheduler jobs queued: 3
2017-02-17 11:49:13,234-0200 DEBUG swift FILE_STAGE_IN_END file=[4] srchost=localhost srcdir=_concurrent/sims-18-2-0 srcname=[4] desthost=local destdir=p4-run003/shared/_concurrent/sims-18-2-0 provider=file
2017-02-17 11:49:13,234-0200 INFO  LateBindingScheduler jobs queued: 2
2017-02-17 11:49:13,235-0200 DEBUG swift FILE_STAGE_IN_END file=[3] srchost=localhost srcdir=_concurrent/sims-18-2-0 srcname=[3] desthost=local destdir=p4-run003/shared/_concurrent/sims-18-2-0 provider=file
2017-02-17 11:49:13,236-0200 INFO  LateBindingScheduler jobs queued: 1
2017-02-17 11:49:13,236-0200 INFO  LateBindingScheduler jobs queued: 1
2017-02-17 11:49:13,236-0200 DEBUG swift FILE_STAGE_IN_END file=[2] srchost=localhost srcdir=_concurrent/sims-18-2-0 srcname=[2] desthost=local destdir=p4-run003/shared/_concurrent/sims-18-2-0 provider=file
2017-02-17 11:49:13,236-0200 DEBUG swift FILE_STAGE_IN_END file=[9] srchost=localhost srcdir=_concurrent/sims-18-2-0 srcname=[9] desthost=local destdir=p4-run003/shared/_concurrent/sims-18-2-0 provider=file
2017-02-17 11:49:13,237-0200 INFO  LateBindingScheduler jobs queued: 0
2017-02-17 11:49:13,237-0200 DEBUG swift FILE_STAGE_IN_END file=[1] srchost=localhost srcdir=_concurrent/sims-18-2-0 srcname=[1] desthost=local destdir=p4-run003/shared/_concurrent/sims-18-2-0 provider=file
2017-02-17 11:49:13,237-0200 INFO  LateBindingScheduler jobs queued: 0
2017-02-17 11:49:13,237-0200 DEBUG swift FILE_STAGE_IN_END file=[6] srchost=localhost srcdir=_concurrent/sims-18-2-0 srcname=[6] desthost=local destdir=p4-run003/shared/_concurrent/sims-18-2-0 provider=file
2017-02-17 11:49:13,239-0200 INFO  LateBindingScheduler jobs queued: 0
2017-02-17 11:49:13,240-0200 DEBUG swift FILE_STAGE_IN_END file=[0] srchost=localhost srcdir=_concurrent/sims-18-2-0 srcname=[0] desthost=local destdir=p4-run003/shared/_concurrent/sims-18-2-0 provider=file
2017-02-17 11:49:13,240-0200 INFO  swift END jobid=stats-mnlkg34n-0 - Staging in finished
2017-02-17 11:49:13,241-0200 DEBUG swift JOB_START jobid=stats-mnlkg34n-0 tr=stats arguments=[_concurrent/sims-18-2-0/[0] _concurrent/sims-18-2-0/[1] _concurrent/sims-18-2-0/[2] _concurrent/sims-18-2-0/[3] _concurrent/sims-18-2-0/[4] _concurrent/sims-18-2-0/[5] _concurrent/sims-18-2-0/[6] _concurrent/sims-18-2-0/[7] _concurrent/sims-18-2-0/[8] _concurrent/sims-18-2-0/[9]] tmpdir=p4-run003/jobs/s/stats-mnlkg34n-0
2017-02-17 11:49:13,241-0200 INFO  Execute JOB_TASK jobid=stats-mnlkg34n-0 taskid=task-8 exec=/bin/bash dir=p4-run003 args=shared/_swiftwrap stats-mnlkg34n-0 -jobdir s -scratch  -e stats -out output/average.out -err output/average.log -i -d _concurrent/sims-18-2-0|output -if _concurrent/sims-18-2-0/[8]|_concurrent/sims-18-2-0/[7]|_concurrent/sims-18-2-0/[5]|_concurrent/sims-18-2-0/[3]|_concurrent/sims-18-2-0/[4]|_concurrent/sims-18-2-0/[9]|_concurrent/sims-18-2-0/[2]|_concurrent/sims-18-2-0/[0]|_concurrent/sims-18-2-0/[1]|_concurrent/sims-18-2-0/[6] -of output/average.log|output/average.out -cf  -cdmfile -status files -a _concurrent/sims-18-2-0/[0] _concurrent/sims-18-2-0/[1] _concurrent/sims-18-2-0/[2] _concurrent/sims-18-2-0/[3] _concurrent/sims-18-2-0/[4] _concurrent/sims-18-2-0/[5] _concurrent/sims-18-2-0/[6] _concurrent/sims-18-2-0/[7] _concurrent/sims-18-2-0/[8] _concurrent/sims-18-2-0/[9]
2017-02-17 11:49:13,242-0200 INFO  Execute TASK_STATUS_CHANGE taskid=task-8 status=8
2017-02-17 11:49:13,242-0200 INFO  Execute TASK_STATUS_CHANGE taskid=task-8 status=1
2017-02-17 11:49:13,243-0200 INFO  Execute TASK_STATUS_CHANGE taskid=task-8 status=2
2017-02-17 11:49:13,324-0200 INFO  LateBindingScheduler jobs queued: 0
2017-02-17 11:49:13,324-0200 INFO  Execute TASK_STATUS_CHANGE taskid=task-8 status=7
2017-02-17 11:49:13,324-0200 DEBUG swift START jobid=stats-mnlkg34n-0
2017-02-17 11:49:13,325-0200 INFO  LateBindingScheduler jobs queued: 0
2017-02-17 11:49:13,325-0200 INFO  swift SUCCESS jobid=stats-mnlkg34n-0 - Success file found
2017-02-17 11:49:13,325-0200 DEBUG swift STAGING_OUT jobid=stats-mnlkg34n-0
2017-02-17 11:49:13,325-0200 INFO  swift START jobid=stats-mnlkg34n-0 - Staging out files
2017-02-17 11:49:13,325-0200 DEBUG swift stageouts: [file://localhost/output/average.log, file://localhost/output/average.out]
2017-02-17 11:49:13,326-0200 DEBUG swift FILE_STAGE_OUT_START srcname=average.log srcdir=p4-run003/shared/output srchost=local destdir=output desthost=localhost provider=file jobid=stats-mnlkg34n-0
2017-02-17 11:49:13,326-0200 DEBUG swift FILE_STAGE_OUT_START srcname=average.out srcdir=p4-run003/shared/output srchost=local destdir=output desthost=localhost provider=file jobid=stats-mnlkg34n-0
2017-02-17 11:49:13,326-0200 INFO  LateBindingScheduler jobs queued: 0
2017-02-17 11:49:13,326-0200 INFO  LateBindingScheduler jobs queued: 0
2017-02-17 11:49:13,327-0200 DEBUG swift CDM: file://localhost/output/average.out : DEFAULT
2017-02-17 11:49:13,327-0200 DEBUG swift CDM: file://localhost/output/average.log : DEFAULT
2017-02-17 11:49:13,334-0200 INFO  LateBindingScheduler jobs queued: 0
2017-02-17 11:49:13,334-0200 INFO  LateBindingScheduler jobs queued: 0
2017-02-17 11:49:13,337-0200 DEBUG swift FILE_STAGE_OUT_END srcname=average.log srcdir=p4-run003/shared/output srchost=local destdir=output desthost=localhost provider=file
2017-02-17 11:49:13,338-0200 DEBUG swift FILE_STAGE_OUT_END srcname=average.out srcdir=p4-run003/shared/output srchost=local destdir=output desthost=localhost provider=file
2017-02-17 11:49:13,339-0200 INFO  LateBindingScheduler jobs queued: 0
2017-02-17 11:49:13,339-0200 INFO  LateBindingScheduler jobs queued: 0
2017-02-17 11:49:13,340-0200 INFO  swift END jobid=stats-mnlkg34n-0 - Staging out finished
2017-02-17 11:49:13,341-0200 INFO  LateBindingScheduler jobs queued: 0
2017-02-17 11:49:13,342-0200 DEBUG swift JOB_END jobid=stats-mnlkg34n-0
2017-02-17 11:49:13,343-0200 INFO  swift END_SUCCESS jobid=stats-mnlkg34n tr=stats
2017-02-17 11:49:13,343-0200 DEBUG swift PROCEDURE_END line=8 thread=2-0-8-5 name=analyze
2017-02-17 11:49:13,343-0200 INFO  RuntimeStats$ProgressTicker HeapMax: 954728448, CrtHeap: 121110528, UsedHeap: 12097656, JVMThreads: 39
2017-02-17 11:49:13,343-0200 INFO  RuntimeStats$ProgressTicker   Finished successfully:11
2017-02-17 11:49:13,356-0200 DEBUG swift Starting cleanups
2017-02-17 11:49:13,357-0200 INFO  swift START cleanups=[[p4-run003, local]]
2017-02-17 11:49:13,357-0200 INFO  swift START dir=p4-run003 host=local
2017-02-17 11:49:13,357-0200 DEBUG swift cdmfile 
2017-02-17 11:49:13,357-0200 INFO  LateBindingScheduler jobs queued: 0
2017-02-17 11:49:13,358-0200 INFO  swift END dir=p4-run003 host=local
2017-02-17 11:49:13,360-0200 INFO  swift END cleanups=[[p4-run003, local]]
2017-02-17 11:49:13,360-0200 DEBUG swift Ending cleanups
2017-02-17 11:49:13,362-0200 INFO  Loader Swift finished with no errors
