2017-02-16 21:38:26,416-0200 INFO  Loader JAVA Oracle Corporation Java HotSpot(TM) 64-Bit Server VM 1.7.0_80
2017-02-16 21:38:26,418-0200 INFO  Loader VERSION Swift trunk git-rev: 18aec82244c5611381528bc361888c553570c66e heads/master 6574
2017-02-16 21:38:26,418-0200 INFO  Loader RUN_ID run001
2017-02-16 21:38:26,418-0200 INFO  Loader ARGUMENTS [-runid, run001, -logfile, /home/mondelli/Dropbox/Docker/swift_verao/uteis/tutorial/part02/run001/swift.log, p2.swift]
2017-02-16 21:38:26,418-0200 INFO  Loader MAX_HEAP 954728448
2017-02-16 21:38:26,418-0200 INFO  Loader GLOBUS_HOSTNAME mondelli-520U4C
2017-02-16 21:38:26,418-0200 INFO  Loader CWD /home/mondelli/Dropbox/Docker/swift_verao/uteis/tutorial/part02/.
2017-02-16 21:38:26,420-0200 DEBUG Loader SWIFT_CONFIGURATION 
[D] /home/mondelli/swift-k/dist/swift-svn/etc/swift.conf
[C] <Command Line>
{
	TCPPortRange: "50000, 50100"                               # [D] line 27
	alwaysTransferWrapperLog: true                             # [D] line 61
	executionRetries: 0                                        # [D] line 137
	fileOperationsThrottle: 8                                  # [D] line 121
	fileTransfersThrottle: 4                                   # [D] line 107
	hostJobSubmitThrottle: 2                                   # [D] line 95
	jobSubmitThrottle: 4                                       # [D] line 83
	keepSiteDir: false                                         # [D] line 131
	lazyErrors: true                                           # [D] line 41
	logProvenance: false                                       # [D] line 200
	maxForeachThreads: 16384                                   # [D] line 194
	replicationEnabled: false                                  # [D] line 146
	replicationLimit: 3                                        # [D] line 157
	replicationMinQueueTime: 60                                # [D] line 153
	site.local {
		app.ALL.executable: "*"                                   # [D] line 235
		execution.type: "local"                                   # [D] line 223
		filesystem.type: "local"                                  # [D] line 226
		initialParallelTasks: 8                                   # [D] line 230
		maxParallelTasks: 16                                      # [D] line 229
		workDirectory: "swiftwork"                                # [D] line 232
	}
	sites: [local]                                             # [D] line 239
	tracingEnabled: false                                      # [D] line 51
}

2017-02-16 21:38:26,421-0200 DEBUG textfiles BEGIN SWIFTSCRIPT:
type file;

app (file o) simulation ()
{
  simulate stdout=filename(o);
}

foreach i in [0:9] {
  file f <single_file_mapper; file=strcat("output/sim_",i,".out")>;
  f = simulation();
}


2017-02-16 21:38:26,421-0200 DEBUG textfiles END SWIFTSCRIPT:
2017-02-16 21:38:26,421-0200 INFO  Loader p2.swift: source file is new. Recompiling.
2017-02-16 21:38:27,569-0200 INFO  Loader RUN_START
2017-02-16 21:38:27,574-0200 INFO  SwiftExecutor swift.home = /home/mondelli/swift-k/dist/swift-svn
2017-02-16 21:38:27,606-0200 INFO  AbstractScheduler Setting resources to: {local=local}
2017-02-16 21:38:27,614-0200 INFO  GlobalSubmitQueue No global submit throttle set. Using default (1024)
2017-02-16 21:38:27,633-0200 INFO  LateBindingScheduler jobs queued: 0
2017-02-16 21:38:27,634-0200 INFO  LateBindingScheduler jobs queued: 0
2017-02-16 21:38:27,636-0200 INFO  LateBindingScheduler jobs queued: 0
2017-02-16 21:38:27,645-0200 INFO  RuntimeStats$ProgressTicker HeapMax: 954728448, CrtHeap: 121110528, UsedHeap: 35082640, JVMThreads: 16
2017-02-16 21:38:27,646-0200 INFO  RuntimeStats$ProgressTicker 
2017-02-16 21:38:27,655-0200 DEBUG swift FOREACH_IT_START line=8 thread=2-0-3-0
2017-02-16 21:38:27,655-0200 DEBUG swift SCOPE thread=2-0-3-0
2017-02-16 21:38:27,656-0200 DEBUG swift FOREACH_IT_START line=8 thread=2-0-6-3
2017-02-16 21:38:27,656-0200 DEBUG swift FOREACH_IT_START line=8 thread=2-0-7-4
2017-02-16 21:38:27,656-0200 DEBUG swift SCOPE thread=2-0-7-4
2017-02-16 21:38:27,656-0200 DEBUG swift FOREACH_IT_START line=8 thread=2-0-8-5
2017-02-16 21:38:27,656-0200 DEBUG swift SCOPE thread=2-0-8-5
2017-02-16 21:38:27,656-0200 DEBUG swift FOREACH_IT_START line=8 thread=2-0-9-6
2017-02-16 21:38:27,656-0200 DEBUG swift SCOPE thread=2-0-9-6
2017-02-16 21:38:27,657-0200 DEBUG swift FOREACH_IT_START line=8 thread=2-0-10-7
2017-02-16 21:38:27,657-0200 DEBUG swift SCOPE thread=2-0-10-7
2017-02-16 21:38:27,661-0200 DEBUG swift FOREACH_IT_START line=8 thread=2-0-12-9
2017-02-16 21:38:27,661-0200 DEBUG swift SCOPE thread=2-0-12-9
2017-02-16 21:38:27,655-0200 DEBUG swift FOREACH_IT_START line=8 thread=2-0-4-1
2017-02-16 21:38:27,661-0200 DEBUG swift SCOPE thread=2-0-4-1
2017-02-16 21:38:27,662-0200 DEBUG swift PROCEDURE line=3 thread=2-0-9-6-17-1 name=simulation
2017-02-16 21:38:27,661-0200 DEBUG swift FOREACH_IT_START line=8 thread=2-0-11-8
2017-02-16 21:38:27,662-0200 DEBUG swift SCOPE thread=2-0-11-8
2017-02-16 21:38:27,662-0200 DEBUG swift FOREACH_IT_START line=8 thread=2-0-5-2
2017-02-16 21:38:27,662-0200 DEBUG swift SCOPE thread=2-0-5-2
2017-02-16 21:38:27,662-0200 DEBUG swift PROCEDURE line=3 thread=2-0-3-0-16-1 name=simulation
2017-02-16 21:38:27,664-0200 DEBUG swift JOB_INIT jobid=simulate-ly3kh24n tr=simulate
2017-02-16 21:38:27,656-0200 DEBUG swift SCOPE thread=2-0-6-3
2017-02-16 21:38:27,662-0200 DEBUG swift PROCEDURE line=3 thread=2-0-10-7-18-1 name=simulation
2017-02-16 21:38:27,665-0200 DEBUG swift JOB_INIT jobid=simulate-my3kh24n tr=simulate
2017-02-16 21:38:27,665-0200 DEBUG swift PROCEDURE line=3 thread=2-0-8-5-20-1 name=simulation
2017-02-16 21:38:27,665-0200 DEBUG swift JOB_INIT jobid=simulate-ny3kh24n tr=simulate
2017-02-16 21:38:27,668-0200 DEBUG swift PROCEDURE line=3 thread=2-0-4-1-22-1 name=simulation
2017-02-16 21:38:27,668-0200 DEBUG swift JOB_INIT jobid=simulate-oy3kh24n tr=simulate
2017-02-16 21:38:27,668-0200 DEBUG swift PROCEDURE line=3 thread=2-0-12-9-24-1 name=simulation
2017-02-16 21:38:27,669-0200 DEBUG swift JOB_INIT jobid=simulate-py3kh24n tr=simulate
2017-02-16 21:38:27,669-0200 DEBUG swift JOB_SITE_SELECT jobid=simulate-oy3kh24n-0
2017-02-16 21:38:27,669-0200 DEBUG swift PROCEDURE line=3 thread=2-0-11-8-26-1 name=simulation
2017-02-16 21:38:27,669-0200 DEBUG swift JOB_INIT jobid=simulate-qy3kh24n tr=simulate
2017-02-16 21:38:27,669-0200 DEBUG swift JOB_SITE_SELECT jobid=simulate-qy3kh24n-0
2017-02-16 21:38:27,669-0200 DEBUG swift JOB_SITE_SELECT jobid=simulate-py3kh24n-0
2017-02-16 21:38:27,669-0200 DEBUG swift JOB_SITE_SELECT jobid=simulate-ny3kh24n-0
2017-02-16 21:38:27,671-0200 DEBUG swift PROCEDURE line=3 thread=2-0-5-2-28-1 name=simulation
2017-02-16 21:38:27,672-0200 DEBUG swift JOB_INIT jobid=simulate-ry3kh24n tr=simulate
2017-02-16 21:38:27,672-0200 DEBUG swift JOB_SITE_SELECT jobid=simulate-ry3kh24n-0
2017-02-16 21:38:27,673-0200 DEBUG swift JOB_INIT jobid=simulate-sy3kh24n tr=simulate
2017-02-16 21:38:27,673-0200 DEBUG swift JOB_SITE_SELECT jobid=simulate-sy3kh24n-0
2017-02-16 21:38:27,673-0200 DEBUG swift PROCEDURE line=3 thread=2-0-7-4-30-1 name=simulation
2017-02-16 21:38:27,673-0200 DEBUG swift PROCEDURE line=3 thread=2-0-6-3-32-1 name=simulation
2017-02-16 21:38:27,673-0200 DEBUG swift JOB_SITE_SELECT jobid=simulate-my3kh24n-0
2017-02-16 21:38:27,674-0200 DEBUG swift JOB_INIT jobid=simulate-uy3kh24n tr=simulate
2017-02-16 21:38:27,674-0200 DEBUG swift JOB_SITE_SELECT jobid=simulate-uy3kh24n-0
2017-02-16 21:38:27,674-0200 DEBUG swift JOB_SITE_SELECT jobid=simulate-ly3kh24n-0
2017-02-16 21:38:27,674-0200 DEBUG swift JOB_INIT jobid=simulate-ty3kh24n tr=simulate
2017-02-16 21:38:27,674-0200 DEBUG swift JOB_SITE_SELECT jobid=simulate-ty3kh24n-0
2017-02-16 21:38:27,674-0200 DEBUG swift THREAD_ASSOCIATION jobid=simulate-qy3kh24n-0 host=local thread=2-0-11-8-26-1
2017-02-16 21:38:27,675-0200 DEBUG swift THREAD_ASSOCIATION jobid=simulate-sy3kh24n-0 host=local thread=2-0-9-6-17-1
2017-02-16 21:38:27,679-0200 DEBUG swift THREAD_ASSOCIATION jobid=simulate-py3kh24n-0 host=local thread=2-0-12-9-24-1
2017-02-16 21:38:27,680-0200 DEBUG swift THREAD_ASSOCIATION jobid=simulate-ry3kh24n-0 host=local thread=2-0-5-2-28-1
2017-02-16 21:38:27,680-0200 DEBUG swift THREAD_ASSOCIATION jobid=simulate-oy3kh24n-0 host=local thread=2-0-4-1-22-1
2017-02-16 21:38:27,676-0200 DEBUG swift THREAD_ASSOCIATION jobid=simulate-ty3kh24n-0 host=local thread=2-0-7-4-30-1
2017-02-16 21:38:27,675-0200 DEBUG swift THREAD_ASSOCIATION jobid=simulate-ly3kh24n-0 host=local thread=2-0-3-0-16-1
2017-02-16 21:38:27,675-0200 DEBUG swift THREAD_ASSOCIATION jobid=simulate-uy3kh24n-0 host=local thread=2-0-6-3-32-1
2017-02-16 21:38:27,675-0200 DEBUG swift THREAD_ASSOCIATION jobid=simulate-my3kh24n-0 host=local thread=2-0-10-7-18-1
2017-02-16 21:38:27,675-0200 INFO  swift START host=local - Initializing shared directory
2017-02-16 21:38:27,682-0200 INFO  LateBindingScheduler jobs queued: 1
2017-02-16 21:38:27,703-0200 INFO  LateBindingScheduler jobs queued: 1
2017-02-16 21:38:27,704-0200 INFO  LateBindingScheduler jobs queued: 1
2017-02-16 21:38:27,704-0200 INFO  LateBindingScheduler jobs queued: 1
2017-02-16 21:38:27,706-0200 INFO  swift END host=local - Done initializing shared directory
2017-02-16 21:38:27,708-0200 INFO  swift START jobid=simulate-qy3kh24n-0 host=local - Initializing directory structure
2017-02-16 21:38:27,708-0200 INFO  swift START jobid=simulate-oy3kh24n-0 host=local - Initializing directory structure
2017-02-16 21:38:27,708-0200 INFO  swift START jobid=simulate-ry3kh24n-0 host=local - Initializing directory structure
2017-02-16 21:38:27,708-0200 INFO  swift START path=output dir=p2-run001/shared - Creating directory structure
2017-02-16 21:38:27,709-0200 INFO  swift START jobid=simulate-py3kh24n-0 host=local - Initializing directory structure
2017-02-16 21:38:27,709-0200 INFO  swift START jobid=simulate-my3kh24n-0 host=local - Initializing directory structure
2017-02-16 21:38:27,709-0200 INFO  swift START jobid=simulate-uy3kh24n-0 host=local - Initializing directory structure
2017-02-16 21:38:27,709-0200 INFO  LateBindingScheduler jobs queued: 1
2017-02-16 21:38:27,709-0200 INFO  swift START jobid=simulate-ly3kh24n-0 host=local - Initializing directory structure
2017-02-16 21:38:27,709-0200 INFO  swift START jobid=simulate-ty3kh24n-0 host=local - Initializing directory structure
2017-02-16 21:38:27,709-0200 INFO  swift END jobid=simulate-qy3kh24n-0 - Done initializing directory structure
2017-02-16 21:38:27,709-0200 INFO  swift START jobid=simulate-qy3kh24n-0 - Staging in files []
2017-02-16 21:38:27,710-0200 INFO  swift END jobid=simulate-qy3kh24n-0 - Staging in finished
2017-02-16 21:38:27,710-0200 INFO  swift START jobid=simulate-sy3kh24n-0 host=local - Initializing directory structure
2017-02-16 21:38:27,710-0200 DEBUG swift JOB_START jobid=simulate-qy3kh24n-0 tr=simulate arguments=[] tmpdir=p2-run001/jobs/s/simulate-qy3kh24n-0
2017-02-16 21:38:27,710-0200 INFO  swift END jobid=simulate-sy3kh24n-0 - Done initializing directory structure
2017-02-16 21:38:27,710-0200 INFO  swift START jobid=simulate-sy3kh24n-0 - Staging in files []
2017-02-16 21:38:27,710-0200 INFO  swift END jobid=simulate-sy3kh24n-0 - Staging in finished
2017-02-16 21:38:27,710-0200 DEBUG swift JOB_START jobid=simulate-sy3kh24n-0 tr=simulate arguments=[] tmpdir=p2-run001/jobs/s/simulate-sy3kh24n-0
2017-02-16 21:38:27,713-0200 INFO  swift END jobid=simulate-ry3kh24n-0 - Done initializing directory structure
2017-02-16 21:38:27,713-0200 INFO  swift END jobid=simulate-oy3kh24n-0 - Done initializing directory structure
2017-02-16 21:38:27,713-0200 INFO  swift START jobid=simulate-ry3kh24n-0 - Staging in files []
2017-02-16 21:38:27,713-0200 INFO  swift START jobid=simulate-oy3kh24n-0 - Staging in files []
2017-02-16 21:38:27,713-0200 INFO  Execute JOB_TASK jobid=simulate-qy3kh24n-0 taskid=task-26 exec=/bin/bash dir=p2-run001 args=shared/_swiftwrap simulate-qy3kh24n-0 -jobdir s -scratch  -e simulate -out output/sim_8.out -err stderr.txt -i -d output -if  -of output/sim_8.out -cf  -cdmfile -status files -a
2017-02-16 21:38:27,713-0200 INFO  swift END jobid=simulate-ry3kh24n-0 - Staging in finished
2017-02-16 21:38:27,713-0200 INFO  swift END jobid=simulate-oy3kh24n-0 - Staging in finished
2017-02-16 21:38:27,713-0200 DEBUG swift JOB_START jobid=simulate-ry3kh24n-0 tr=simulate arguments=[] tmpdir=p2-run001/jobs/s/simulate-ry3kh24n-0
2017-02-16 21:38:27,713-0200 DEBUG swift JOB_START jobid=simulate-oy3kh24n-0 tr=simulate arguments=[] tmpdir=p2-run001/jobs/s/simulate-oy3kh24n-0
2017-02-16 21:38:27,713-0200 INFO  Execute JOB_TASK jobid=simulate-oy3kh24n-0 taskid=task-22 exec=/bin/bash dir=p2-run001 args=shared/_swiftwrap simulate-oy3kh24n-0 -jobdir s -scratch  -e simulate -out output/sim_1.out -err stderr.txt -i -d output -if  -of output/sim_1.out -cf  -cdmfile -status files -a
2017-02-16 21:38:27,714-0200 INFO  swift END jobid=simulate-py3kh24n-0 - Done initializing directory structure
2017-02-16 21:38:27,714-0200 INFO  swift START jobid=simulate-py3kh24n-0 - Staging in files []
2017-02-16 21:38:27,714-0200 INFO  swift END jobid=simulate-py3kh24n-0 - Staging in finished
2017-02-16 21:38:27,714-0200 INFO  swift END jobid=simulate-my3kh24n-0 - Done initializing directory structure
2017-02-16 21:38:27,714-0200 INFO  swift START jobid=simulate-my3kh24n-0 - Staging in files []
2017-02-16 21:38:27,714-0200 DEBUG swift JOB_START jobid=simulate-py3kh24n-0 tr=simulate arguments=[] tmpdir=p2-run001/jobs/s/simulate-py3kh24n-0
2017-02-16 21:38:27,714-0200 INFO  swift END jobid=simulate-my3kh24n-0 - Staging in finished
2017-02-16 21:38:27,714-0200 DEBUG swift JOB_START jobid=simulate-my3kh24n-0 tr=simulate arguments=[] tmpdir=p2-run001/jobs/s/simulate-my3kh24n-0
2017-02-16 21:38:27,714-0200 INFO  Execute JOB_TASK jobid=simulate-py3kh24n-0 taskid=task-24 exec=/bin/bash dir=p2-run001 args=shared/_swiftwrap simulate-py3kh24n-0 -jobdir s -scratch  -e simulate -out output/sim_9.out -err stderr.txt -i -d output -if  -of output/sim_9.out -cf  -cdmfile -status files -a
2017-02-16 21:38:27,714-0200 INFO  Execute JOB_TASK jobid=simulate-my3kh24n-0 taskid=task-18 exec=/bin/bash dir=p2-run001 args=shared/_swiftwrap simulate-my3kh24n-0 -jobdir s -scratch  -e simulate -out output/sim_7.out -err stderr.txt -i -d output -if  -of output/sim_7.out -cf  -cdmfile -status files -a
2017-02-16 21:38:27,714-0200 INFO  swift END jobid=simulate-uy3kh24n-0 - Done initializing directory structure
2017-02-16 21:38:27,714-0200 INFO  swift START jobid=simulate-uy3kh24n-0 - Staging in files []
2017-02-16 21:38:27,714-0200 INFO  swift END jobid=simulate-ly3kh24n-0 - Done initializing directory structure
2017-02-16 21:38:27,715-0200 INFO  swift END jobid=simulate-uy3kh24n-0 - Staging in finished
2017-02-16 21:38:27,715-0200 INFO  swift START jobid=simulate-ly3kh24n-0 - Staging in files []
2017-02-16 21:38:27,715-0200 DEBUG swift JOB_START jobid=simulate-uy3kh24n-0 tr=simulate arguments=[] tmpdir=p2-run001/jobs/s/simulate-uy3kh24n-0
2017-02-16 21:38:27,715-0200 INFO  swift END jobid=simulate-ly3kh24n-0 - Staging in finished
2017-02-16 21:38:27,715-0200 DEBUG swift JOB_START jobid=simulate-ly3kh24n-0 tr=simulate arguments=[] tmpdir=p2-run001/jobs/s/simulate-ly3kh24n-0
2017-02-16 21:38:27,715-0200 INFO  Execute JOB_TASK jobid=simulate-uy3kh24n-0 taskid=task-32 exec=/bin/bash dir=p2-run001 args=shared/_swiftwrap simulate-uy3kh24n-0 -jobdir s -scratch  -e simulate -out output/sim_3.out -err stderr.txt -i -d output -if  -of output/sim_3.out -cf  -cdmfile -status files -a
2017-02-16 21:38:27,715-0200 INFO  Execute JOB_TASK jobid=simulate-ly3kh24n-0 taskid=task-16 exec=/bin/bash dir=p2-run001 args=shared/_swiftwrap simulate-ly3kh24n-0 -jobdir s -scratch  -e simulate -out output/sim_0.out -err stderr.txt -i -d output -if  -of output/sim_0.out -cf  -cdmfile -status files -a
2017-02-16 21:38:27,715-0200 INFO  Execute JOB_TASK jobid=simulate-sy3kh24n-0 taskid=task-17 exec=/bin/bash dir=p2-run001 args=shared/_swiftwrap simulate-sy3kh24n-0 -jobdir s -scratch  -e simulate -out output/sim_6.out -err stderr.txt -i -d output -if  -of output/sim_6.out -cf  -cdmfile -status files -a
2017-02-16 21:38:27,716-0200 INFO  swift END jobid=simulate-ty3kh24n-0 - Done initializing directory structure
2017-02-16 21:38:27,716-0200 INFO  swift START jobid=simulate-ty3kh24n-0 - Staging in files []
2017-02-16 21:38:27,716-0200 INFO  swift END jobid=simulate-ty3kh24n-0 - Staging in finished
2017-02-16 21:38:27,716-0200 DEBUG swift JOB_START jobid=simulate-ty3kh24n-0 tr=simulate arguments=[] tmpdir=p2-run001/jobs/s/simulate-ty3kh24n-0
2017-02-16 21:38:27,716-0200 INFO  Execute JOB_TASK jobid=simulate-ty3kh24n-0 taskid=task-30 exec=/bin/bash dir=p2-run001 args=shared/_swiftwrap simulate-ty3kh24n-0 -jobdir s -scratch  -e simulate -out output/sim_4.out -err stderr.txt -i -d output -if  -of output/sim_4.out -cf  -cdmfile -status files -a
2017-02-16 21:38:27,713-0200 INFO  Execute JOB_TASK jobid=simulate-ry3kh24n-0 taskid=task-28 exec=/bin/bash dir=p2-run001 args=shared/_swiftwrap simulate-ry3kh24n-0 -jobdir s -scratch  -e simulate -out output/sim_2.out -err stderr.txt -i -d output -if  -of output/sim_2.out -cf  -cdmfile -status files -a
2017-02-16 21:38:27,721-0200 INFO  Execute TASK_STATUS_CHANGE taskid=task-26 status=8
2017-02-16 21:38:27,721-0200 INFO  Execute TASK_STATUS_CHANGE taskid=task-24 status=8
2017-02-16 21:38:27,722-0200 INFO  Execute TASK_STATUS_CHANGE taskid=task-26 status=1
2017-02-16 21:38:27,722-0200 INFO  Execute TASK_STATUS_CHANGE taskid=task-18 status=8
2017-02-16 21:38:27,724-0200 INFO  Execute TASK_STATUS_CHANGE taskid=task-24 status=1
2017-02-16 21:38:27,724-0200 INFO  Execute TASK_STATUS_CHANGE taskid=task-32 status=8
2017-02-16 21:38:27,727-0200 INFO  Execute TASK_STATUS_CHANGE taskid=task-18 status=1
2017-02-16 21:38:27,727-0200 INFO  Execute TASK_STATUS_CHANGE taskid=task-16 status=8
2017-02-16 21:38:27,727-0200 INFO  Execute TASK_STATUS_CHANGE taskid=task-24 status=2
2017-02-16 21:38:27,731-0200 INFO  Execute TASK_STATUS_CHANGE taskid=task-26 status=2
2017-02-16 21:38:27,732-0200 INFO  Execute TASK_STATUS_CHANGE taskid=task-32 status=1
2017-02-16 21:38:27,732-0200 INFO  Execute TASK_STATUS_CHANGE taskid=task-17 status=8
2017-02-16 21:38:27,732-0200 INFO  Execute TASK_STATUS_CHANGE taskid=task-17 status=1
2017-02-16 21:38:27,732-0200 INFO  Execute TASK_STATUS_CHANGE taskid=task-22 status=8
2017-02-16 21:38:27,736-0200 INFO  Execute TASK_STATUS_CHANGE taskid=task-18 status=2
2017-02-16 21:38:27,742-0200 INFO  Execute TASK_STATUS_CHANGE taskid=task-16 status=1
2017-02-16 21:38:27,742-0200 INFO  Execute TASK_STATUS_CHANGE taskid=task-32 status=2
2017-02-16 21:38:27,742-0200 INFO  Execute TASK_STATUS_CHANGE taskid=task-30 status=8
2017-02-16 21:38:27,762-0200 INFO  Execute TASK_STATUS_CHANGE taskid=task-17 status=2
2017-02-16 21:38:27,771-0200 INFO  Execute TASK_STATUS_CHANGE taskid=task-22 status=1
2017-02-16 21:38:27,771-0200 INFO  Execute TASK_STATUS_CHANGE taskid=task-28 status=8
2017-02-16 21:38:27,775-0200 INFO  Execute TASK_STATUS_CHANGE taskid=task-28 status=1
2017-02-16 21:38:27,782-0200 INFO  Execute TASK_STATUS_CHANGE taskid=task-22 status=2
2017-02-16 21:38:27,782-0200 INFO  Execute TASK_STATUS_CHANGE taskid=task-16 status=2
2017-02-16 21:38:27,787-0200 INFO  Execute TASK_STATUS_CHANGE taskid=task-30 status=1
2017-02-16 21:38:27,814-0200 INFO  Execute TASK_STATUS_CHANGE taskid=task-28 status=2
2017-02-16 21:38:27,818-0200 INFO  Execute TASK_STATUS_CHANGE taskid=task-30 status=2
2017-02-16 21:38:27,907-0200 INFO  LateBindingScheduler jobs queued: 1
2017-02-16 21:38:27,907-0200 INFO  Execute TASK_STATUS_CHANGE taskid=task-17 status=7
2017-02-16 21:38:27,908-0200 DEBUG swift START jobid=simulate-sy3kh24n-0
2017-02-16 21:38:27,909-0200 INFO  LateBindingScheduler jobs queued: 1
2017-02-16 21:38:27,910-0200 INFO  swift SUCCESS jobid=simulate-sy3kh24n-0 - Success file found
2017-02-16 21:38:27,910-0200 DEBUG swift STAGING_OUT jobid=simulate-sy3kh24n-0
2017-02-16 21:38:27,910-0200 INFO  swift START jobid=simulate-sy3kh24n-0 - Staging out files
2017-02-16 21:38:27,910-0200 DEBUG swift stageouts: [file://localhost/output/sim_6.out]
2017-02-16 21:38:27,913-0200 DEBUG swift FILE_STAGE_OUT_START srcname=sim_6.out srcdir=p2-run001/shared/output srchost=local destdir=output desthost=localhost provider=file jobid=simulate-sy3kh24n-0
2017-02-16 21:38:27,914-0200 INFO  LateBindingScheduler jobs queued: 1
2017-02-16 21:38:27,918-0200 DEBUG swift CDM: file://localhost/output/sim_6.out : DEFAULT
2017-02-16 21:38:27,918-0200 INFO  LateBindingScheduler jobs queued: 1
2017-02-16 21:38:27,919-0200 INFO  Execute TASK_STATUS_CHANGE taskid=task-26 status=7
2017-02-16 21:38:27,919-0200 DEBUG swift START jobid=simulate-qy3kh24n-0
2017-02-16 21:38:27,920-0200 INFO  LateBindingScheduler jobs queued: 1
2017-02-16 21:38:27,920-0200 INFO  swift SUCCESS jobid=simulate-qy3kh24n-0 - Success file found
2017-02-16 21:38:27,920-0200 DEBUG swift STAGING_OUT jobid=simulate-qy3kh24n-0
2017-02-16 21:38:27,921-0200 INFO  swift START jobid=simulate-qy3kh24n-0 - Staging out files
2017-02-16 21:38:27,921-0200 DEBUG swift stageouts: [file://localhost/output/sim_8.out]
2017-02-16 21:38:27,921-0200 DEBUG swift FILE_STAGE_OUT_START srcname=sim_8.out srcdir=p2-run001/shared/output srchost=local destdir=output desthost=localhost provider=file jobid=simulate-qy3kh24n-0
2017-02-16 21:38:27,921-0200 INFO  LateBindingScheduler jobs queued: 1
2017-02-16 21:38:27,922-0200 DEBUG swift CDM: file://localhost/output/sim_8.out : DEFAULT
2017-02-16 21:38:27,924-0200 INFO  LateBindingScheduler jobs queued: 1
2017-02-16 21:38:27,924-0200 INFO  Execute TASK_STATUS_CHANGE taskid=task-24 status=7
2017-02-16 21:38:27,924-0200 INFO  LateBindingScheduler jobs queued: 1
2017-02-16 21:38:27,924-0200 DEBUG swift START jobid=simulate-py3kh24n-0
2017-02-16 21:38:27,925-0200 INFO  LateBindingScheduler jobs queued: 1
2017-02-16 21:38:27,925-0200 INFO  swift SUCCESS jobid=simulate-py3kh24n-0 - Success file found
2017-02-16 21:38:27,926-0200 DEBUG swift STAGING_OUT jobid=simulate-py3kh24n-0
2017-02-16 21:38:27,926-0200 INFO  swift START jobid=simulate-py3kh24n-0 - Staging out files
2017-02-16 21:38:27,926-0200 DEBUG swift stageouts: [file://localhost/output/sim_9.out]
2017-02-16 21:38:27,926-0200 DEBUG swift FILE_STAGE_OUT_START srcname=sim_9.out srcdir=p2-run001/shared/output srchost=local destdir=output desthost=localhost provider=file jobid=simulate-py3kh24n-0
2017-02-16 21:38:27,926-0200 DEBUG swift FILE_STAGE_OUT_END srcname=sim_6.out srcdir=p2-run001/shared/output srchost=local destdir=output desthost=localhost provider=file
2017-02-16 21:38:27,926-0200 INFO  LateBindingScheduler jobs queued: 1
2017-02-16 21:38:27,927-0200 DEBUG swift CDM: file://localhost/output/sim_9.out : DEFAULT
2017-02-16 21:38:27,929-0200 INFO  LateBindingScheduler jobs queued: 1
2017-02-16 21:38:27,932-0200 INFO  LateBindingScheduler jobs queued: 1
2017-02-16 21:38:27,932-0200 DEBUG swift FILE_STAGE_OUT_END srcname=sim_8.out srcdir=p2-run001/shared/output srchost=local destdir=output desthost=localhost provider=file
2017-02-16 21:38:27,933-0200 INFO  LateBindingScheduler jobs queued: 1
2017-02-16 21:38:27,934-0200 INFO  swift END jobid=simulate-qy3kh24n-0 - Staging out finished
2017-02-16 21:38:27,935-0200 INFO  swift END jobid=simulate-sy3kh24n-0 - Staging out finished
2017-02-16 21:38:27,936-0200 INFO  LateBindingScheduler jobs queued: 1
2017-02-16 21:38:27,937-0200 DEBUG swift JOB_END jobid=simulate-qy3kh24n-0
2017-02-16 21:38:27,937-0200 INFO  swift END_SUCCESS jobid=simulate-qy3kh24n tr=simulate
2017-02-16 21:38:27,937-0200 DEBUG swift PROCEDURE_END line=3 thread=2-0-11-8-26-1 name=simulation
2017-02-16 21:38:27,937-0200 DEBUG swift FOREACH_IT_END line=8 thread=2-0-11-8
2017-02-16 21:38:27,936-0200 INFO  LateBindingScheduler jobs queued: 1
2017-02-16 21:38:27,938-0200 DEBUG swift THREAD_ASSOCIATION jobid=simulate-ny3kh24n-0 host=local thread=2-0-8-5-20-1
2017-02-16 21:38:27,939-0200 INFO  swift START jobid=simulate-ny3kh24n-0 host=local - Initializing directory structure
2017-02-16 21:38:27,939-0200 INFO  LateBindingScheduler jobs queued: 0
2017-02-16 21:38:27,939-0200 INFO  swift END jobid=simulate-ny3kh24n-0 - Done initializing directory structure
2017-02-16 21:38:27,939-0200 INFO  swift START jobid=simulate-ny3kh24n-0 - Staging in files []
2017-02-16 21:38:27,939-0200 INFO  swift END jobid=simulate-ny3kh24n-0 - Staging in finished
2017-02-16 21:38:27,939-0200 DEBUG swift JOB_START jobid=simulate-ny3kh24n-0 tr=simulate arguments=[] tmpdir=p2-run001/jobs/s/simulate-ny3kh24n-0
2017-02-16 21:38:27,939-0200 DEBUG swift JOB_END jobid=simulate-sy3kh24n-0
2017-02-16 21:38:27,939-0200 INFO  swift END_SUCCESS jobid=simulate-sy3kh24n tr=simulate
2017-02-16 21:38:27,939-0200 DEBUG swift PROCEDURE_END line=3 thread=2-0-9-6-17-1 name=simulation
2017-02-16 21:38:27,939-0200 INFO  Execute JOB_TASK jobid=simulate-ny3kh24n-0 taskid=task-20 exec=/bin/bash dir=p2-run001 args=shared/_swiftwrap simulate-ny3kh24n-0 -jobdir s -scratch  -e simulate -out output/sim_5.out -err stderr.txt -i -d output -if  -of output/sim_5.out -cf  -cdmfile -status files -a
2017-02-16 21:38:27,939-0200 DEBUG swift FOREACH_IT_END line=8 thread=2-0-9-6
2017-02-16 21:38:27,940-0200 INFO  LateBindingScheduler jobs queued: 0
2017-02-16 21:38:27,940-0200 INFO  Execute TASK_STATUS_CHANGE taskid=task-18 status=7
2017-02-16 21:38:27,940-0200 INFO  Execute TASK_STATUS_CHANGE taskid=task-20 status=8
2017-02-16 21:38:27,940-0200 INFO  Execute TASK_STATUS_CHANGE taskid=task-20 status=1
2017-02-16 21:38:27,940-0200 INFO  LateBindingScheduler jobs queued: 0
2017-02-16 21:38:27,940-0200 INFO  Execute TASK_STATUS_CHANGE taskid=task-32 status=7
2017-02-16 21:38:27,940-0200 DEBUG swift START jobid=simulate-my3kh24n-0
2017-02-16 21:38:27,941-0200 DEBUG swift FILE_STAGE_OUT_END srcname=sim_9.out srcdir=p2-run001/shared/output srchost=local destdir=output desthost=localhost provider=file
2017-02-16 21:38:27,941-0200 DEBUG swift START jobid=simulate-uy3kh24n-0
2017-02-16 21:38:27,942-0200 INFO  LateBindingScheduler jobs queued: 0
2017-02-16 21:38:27,942-0200 INFO  swift SUCCESS jobid=simulate-my3kh24n-0 - Success file found
2017-02-16 21:38:27,942-0200 INFO  LateBindingScheduler jobs queued: 0
2017-02-16 21:38:27,942-0200 DEBUG swift STAGING_OUT jobid=simulate-my3kh24n-0
2017-02-16 21:38:27,942-0200 INFO  swift START jobid=simulate-my3kh24n-0 - Staging out files
2017-02-16 21:38:27,942-0200 DEBUG swift stageouts: [file://localhost/output/sim_7.out]
2017-02-16 21:38:27,942-0200 INFO  LateBindingScheduler jobs queued: 0
2017-02-16 21:38:27,943-0200 DEBUG swift FILE_STAGE_OUT_START srcname=sim_7.out srcdir=p2-run001/shared/output srchost=local destdir=output desthost=localhost provider=file jobid=simulate-my3kh24n-0
2017-02-16 21:38:27,943-0200 INFO  swift SUCCESS jobid=simulate-uy3kh24n-0 - Success file found
2017-02-16 21:38:27,943-0200 DEBUG swift STAGING_OUT jobid=simulate-uy3kh24n-0
2017-02-16 21:38:27,943-0200 INFO  swift START jobid=simulate-uy3kh24n-0 - Staging out files
2017-02-16 21:38:27,943-0200 DEBUG swift stageouts: [file://localhost/output/sim_3.out]
2017-02-16 21:38:27,943-0200 INFO  LateBindingScheduler jobs queued: 0
2017-02-16 21:38:27,943-0200 DEBUG swift FILE_STAGE_OUT_START srcname=sim_3.out srcdir=p2-run001/shared/output srchost=local destdir=output desthost=localhost provider=file jobid=simulate-uy3kh24n-0
2017-02-16 21:38:27,943-0200 DEBUG swift CDM: file://localhost/output/sim_7.out : DEFAULT
2017-02-16 21:38:27,943-0200 INFO  swift END jobid=simulate-py3kh24n-0 - Staging out finished
2017-02-16 21:38:27,944-0200 INFO  LateBindingScheduler jobs queued: 1
2017-02-16 21:38:27,944-0200 DEBUG swift CDM: file://localhost/output/sim_3.out : DEFAULT
2017-02-16 21:38:27,948-0200 INFO  LateBindingScheduler jobs queued: 0
2017-02-16 21:38:27,949-0200 DEBUG swift FILE_STAGE_OUT_END srcname=sim_7.out srcdir=p2-run001/shared/output srchost=local destdir=output desthost=localhost provider=file
2017-02-16 21:38:27,949-0200 INFO  LateBindingScheduler jobs queued: 0
2017-02-16 21:38:27,952-0200 INFO  swift END jobid=simulate-my3kh24n-0 - Staging out finished
2017-02-16 21:38:27,953-0200 INFO  Execute TASK_STATUS_CHANGE taskid=task-20 status=2
2017-02-16 21:38:27,955-0200 INFO  LateBindingScheduler jobs queued: 0
2017-02-16 21:38:27,955-0200 INFO  LateBindingScheduler jobs queued: 0
2017-02-16 21:38:27,955-0200 INFO  LateBindingScheduler jobs queued: 0
2017-02-16 21:38:27,955-0200 DEBUG swift JOB_END jobid=simulate-my3kh24n-0
2017-02-16 21:38:27,955-0200 INFO  swift END_SUCCESS jobid=simulate-my3kh24n tr=simulate
2017-02-16 21:38:27,955-0200 DEBUG swift PROCEDURE_END line=3 thread=2-0-10-7-18-1 name=simulation
2017-02-16 21:38:27,956-0200 DEBUG swift FILE_STAGE_OUT_END srcname=sim_3.out srcdir=p2-run001/shared/output srchost=local destdir=output desthost=localhost provider=file
2017-02-16 21:38:27,956-0200 DEBUG swift FOREACH_IT_END line=8 thread=2-0-10-7
2017-02-16 21:38:27,956-0200 DEBUG swift JOB_END jobid=simulate-py3kh24n-0
2017-02-16 21:38:27,956-0200 INFO  swift END_SUCCESS jobid=simulate-py3kh24n tr=simulate
2017-02-16 21:38:27,956-0200 DEBUG swift PROCEDURE_END line=3 thread=2-0-12-9-24-1 name=simulation
2017-02-16 21:38:27,956-0200 INFO  LateBindingScheduler jobs queued: 0
2017-02-16 21:38:27,956-0200 DEBUG swift FOREACH_IT_END line=8 thread=2-0-12-9
2017-02-16 21:38:27,957-0200 INFO  swift END jobid=simulate-uy3kh24n-0 - Staging out finished
2017-02-16 21:38:27,960-0200 INFO  LateBindingScheduler jobs queued: 0
2017-02-16 21:38:27,960-0200 INFO  Execute TASK_STATUS_CHANGE taskid=task-16 status=7
2017-02-16 21:38:27,961-0200 DEBUG swift START jobid=simulate-ly3kh24n-0
2017-02-16 21:38:27,962-0200 INFO  LateBindingScheduler jobs queued: 0
2017-02-16 21:38:27,962-0200 INFO  swift SUCCESS jobid=simulate-ly3kh24n-0 - Success file found
2017-02-16 21:38:27,962-0200 DEBUG swift STAGING_OUT jobid=simulate-ly3kh24n-0
2017-02-16 21:38:27,962-0200 INFO  swift START jobid=simulate-ly3kh24n-0 - Staging out files
2017-02-16 21:38:27,962-0200 DEBUG swift stageouts: [file://localhost/output/sim_0.out]
2017-02-16 21:38:27,962-0200 DEBUG swift FILE_STAGE_OUT_START srcname=sim_0.out srcdir=p2-run001/shared/output srchost=local destdir=output desthost=localhost provider=file jobid=simulate-ly3kh24n-0
2017-02-16 21:38:27,963-0200 INFO  LateBindingScheduler jobs queued: 0
2017-02-16 21:38:27,963-0200 DEBUG swift CDM: file://localhost/output/sim_0.out : DEFAULT
2017-02-16 21:38:27,966-0200 INFO  LateBindingScheduler jobs queued: 0
2017-02-16 21:38:27,966-0200 DEBUG swift JOB_END jobid=simulate-uy3kh24n-0
2017-02-16 21:38:27,966-0200 INFO  swift END_SUCCESS jobid=simulate-uy3kh24n tr=simulate
2017-02-16 21:38:27,966-0200 DEBUG swift PROCEDURE_END line=3 thread=2-0-6-3-32-1 name=simulation
2017-02-16 21:38:27,966-0200 DEBUG swift FOREACH_IT_END line=8 thread=2-0-6-3
2017-02-16 21:38:27,968-0200 INFO  LateBindingScheduler jobs queued: 0
2017-02-16 21:38:27,968-0200 DEBUG swift FILE_STAGE_OUT_END srcname=sim_0.out srcdir=p2-run001/shared/output srchost=local destdir=output desthost=localhost provider=file
2017-02-16 21:38:27,971-0200 INFO  LateBindingScheduler jobs queued: 0
2017-02-16 21:38:27,972-0200 INFO  swift END jobid=simulate-ly3kh24n-0 - Staging out finished
2017-02-16 21:38:27,973-0200 INFO  LateBindingScheduler jobs queued: 0
2017-02-16 21:38:27,974-0200 DEBUG swift JOB_END jobid=simulate-ly3kh24n-0
2017-02-16 21:38:27,974-0200 INFO  swift END_SUCCESS jobid=simulate-ly3kh24n tr=simulate
2017-02-16 21:38:27,974-0200 DEBUG swift PROCEDURE_END line=3 thread=2-0-3-0-16-1 name=simulation
2017-02-16 21:38:27,974-0200 DEBUG swift FOREACH_IT_END line=8 thread=2-0-3-0
2017-02-16 21:38:27,984-0200 INFO  LateBindingScheduler jobs queued: 0
2017-02-16 21:38:27,984-0200 INFO  Execute TASK_STATUS_CHANGE taskid=task-22 status=7
2017-02-16 21:38:27,985-0200 DEBUG swift START jobid=simulate-oy3kh24n-0
2017-02-16 21:38:27,986-0200 INFO  LateBindingScheduler jobs queued: 0
2017-02-16 21:38:27,986-0200 INFO  Execute TASK_STATUS_CHANGE taskid=task-28 status=7
2017-02-16 21:38:27,987-0200 DEBUG swift START jobid=simulate-ry3kh24n-0
2017-02-16 21:38:27,988-0200 INFO  LateBindingScheduler jobs queued: 0
2017-02-16 21:38:27,988-0200 INFO  LateBindingScheduler jobs queued: 0
2017-02-16 21:38:27,988-0200 INFO  swift SUCCESS jobid=simulate-oy3kh24n-0 - Success file found
2017-02-16 21:38:27,988-0200 DEBUG swift STAGING_OUT jobid=simulate-oy3kh24n-0
2017-02-16 21:38:27,988-0200 INFO  swift START jobid=simulate-oy3kh24n-0 - Staging out files
2017-02-16 21:38:27,988-0200 INFO  swift SUCCESS jobid=simulate-ry3kh24n-0 - Success file found
2017-02-16 21:38:27,988-0200 DEBUG swift stageouts: [file://localhost/output/sim_1.out]
2017-02-16 21:38:27,988-0200 DEBUG swift STAGING_OUT jobid=simulate-ry3kh24n-0
2017-02-16 21:38:27,988-0200 INFO  swift START jobid=simulate-ry3kh24n-0 - Staging out files
2017-02-16 21:38:27,988-0200 DEBUG swift stageouts: [file://localhost/output/sim_2.out]
2017-02-16 21:38:27,988-0200 DEBUG swift FILE_STAGE_OUT_START srcname=sim_1.out srcdir=p2-run001/shared/output srchost=local destdir=output desthost=localhost provider=file jobid=simulate-oy3kh24n-0
2017-02-16 21:38:27,988-0200 DEBUG swift FILE_STAGE_OUT_START srcname=sim_2.out srcdir=p2-run001/shared/output srchost=local destdir=output desthost=localhost provider=file jobid=simulate-ry3kh24n-0
2017-02-16 21:38:27,989-0200 INFO  LateBindingScheduler jobs queued: 0
2017-02-16 21:38:27,989-0200 INFO  LateBindingScheduler jobs queued: 0
2017-02-16 21:38:27,991-0200 DEBUG swift CDM: file://localhost/output/sim_1.out : DEFAULT
2017-02-16 21:38:27,991-0200 DEBUG swift CDM: file://localhost/output/sim_2.out : DEFAULT
2017-02-16 21:38:27,995-0200 INFO  LateBindingScheduler jobs queued: 0
2017-02-16 21:38:27,995-0200 DEBUG swift FILE_STAGE_OUT_END srcname=sim_2.out srcdir=p2-run001/shared/output srchost=local destdir=output desthost=localhost provider=file
2017-02-16 21:38:27,996-0200 INFO  LateBindingScheduler jobs queued: 0
2017-02-16 21:38:27,997-0200 INFO  swift END jobid=simulate-ry3kh24n-0 - Staging out finished
2017-02-16 21:38:27,998-0200 INFO  LateBindingScheduler jobs queued: 0
2017-02-16 21:38:27,998-0200 DEBUG swift FILE_STAGE_OUT_END srcname=sim_1.out srcdir=p2-run001/shared/output srchost=local destdir=output desthost=localhost provider=file
2017-02-16 21:38:27,999-0200 INFO  LateBindingScheduler jobs queued: 0
2017-02-16 21:38:28,000-0200 INFO  swift END jobid=simulate-oy3kh24n-0 - Staging out finished
2017-02-16 21:38:28,000-0200 INFO  LateBindingScheduler jobs queued: 1
2017-02-16 21:38:28,000-0200 DEBUG swift JOB_END jobid=simulate-ry3kh24n-0
2017-02-16 21:38:28,000-0200 INFO  swift END_SUCCESS jobid=simulate-ry3kh24n tr=simulate
2017-02-16 21:38:28,000-0200 DEBUG swift PROCEDURE_END line=3 thread=2-0-5-2-28-1 name=simulation
2017-02-16 21:38:28,001-0200 DEBUG swift FOREACH_IT_END line=8 thread=2-0-5-2
2017-02-16 21:38:28,002-0200 INFO  LateBindingScheduler jobs queued: 0
2017-02-16 21:38:28,002-0200 DEBUG swift JOB_END jobid=simulate-oy3kh24n-0
2017-02-16 21:38:28,003-0200 INFO  swift END_SUCCESS jobid=simulate-oy3kh24n tr=simulate
2017-02-16 21:38:28,003-0200 DEBUG swift PROCEDURE_END line=3 thread=2-0-4-1-22-1 name=simulation
2017-02-16 21:38:28,003-0200 DEBUG swift FOREACH_IT_END line=8 thread=2-0-4-1
2017-02-16 21:38:28,004-0200 INFO  LateBindingScheduler jobs queued: 0
2017-02-16 21:38:28,004-0200 INFO  Execute TASK_STATUS_CHANGE taskid=task-30 status=7
2017-02-16 21:38:28,004-0200 DEBUG swift START jobid=simulate-ty3kh24n-0
2017-02-16 21:38:28,004-0200 INFO  LateBindingScheduler jobs queued: 0
2017-02-16 21:38:28,005-0200 INFO  swift SUCCESS jobid=simulate-ty3kh24n-0 - Success file found
2017-02-16 21:38:28,005-0200 DEBUG swift STAGING_OUT jobid=simulate-ty3kh24n-0
2017-02-16 21:38:28,005-0200 INFO  swift START jobid=simulate-ty3kh24n-0 - Staging out files
2017-02-16 21:38:28,005-0200 DEBUG swift stageouts: [file://localhost/output/sim_4.out]
2017-02-16 21:38:28,005-0200 DEBUG swift FILE_STAGE_OUT_START srcname=sim_4.out srcdir=p2-run001/shared/output srchost=local destdir=output desthost=localhost provider=file jobid=simulate-ty3kh24n-0
2017-02-16 21:38:28,006-0200 INFO  LateBindingScheduler jobs queued: 0
2017-02-16 21:38:28,006-0200 DEBUG swift CDM: file://localhost/output/sim_4.out : DEFAULT
2017-02-16 21:38:28,006-0200 INFO  LateBindingScheduler jobs queued: 0
2017-02-16 21:38:28,007-0200 DEBUG swift FILE_STAGE_OUT_END srcname=sim_4.out srcdir=p2-run001/shared/output srchost=local destdir=output desthost=localhost provider=file
2017-02-16 21:38:28,007-0200 INFO  LateBindingScheduler jobs queued: 0
2017-02-16 21:38:28,008-0200 INFO  swift END jobid=simulate-ty3kh24n-0 - Staging out finished
2017-02-16 21:38:28,009-0200 INFO  LateBindingScheduler jobs queued: 0
2017-02-16 21:38:28,009-0200 DEBUG swift JOB_END jobid=simulate-ty3kh24n-0
2017-02-16 21:38:28,009-0200 INFO  swift END_SUCCESS jobid=simulate-ty3kh24n tr=simulate
2017-02-16 21:38:28,009-0200 DEBUG swift PROCEDURE_END line=3 thread=2-0-7-4-30-1 name=simulation
2017-02-16 21:38:28,009-0200 DEBUG swift FOREACH_IT_END line=8 thread=2-0-7-4
2017-02-16 21:38:28,095-0200 INFO  LateBindingScheduler jobs queued: 0
2017-02-16 21:38:28,095-0200 INFO  Execute TASK_STATUS_CHANGE taskid=task-20 status=7
2017-02-16 21:38:28,095-0200 DEBUG swift START jobid=simulate-ny3kh24n-0
2017-02-16 21:38:28,096-0200 INFO  LateBindingScheduler jobs queued: 0
2017-02-16 21:38:28,096-0200 INFO  swift SUCCESS jobid=simulate-ny3kh24n-0 - Success file found
2017-02-16 21:38:28,096-0200 DEBUG swift STAGING_OUT jobid=simulate-ny3kh24n-0
2017-02-16 21:38:28,096-0200 INFO  swift START jobid=simulate-ny3kh24n-0 - Staging out files
2017-02-16 21:38:28,096-0200 DEBUG swift stageouts: [file://localhost/output/sim_5.out]
2017-02-16 21:38:28,096-0200 DEBUG swift FILE_STAGE_OUT_START srcname=sim_5.out srcdir=p2-run001/shared/output srchost=local destdir=output desthost=localhost provider=file jobid=simulate-ny3kh24n-0
2017-02-16 21:38:28,097-0200 INFO  LateBindingScheduler jobs queued: 0
2017-02-16 21:38:28,097-0200 DEBUG swift CDM: file://localhost/output/sim_5.out : DEFAULT
2017-02-16 21:38:28,098-0200 INFO  LateBindingScheduler jobs queued: 0
2017-02-16 21:38:28,099-0200 DEBUG swift FILE_STAGE_OUT_END srcname=sim_5.out srcdir=p2-run001/shared/output srchost=local destdir=output desthost=localhost provider=file
2017-02-16 21:38:28,099-0200 INFO  LateBindingScheduler jobs queued: 0
2017-02-16 21:38:28,100-0200 INFO  swift END jobid=simulate-ny3kh24n-0 - Staging out finished
2017-02-16 21:38:28,101-0200 INFO  LateBindingScheduler jobs queued: 0
2017-02-16 21:38:28,101-0200 DEBUG swift JOB_END jobid=simulate-ny3kh24n-0
2017-02-16 21:38:28,101-0200 INFO  swift END_SUCCESS jobid=simulate-ny3kh24n tr=simulate
2017-02-16 21:38:28,101-0200 DEBUG swift PROCEDURE_END line=3 thread=2-0-8-5-20-1 name=simulation
2017-02-16 21:38:28,101-0200 DEBUG swift FOREACH_IT_END line=8 thread=2-0-8-5
2017-02-16 21:38:28,102-0200 INFO  RuntimeStats$ProgressTicker HeapMax: 954728448, CrtHeap: 121110528, UsedHeap: 12238376, JVMThreads: 39
2017-02-16 21:38:28,102-0200 INFO  RuntimeStats$ProgressTicker   Finished successfully:10
2017-02-16 21:38:28,109-0200 DEBUG swift Starting cleanups
2017-02-16 21:38:28,109-0200 INFO  swift START cleanups=[[p2-run001, local]]
2017-02-16 21:38:28,109-0200 INFO  swift START dir=p2-run001 host=local
2017-02-16 21:38:28,109-0200 DEBUG swift cdmfile 
2017-02-16 21:38:28,110-0200 INFO  LateBindingScheduler jobs queued: 0
2017-02-16 21:38:28,110-0200 INFO  swift END dir=p2-run001 host=local
2017-02-16 21:38:28,110-0200 INFO  swift END cleanups=[[p2-run001, local]]
2017-02-16 21:38:28,110-0200 DEBUG swift Ending cleanups
2017-02-16 21:38:28,114-0200 INFO  Loader Swift finished with no errors
